<?xml version="1.0" encoding="utf-8"?>
<TestRun id="548347f4-04dc-4088-8431-f3341dd44f10" name="TerezaČerná@LAPTOP-OBK5BVVT 2020-10-28 15:14:23" runUser="AzureAD\TerezaČerná" xmlns="http://microsoft.com/schemas/VisualStudio/TeamTest/2010">
  <Times creation="2020-10-28T15:14:23.2536809+01:00" queuing="2020-10-28T15:14:23.2536827+01:00" start="2020-10-28T15:14:19.6854532+01:00" finish="2020-10-28T15:14:26.4292362+01:00" />
  <TestSettings name="default" id="7fa75f6d-44af-4344-b5a7-26b5cbcb9db6">
    <Deployment runDeploymentRoot="TerezaČerná_LAPTOP-OBK5BVVT_2020-10-28_15_14_23" />
  </TestSettings>
  <Results>
    <UnitTestResult executionId="3d3aec1f-3fbb-41cd-9540-21efa8f948d9" testId="5362ad2c-828a-7aad-1d15-a999fe6c67ac" testName="[Integration_StagingxDim&amp;Fact].[34].[IT - Staging table is a subset of a dimension].[StagingMoney.Finance_PrikazKUhrade]" computerName="LAPTOP-OBK5BVVT" duration="00:00:00.0371470" startTime="2020-10-28T15:14:25.0000000+01:00" endTime="2020-10-28T15:14:25.0000000+01:00" testType="13cdc9d9-ddb5-4fa4-a97d-d965ccfc6d4b" outcome="Failed" testListId="8c84fa94-04c1-424b-9868-57a2d4851a1d" relativeResultsDirectory="3d3aec1f-3fbb-41cd-9540-21efa8f948d9">
      <Output>
        <ErrorInfo>
          <Message>There is at least one row, but no rows were expected:&#xD;
&#xD;
┌───────────────────────────┬──────────────┬──────────────┐&#xD;
│ID                         │CisloDokladu  │Nazev         │&#xD;
╞═══════════════════════════╪══════════════╪══════════════╡&#xD;
│7a724f8d-c58a-4e79-9f1...  │PU00011       │Mzdy 07/2019  │&#xD;
└───────────────────────────┴──────────────┴──────────────┘&#xD;
&#xD;
&#xD;
Test description: Dim.Document&#xD;
TestQuerySource: BigBang&#xD;
TestQuery:&#xD;
&#xD;
    select ID, CisloDokladu, Nazev from StagingMoney.Finance_PrikazKUhrade&#xD;
    except&#xD;
&#xD;
 SELECT [Document Money Src ID]&#xD;
      ,[Document Number]&#xD;
      ,[Document Description]&#xD;
  FROM [Dim].[Document]&#xD;
&#xD;
</Message>
          <StackTrace>   at JC.Unit.TestExecution.nUnitRunner.RunAllTests(TestDefinition testDefinition) in D:\a\1\s\MainCore\JC.Unit\JC.Unit\TestExecution\nUnitRunner.cs:line 59&#xD;
</StackTrace>
        </ErrorInfo>
      </Output>
    </UnitTestResult>
    <UnitTestResult executionId="caa76833-09bd-40e7-abd8-c120c5d00454" testId="a8dfca29-b254-c754-1cae-f37950e06b2d" testName="[Smoke_ObjectExistence].[2].[Existence of the table].[Table Finance_PolozkaPokladnihoDokladu]" computerName="LAPTOP-OBK5BVVT" duration="00:00:00.0729990" startTime="2020-10-28T15:14:25.0000000+01:00" endTime="2020-10-28T15:14:25.0000000+01:00" testType="13cdc9d9-ddb5-4fa4-a97d-d965ccfc6d4b" outcome="Passed" testListId="8c84fa94-04c1-424b-9868-57a2d4851a1d" relativeResultsDirectory="caa76833-09bd-40e7-abd8-c120c5d00454" />
    <UnitTestResult executionId="870d7c92-9eaf-44a4-8c10-2a65f9785787" testId="6ef871d9-313f-345e-6695-79d3809a83b3" testName="[Smoke_ObjectExistence].[42].[Existence of the table].[Table Mzdy_TypPracovnihoPomeru]" computerName="LAPTOP-OBK5BVVT" duration="00:00:00.0820039" startTime="2020-10-28T15:14:25.0000000+01:00" endTime="2020-10-28T15:14:26.0000000+01:00" testType="13cdc9d9-ddb5-4fa4-a97d-d965ccfc6d4b" outcome="Passed" testListId="8c84fa94-04c1-424b-9868-57a2d4851a1d" relativeResultsDirectory="870d7c92-9eaf-44a4-8c10-2a65f9785787" />
    <UnitTestResult executionId="1605b93f-d22f-4338-9240-348b60c44fa8" testId="e6a75b46-68e3-68c6-0bac-3b5c7b10f84c" testName="[Integration_StagingxDim&amp;Fact].[41].[DQ - Paid more than needed].[Paid more than needed on document]" computerName="LAPTOP-OBK5BVVT" duration="00:00:00.0383840" startTime="2020-10-28T15:14:25.0000000+01:00" endTime="2020-10-28T15:14:25.0000000+01:00" testType="13cdc9d9-ddb5-4fa4-a97d-d965ccfc6d4b" outcome="Passed" testListId="8c84fa94-04c1-424b-9868-57a2d4851a1d" relativeResultsDirectory="1605b93f-d22f-4338-9240-348b60c44fa8" />
    <UnitTestResult executionId="c8a2ba1a-b2b5-41d7-af8f-338007f3868b" testId="a7f1c5d9-3dd4-03b5-631d-00450448e757" testName="[Integration_MoneyxStaging].[6].[ST - List of existing tables - StagingMoney].[Tables Existence]" computerName="LAPTOP-OBK5BVVT" duration="00:00:02.0709350" startTime="2020-10-28T15:14:21.0000000+01:00" endTime="2020-10-28T15:14:23.0000000+01:00" testType="13cdc9d9-ddb5-4fa4-a97d-d965ccfc6d4b" outcome="Passed" testListId="8c84fa94-04c1-424b-9868-57a2d4851a1d" relativeResultsDirectory="c8a2ba1a-b2b5-41d7-af8f-338007f3868b" />
    <UnitTestResult executionId="88f7f45b-0b03-4ff0-a2a8-88ebccc3138d" testId="7cf2e1c7-c3b0-6dde-9ff6-bdc5372fabee" testName="[Smoke_ObjectExistence].[19].[Existence of the table].[Table EconomicBase_DruhDokladu]" computerName="LAPTOP-OBK5BVVT" duration="00:00:00.0712990" startTime="2020-10-28T15:14:25.0000000+01:00" endTime="2020-10-28T15:14:25.0000000+01:00" testType="13cdc9d9-ddb5-4fa4-a97d-d965ccfc6d4b" outcome="Passed" testListId="8c84fa94-04c1-424b-9868-57a2d4851a1d" relativeResultsDirectory="88f7f45b-0b03-4ff0-a2a8-88ebccc3138d" />
    <UnitTestResult executionId="9e67ee8b-cc03-438c-869f-b1732911a6f8" testId="8297bce6-fe99-c398-4990-1b0593c648e4" testName="[Smoke_ObjectExistence].[53].[Existence of the table].[Table SystemUser]" computerName="LAPTOP-OBK5BVVT" duration="00:00:00.0720740" startTime="2020-10-28T15:14:26.0000000+01:00" endTime="2020-10-28T15:14:26.0000000+01:00" testType="13cdc9d9-ddb5-4fa4-a97d-d965ccfc6d4b" outcome="Passed" testListId="8c84fa94-04c1-424b-9868-57a2d4851a1d" relativeResultsDirectory="9e67ee8b-cc03-438c-869f-b1732911a6f8" />
    <UnitTestResult executionId="0d9cd17e-2884-4cc9-a66b-6afcdfdfbcc0" testId="3e595e14-3e8a-3ee8-d68f-c0517b459f44" testName="[Smoke_ObjectExistence].[37].[Existence of the table].[Table Mzdy_Zamestnanec]" computerName="LAPTOP-OBK5BVVT" duration="00:00:00.0895700" startTime="2020-10-28T15:14:25.0000000+01:00" endTime="2020-10-28T15:14:25.0000000+01:00" testType="13cdc9d9-ddb5-4fa4-a97d-d965ccfc6d4b" outcome="Passed" testListId="8c84fa94-04c1-424b-9868-57a2d4851a1d" relativeResultsDirectory="0d9cd17e-2884-4cc9-a66b-6afcdfdfbcc0" />
    <UnitTestResult executionId="c91e50af-4f8c-474b-a3b6-11f61a77213c" testId="1b0f98fd-1d63-8013-f76a-ac489a4f9507" testName="[Smoke_ObjectExistence].[40].[Existence of the table].[Table Mzdy_NepritomnostVMesici]" computerName="LAPTOP-OBK5BVVT" duration="00:00:00.0748570" startTime="2020-10-28T15:14:25.0000000+01:00" endTime="2020-10-28T15:14:25.0000000+01:00" testType="13cdc9d9-ddb5-4fa4-a97d-d965ccfc6d4b" outcome="Passed" testListId="8c84fa94-04c1-424b-9868-57a2d4851a1d" relativeResultsDirectory="c91e50af-4f8c-474b-a3b6-11f61a77213c" />
    <UnitTestResult executionId="ab2b3f33-10c3-4741-88e9-03d856756d8a" testId="864b6706-d1c5-e661-a612-b3725dce8068" testName="[Smoke_ObjectExistence].[14].[Existence of the table].[Table CSW_BI_Pohledavky2]" computerName="LAPTOP-OBK5BVVT" duration="00:00:00.0714000" startTime="2020-10-28T15:14:25.0000000+01:00" endTime="2020-10-28T15:14:25.0000000+01:00" testType="13cdc9d9-ddb5-4fa4-a97d-d965ccfc6d4b" outcome="Passed" testListId="8c84fa94-04c1-424b-9868-57a2d4851a1d" relativeResultsDirectory="ab2b3f33-10c3-4741-88e9-03d856756d8a" />
    <UnitTestResult executionId="5a55bf4b-d3fe-4e33-a1a0-85288e35c09d" testId="58940f79-27c1-f004-0cda-2c9c955f9a6c" testName="[Integration_StagingxDim&amp;Fact].[31].[IT - Staging table is a subset of a dimension].[StagingMoney.Finance_BankovniVypis]" computerName="LAPTOP-OBK5BVVT" duration="00:00:00.0377190" startTime="2020-10-28T15:14:24.0000000+01:00" endTime="2020-10-28T15:14:25.0000000+01:00" testType="13cdc9d9-ddb5-4fa4-a97d-d965ccfc6d4b" outcome="Failed" testListId="8c84fa94-04c1-424b-9868-57a2d4851a1d" relativeResultsDirectory="5a55bf4b-d3fe-4e33-a1a0-85288e35c09d">
      <Output>
        <ErrorInfo>
          <Message>There is at least one row, but no rows were expected:&#xD;
&#xD;
┌───────────────────────────┬──────────────┬───────┐&#xD;
│ID                         │CisloDokladu  │Nazev  │&#xD;
╞═══════════════════════════╪══════════════╪═══════╡&#xD;
│d810dead-7f36-485f-805...  │BVFS00001     │       │&#xD;
└───────────────────────────┴──────────────┴───────┘&#xD;
&#xD;
&#xD;
Test description: Dim.Document&#xD;
TestQuerySource: BigBang&#xD;
TestQuery:&#xD;
&#xD;
    select ID, CisloDokladu, Nazev from StagingMoney.Finance_BankovniVypis&#xD;
    except&#xD;
&#xD;
 SELECT [Document Money Src ID]&#xD;
      ,[Document Number]&#xD;
      ,[Document Description]&#xD;
  FROM [Dim].[Document]&#xD;
&#xD;
</Message>
          <StackTrace>   at JC.Unit.TestExecution.nUnitRunner.RunAllTests(TestDefinition testDefinition) in D:\a\1\s\MainCore\JC.Unit\JC.Unit\TestExecution\nUnitRunner.cs:line 59&#xD;
</StackTrace>
        </ErrorInfo>
      </Output>
    </UnitTestResult>
    <UnitTestResult executionId="975c3e0c-6946-4527-8444-62616ab6ed2c" testId="7c2f79ab-8644-1b76-edfc-d1d7cfd5cae2" testName="[Smoke_ObjectExistence].[29].[Existence of the table].[Table Adresar_Firma]" computerName="LAPTOP-OBK5BVVT" duration="00:00:00.0814280" startTime="2020-10-28T15:14:25.0000000+01:00" endTime="2020-10-28T15:14:25.0000000+01:00" testType="13cdc9d9-ddb5-4fa4-a97d-d965ccfc6d4b" outcome="Passed" testListId="8c84fa94-04c1-424b-9868-57a2d4851a1d" relativeResultsDirectory="975c3e0c-6946-4527-8444-62616ab6ed2c" />
    <UnitTestResult executionId="7dae6792-569a-4546-8624-3dbd54820474" testId="1ec31cfd-6123-0cfe-6ab3-63b40dd1212b" testName="[Smoke_ObjectExistence].[23].[Existence of the table].[Table Ciselniky_Cinnost]" computerName="LAPTOP-OBK5BVVT" duration="00:00:00.0755260" startTime="2020-10-28T15:14:25.0000000+01:00" endTime="2020-10-28T15:14:25.0000000+01:00" testType="13cdc9d9-ddb5-4fa4-a97d-d965ccfc6d4b" outcome="Passed" testListId="8c84fa94-04c1-424b-9868-57a2d4851a1d" relativeResultsDirectory="7dae6792-569a-4546-8624-3dbd54820474" />
    <UnitTestResult executionId="a17f35b1-2971-4fb8-891a-2272c5780d19" testId="ec69f802-95a3-4b41-2a0c-e181c682aec8" testName="[Integration_StagingxDim&amp;Fact].[6].[ST - Check of Column values].[View [Model].[Contract]]" computerName="LAPTOP-OBK5BVVT" duration="00:00:00.0426990" startTime="2020-10-28T15:14:23.0000000+01:00" endTime="2020-10-28T15:14:23.0000000+01:00" testType="13cdc9d9-ddb5-4fa4-a97d-d965ccfc6d4b" outcome="Passed" testListId="8c84fa94-04c1-424b-9868-57a2d4851a1d" relativeResultsDirectory="a17f35b1-2971-4fb8-891a-2272c5780d19" />
    <UnitTestResult executionId="d88f1a8d-690d-4096-8b12-57afcf10d92f" testId="e5564b1f-76b7-9dd4-7b65-c1c566b78c48" testName="[Integration_StagingxDim&amp;Fact].[22].[IT - Staging table is a subset of a dimension].[StagingMoney.Ciselniky_Cinnost]" computerName="LAPTOP-OBK5BVVT" duration="00:00:00.0625390" startTime="2020-10-28T15:14:24.0000000+01:00" endTime="2020-10-28T15:14:24.0000000+01:00" testType="13cdc9d9-ddb5-4fa4-a97d-d965ccfc6d4b" outcome="Passed" testListId="8c84fa94-04c1-424b-9868-57a2d4851a1d" relativeResultsDirectory="d88f1a8d-690d-4096-8b12-57afcf10d92f" />
    <UnitTestResult executionId="fd138f33-6c5d-4003-b565-cb2f89550b91" testId="fea8ee86-f243-4070-1133-af94f671b1b8" testName="[Smoke_ObjectExistence].[32].[Existence of the table].[Table Ucetnictvi_PolozkaInternihoDokladu]" computerName="LAPTOP-OBK5BVVT" duration="00:00:00.0829540" startTime="2020-10-28T15:14:25.0000000+01:00" endTime="2020-10-28T15:14:25.0000000+01:00" testType="13cdc9d9-ddb5-4fa4-a97d-d965ccfc6d4b" outcome="Passed" testListId="8c84fa94-04c1-424b-9868-57a2d4851a1d" relativeResultsDirectory="fd138f33-6c5d-4003-b565-cb2f89550b91" />
    <UnitTestResult executionId="5e55705b-03c5-4472-8cac-aaddbb4c4d9d" testId="16d5e31b-ede9-d3bc-1f7a-c861155e9c35" testName="[Smoke_ObjectExistence].[46].[Existence of the table].[Table Person]" computerName="LAPTOP-OBK5BVVT" duration="00:00:00.0833990" startTime="2020-10-28T15:14:26.0000000+01:00" endTime="2020-10-28T15:14:26.0000000+01:00" testType="13cdc9d9-ddb5-4fa4-a97d-d965ccfc6d4b" outcome="Passed" testListId="8c84fa94-04c1-424b-9868-57a2d4851a1d" relativeResultsDirectory="5e55705b-03c5-4472-8cac-aaddbb4c4d9d" />
    <UnitTestResult executionId="a344f82d-b463-4f97-a91f-033b00416b50" testId="8f902760-590d-6675-0ade-d6de7c771a6b" testName="[Smoke_ObjectExistence].[5].[Existence of the table].[Table Finance_BankovniVypis]" computerName="LAPTOP-OBK5BVVT" duration="00:00:00.0817740" startTime="2020-10-28T15:14:25.0000000+01:00" endTime="2020-10-28T15:14:25.0000000+01:00" testType="13cdc9d9-ddb5-4fa4-a97d-d965ccfc6d4b" outcome="Passed" testListId="8c84fa94-04c1-424b-9868-57a2d4851a1d" relativeResultsDirectory="a344f82d-b463-4f97-a91f-033b00416b50" />
    <UnitTestResult executionId="fbdfa10e-d5ac-4547-9913-52eed4c2d8aa" testId="45d2f5aa-bfed-e5b4-af2a-66055047a3eb" testName="[Smoke_ObjectExistence].[24].[Existence of the table].[Table Fakturace_PolozkaZalohoveFakturyPrijate]" computerName="LAPTOP-OBK5BVVT" duration="00:00:00.0796729" startTime="2020-10-28T15:14:25.0000000+01:00" endTime="2020-10-28T15:14:25.0000000+01:00" testType="13cdc9d9-ddb5-4fa4-a97d-d965ccfc6d4b" outcome="Passed" testListId="8c84fa94-04c1-424b-9868-57a2d4851a1d" relativeResultsDirectory="fbdfa10e-d5ac-4547-9913-52eed4c2d8aa" />
    <UnitTestResult executionId="f149db10-68b3-4fd1-9b1b-dc5fc678e892" testId="ee7b3397-05b3-5660-5f81-c9db969c5159" testName="[Smoke_ObjectExistence].[35].[Existence of the table].[Table Contract Rates]" computerName="LAPTOP-OBK5BVVT" duration="00:00:00.0793380" startTime="2020-10-28T15:14:25.0000000+01:00" endTime="2020-10-28T15:14:25.0000000+01:00" testType="13cdc9d9-ddb5-4fa4-a97d-d965ccfc6d4b" outcome="Passed" testListId="8c84fa94-04c1-424b-9868-57a2d4851a1d" relativeResultsDirectory="f149db10-68b3-4fd1-9b1b-dc5fc678e892" />
    <UnitTestResult executionId="9ecba766-f467-49e4-bbb3-874484f1284a" testId="6d64c653-9c32-1272-4a79-b9f397aa1294" testName="[Integration_StagingxDim&amp;Fact].[11].[IT - Sum check by Document Type].[Table [Fakturace_FakturaVydana]]" computerName="LAPTOP-OBK5BVVT" duration="00:00:00.8198330" startTime="2020-10-28T15:14:23.0000000+01:00" endTime="2020-10-28T15:14:24.0000000+01:00" testType="13cdc9d9-ddb5-4fa4-a97d-d965ccfc6d4b" outcome="Passed" testListId="8c84fa94-04c1-424b-9868-57a2d4851a1d" relativeResultsDirectory="9ecba766-f467-49e4-bbb3-874484f1284a" />
    <UnitTestResult executionId="5637a54b-cd62-4bd9-83a4-661042a9e1cc" testId="52c3a3ad-7e55-dcc8-9df0-d1a8aea353c2" testName="[Smoke_ObjectExistence].[49].[Existence of the table].[Table Contact]" computerName="LAPTOP-OBK5BVVT" duration="00:00:00.0760410" startTime="2020-10-28T15:14:26.0000000+01:00" endTime="2020-10-28T15:14:26.0000000+01:00" testType="13cdc9d9-ddb5-4fa4-a97d-d965ccfc6d4b" outcome="Passed" testListId="8c84fa94-04c1-424b-9868-57a2d4851a1d" relativeResultsDirectory="5637a54b-cd62-4bd9-83a4-661042a9e1cc" />
    <UnitTestResult executionId="3714b94a-82be-4ac0-b56f-33de9eb3ee3c" testId="8e1fb5dc-b2d8-31f3-5b99-a714e28802f3" testName="[Integration_StagingxDim&amp;Fact].[21].[IT - Staging table is a subset of a dimension].[StagingMoney.Ucetnictvi_Ucet]" computerName="LAPTOP-OBK5BVVT" duration="00:00:00.1122570" startTime="2020-10-28T15:14:24.0000000+01:00" endTime="2020-10-28T15:14:24.0000000+01:00" testType="13cdc9d9-ddb5-4fa4-a97d-d965ccfc6d4b" outcome="Passed" testListId="8c84fa94-04c1-424b-9868-57a2d4851a1d" relativeResultsDirectory="3714b94a-82be-4ac0-b56f-33de9eb3ee3c" />
    <UnitTestResult executionId="d8406a56-5713-4cc3-9aa3-4f185fce2317" testId="0d51d202-9f0e-8e87-796e-4d8c0987e236" testName="[Smoke_ObjectExistence].[52].[Existence of the table].[Table OpportunityHeader]" computerName="LAPTOP-OBK5BVVT" duration="00:00:00.0816550" startTime="2020-10-28T15:14:26.0000000+01:00" endTime="2020-10-28T15:14:26.0000000+01:00" testType="13cdc9d9-ddb5-4fa4-a97d-d965ccfc6d4b" outcome="Passed" testListId="8c84fa94-04c1-424b-9868-57a2d4851a1d" relativeResultsDirectory="d8406a56-5713-4cc3-9aa3-4f185fce2317" />
    <UnitTestResult executionId="f2635879-2035-4a6a-a10f-f4632aa95427" testId="883a7dda-e9ee-b281-0325-2730d6a6e7b7" testName="[Integration_StagingxDim&amp;Fact].[16].[IT - Sum check by Document Type].[Table [Ucetnictvi_PohledavkovyDoklad]]" computerName="LAPTOP-OBK5BVVT" duration="00:00:00.4045500" startTime="2020-10-28T15:14:24.0000000+01:00" endTime="2020-10-28T15:14:24.0000000+01:00" testType="13cdc9d9-ddb5-4fa4-a97d-d965ccfc6d4b" outcome="Passed" testListId="8c84fa94-04c1-424b-9868-57a2d4851a1d" relativeResultsDirectory="f2635879-2035-4a6a-a10f-f4632aa95427" />
    <UnitTestResult executionId="08045daa-26e4-4215-82a2-3e5ddc54b8e7" testId="fd5e261c-a769-e37b-93f3-db8fd9795ff2" testName="[Smoke_ObjectExistence].[33].[Existence of the table].[Table Ucetnictvi_PolozkaPohledavkovehoDokladu]" computerName="LAPTOP-OBK5BVVT" duration="00:00:00.0845610" startTime="2020-10-28T15:14:25.0000000+01:00" endTime="2020-10-28T15:14:25.0000000+01:00" testType="13cdc9d9-ddb5-4fa4-a97d-d965ccfc6d4b" outcome="Passed" testListId="8c84fa94-04c1-424b-9868-57a2d4851a1d" relativeResultsDirectory="08045daa-26e4-4215-82a2-3e5ddc54b8e7" />
    <UnitTestResult executionId="9f567719-4dc6-43e5-a904-fee38dd84374" testId="74db6c8f-742d-cdd0-fa94-9d1c48485dbf" testName="[Integration_StagingxDim&amp;Fact].[9].[ST - Credit and Debit].[Table [Fact].[Journal]]" computerName="LAPTOP-OBK5BVVT" duration="00:00:00.2180880" startTime="2020-10-28T15:14:23.0000000+01:00" endTime="2020-10-28T15:14:23.0000000+01:00" testType="13cdc9d9-ddb5-4fa4-a97d-d965ccfc6d4b" outcome="Passed" testListId="8c84fa94-04c1-424b-9868-57a2d4851a1d" relativeResultsDirectory="9f567719-4dc6-43e5-a904-fee38dd84374" />
    <UnitTestResult executionId="019a1866-6d4a-48f9-a603-8523f59bc66f" testId="fa48f061-b547-454d-8974-cc937051bb27" testName="[Smoke_ObjectExistence].[50].[Existence of the table].[Table LeadTalxis]" computerName="LAPTOP-OBK5BVVT" duration="00:00:00.0816720" startTime="2020-10-28T15:14:26.0000000+01:00" endTime="2020-10-28T15:14:26.0000000+01:00" testType="13cdc9d9-ddb5-4fa4-a97d-d965ccfc6d4b" outcome="Passed" testListId="8c84fa94-04c1-424b-9868-57a2d4851a1d" relativeResultsDirectory="019a1866-6d4a-48f9-a603-8523f59bc66f" />
    <UnitTestResult executionId="fe73bc1d-b417-478c-997a-d0543331dc5e" testId="81abb510-fadd-909b-267d-cfb66ab8e4f9" testName="[Integration_StagingxDim&amp;Fact].[14].[IT - Sum check by Document Type].[Table [Ucetnictvi_InterniDoklad]]" computerName="LAPTOP-OBK5BVVT" duration="00:00:00.3426010" startTime="2020-10-28T15:14:23.0000000+01:00" endTime="2020-10-28T15:14:24.0000000+01:00" testType="13cdc9d9-ddb5-4fa4-a97d-d965ccfc6d4b" outcome="Passed" testListId="8c84fa94-04c1-424b-9868-57a2d4851a1d" relativeResultsDirectory="fe73bc1d-b417-478c-997a-d0543331dc5e" />
    <UnitTestResult executionId="5e177945-8006-4682-87e2-fb63f439501a" testId="c6060242-f5fb-cdf7-fa1d-63bf1a7089d9" testName="[Integration_StagingxDim&amp;Fact].[12].[IT - Sum check by Document Type].[Table [Finance_BankovniVypis]]" computerName="LAPTOP-OBK5BVVT" duration="00:00:00.3758480" startTime="2020-10-28T15:14:23.0000000+01:00" endTime="2020-10-28T15:14:23.0000000+01:00" testType="13cdc9d9-ddb5-4fa4-a97d-d965ccfc6d4b" outcome="Passed" testListId="8c84fa94-04c1-424b-9868-57a2d4851a1d" relativeResultsDirectory="5e177945-8006-4682-87e2-fb63f439501a" />
    <UnitTestResult executionId="c44e70e0-0e32-421c-a551-4273c5ebcf27" testId="16df9282-30d4-321f-d81a-c69931a0cf80" testName="[Integration_StagingxDim&amp;Fact].[37].[ST - Document Payment Status].[Document Payment Status - Castecne Zaplaceno]" computerName="LAPTOP-OBK5BVVT" duration="00:00:00.0371830" startTime="2020-10-28T15:14:25.0000000+01:00" endTime="2020-10-28T15:14:25.0000000+01:00" testType="13cdc9d9-ddb5-4fa4-a97d-d965ccfc6d4b" outcome="Passed" testListId="8c84fa94-04c1-424b-9868-57a2d4851a1d" relativeResultsDirectory="c44e70e0-0e32-421c-a551-4273c5ebcf27" />
    <UnitTestResult executionId="5811d36c-a1e2-42b6-a948-db746519e29d" testId="93a45ca3-7b48-9e02-d63a-86d7e8b5547f" testName="[Smoke_ObjectExistence].[7].[Existence of the table].[Table Ucetnictvi_StavUctu]" computerName="LAPTOP-OBK5BVVT" duration="00:00:00.0790209" startTime="2020-10-28T15:14:25.0000000+01:00" endTime="2020-10-28T15:14:25.0000000+01:00" testType="13cdc9d9-ddb5-4fa4-a97d-d965ccfc6d4b" outcome="Passed" testListId="8c84fa94-04c1-424b-9868-57a2d4851a1d" relativeResultsDirectory="5811d36c-a1e2-42b6-a948-db746519e29d" />
    <UnitTestResult executionId="f0c11e84-3d20-46e1-ab99-c52baf7f3ad0" testId="4c3281ce-958d-c17c-c4db-acdbee707867" testName="[Integration_StagingxDim&amp;Fact].[42].[ST - Revenue Cost Category].[ST - Revenue Cost Category Assigned]" computerName="LAPTOP-OBK5BVVT" duration="00:00:00.0380240" startTime="2020-10-28T15:14:25.0000000+01:00" endTime="2020-10-28T15:14:25.0000000+01:00" testType="13cdc9d9-ddb5-4fa4-a97d-d965ccfc6d4b" outcome="Passed" testListId="8c84fa94-04c1-424b-9868-57a2d4851a1d" relativeResultsDirectory="f0c11e84-3d20-46e1-ab99-c52baf7f3ad0" />
    <UnitTestResult executionId="efdad88f-d8a1-4457-af67-6a26c766c878" testId="26ba587d-8d14-5c80-c5e1-65757217c08c" testName="[Smoke_ObjectExistence].[41].[Existence of the table].[Table Mzdy_NepritomnostNahrada]" computerName="LAPTOP-OBK5BVVT" duration="00:00:00.0919210" startTime="2020-10-28T15:14:25.0000000+01:00" endTime="2020-10-28T15:14:26.0000000+01:00" testType="13cdc9d9-ddb5-4fa4-a97d-d965ccfc6d4b" outcome="Passed" testListId="8c84fa94-04c1-424b-9868-57a2d4851a1d" relativeResultsDirectory="efdad88f-d8a1-4457-af67-6a26c766c878" />
    <UnitTestResult executionId="fb59ae9f-21ff-4da6-9e30-af079dc3c8f8" testId="821e872f-8ad4-4756-a10a-1a9afe75ca93" testName="[Integration_StagingxDim&amp;Fact].[33].[IT - Staging table is a subset of a dimension].[StagingMoney.Fakturace_ZalohovaFakturaPrijata]" computerName="LAPTOP-OBK5BVVT" duration="00:00:00.0369700" startTime="2020-10-28T15:14:25.0000000+01:00" endTime="2020-10-28T15:14:25.0000000+01:00" testType="13cdc9d9-ddb5-4fa4-a97d-d965ccfc6d4b" outcome="Passed" testListId="8c84fa94-04c1-424b-9868-57a2d4851a1d" relativeResultsDirectory="fb59ae9f-21ff-4da6-9e30-af079dc3c8f8" />
    <UnitTestResult executionId="7408d458-50eb-4a0e-bf87-c3604097d432" testId="419d32a9-d597-87dc-1eeb-30b5d4b5bb1a" testName="[Smoke_ObjectExistence].[22].[Existence of the table].[Table Fakturace_PolozkaFakturyVydane]" computerName="LAPTOP-OBK5BVVT" duration="00:00:00.0798940" startTime="2020-10-28T15:14:25.0000000+01:00" endTime="2020-10-28T15:14:25.0000000+01:00" testType="13cdc9d9-ddb5-4fa4-a97d-d965ccfc6d4b" outcome="Passed" testListId="8c84fa94-04c1-424b-9868-57a2d4851a1d" relativeResultsDirectory="7408d458-50eb-4a0e-bf87-c3604097d432" />
    <UnitTestResult executionId="b34e7048-3698-476c-8d33-bec4890f7203" testId="c430239a-df21-fddb-6351-0e824ec43dd2" testName="[Smoke_ObjectExistence].[12].[Existence of the table].[Table Fakturace_FakturaPrijata]" computerName="LAPTOP-OBK5BVVT" duration="00:00:00.0792320" startTime="2020-10-28T15:14:25.0000000+01:00" endTime="2020-10-28T15:14:25.0000000+01:00" testType="13cdc9d9-ddb5-4fa4-a97d-d965ccfc6d4b" outcome="Passed" testListId="8c84fa94-04c1-424b-9868-57a2d4851a1d" relativeResultsDirectory="b34e7048-3698-476c-8d33-bec4890f7203" />
    <UnitTestResult executionId="2d445649-e6ec-4fff-8bf3-6129a181bff3" testId="82d47166-fa0d-eeb8-402e-c62c6e3b2d5d" testName="[Integration_StagingxDim&amp;Fact].[17].[IT - Sum check by Document Type].[Table [Finance_PokladniDoklad]]" computerName="LAPTOP-OBK5BVVT" duration="00:00:00.4215460" startTime="2020-10-28T15:14:24.0000000+01:00" endTime="2020-10-28T15:14:24.0000000+01:00" testType="13cdc9d9-ddb5-4fa4-a97d-d965ccfc6d4b" outcome="Passed" testListId="8c84fa94-04c1-424b-9868-57a2d4851a1d" relativeResultsDirectory="2d445649-e6ec-4fff-8bf3-6129a181bff3" />
    <UnitTestResult executionId="f4aa82b5-180d-4c0c-8125-103eda14788e" testId="271c685b-4f27-d869-82ad-0a11c3050d03" testName="[Integration_StagingxDim&amp;Fact].[24].[IT - Staging table is a subset of a dimension].[StagingMoney.Meny_Mena]" computerName="LAPTOP-OBK5BVVT" duration="00:00:00.0403740" startTime="2020-10-28T15:14:24.0000000+01:00" endTime="2020-10-28T15:14:24.0000000+01:00" testType="13cdc9d9-ddb5-4fa4-a97d-d965ccfc6d4b" outcome="Passed" testListId="8c84fa94-04c1-424b-9868-57a2d4851a1d" relativeResultsDirectory="f4aa82b5-180d-4c0c-8125-103eda14788e" />
    <UnitTestResult executionId="59a13cf0-ebd0-49b2-b79b-a470b6b6b41e" testId="7557f51e-c690-f35a-c69e-f1b0099d098d" testName="[Integration_StagingxDim&amp;Fact].[23].[IT - Staging table is a subset of a dimension].[StagingMoney.Ciselniky_Zakazka]" computerName="LAPTOP-OBK5BVVT" duration="00:00:00.0363400" startTime="2020-10-28T15:14:24.0000000+01:00" endTime="2020-10-28T15:14:24.0000000+01:00" testType="13cdc9d9-ddb5-4fa4-a97d-d965ccfc6d4b" outcome="Passed" testListId="8c84fa94-04c1-424b-9868-57a2d4851a1d" relativeResultsDirectory="59a13cf0-ebd0-49b2-b79b-a470b6b6b41e" />
    <UnitTestResult executionId="75c491fc-2860-4d47-884c-90daef25f25e" testId="f0e14953-0487-efc3-1455-7bfbfe66d3f5" testName="[Integration_StagingxDim&amp;Fact].[20].[IT - Sum check by Document Type].[Table [Ucetnictvi_ZavazkovyDoklad]]" computerName="LAPTOP-OBK5BVVT" duration="00:00:00.1871290" startTime="2020-10-28T15:14:24.0000000+01:00" endTime="2020-10-28T15:14:24.0000000+01:00" testType="13cdc9d9-ddb5-4fa4-a97d-d965ccfc6d4b" outcome="Passed" testListId="8c84fa94-04c1-424b-9868-57a2d4851a1d" relativeResultsDirectory="75c491fc-2860-4d47-884c-90daef25f25e" />
    <UnitTestResult executionId="91639581-17d3-452f-a496-f349a02e4e0e" testId="50fafed6-ad95-43c4-24f8-d614d5c94d96" testName="[Smoke_ObjectExistence].[30].[Existence of the table].[Table Ucetnictvi_PohledavkovyDoklad]" computerName="LAPTOP-OBK5BVVT" duration="00:00:00.0750830" startTime="2020-10-28T15:14:25.0000000+01:00" endTime="2020-10-28T15:14:25.0000000+01:00" testType="13cdc9d9-ddb5-4fa4-a97d-d965ccfc6d4b" outcome="Passed" testListId="8c84fa94-04c1-424b-9868-57a2d4851a1d" relativeResultsDirectory="91639581-17d3-452f-a496-f349a02e4e0e" />
    <UnitTestResult executionId="48842ce3-aa2a-4ff9-b969-42241481fb74" testId="4d3a32a4-4609-a802-8e5d-72092fb3527d" testName="[Smoke_ObjectExistence].[48].[Existence of the table].[Table Account]" computerName="LAPTOP-OBK5BVVT" duration="00:00:00.0784630" startTime="2020-10-28T15:14:26.0000000+01:00" endTime="2020-10-28T15:14:26.0000000+01:00" testType="13cdc9d9-ddb5-4fa4-a97d-d965ccfc6d4b" outcome="Passed" testListId="8c84fa94-04c1-424b-9868-57a2d4851a1d" relativeResultsDirectory="48842ce3-aa2a-4ff9-b969-42241481fb74" />
    <UnitTestResult executionId="77b97fdd-2eb4-4b49-b79a-d1cde6f4513c" testId="418d3889-c0f4-fa67-39dd-4c1a403bf7e3" testName="[Smoke_ObjectExistence].[34].[Existence of the table].[Table Work Records]" computerName="LAPTOP-OBK5BVVT" duration="00:00:00.0817780" startTime="2020-10-28T15:14:25.0000000+01:00" endTime="2020-10-28T15:14:25.0000000+01:00" testType="13cdc9d9-ddb5-4fa4-a97d-d965ccfc6d4b" outcome="Passed" testListId="8c84fa94-04c1-424b-9868-57a2d4851a1d" relativeResultsDirectory="77b97fdd-2eb4-4b49-b79a-d1cde6f4513c" />
    <UnitTestResult executionId="366340a6-57f8-46e3-9877-37e83c61ac43" testId="a6ff8bd4-840e-7b1c-0622-bf6ed6997953" testName="[Integration_StagingxDim&amp;Fact].[38].[ST - Document Payment Status].[Document Payment Status - Nezaplaceno]" computerName="LAPTOP-OBK5BVVT" duration="00:00:00.0375000" startTime="2020-10-28T15:14:25.0000000+01:00" endTime="2020-10-28T15:14:25.0000000+01:00" testType="13cdc9d9-ddb5-4fa4-a97d-d965ccfc6d4b" outcome="Passed" testListId="8c84fa94-04c1-424b-9868-57a2d4851a1d" relativeResultsDirectory="366340a6-57f8-46e3-9877-37e83c61ac43" />
    <UnitTestResult executionId="1c2a96d9-f4ee-4159-a8bc-d1d43c77887d" testId="6febc6cd-4565-b196-9913-89791c7f65ab" testName="[Smoke_ObjectExistence].[8].[Existence of the table].[Table Ucetnictvi_InterniDoklad]" computerName="LAPTOP-OBK5BVVT" duration="00:00:00.0799560" startTime="2020-10-28T15:14:25.0000000+01:00" endTime="2020-10-28T15:14:25.0000000+01:00" testType="13cdc9d9-ddb5-4fa4-a97d-d965ccfc6d4b" outcome="Passed" testListId="8c84fa94-04c1-424b-9868-57a2d4851a1d" relativeResultsDirectory="1c2a96d9-f4ee-4159-a8bc-d1d43c77887d" />
    <UnitTestResult executionId="7bbd07a8-fd55-4338-996f-a89ab017d190" testId="20f5e4c2-74a8-19b6-8770-cfb85b838a3e" testName="[Integration_StagingxDim&amp;Fact].[39].[ST - Document Payment Status].[Document Payment Status - Zaplaceno]" computerName="LAPTOP-OBK5BVVT" duration="00:00:00.0363530" startTime="2020-10-28T15:14:25.0000000+01:00" endTime="2020-10-28T15:14:25.0000000+01:00" testType="13cdc9d9-ddb5-4fa4-a97d-d965ccfc6d4b" outcome="Passed" testListId="8c84fa94-04c1-424b-9868-57a2d4851a1d" relativeResultsDirectory="7bbd07a8-fd55-4338-996f-a89ab017d190" />
    <UnitTestResult executionId="4e2c0951-dfbd-422b-8f61-918817ddd2cc" testId="f6a3b2c6-2ece-d171-8a08-a5b7be76bf67" testName="[Integration_StagingxDim&amp;Fact].[36].[IT - Staging table is a subset of a dimension].[StagingMoney.Adresar_Firma]" computerName="LAPTOP-OBK5BVVT" duration="00:00:00.0372730" startTime="2020-10-28T15:14:25.0000000+01:00" endTime="2020-10-28T15:14:25.0000000+01:00" testType="13cdc9d9-ddb5-4fa4-a97d-d965ccfc6d4b" outcome="Passed" testListId="8c84fa94-04c1-424b-9868-57a2d4851a1d" relativeResultsDirectory="4e2c0951-dfbd-422b-8f61-918817ddd2cc" />
    <UnitTestResult executionId="8820627c-1721-41f6-baaa-1e895ada70ac" testId="18acec2e-1e7a-3778-00b9-41543d6289fe" testName="[Smoke_ObjectExistence].[31].[Existence of the table].[Table Objednavky_PolozkaObjednavkyPrijate]" computerName="LAPTOP-OBK5BVVT" duration="00:00:00.0809050" startTime="2020-10-28T15:14:25.0000000+01:00" endTime="2020-10-28T15:14:25.0000000+01:00" testType="13cdc9d9-ddb5-4fa4-a97d-d965ccfc6d4b" outcome="Passed" testListId="8c84fa94-04c1-424b-9868-57a2d4851a1d" relativeResultsDirectory="8820627c-1721-41f6-baaa-1e895ada70ac" />
    <UnitTestResult executionId="efcb851c-8b7d-4cdf-88fb-01a58eb3ba6b" testId="2842dc64-121e-69f4-e399-0524fee8d051" testName="[Smoke_ObjectExistence].[43].[Existence of the table].[Table Mzdy_ZamestnanecNepritomnost]" computerName="LAPTOP-OBK5BVVT" duration="00:00:00.0751660" startTime="2020-10-28T15:14:25.0000000+01:00" endTime="2020-10-28T15:14:25.0000000+01:00" testType="13cdc9d9-ddb5-4fa4-a97d-d965ccfc6d4b" outcome="Passed" testListId="8c84fa94-04c1-424b-9868-57a2d4851a1d" relativeResultsDirectory="efcb851c-8b7d-4cdf-88fb-01a58eb3ba6b" />
    <UnitTestResult executionId="8104be45-5682-418d-960f-e16ba3d34fb6" testId="a8c716b8-4193-980e-46d0-7cd4ef03d825" testName="[Smoke_ObjectExistence].[55].[Existence of the table].[Table LeadToOpportunityTarget]" computerName="LAPTOP-OBK5BVVT" duration="00:00:00.0857400" startTime="2020-10-28T15:14:26.0000000+01:00" endTime="2020-10-28T15:14:26.0000000+01:00" testType="13cdc9d9-ddb5-4fa4-a97d-d965ccfc6d4b" outcome="Passed" testListId="8c84fa94-04c1-424b-9868-57a2d4851a1d" relativeResultsDirectory="8104be45-5682-418d-960f-e16ba3d34fb6" />
    <UnitTestResult executionId="83bf6114-253d-4b01-91c3-07df873bc467" testId="1ab7735e-377f-01ed-d8c3-0db955cf8049" testName="[Integration_StagingxDim&amp;Fact].[8].[ST - Amount check].[Table [Dim].[Document]]" computerName="LAPTOP-OBK5BVVT" duration="00:00:00.0497620" startTime="2020-10-28T15:14:23.0000000+01:00" endTime="2020-10-28T15:14:23.0000000+01:00" testType="13cdc9d9-ddb5-4fa4-a97d-d965ccfc6d4b" outcome="Failed" testListId="8c84fa94-04c1-424b-9868-57a2d4851a1d" relativeResultsDirectory="83bf6114-253d-4b01-91c3-07df873bc467">
      <Output>
        <ErrorInfo>
          <Message>There is at least one row, but no rows were expected:&#xD;
&#xD;
┌─────────────┬───────────────────────────┬─────────────────┬─────────────────────┬─────────────────┐&#xD;
│Document ID  │Document Description       │Amount Paid CZK  │Amount with VAT CZK  │Document Type    │&#xD;
╞═════════════╪═══════════════════════════╪═════════════════╪═════════════════════╪═════════════════╡&#xD;
│18           │Opravný daňový doklad ...  │0.0000           │-4850.8900           │faktura přijatá  │&#xD;
└─────────────┴───────────────────────────┴─────────────────┴─────────────────────┴─────────────────┘&#xD;
&#xD;
&#xD;
Test description: Check if sum of [Amount Paid CZK] is higher than [Amount with VAT CZK]&#xD;
TestQuerySource: BigBang&#xD;
TestQuery:&#xD;
&#xD;
    select [Document ID], [Document Description], [Amount Paid CZK], [Amount with VAT CZK], [Document Type]&#xD;
from dim.Document D&#xD;
join dim.[Document Type] DT&#xD;
on D.[Document Type ID] = DT.[Document Type ID]&#xD;
where [Amount Paid CZK] &gt; [Amount with VAT CZK]&#xD;
&#xD;
</Message>
          <StackTrace>   at JC.Unit.TestExecution.nUnitRunner.RunAllTests(TestDefinition testDefinition) in D:\a\1\s\MainCore\JC.Unit\JC.Unit\TestExecution\nUnitRunner.cs:line 59&#xD;
</StackTrace>
        </ErrorInfo>
      </Output>
    </UnitTestResult>
    <UnitTestResult executionId="09d423bc-d4ee-4176-b24b-9ca304b71b74" testId="92e29243-f60c-3207-106a-1d834fb4d7e0" testName="[Smoke_ObjectExistence].[25].[Existence of the table].[Table Ucetnictvi_PolozkaZavazkovehoDokladu]" computerName="LAPTOP-OBK5BVVT" duration="00:00:00.0805600" startTime="2020-10-28T15:14:25.0000000+01:00" endTime="2020-10-28T15:14:25.0000000+01:00" testType="13cdc9d9-ddb5-4fa4-a97d-d965ccfc6d4b" outcome="Passed" testListId="8c84fa94-04c1-424b-9868-57a2d4851a1d" relativeResultsDirectory="09d423bc-d4ee-4176-b24b-9ca304b71b74" />
    <UnitTestResult executionId="b8a78dd9-fb28-4650-8d96-a9dda05b7e90" testId="30e9c341-1c1c-069d-a089-d4302828d75b" testName="[Integration_StagingxDim&amp;Fact].[25].[IT - Staging table is a subset of a dimension].[StagingMoney.Ciselniky_Stredisko]" computerName="LAPTOP-OBK5BVVT" duration="00:00:00.0390970" startTime="2020-10-28T15:14:24.0000000+01:00" endTime="2020-10-28T15:14:24.0000000+01:00" testType="13cdc9d9-ddb5-4fa4-a97d-d965ccfc6d4b" outcome="Passed" testListId="8c84fa94-04c1-424b-9868-57a2d4851a1d" relativeResultsDirectory="b8a78dd9-fb28-4650-8d96-a9dda05b7e90" />
    <UnitTestResult executionId="3d7de83a-798a-448f-b7f8-5bd032b39f54" testId="52a5227e-4b35-a770-eb37-5df487124947" testName="[Integration_StagingxDim&amp;Fact].[2].[ST - Accounting logic].[Journal x Account Balance check]" computerName="LAPTOP-OBK5BVVT" duration="00:00:01.7443630" startTime="2020-10-28T15:14:21.0000000+01:00" endTime="2020-10-28T15:14:23.0000000+01:00" testType="13cdc9d9-ddb5-4fa4-a97d-d965ccfc6d4b" outcome="Passed" testListId="8c84fa94-04c1-424b-9868-57a2d4851a1d" relativeResultsDirectory="3d7de83a-798a-448f-b7f8-5bd032b39f54" />
    <UnitTestResult executionId="ac30ceb4-f4ff-455e-8ae6-308f6fe0301a" testId="1cb03d79-ff9b-500d-7915-ae447d9bbf71" testName="[Smoke_ObjectExistence].[18].[Existence of the table].[Table Ciselniky_Stat]" computerName="LAPTOP-OBK5BVVT" duration="00:00:00.0803500" startTime="2020-10-28T15:14:25.0000000+01:00" endTime="2020-10-28T15:14:25.0000000+01:00" testType="13cdc9d9-ddb5-4fa4-a97d-d965ccfc6d4b" outcome="Passed" testListId="8c84fa94-04c1-424b-9868-57a2d4851a1d" relativeResultsDirectory="ac30ceb4-f4ff-455e-8ae6-308f6fe0301a" />
    <UnitTestResult executionId="b823536a-9cd4-4cdf-9d70-8726366f82e3" testId="18b18861-0e44-b868-8a5f-964d2292f002" testName="[Smoke_ObjectExistence].[17].[Existence of the table].[Table Fakturace_PolozkaZalohoveFakturyVydane]" computerName="LAPTOP-OBK5BVVT" duration="00:00:00.0792050" startTime="2020-10-28T15:14:25.0000000+01:00" endTime="2020-10-28T15:14:25.0000000+01:00" testType="13cdc9d9-ddb5-4fa4-a97d-d965ccfc6d4b" outcome="Passed" testListId="8c84fa94-04c1-424b-9868-57a2d4851a1d" relativeResultsDirectory="b823536a-9cd4-4cdf-9d70-8726366f82e3" />
    <UnitTestResult executionId="9f284e77-4316-4da2-a62b-eeb4f4d8a764" testId="4fe7149d-95b6-137a-5c7f-e332393585ef" testName="[Smoke_ObjectExistence].[44].[Existence of the table].[Table Mzdy_DruhNepritomnosti]" computerName="LAPTOP-OBK5BVVT" duration="00:00:00.0741499" startTime="2020-10-28T15:14:25.0000000+01:00" endTime="2020-10-28T15:14:26.0000000+01:00" testType="13cdc9d9-ddb5-4fa4-a97d-d965ccfc6d4b" outcome="Passed" testListId="8c84fa94-04c1-424b-9868-57a2d4851a1d" relativeResultsDirectory="9f284e77-4316-4da2-a62b-eeb4f4d8a764" />
    <UnitTestResult executionId="6566ea4a-ba66-47e4-a570-1969784c48a4" testId="ef467e50-8cd0-e812-a730-294de2e8ad0f" testName="[Integration_StagingxDim&amp;Fact].[5].[ST - Check of not duplicate combinations].[Table [Fact].[Person Capacity]]" computerName="LAPTOP-OBK5BVVT" duration="00:00:00.9534110" startTime="2020-10-28T15:14:22.0000000+01:00" endTime="2020-10-28T15:14:23.0000000+01:00" testType="13cdc9d9-ddb5-4fa4-a97d-d965ccfc6d4b" outcome="Passed" testListId="8c84fa94-04c1-424b-9868-57a2d4851a1d" relativeResultsDirectory="6566ea4a-ba66-47e4-a570-1969784c48a4" />
    <UnitTestResult executionId="7e2c0f39-5cc5-4c1e-b4a0-d8b4639938ec" testId="d4f48ae9-e7e3-a446-ad84-9aae9cef5d7c" testName="[Smoke_ObjectExistence].[4].[Existence of the table].[Table Finance_PolozkaBankovnihoVypisu]" computerName="LAPTOP-OBK5BVVT" duration="00:00:00.0857540" startTime="2020-10-28T15:14:25.0000000+01:00" endTime="2020-10-28T15:14:25.0000000+01:00" testType="13cdc9d9-ddb5-4fa4-a97d-d965ccfc6d4b" outcome="Passed" testListId="8c84fa94-04c1-424b-9868-57a2d4851a1d" relativeResultsDirectory="7e2c0f39-5cc5-4c1e-b4a0-d8b4639938ec" />
    <UnitTestResult executionId="d811287e-6135-40f8-b333-1b87c8620df3" testId="59c40813-1907-f75a-f050-dbaa9195f6db" testName="[Integration_StagingxDim&amp;Fact].[26].[IT - Staging table is a subset of a dimension].[StagingMoney.Ucetnictvi_ZavazkovyDoklad]" computerName="LAPTOP-OBK5BVVT" duration="00:00:00.0365550" startTime="2020-10-28T15:14:24.0000000+01:00" endTime="2020-10-28T15:14:24.0000000+01:00" testType="13cdc9d9-ddb5-4fa4-a97d-d965ccfc6d4b" outcome="Passed" testListId="8c84fa94-04c1-424b-9868-57a2d4851a1d" relativeResultsDirectory="d811287e-6135-40f8-b333-1b87c8620df3" />
    <UnitTestResult executionId="f280bcac-0817-4a84-b450-5b7e4fb808ab" testId="c756a6b5-9822-425b-d05b-10486fe83341" testName="[Smoke_ObjectExistence].[28].[Existence of the table].[Table Finance_PokladniDoklad]" computerName="LAPTOP-OBK5BVVT" duration="00:00:00.0810520" startTime="2020-10-28T15:14:25.0000000+01:00" endTime="2020-10-28T15:14:25.0000000+01:00" testType="13cdc9d9-ddb5-4fa4-a97d-d965ccfc6d4b" outcome="Passed" testListId="8c84fa94-04c1-424b-9868-57a2d4851a1d" relativeResultsDirectory="f280bcac-0817-4a84-b450-5b7e4fb808ab" />
    <UnitTestResult executionId="dd659c60-a2bc-458f-885c-9825cd86dcfd" testId="20114aae-22cd-37b0-1449-9187519c2520" testName="[Smoke_ObjectExistence].[21].[Existence of the table].[Table S5_Ucetnictvi_UcetniDenikTranspozice]" computerName="LAPTOP-OBK5BVVT" duration="00:00:00.0801500" startTime="2020-10-28T15:14:25.0000000+01:00" endTime="2020-10-28T15:14:25.0000000+01:00" testType="13cdc9d9-ddb5-4fa4-a97d-d965ccfc6d4b" outcome="Passed" testListId="8c84fa94-04c1-424b-9868-57a2d4851a1d" relativeResultsDirectory="dd659c60-a2bc-458f-885c-9825cd86dcfd" />
    <UnitTestResult executionId="71878788-48bd-4a09-86ad-1ed57a9b32e2" testId="6f97390d-f333-7779-747b-5eb57b7fd1d8" testName="[Integration_StagingxDim&amp;Fact].[30].[IT - Staging table is a subset of a dimension].[StagingMoney.Ucetnictvi_InterniDoklad]" computerName="LAPTOP-OBK5BVVT" duration="00:00:00.0380270" startTime="2020-10-28T15:14:24.0000000+01:00" endTime="2020-10-28T15:14:25.0000000+01:00" testType="13cdc9d9-ddb5-4fa4-a97d-d965ccfc6d4b" outcome="Failed" testListId="8c84fa94-04c1-424b-9868-57a2d4851a1d" relativeResultsDirectory="71878788-48bd-4a09-86ad-1ed57a9b32e2">
      <Output>
        <ErrorInfo>
          <Message>There is at least one row, but no rows were expected:&#xD;
&#xD;
┌───────────────────────────┬──────────────┬───────────────────────────┐&#xD;
│ID                         │CisloDokladu  │Nazev                      │&#xD;
╞═══════════════════════════╪══════════════╪═══════════════════════════╡&#xD;
│6ee4c247-5eb7-4ca6-9ae...  │ID00003       │zařazení majetku - not...  │&#xD;
└───────────────────────────┴──────────────┴───────────────────────────┘&#xD;
&#xD;
&#xD;
Test description: Dim.Document&#xD;
TestQuerySource: BigBang&#xD;
TestQuery:&#xD;
&#xD;
    select ID, CisloDokladu, Nazev from StagingMoney.Ucetnictvi_InterniDoklad&#xD;
    except&#xD;
&#xD;
 SELECT [Document Money Src ID]&#xD;
      ,[Document Number]&#xD;
      ,[Document Description]&#xD;
  FROM [Dim].[Document]&#xD;
&#xD;
</Message>
          <StackTrace>   at JC.Unit.TestExecution.nUnitRunner.RunAllTests(TestDefinition testDefinition) in D:\a\1\s\MainCore\JC.Unit\JC.Unit\TestExecution\nUnitRunner.cs:line 59&#xD;
</StackTrace>
        </ErrorInfo>
      </Output>
    </UnitTestResult>
    <UnitTestResult executionId="50810f9c-9463-4363-acae-7e6c45891b99" testId="a9475b93-443b-d87f-a61f-8a41fc7ac6f1" testName="[Smoke_ObjectExistence].[11].[Existence of the table].[Table Ucetnictvi_ZavazkovyDoklad]" computerName="LAPTOP-OBK5BVVT" duration="00:00:00.0717360" startTime="2020-10-28T15:14:25.0000000+01:00" endTime="2020-10-28T15:14:25.0000000+01:00" testType="13cdc9d9-ddb5-4fa4-a97d-d965ccfc6d4b" outcome="Passed" testListId="8c84fa94-04c1-424b-9868-57a2d4851a1d" relativeResultsDirectory="50810f9c-9463-4363-acae-7e6c45891b99" />
    <UnitTestResult executionId="db518d7e-b39f-4ab1-a814-bec88f0f307f" testId="804bc72a-f601-f749-749a-fe98c1be182c" testName="[Integration_StagingxDim&amp;Fact].[29].[IT - Staging table is a subset of a dimension].[ StagingMoney.Fakturace_FakturaVydana&#xA;    except]" computerName="LAPTOP-OBK5BVVT" duration="00:00:00.0360619" startTime="2020-10-28T15:14:24.0000000+01:00" endTime="2020-10-28T15:14:25.0000000+01:00" testType="13cdc9d9-ddb5-4fa4-a97d-d965ccfc6d4b" outcome="Passed" testListId="8c84fa94-04c1-424b-9868-57a2d4851a1d" relativeResultsDirectory="db518d7e-b39f-4ab1-a814-bec88f0f307f" />
    <UnitTestResult executionId="366ffb95-ed3b-4b89-a3f5-f3b71a43a872" testId="6f12a022-e888-a020-9538-58aae455a3ed" testName="[Smoke_ObjectExistence].[38].[Existence of the table].[Table Personalistika_ZamestnanecDoplnujiciUdaje]" computerName="LAPTOP-OBK5BVVT" duration="00:00:00.0886030" startTime="2020-10-28T15:14:25.0000000+01:00" endTime="2020-10-28T15:14:25.0000000+01:00" testType="13cdc9d9-ddb5-4fa4-a97d-d965ccfc6d4b" outcome="Passed" testListId="8c84fa94-04c1-424b-9868-57a2d4851a1d" relativeResultsDirectory="366ffb95-ed3b-4b89-a3f5-f3b71a43a872" />
    <UnitTestResult executionId="530e721a-6641-4df0-aa6a-c8f7620cc61b" testId="40a17607-ffd3-0727-13e7-309842913b28" testName="[Integration_StagingxDim&amp;Fact].[27].[IT - Staging table is a subset of a dimension].[StagingMoney.Finance_PokladniDoklad]" computerName="LAPTOP-OBK5BVVT" duration="00:00:00.0363710" startTime="2020-10-28T15:14:24.0000000+01:00" endTime="2020-10-28T15:14:24.0000000+01:00" testType="13cdc9d9-ddb5-4fa4-a97d-d965ccfc6d4b" outcome="Failed" testListId="8c84fa94-04c1-424b-9868-57a2d4851a1d" relativeResultsDirectory="530e721a-6641-4df0-aa6a-c8f7620cc61b">
      <Output>
        <ErrorInfo>
          <Message>There is at least one row, but no rows were expected:&#xD;
&#xD;
┌───────────────────────────┬──────────────┬───────┐&#xD;
│ID                         │CisloDokladu  │Nazev  │&#xD;
╞═══════════════════════════╪══════════════╪═══════╡&#xD;
│72262521-0ff7-4c29-a93...  │PV00009       │       │&#xD;
└───────────────────────────┴──────────────┴───────┘&#xD;
&#xD;
&#xD;
Test description: Dim.Document&#xD;
TestQuerySource: BigBang&#xD;
TestQuery:&#xD;
&#xD;
    select ID, CisloDokladu, Nazev from StagingMoney.Finance_PokladniDoklad&#xD;
    except&#xD;
&#xD;
 SELECT [Document Money Src ID]&#xD;
      ,[Document Number]&#xD;
      ,[Document Description]&#xD;
  FROM [Dim].[Document]&#xD;
&#xD;
</Message>
          <StackTrace>   at JC.Unit.TestExecution.nUnitRunner.RunAllTests(TestDefinition testDefinition) in D:\a\1\s\MainCore\JC.Unit\JC.Unit\TestExecution\nUnitRunner.cs:line 59&#xD;
</StackTrace>
        </ErrorInfo>
      </Output>
    </UnitTestResult>
    <UnitTestResult executionId="57d47c92-af0a-40af-9cfb-9c9102b349f3" testId="b36c18c2-2f16-c4b0-0e40-bd5cc9cf030a" testName="[Integration_StagingxDim&amp;Fact].[3].[ST - Not NULL values].[Table [Fact].[Person Capacity]]" computerName="LAPTOP-OBK5BVVT" duration="00:00:00.3946480" startTime="2020-10-28T15:14:21.0000000+01:00" endTime="2020-10-28T15:14:22.0000000+01:00" testType="13cdc9d9-ddb5-4fa4-a97d-d965ccfc6d4b" outcome="Passed" testListId="8c84fa94-04c1-424b-9868-57a2d4851a1d" relativeResultsDirectory="57d47c92-af0a-40af-9cfb-9c9102b349f3" />
    <UnitTestResult executionId="c5ff94c0-4abc-4668-b403-519da20e3b03" testId="657fabb8-afdf-3e81-8619-3b18cd6e2f30" testName="[Smoke_ObjectExistence].[10].[Existence of the table].[Table Fakturace_FakturaVydana]" computerName="LAPTOP-OBK5BVVT" duration="00:00:00.0789980" startTime="2020-10-28T15:14:25.0000000+01:00" endTime="2020-10-28T15:14:25.0000000+01:00" testType="13cdc9d9-ddb5-4fa4-a97d-d965ccfc6d4b" outcome="Passed" testListId="8c84fa94-04c1-424b-9868-57a2d4851a1d" relativeResultsDirectory="c5ff94c0-4abc-4668-b403-519da20e3b03" />
    <UnitTestResult executionId="6ba65e01-0b23-4eba-87c9-92497d47b46e" testId="2e3c31ea-d47c-7e26-f2f4-ddf1fa7d180e" testName="[Smoke_ObjectExistence].[20].[Existence of the table].[Table Ciselniky_Stredisko]" computerName="LAPTOP-OBK5BVVT" duration="00:00:00.0827710" startTime="2020-10-28T15:14:25.0000000+01:00" endTime="2020-10-28T15:14:25.0000000+01:00" testType="13cdc9d9-ddb5-4fa4-a97d-d965ccfc6d4b" outcome="Passed" testListId="8c84fa94-04c1-424b-9868-57a2d4851a1d" relativeResultsDirectory="6ba65e01-0b23-4eba-87c9-92497d47b46e" />
    <UnitTestResult executionId="91a79113-ad53-436a-ac0b-7794ea49d165" testId="378cf331-36e7-aa16-9514-df1f6a19a35c" testName="[Integration_MoneyxStaging].[5].[ST - No empty tables - StagingMoney].[No empty tables]" computerName="LAPTOP-OBK5BVVT" duration="00:00:00.7595660" startTime="2020-10-28T15:14:21.0000000+01:00" endTime="2020-10-28T15:14:22.0000000+01:00" testType="13cdc9d9-ddb5-4fa4-a97d-d965ccfc6d4b" outcome="Passed" testListId="8c84fa94-04c1-424b-9868-57a2d4851a1d" relativeResultsDirectory="91a79113-ad53-436a-ac0b-7794ea49d165" />
    <UnitTestResult executionId="17468242-fce1-4445-ba76-55782e784e13" testId="0dce3cbb-c5be-8ce9-26c7-823b70f36b4e" testName="[Smoke_ObjectExistence].[6].[Existence of the table].[Table Finance_PrikazKUhrade]" computerName="LAPTOP-OBK5BVVT" duration="00:00:00.0869360" startTime="2020-10-28T15:14:25.0000000+01:00" endTime="2020-10-28T15:14:25.0000000+01:00" testType="13cdc9d9-ddb5-4fa4-a97d-d965ccfc6d4b" outcome="Passed" testListId="8c84fa94-04c1-424b-9868-57a2d4851a1d" relativeResultsDirectory="17468242-fce1-4445-ba76-55782e784e13" />
    <UnitTestResult executionId="68239678-e660-453b-a2ec-598dee8b695e" testId="4d4f2eb1-4b6a-f2f9-5631-fba458167b0b" testName="[Integration_StagingxDim&amp;Fact].[40].[ST - Document Payment Status].[Document Payment Status - N/A for Storno]" computerName="LAPTOP-OBK5BVVT" duration="00:00:00.0378890" startTime="2020-10-28T15:14:25.0000000+01:00" endTime="2020-10-28T15:14:25.0000000+01:00" testType="13cdc9d9-ddb5-4fa4-a97d-d965ccfc6d4b" outcome="Passed" testListId="8c84fa94-04c1-424b-9868-57a2d4851a1d" relativeResultsDirectory="68239678-e660-453b-a2ec-598dee8b695e" />
    <UnitTestResult executionId="8c8a22a3-66fe-4e2c-947b-f7e3edc278bc" testId="b9c9e4ae-229c-0f71-c5aa-98fe7605eaf4" testName="[Smoke_ObjectExistence].[51].[Existence of the table].[Table LeadToOpportunity]" computerName="LAPTOP-OBK5BVVT" duration="00:00:00.0790940" startTime="2020-10-28T15:14:26.0000000+01:00" endTime="2020-10-28T15:14:26.0000000+01:00" testType="13cdc9d9-ddb5-4fa4-a97d-d965ccfc6d4b" outcome="Passed" testListId="8c84fa94-04c1-424b-9868-57a2d4851a1d" relativeResultsDirectory="8c8a22a3-66fe-4e2c-947b-f7e3edc278bc" />
    <UnitTestResult executionId="1c8f718f-c9c7-4bf9-bda0-60a1ddc809f8" testId="becefbb3-296f-28e1-a93c-1a14e25a8f3d" testName="[Smoke_ObjectExistence].[1].[Existence of the table].[Table Objednavky_ObjednavkaPrijata]" computerName="LAPTOP-OBK5BVVT" duration="00:00:00.0913490" startTime="2020-10-28T15:14:25.0000000+01:00" endTime="2020-10-28T15:14:25.0000000+01:00" testType="13cdc9d9-ddb5-4fa4-a97d-d965ccfc6d4b" outcome="Passed" testListId="8c84fa94-04c1-424b-9868-57a2d4851a1d" relativeResultsDirectory="1c8f718f-c9c7-4bf9-bda0-60a1ddc809f8" />
    <UnitTestResult executionId="39576333-aee5-4b5e-9b8c-c88bc1e6f91d" testId="a839709d-1374-8ac0-c102-62728a740644" testName="[Integration_StagingxDim&amp;Fact].[19].[IT - Sum check by Document Type].[Table [Fakturace_ZalohovaFakturaVydana]]" computerName="LAPTOP-OBK5BVVT" duration="00:00:00.1873800" startTime="2020-10-28T15:14:24.0000000+01:00" endTime="2020-10-28T15:14:24.0000000+01:00" testType="13cdc9d9-ddb5-4fa4-a97d-d965ccfc6d4b" outcome="Passed" testListId="8c84fa94-04c1-424b-9868-57a2d4851a1d" relativeResultsDirectory="39576333-aee5-4b5e-9b8c-c88bc1e6f91d" />
    <UnitTestResult executionId="f9d0a982-88f9-4ee9-8f07-fd67eab4b506" testId="30460f3b-eb1a-3117-0195-c89242d95fbf" testName="[Integration_StagingxDim&amp;Fact].[28].[IT - Staging table is a subset of a dimension].[StagingMoney.Fakturace_FakturaPrijata]" computerName="LAPTOP-OBK5BVVT" duration="00:00:00.0371859" startTime="2020-10-28T15:14:24.0000000+01:00" endTime="2020-10-28T15:14:25.0000000+01:00" testType="13cdc9d9-ddb5-4fa4-a97d-d965ccfc6d4b" outcome="Failed" testListId="8c84fa94-04c1-424b-9868-57a2d4851a1d" relativeResultsDirectory="f9d0a982-88f9-4ee9-8f07-fd67eab4b506">
      <Output>
        <ErrorInfo>
          <Message>There is at least one row, but no rows were expected:&#xD;
&#xD;
┌───────────────────────────┬──────────────┬────────────────┐&#xD;
│ID                         │CisloDokladu  │Nazev           │&#xD;
╞═══════════════════════════╪══════════════╪════════════════╡&#xD;
│0d41c085-34ee-4398-933...  │FP00007       │nákup potravin  │&#xD;
└───────────────────────────┴──────────────┴────────────────┘&#xD;
&#xD;
&#xD;
Test description: Dim.Document&#xD;
TestQuerySource: BigBang&#xD;
TestQuery:&#xD;
&#xD;
    select ID, CisloDokladu, Nazev from StagingMoney.Fakturace_FakturaPrijata&#xD;
    except&#xD;
&#xD;
 SELECT [Document Money Src ID]&#xD;
      ,[Document Number]&#xD;
      ,[Document Description]&#xD;
  FROM [Dim].[Document]&#xD;
&#xD;
</Message>
          <StackTrace>   at JC.Unit.TestExecution.nUnitRunner.RunAllTests(TestDefinition testDefinition) in D:\a\1\s\MainCore\JC.Unit\JC.Unit\TestExecution\nUnitRunner.cs:line 59&#xD;
</StackTrace>
        </ErrorInfo>
      </Output>
    </UnitTestResult>
    <UnitTestResult executionId="0b184afc-5dcc-4a22-ad52-b78a3f14cc26" testId="ea30e6cb-f14a-8ba2-3bc0-4a8461781beb" testName="[Smoke_ObjectExistence].[39].[Existence of the table].[Table Mzdy_Svatky]" computerName="LAPTOP-OBK5BVVT" duration="00:00:00.0924340" startTime="2020-10-28T15:14:25.0000000+01:00" endTime="2020-10-28T15:14:25.0000000+01:00" testType="13cdc9d9-ddb5-4fa4-a97d-d965ccfc6d4b" outcome="Passed" testListId="8c84fa94-04c1-424b-9868-57a2d4851a1d" relativeResultsDirectory="0b184afc-5dcc-4a22-ad52-b78a3f14cc26" />
    <UnitTestResult executionId="83763c77-a3f0-4018-a177-379daf1e9f93" testId="40bef62d-2799-3cb2-1e58-2af04995aa7b" testName="[Smoke_ObjectExistence].[15].[Existence of the table].[Table Meny_Mena]" computerName="LAPTOP-OBK5BVVT" duration="00:00:00.0793270" startTime="2020-10-28T15:14:25.0000000+01:00" endTime="2020-10-28T15:14:25.0000000+01:00" testType="13cdc9d9-ddb5-4fa4-a97d-d965ccfc6d4b" outcome="Passed" testListId="8c84fa94-04c1-424b-9868-57a2d4851a1d" relativeResultsDirectory="83763c77-a3f0-4018-a177-379daf1e9f93" />
    <UnitTestResult executionId="4520261a-12f7-4b77-870b-3f95fccad0d3" testId="7b2537ce-e820-5d98-57b2-e767c22e68d4" testName="[Integration_StagingxDim&amp;Fact].[15].[IT - Sum check by Document Type].[Table [Objednavky_ObjednavkaPrijata]]" computerName="LAPTOP-OBK5BVVT" duration="00:00:00.7487130" startTime="2020-10-28T15:14:24.0000000+01:00" endTime="2020-10-28T15:14:24.0000000+01:00" testType="13cdc9d9-ddb5-4fa4-a97d-d965ccfc6d4b" outcome="Passed" testListId="8c84fa94-04c1-424b-9868-57a2d4851a1d" relativeResultsDirectory="4520261a-12f7-4b77-870b-3f95fccad0d3" />
    <UnitTestResult executionId="50322109-4519-4eff-b74d-90ad507f5f40" testId="3db5c791-ffce-6a05-5860-fd4dfbc84e5a" testName="[Integration_StagingxDim&amp;Fact].[10].[ST - Credit and Debit].[Table [Fact].[Account Balance]]" computerName="LAPTOP-OBK5BVVT" duration="00:00:01.3526030" startTime="2020-10-28T15:14:23.0000000+01:00" endTime="2020-10-28T15:14:24.0000000+01:00" testType="13cdc9d9-ddb5-4fa4-a97d-d965ccfc6d4b" outcome="Passed" testListId="8c84fa94-04c1-424b-9868-57a2d4851a1d" relativeResultsDirectory="50322109-4519-4eff-b74d-90ad507f5f40" />
    <UnitTestResult executionId="e84bcefa-77ed-4521-8c2c-29b61e8bb38d" testId="87b6bec7-37b1-b032-698d-279ffdadc596" testName="[Smoke_ObjectExistence].[3].[Existence of the table].[Table Fakturace_ZalohovaFakturaVydana]" computerName="LAPTOP-OBK5BVVT" duration="00:00:00.0831390" startTime="2020-10-28T15:14:25.0000000+01:00" endTime="2020-10-28T15:14:25.0000000+01:00" testType="13cdc9d9-ddb5-4fa4-a97d-d965ccfc6d4b" outcome="Passed" testListId="8c84fa94-04c1-424b-9868-57a2d4851a1d" relativeResultsDirectory="e84bcefa-77ed-4521-8c2c-29b61e8bb38d" />
    <UnitTestResult executionId="5ca048a5-90c5-4609-b931-2cd4eb7d5312" testId="bbe514a8-b32c-84ea-2fe8-555567b7c1aa" testName="[Smoke_ObjectExistence].[26].[Existence of the table].[Table Fakturace_PolozkaFakturyPrijate]" computerName="LAPTOP-OBK5BVVT" duration="00:00:00.0775600" startTime="2020-10-28T15:14:25.0000000+01:00" endTime="2020-10-28T15:14:25.0000000+01:00" testType="13cdc9d9-ddb5-4fa4-a97d-d965ccfc6d4b" outcome="Passed" testListId="8c84fa94-04c1-424b-9868-57a2d4851a1d" relativeResultsDirectory="5ca048a5-90c5-4609-b931-2cd4eb7d5312" />
    <UnitTestResult executionId="8046f721-bfd6-49ba-8af9-6b53c20ca06c" testId="da0038a8-2636-09ae-f494-d1299494c0c0" testName="[Smoke_ObjectExistence].[36].[Existence of the table].[Table Mzdy_Mzda]" computerName="LAPTOP-OBK5BVVT" duration="00:00:00.0713940" startTime="2020-10-28T15:14:25.0000000+01:00" endTime="2020-10-28T15:14:25.0000000+01:00" testType="13cdc9d9-ddb5-4fa4-a97d-d965ccfc6d4b" outcome="Passed" testListId="8c84fa94-04c1-424b-9868-57a2d4851a1d" relativeResultsDirectory="8046f721-bfd6-49ba-8af9-6b53c20ca06c" />
    <UnitTestResult executionId="ac0ec208-29d3-41dd-b2b1-a6d7d2d3f7bb" testId="68087df4-ff6a-60f2-a979-00e2356cf9b0" testName="[Integration_StagingxDim&amp;Fact].[7].[ST - Sum of Amounts].[Table [Fact].[Journal]]" computerName="LAPTOP-OBK5BVVT" duration="00:00:00.0864590" startTime="2020-10-28T15:14:23.0000000+01:00" endTime="2020-10-28T15:14:23.0000000+01:00" testType="13cdc9d9-ddb5-4fa4-a97d-d965ccfc6d4b" outcome="Passed" testListId="8c84fa94-04c1-424b-9868-57a2d4851a1d" relativeResultsDirectory="ac0ec208-29d3-41dd-b2b1-a6d7d2d3f7bb" />
    <UnitTestResult executionId="3697dba1-ed7a-49f5-a4a3-1f745bf1697c" testId="4717d6b8-16a3-1be3-996f-d263b9ce1288" testName="[Smoke_ObjectExistence].[47].[Existence of the table].[Table Personalistika_Zamestnanec]" computerName="LAPTOP-OBK5BVVT" duration="00:00:00.0832780" startTime="2020-10-28T15:14:26.0000000+01:00" endTime="2020-10-28T15:14:26.0000000+01:00" testType="13cdc9d9-ddb5-4fa4-a97d-d965ccfc6d4b" outcome="Passed" testListId="8c84fa94-04c1-424b-9868-57a2d4851a1d" relativeResultsDirectory="3697dba1-ed7a-49f5-a4a3-1f745bf1697c" />
    <UnitTestResult executionId="4f267a7c-1cf7-4aeb-8c84-46f65084dd23" testId="039a3cff-3840-8952-60c2-35593d0e1c99" testName="[Smoke_ObjectExistence].[45].[Existence of the table].[Table Customer Contract]" computerName="LAPTOP-OBK5BVVT" duration="00:00:00.0859080" startTime="2020-10-28T15:14:25.0000000+01:00" endTime="2020-10-28T15:14:26.0000000+01:00" testType="13cdc9d9-ddb5-4fa4-a97d-d965ccfc6d4b" outcome="Passed" testListId="8c84fa94-04c1-424b-9868-57a2d4851a1d" relativeResultsDirectory="4f267a7c-1cf7-4aeb-8c84-46f65084dd23" />
    <UnitTestResult executionId="70b8a987-b80c-46e9-ac6f-b52f82eb47ac" testId="4e58d51f-82e8-9321-f845-d7958f15e29d" testName="[Smoke_ObjectExistence].[56].[Existence of the table].[Table Revenue Cost Category]" computerName="LAPTOP-OBK5BVVT" duration="00:00:00.0914920" startTime="2020-10-28T15:14:26.0000000+01:00" endTime="2020-10-28T15:14:26.0000000+01:00" testType="13cdc9d9-ddb5-4fa4-a97d-d965ccfc6d4b" outcome="Passed" testListId="8c84fa94-04c1-424b-9868-57a2d4851a1d" relativeResultsDirectory="70b8a987-b80c-46e9-ac6f-b52f82eb47ac" />
    <UnitTestResult executionId="f5b47592-f118-4c7b-8f36-57e7c0907732" testId="676e7cea-5aa4-1a91-eaf5-d360655ae92e" testName="[Smoke_ObjectExistence].[54].[Existence of the table].[Table TransactionCurrency]" computerName="LAPTOP-OBK5BVVT" duration="00:00:00.0832370" startTime="2020-10-28T15:14:26.0000000+01:00" endTime="2020-10-28T15:14:26.0000000+01:00" testType="13cdc9d9-ddb5-4fa4-a97d-d965ccfc6d4b" outcome="Passed" testListId="8c84fa94-04c1-424b-9868-57a2d4851a1d" relativeResultsDirectory="f5b47592-f118-4c7b-8f36-57e7c0907732" />
    <UnitTestResult executionId="1aee845d-68ed-4097-b34c-220fc9ac51eb" testId="213ee05a-4a01-4b18-17cf-daa5bcd1646d" testName="[Smoke_ObjectExistence].[27].[Existence of the table].[Table Ciselniky_Zakazka]" computerName="LAPTOP-OBK5BVVT" duration="00:00:00.0804350" startTime="2020-10-28T15:14:25.0000000+01:00" endTime="2020-10-28T15:14:25.0000000+01:00" testType="13cdc9d9-ddb5-4fa4-a97d-d965ccfc6d4b" outcome="Passed" testListId="8c84fa94-04c1-424b-9868-57a2d4851a1d" relativeResultsDirectory="1aee845d-68ed-4097-b34c-220fc9ac51eb" />
    <UnitTestResult executionId="f8625b92-4ab6-497e-aa13-2c3d11e6f743" testId="ee6274a6-d68c-445d-a661-6882990db88d" testName="[Smoke_ObjectExistence].[16].[Existence of the table].[Table Ucetnictvi_Ucet]" computerName="LAPTOP-OBK5BVVT" duration="00:00:00.0800450" startTime="2020-10-28T15:14:25.0000000+01:00" endTime="2020-10-28T15:14:25.0000000+01:00" testType="13cdc9d9-ddb5-4fa4-a97d-d965ccfc6d4b" outcome="Passed" testListId="8c84fa94-04c1-424b-9868-57a2d4851a1d" relativeResultsDirectory="f8625b92-4ab6-497e-aa13-2c3d11e6f743" />
    <UnitTestResult executionId="bf2c2fa3-60f0-4f64-bb38-f5581c0b1d75" testId="51d5df11-837d-fbef-2072-1a7a898a69fb" testName="[Smoke_ObjectExistence].[57].[Existence of the table].[Table Revenue Cost Category Specification]" computerName="LAPTOP-OBK5BVVT" duration="00:00:00.0720380" startTime="2020-10-28T15:14:26.0000000+01:00" endTime="2020-10-28T15:14:26.0000000+01:00" testType="13cdc9d9-ddb5-4fa4-a97d-d965ccfc6d4b" outcome="Passed" testListId="8c84fa94-04c1-424b-9868-57a2d4851a1d" relativeResultsDirectory="bf2c2fa3-60f0-4f64-bb38-f5581c0b1d75" />
    <UnitTestResult executionId="c4b7c3a3-9bb3-4f94-b8c4-7d814439a6fe" testId="2399483b-6614-c431-9362-847b6c1e4592" testName="[Integration_StagingxDim&amp;Fact].[18].[IT - Sum check by Document Type].[Table [Fakturace_ZalohovaFakturaPrijata]]" computerName="LAPTOP-OBK5BVVT" duration="00:00:00.2506030" startTime="2020-10-28T15:14:24.0000000+01:00" endTime="2020-10-28T15:14:24.0000000+01:00" testType="13cdc9d9-ddb5-4fa4-a97d-d965ccfc6d4b" outcome="Passed" testListId="8c84fa94-04c1-424b-9868-57a2d4851a1d" relativeResultsDirectory="c4b7c3a3-9bb3-4f94-b8c4-7d814439a6fe" />
    <UnitTestResult executionId="c9408c1b-f543-49e1-8a74-3e01d7efae34" testId="b94a13f1-e0d2-a3a1-0150-4599409d2aff" testName="[Smoke_ObjectExistence].[58].[Existence of the table].[Table Contract Fees]" computerName="LAPTOP-OBK5BVVT" duration="00:00:00.0831370" startTime="2020-10-28T15:14:26.0000000+01:00" endTime="2020-10-28T15:14:26.0000000+01:00" testType="13cdc9d9-ddb5-4fa4-a97d-d965ccfc6d4b" outcome="Passed" testListId="8c84fa94-04c1-424b-9868-57a2d4851a1d" relativeResultsDirectory="c9408c1b-f543-49e1-8a74-3e01d7efae34" />
    <UnitTestResult executionId="8db971a1-ad0f-482c-a249-6606909bc749" testId="ebaeadec-2162-4787-8a1c-fd15c278512e" testName="[Integration_StagingxDim&amp;Fact].[35].[IT - Staging table is a subset of a dimension].[StagingMoney.Objednavky_ObjednavkaPrijata]" computerName="LAPTOP-OBK5BVVT" duration="00:00:00.0380710" startTime="2020-10-28T15:14:25.0000000+01:00" endTime="2020-10-28T15:14:25.0000000+01:00" testType="13cdc9d9-ddb5-4fa4-a97d-d965ccfc6d4b" outcome="Passed" testListId="8c84fa94-04c1-424b-9868-57a2d4851a1d" relativeResultsDirectory="8db971a1-ad0f-482c-a249-6606909bc749" />
    <UnitTestResult executionId="0ceabf8f-9527-4a28-80d5-19eee623823a" testId="5279a498-3e54-6a76-5668-7936e4fcdb2e" testName="[Integration_StagingxDim&amp;Fact].[4].[ST - Sum of Amount with VAT CZK].[Table [Fact].[Document Item]]" computerName="LAPTOP-OBK5BVVT" duration="00:00:01.0589830" startTime="2020-10-28T15:14:22.0000000+01:00" endTime="2020-10-28T15:14:23.0000000+01:00" testType="13cdc9d9-ddb5-4fa4-a97d-d965ccfc6d4b" outcome="Passed" testListId="8c84fa94-04c1-424b-9868-57a2d4851a1d" relativeResultsDirectory="0ceabf8f-9527-4a28-80d5-19eee623823a" />
    <UnitTestResult executionId="87e119ca-f74f-49ab-afdf-7939aec58855" testId="94a1c9bc-6703-5715-60b9-f1ef941637e7" testName="[Integration_StagingxDim&amp;Fact].[1].[ST - No empty tables Dim + Fact].[No empty Dim &amp; Fact tables]" computerName="LAPTOP-OBK5BVVT" duration="00:00:00.4215650" startTime="2020-10-28T15:14:21.0000000+01:00" endTime="2020-10-28T15:14:21.0000000+01:00" testType="13cdc9d9-ddb5-4fa4-a97d-d965ccfc6d4b" outcome="Passed" testListId="8c84fa94-04c1-424b-9868-57a2d4851a1d" relativeResultsDirectory="87e119ca-f74f-49ab-afdf-7939aec58855" />
    <UnitTestResult executionId="5775407c-9be2-497c-9bcd-01b19a3603f8" testId="16476183-8a99-9d57-9a05-ab6dceed5fad" testName="[Smoke_ObjectExistence].[9].[Existence of the table].[Table Fakturace_ZalohovaFakturaPrijata]" computerName="LAPTOP-OBK5BVVT" duration="00:00:00.0794080" startTime="2020-10-28T15:14:25.0000000+01:00" endTime="2020-10-28T15:14:25.0000000+01:00" testType="13cdc9d9-ddb5-4fa4-a97d-d965ccfc6d4b" outcome="Passed" testListId="8c84fa94-04c1-424b-9868-57a2d4851a1d" relativeResultsDirectory="5775407c-9be2-497c-9bcd-01b19a3603f8" />
    <UnitTestResult executionId="5f4651e6-33f1-45a2-9b32-edeb860786cb" testId="e98ba9b2-7b11-bcbc-7534-5441c3ffe8f3" testName="[Smoke_ObjectExistence].[13].[Existence of the table].[Table Finance_PolozkaPrikazuKUhrade]" computerName="LAPTOP-OBK5BVVT" duration="00:00:00.0836480" startTime="2020-10-28T15:14:25.0000000+01:00" endTime="2020-10-28T15:14:25.0000000+01:00" testType="13cdc9d9-ddb5-4fa4-a97d-d965ccfc6d4b" outcome="Passed" testListId="8c84fa94-04c1-424b-9868-57a2d4851a1d" relativeResultsDirectory="5f4651e6-33f1-45a2-9b32-edeb860786cb" />
    <UnitTestResult executionId="c244ba70-2586-467f-a969-2fc6df6f6d32" testId="08967945-3295-54c1-32d2-2e73fefe3a5f" testName="[Integration_StagingxDim&amp;Fact].[13].[IT - Sum check by Document Type].[Table [Fakturace_FakturaPrijata]]" computerName="LAPTOP-OBK5BVVT" duration="00:00:00.3575810" startTime="2020-10-28T15:14:23.0000000+01:00" endTime="2020-10-28T15:14:24.0000000+01:00" testType="13cdc9d9-ddb5-4fa4-a97d-d965ccfc6d4b" outcome="Passed" testListId="8c84fa94-04c1-424b-9868-57a2d4851a1d" relativeResultsDirectory="c244ba70-2586-467f-a969-2fc6df6f6d32" />
    <UnitTestResult executionId="49e0023b-ad7d-4812-a2bd-dc4dd98fa690" testId="bbd35e0e-bb7e-d19c-146d-4ca86003d252" testName="[Integration_StagingxDim&amp;Fact].[32].[IT - Staging table is a subset of a dimension].[StagingMoney.Fakturace_ZalohovaFakturaVydana]" computerName="LAPTOP-OBK5BVVT" duration="00:00:00.0369700" startTime="2020-10-28T15:14:25.0000000+01:00" endTime="2020-10-28T15:14:25.0000000+01:00" testType="13cdc9d9-ddb5-4fa4-a97d-d965ccfc6d4b" outcome="Passed" testListId="8c84fa94-04c1-424b-9868-57a2d4851a1d" relativeResultsDirectory="49e0023b-ad7d-4812-a2bd-dc4dd98fa690" />
  </Results>
  <TestDefinitions>
    <UnitTest name="[Integration_StagingxDim&amp;Fact].[20].[IT - Sum check by Document Type].[Table [Ucetnictvi_ZavazkovyDoklad]]" storage="c:\users\terezačerná\documents\bigbang\testing\jc.unit.runner\jc.unit.dll" id="f0e14953-0487-efc3-1455-7bfbfe66d3f5">
      <Execution id="75c491fc-2860-4d47-884c-90daef25f25e" />
      <TestMethod codeBase="C:\Users\TerezaČerná\Documents\BigBang\Testing\JC.Unit.Runner\JC.Unit.dll" adapterTypeName="executor://nunit3testexecutor/" className="JC.Unit.TestExecution.nUnitRunner" name="RunAllTests" />
    </UnitTest>
    <UnitTest name="[Integration_StagingxDim&amp;Fact].[33].[IT - Staging table is a subset of a dimension].[StagingMoney.Fakturace_ZalohovaFakturaPrijata]" storage="c:\users\terezačerná\documents\bigbang\testing\jc.unit.runner\jc.unit.dll" id="821e872f-8ad4-4756-a10a-1a9afe75ca93">
      <Execution id="fb59ae9f-21ff-4da6-9e30-af079dc3c8f8" />
      <TestMethod codeBase="C:\Users\TerezaČerná\Documents\BigBang\Testing\JC.Unit.Runner\JC.Unit.dll" adapterTypeName="executor://nunit3testexecutor/" className="JC.Unit.TestExecution.nUnitRunner" name="RunAllTests" />
    </UnitTest>
    <UnitTest name="[Smoke_ObjectExistence].[35].[Existence of the table].[Table Contract Rates]" storage="c:\users\terezačerná\documents\bigbang\testing\jc.unit.runner\jc.unit.dll" id="ee7b3397-05b3-5660-5f81-c9db969c5159">
      <Execution id="f149db10-68b3-4fd1-9b1b-dc5fc678e892" />
      <TestMethod codeBase="C:\Users\TerezaČerná\Documents\BigBang\Testing\JC.Unit.Runner\JC.Unit.dll" adapterTypeName="executor://nunit3testexecutor/" className="JC.Unit.TestExecution.nUnitRunner" name="RunAllTests" />
    </UnitTest>
    <UnitTest name="[Smoke_ObjectExistence].[15].[Existence of the table].[Table Meny_Mena]" storage="c:\users\terezačerná\documents\bigbang\testing\jc.unit.runner\jc.unit.dll" id="40bef62d-2799-3cb2-1e58-2af04995aa7b">
      <Execution id="83763c77-a3f0-4018-a177-379daf1e9f93" />
      <TestMethod codeBase="C:\Users\TerezaČerná\Documents\BigBang\Testing\JC.Unit.Runner\JC.Unit.dll" adapterTypeName="executor://nunit3testexecutor/" className="JC.Unit.TestExecution.nUnitRunner" name="RunAllTests" />
    </UnitTest>
    <UnitTest name="[Integration_StagingxDim&amp;Fact].[10].[ST - Credit and Debit].[Table [Fact].[Account Balance]]" storage="c:\users\terezačerná\documents\bigbang\testing\jc.unit.runner\jc.unit.dll" id="3db5c791-ffce-6a05-5860-fd4dfbc84e5a">
      <Execution id="50322109-4519-4eff-b74d-90ad507f5f40" />
      <TestMethod codeBase="C:\Users\TerezaČerná\Documents\BigBang\Testing\JC.Unit.Runner\JC.Unit.dll" adapterTypeName="executor://nunit3testexecutor/" className="JC.Unit.TestExecution.nUnitRunner" name="RunAllTests" />
    </UnitTest>
    <UnitTest name="[Smoke_ObjectExistence].[20].[Existence of the table].[Table Ciselniky_Stredisko]" storage="c:\users\terezačerná\documents\bigbang\testing\jc.unit.runner\jc.unit.dll" id="2e3c31ea-d47c-7e26-f2f4-ddf1fa7d180e">
      <Execution id="6ba65e01-0b23-4eba-87c9-92497d47b46e" />
      <TestMethod codeBase="C:\Users\TerezaČerná\Documents\BigBang\Testing\JC.Unit.Runner\JC.Unit.dll" adapterTypeName="executor://nunit3testexecutor/" className="JC.Unit.TestExecution.nUnitRunner" name="RunAllTests" />
    </UnitTest>
    <UnitTest name="[Smoke_ObjectExistence].[44].[Existence of the table].[Table Mzdy_DruhNepritomnosti]" storage="c:\users\terezačerná\documents\bigbang\testing\jc.unit.runner\jc.unit.dll" id="4fe7149d-95b6-137a-5c7f-e332393585ef">
      <Execution id="9f284e77-4316-4da2-a62b-eeb4f4d8a764" />
      <TestMethod codeBase="C:\Users\TerezaČerná\Documents\BigBang\Testing\JC.Unit.Runner\JC.Unit.dll" adapterTypeName="executor://nunit3testexecutor/" className="JC.Unit.TestExecution.nUnitRunner" name="RunAllTests" />
    </UnitTest>
    <UnitTest name="[Smoke_ObjectExistence].[29].[Existence of the table].[Table Adresar_Firma]" storage="c:\users\terezačerná\documents\bigbang\testing\jc.unit.runner\jc.unit.dll" id="7c2f79ab-8644-1b76-edfc-d1d7cfd5cae2">
      <Execution id="975c3e0c-6946-4527-8444-62616ab6ed2c" />
      <TestMethod codeBase="C:\Users\TerezaČerná\Documents\BigBang\Testing\JC.Unit.Runner\JC.Unit.dll" adapterTypeName="executor://nunit3testexecutor/" className="JC.Unit.TestExecution.nUnitRunner" name="RunAllTests" />
    </UnitTest>
    <UnitTest name="[Integration_StagingxDim&amp;Fact].[27].[IT - Staging table is a subset of a dimension].[StagingMoney.Finance_PokladniDoklad]" storage="c:\users\terezačerná\documents\bigbang\testing\jc.unit.runner\jc.unit.dll" id="40a17607-ffd3-0727-13e7-309842913b28">
      <Execution id="530e721a-6641-4df0-aa6a-c8f7620cc61b" />
      <TestMethod codeBase="C:\Users\TerezaČerná\Documents\BigBang\Testing\JC.Unit.Runner\JC.Unit.dll" adapterTypeName="executor://nunit3testexecutor/" className="JC.Unit.TestExecution.nUnitRunner" name="RunAllTests" />
    </UnitTest>
    <UnitTest name="[Smoke_ObjectExistence].[58].[Existence of the table].[Table Contract Fees]" storage="c:\users\terezačerná\documents\bigbang\testing\jc.unit.runner\jc.unit.dll" id="b94a13f1-e0d2-a3a1-0150-4599409d2aff">
      <Execution id="c9408c1b-f543-49e1-8a74-3e01d7efae34" />
      <TestMethod codeBase="C:\Users\TerezaČerná\Documents\BigBang\Testing\JC.Unit.Runner\JC.Unit.dll" adapterTypeName="executor://nunit3testexecutor/" className="JC.Unit.TestExecution.nUnitRunner" name="RunAllTests" />
    </UnitTest>
    <UnitTest name="[Integration_StagingxDim&amp;Fact].[23].[IT - Staging table is a subset of a dimension].[StagingMoney.Ciselniky_Zakazka]" storage="c:\users\terezačerná\documents\bigbang\testing\jc.unit.runner\jc.unit.dll" id="7557f51e-c690-f35a-c69e-f1b0099d098d">
      <Execution id="59a13cf0-ebd0-49b2-b79b-a470b6b6b41e" />
      <TestMethod codeBase="C:\Users\TerezaČerná\Documents\BigBang\Testing\JC.Unit.Runner\JC.Unit.dll" adapterTypeName="executor://nunit3testexecutor/" className="JC.Unit.TestExecution.nUnitRunner" name="RunAllTests" />
    </UnitTest>
    <UnitTest name="[Integration_StagingxDim&amp;Fact].[8].[ST - Amount check].[Table [Dim].[Document]]" storage="c:\users\terezačerná\documents\bigbang\testing\jc.unit.runner\jc.unit.dll" id="1ab7735e-377f-01ed-d8c3-0db955cf8049">
      <Execution id="83bf6114-253d-4b01-91c3-07df873bc467" />
      <TestMethod codeBase="C:\Users\TerezaČerná\Documents\BigBang\Testing\JC.Unit.Runner\JC.Unit.dll" adapterTypeName="executor://nunit3testexecutor/" className="JC.Unit.TestExecution.nUnitRunner" name="RunAllTests" />
    </UnitTest>
    <UnitTest name="[Smoke_ObjectExistence].[56].[Existence of the table].[Table Revenue Cost Category]" storage="c:\users\terezačerná\documents\bigbang\testing\jc.unit.runner\jc.unit.dll" id="4e58d51f-82e8-9321-f845-d7958f15e29d">
      <Execution id="70b8a987-b80c-46e9-ac6f-b52f82eb47ac" />
      <TestMethod codeBase="C:\Users\TerezaČerná\Documents\BigBang\Testing\JC.Unit.Runner\JC.Unit.dll" adapterTypeName="executor://nunit3testexecutor/" className="JC.Unit.TestExecution.nUnitRunner" name="RunAllTests" />
    </UnitTest>
    <UnitTest name="[Smoke_ObjectExistence].[34].[Existence of the table].[Table Work Records]" storage="c:\users\terezačerná\documents\bigbang\testing\jc.unit.runner\jc.unit.dll" id="418d3889-c0f4-fa67-39dd-4c1a403bf7e3">
      <Execution id="77b97fdd-2eb4-4b49-b79a-d1cde6f4513c" />
      <TestMethod codeBase="C:\Users\TerezaČerná\Documents\BigBang\Testing\JC.Unit.Runner\JC.Unit.dll" adapterTypeName="executor://nunit3testexecutor/" className="JC.Unit.TestExecution.nUnitRunner" name="RunAllTests" />
    </UnitTest>
    <UnitTest name="[Smoke_ObjectExistence].[51].[Existence of the table].[Table LeadToOpportunity]" storage="c:\users\terezačerná\documents\bigbang\testing\jc.unit.runner\jc.unit.dll" id="b9c9e4ae-229c-0f71-c5aa-98fe7605eaf4">
      <Execution id="8c8a22a3-66fe-4e2c-947b-f7e3edc278bc" />
      <TestMethod codeBase="C:\Users\TerezaČerná\Documents\BigBang\Testing\JC.Unit.Runner\JC.Unit.dll" adapterTypeName="executor://nunit3testexecutor/" className="JC.Unit.TestExecution.nUnitRunner" name="RunAllTests" />
    </UnitTest>
    <UnitTest name="[Smoke_ObjectExistence].[37].[Existence of the table].[Table Mzdy_Zamestnanec]" storage="c:\users\terezačerná\documents\bigbang\testing\jc.unit.runner\jc.unit.dll" id="3e595e14-3e8a-3ee8-d68f-c0517b459f44">
      <Execution id="0d9cd17e-2884-4cc9-a66b-6afcdfdfbcc0" />
      <TestMethod codeBase="C:\Users\TerezaČerná\Documents\BigBang\Testing\JC.Unit.Runner\JC.Unit.dll" adapterTypeName="executor://nunit3testexecutor/" className="JC.Unit.TestExecution.nUnitRunner" name="RunAllTests" />
    </UnitTest>
    <UnitTest name="[Integration_StagingxDim&amp;Fact].[21].[IT - Staging table is a subset of a dimension].[StagingMoney.Ucetnictvi_Ucet]" storage="c:\users\terezačerná\documents\bigbang\testing\jc.unit.runner\jc.unit.dll" id="8e1fb5dc-b2d8-31f3-5b99-a714e28802f3">
      <Execution id="3714b94a-82be-4ac0-b56f-33de9eb3ee3c" />
      <TestMethod codeBase="C:\Users\TerezaČerná\Documents\BigBang\Testing\JC.Unit.Runner\JC.Unit.dll" adapterTypeName="executor://nunit3testexecutor/" className="JC.Unit.TestExecution.nUnitRunner" name="RunAllTests" />
    </UnitTest>
    <UnitTest name="[Smoke_ObjectExistence].[14].[Existence of the table].[Table CSW_BI_Pohledavky2]" storage="c:\users\terezačerná\documents\bigbang\testing\jc.unit.runner\jc.unit.dll" id="864b6706-d1c5-e661-a612-b3725dce8068">
      <Execution id="ab2b3f33-10c3-4741-88e9-03d856756d8a" />
      <TestMethod codeBase="C:\Users\TerezaČerná\Documents\BigBang\Testing\JC.Unit.Runner\JC.Unit.dll" adapterTypeName="executor://nunit3testexecutor/" className="JC.Unit.TestExecution.nUnitRunner" name="RunAllTests" />
    </UnitTest>
    <UnitTest name="[Integration_StagingxDim&amp;Fact].[9].[ST - Credit and Debit].[Table [Fact].[Journal]]" storage="c:\users\terezačerná\documents\bigbang\testing\jc.unit.runner\jc.unit.dll" id="74db6c8f-742d-cdd0-fa94-9d1c48485dbf">
      <Execution id="9f567719-4dc6-43e5-a904-fee38dd84374" />
      <TestMethod codeBase="C:\Users\TerezaČerná\Documents\BigBang\Testing\JC.Unit.Runner\JC.Unit.dll" adapterTypeName="executor://nunit3testexecutor/" className="JC.Unit.TestExecution.nUnitRunner" name="RunAllTests" />
    </UnitTest>
    <UnitTest name="[Smoke_ObjectExistence].[11].[Existence of the table].[Table Ucetnictvi_ZavazkovyDoklad]" storage="c:\users\terezačerná\documents\bigbang\testing\jc.unit.runner\jc.unit.dll" id="a9475b93-443b-d87f-a61f-8a41fc7ac6f1">
      <Execution id="50810f9c-9463-4363-acae-7e6c45891b99" />
      <TestMethod codeBase="C:\Users\TerezaČerná\Documents\BigBang\Testing\JC.Unit.Runner\JC.Unit.dll" adapterTypeName="executor://nunit3testexecutor/" className="JC.Unit.TestExecution.nUnitRunner" name="RunAllTests" />
    </UnitTest>
    <UnitTest name="[Smoke_ObjectExistence].[10].[Existence of the table].[Table Fakturace_FakturaVydana]" storage="c:\users\terezačerná\documents\bigbang\testing\jc.unit.runner\jc.unit.dll" id="657fabb8-afdf-3e81-8619-3b18cd6e2f30">
      <Execution id="c5ff94c0-4abc-4668-b403-519da20e3b03" />
      <TestMethod codeBase="C:\Users\TerezaČerná\Documents\BigBang\Testing\JC.Unit.Runner\JC.Unit.dll" adapterTypeName="executor://nunit3testexecutor/" className="JC.Unit.TestExecution.nUnitRunner" name="RunAllTests" />
    </UnitTest>
    <UnitTest name="[Integration_StagingxDim&amp;Fact].[26].[IT - Staging table is a subset of a dimension].[StagingMoney.Ucetnictvi_ZavazkovyDoklad]" storage="c:\users\terezačerná\documents\bigbang\testing\jc.unit.runner\jc.unit.dll" id="59c40813-1907-f75a-f050-dbaa9195f6db">
      <Execution id="d811287e-6135-40f8-b333-1b87c8620df3" />
      <TestMethod codeBase="C:\Users\TerezaČerná\Documents\BigBang\Testing\JC.Unit.Runner\JC.Unit.dll" adapterTypeName="executor://nunit3testexecutor/" className="JC.Unit.TestExecution.nUnitRunner" name="RunAllTests" />
    </UnitTest>
    <UnitTest name="[Integration_StagingxDim&amp;Fact].[34].[IT - Staging table is a subset of a dimension].[StagingMoney.Finance_PrikazKUhrade]" storage="c:\users\terezačerná\documents\bigbang\testing\jc.unit.runner\jc.unit.dll" id="5362ad2c-828a-7aad-1d15-a999fe6c67ac">
      <Execution id="3d3aec1f-3fbb-41cd-9540-21efa8f948d9" />
      <TestMethod codeBase="C:\Users\TerezaČerná\Documents\BigBang\Testing\JC.Unit.Runner\JC.Unit.dll" adapterTypeName="executor://nunit3testexecutor/" className="JC.Unit.TestExecution.nUnitRunner" name="RunAllTests" />
    </UnitTest>
    <UnitTest name="[Integration_StagingxDim&amp;Fact].[1].[ST - No empty tables Dim + Fact].[No empty Dim &amp; Fact tables]" storage="c:\users\terezačerná\documents\bigbang\testing\jc.unit.runner\jc.unit.dll" id="94a1c9bc-6703-5715-60b9-f1ef941637e7">
      <Execution id="87e119ca-f74f-49ab-afdf-7939aec58855" />
      <TestMethod codeBase="C:\Users\TerezaČerná\Documents\BigBang\Testing\JC.Unit.Runner\JC.Unit.dll" adapterTypeName="executor://nunit3testexecutor/" className="JC.Unit.TestExecution.nUnitRunner" name="RunAllTests" />
    </UnitTest>
    <UnitTest name="[Smoke_ObjectExistence].[48].[Existence of the table].[Table Account]" storage="c:\users\terezačerná\documents\bigbang\testing\jc.unit.runner\jc.unit.dll" id="4d3a32a4-4609-a802-8e5d-72092fb3527d">
      <Execution id="48842ce3-aa2a-4ff9-b969-42241481fb74" />
      <TestMethod codeBase="C:\Users\TerezaČerná\Documents\BigBang\Testing\JC.Unit.Runner\JC.Unit.dll" adapterTypeName="executor://nunit3testexecutor/" className="JC.Unit.TestExecution.nUnitRunner" name="RunAllTests" />
    </UnitTest>
    <UnitTest name="[Smoke_ObjectExistence].[5].[Existence of the table].[Table Finance_BankovniVypis]" storage="c:\users\terezačerná\documents\bigbang\testing\jc.unit.runner\jc.unit.dll" id="8f902760-590d-6675-0ade-d6de7c771a6b">
      <Execution id="a344f82d-b463-4f97-a91f-033b00416b50" />
      <TestMethod codeBase="C:\Users\TerezaČerná\Documents\BigBang\Testing\JC.Unit.Runner\JC.Unit.dll" adapterTypeName="executor://nunit3testexecutor/" className="JC.Unit.TestExecution.nUnitRunner" name="RunAllTests" />
    </UnitTest>
    <UnitTest name="[Smoke_ObjectExistence].[50].[Existence of the table].[Table LeadTalxis]" storage="c:\users\terezačerná\documents\bigbang\testing\jc.unit.runner\jc.unit.dll" id="fa48f061-b547-454d-8974-cc937051bb27">
      <Execution id="019a1866-6d4a-48f9-a603-8523f59bc66f" />
      <TestMethod codeBase="C:\Users\TerezaČerná\Documents\BigBang\Testing\JC.Unit.Runner\JC.Unit.dll" adapterTypeName="executor://nunit3testexecutor/" className="JC.Unit.TestExecution.nUnitRunner" name="RunAllTests" />
    </UnitTest>
    <UnitTest name="[Smoke_ObjectExistence].[40].[Existence of the table].[Table Mzdy_NepritomnostVMesici]" storage="c:\users\terezačerná\documents\bigbang\testing\jc.unit.runner\jc.unit.dll" id="1b0f98fd-1d63-8013-f76a-ac489a4f9507">
      <Execution id="c91e50af-4f8c-474b-a3b6-11f61a77213c" />
      <TestMethod codeBase="C:\Users\TerezaČerná\Documents\BigBang\Testing\JC.Unit.Runner\JC.Unit.dll" adapterTypeName="executor://nunit3testexecutor/" className="JC.Unit.TestExecution.nUnitRunner" name="RunAllTests" />
    </UnitTest>
    <UnitTest name="[Integration_StagingxDim&amp;Fact].[14].[IT - Sum check by Document Type].[Table [Ucetnictvi_InterniDoklad]]" storage="c:\users\terezačerná\documents\bigbang\testing\jc.unit.runner\jc.unit.dll" id="81abb510-fadd-909b-267d-cfb66ab8e4f9">
      <Execution id="fe73bc1d-b417-478c-997a-d0543331dc5e" />
      <TestMethod codeBase="C:\Users\TerezaČerná\Documents\BigBang\Testing\JC.Unit.Runner\JC.Unit.dll" adapterTypeName="executor://nunit3testexecutor/" className="JC.Unit.TestExecution.nUnitRunner" name="RunAllTests" />
    </UnitTest>
    <UnitTest name="[Integration_StagingxDim&amp;Fact].[19].[IT - Sum check by Document Type].[Table [Fakturace_ZalohovaFakturaVydana]]" storage="c:\users\terezačerná\documents\bigbang\testing\jc.unit.runner\jc.unit.dll" id="a839709d-1374-8ac0-c102-62728a740644">
      <Execution id="39576333-aee5-4b5e-9b8c-c88bc1e6f91d" />
      <TestMethod codeBase="C:\Users\TerezaČerná\Documents\BigBang\Testing\JC.Unit.Runner\JC.Unit.dll" adapterTypeName="executor://nunit3testexecutor/" className="JC.Unit.TestExecution.nUnitRunner" name="RunAllTests" />
    </UnitTest>
    <UnitTest name="[Integration_StagingxDim&amp;Fact].[32].[IT - Staging table is a subset of a dimension].[StagingMoney.Fakturace_ZalohovaFakturaVydana]" storage="c:\users\terezačerná\documents\bigbang\testing\jc.unit.runner\jc.unit.dll" id="bbd35e0e-bb7e-d19c-146d-4ca86003d252">
      <Execution id="49e0023b-ad7d-4812-a2bd-dc4dd98fa690" />
      <TestMethod codeBase="C:\Users\TerezaČerná\Documents\BigBang\Testing\JC.Unit.Runner\JC.Unit.dll" adapterTypeName="executor://nunit3testexecutor/" className="JC.Unit.TestExecution.nUnitRunner" name="RunAllTests" />
    </UnitTest>
    <UnitTest name="[Smoke_ObjectExistence].[4].[Existence of the table].[Table Finance_PolozkaBankovnihoVypisu]" storage="c:\users\terezačerná\documents\bigbang\testing\jc.unit.runner\jc.unit.dll" id="d4f48ae9-e7e3-a446-ad84-9aae9cef5d7c">
      <Execution id="7e2c0f39-5cc5-4c1e-b4a0-d8b4639938ec" />
      <TestMethod codeBase="C:\Users\TerezaČerná\Documents\BigBang\Testing\JC.Unit.Runner\JC.Unit.dll" adapterTypeName="executor://nunit3testexecutor/" className="JC.Unit.TestExecution.nUnitRunner" name="RunAllTests" />
    </UnitTest>
    <UnitTest name="[Integration_StagingxDim&amp;Fact].[30].[IT - Staging table is a subset of a dimension].[StagingMoney.Ucetnictvi_InterniDoklad]" storage="c:\users\terezačerná\documents\bigbang\testing\jc.unit.runner\jc.unit.dll" id="6f97390d-f333-7779-747b-5eb57b7fd1d8">
      <Execution id="71878788-48bd-4a09-86ad-1ed57a9b32e2" />
      <TestMethod codeBase="C:\Users\TerezaČerná\Documents\BigBang\Testing\JC.Unit.Runner\JC.Unit.dll" adapterTypeName="executor://nunit3testexecutor/" className="JC.Unit.TestExecution.nUnitRunner" name="RunAllTests" />
    </UnitTest>
    <UnitTest name="[Integration_StagingxDim&amp;Fact].[2].[ST - Accounting logic].[Journal x Account Balance check]" storage="c:\users\terezačerná\documents\bigbang\testing\jc.unit.runner\jc.unit.dll" id="52a5227e-4b35-a770-eb37-5df487124947">
      <Execution id="3d7de83a-798a-448f-b7f8-5bd032b39f54" />
      <TestMethod codeBase="C:\Users\TerezaČerná\Documents\BigBang\Testing\JC.Unit.Runner\JC.Unit.dll" adapterTypeName="executor://nunit3testexecutor/" className="JC.Unit.TestExecution.nUnitRunner" name="RunAllTests" />
    </UnitTest>
    <UnitTest name="[Integration_StagingxDim&amp;Fact].[7].[ST - Sum of Amounts].[Table [Fact].[Journal]]" storage="c:\users\terezačerná\documents\bigbang\testing\jc.unit.runner\jc.unit.dll" id="68087df4-ff6a-60f2-a979-00e2356cf9b0">
      <Execution id="ac0ec208-29d3-41dd-b2b1-a6d7d2d3f7bb" />
      <TestMethod codeBase="C:\Users\TerezaČerná\Documents\BigBang\Testing\JC.Unit.Runner\JC.Unit.dll" adapterTypeName="executor://nunit3testexecutor/" className="JC.Unit.TestExecution.nUnitRunner" name="RunAllTests" />
    </UnitTest>
    <UnitTest name="[Smoke_ObjectExistence].[42].[Existence of the table].[Table Mzdy_TypPracovnihoPomeru]" storage="c:\users\terezačerná\documents\bigbang\testing\jc.unit.runner\jc.unit.dll" id="6ef871d9-313f-345e-6695-79d3809a83b3">
      <Execution id="870d7c92-9eaf-44a4-8c10-2a65f9785787" />
      <TestMethod codeBase="C:\Users\TerezaČerná\Documents\BigBang\Testing\JC.Unit.Runner\JC.Unit.dll" adapterTypeName="executor://nunit3testexecutor/" className="JC.Unit.TestExecution.nUnitRunner" name="RunAllTests" />
    </UnitTest>
    <UnitTest name="[Integration_MoneyxStaging].[6].[ST - List of existing tables - StagingMoney].[Tables Existence]" storage="c:\users\terezačerná\documents\bigbang\testing\jc.unit.runner\jc.unit.dll" id="a7f1c5d9-3dd4-03b5-631d-00450448e757">
      <Execution id="c8a2ba1a-b2b5-41d7-af8f-338007f3868b" />
      <TestMethod codeBase="C:\Users\TerezaČerná\Documents\BigBang\Testing\JC.Unit.Runner\JC.Unit.dll" adapterTypeName="executor://nunit3testexecutor/" className="JC.Unit.TestExecution.nUnitRunner" name="RunAllTests" />
    </UnitTest>
    <UnitTest name="[Integration_StagingxDim&amp;Fact].[31].[IT - Staging table is a subset of a dimension].[StagingMoney.Finance_BankovniVypis]" storage="c:\users\terezačerná\documents\bigbang\testing\jc.unit.runner\jc.unit.dll" id="58940f79-27c1-f004-0cda-2c9c955f9a6c">
      <Execution id="5a55bf4b-d3fe-4e33-a1a0-85288e35c09d" />
      <TestMethod codeBase="C:\Users\TerezaČerná\Documents\BigBang\Testing\JC.Unit.Runner\JC.Unit.dll" adapterTypeName="executor://nunit3testexecutor/" className="JC.Unit.TestExecution.nUnitRunner" name="RunAllTests" />
    </UnitTest>
    <UnitTest name="[Integration_StagingxDim&amp;Fact].[25].[IT - Staging table is a subset of a dimension].[StagingMoney.Ciselniky_Stredisko]" storage="c:\users\terezačerná\documents\bigbang\testing\jc.unit.runner\jc.unit.dll" id="30e9c341-1c1c-069d-a089-d4302828d75b">
      <Execution id="b8a78dd9-fb28-4650-8d96-a9dda05b7e90" />
      <TestMethod codeBase="C:\Users\TerezaČerná\Documents\BigBang\Testing\JC.Unit.Runner\JC.Unit.dll" adapterTypeName="executor://nunit3testexecutor/" className="JC.Unit.TestExecution.nUnitRunner" name="RunAllTests" />
    </UnitTest>
    <UnitTest name="[Integration_StagingxDim&amp;Fact].[6].[ST - Check of Column values].[View [Model].[Contract]]" storage="c:\users\terezačerná\documents\bigbang\testing\jc.unit.runner\jc.unit.dll" id="ec69f802-95a3-4b41-2a0c-e181c682aec8">
      <Execution id="a17f35b1-2971-4fb8-891a-2272c5780d19" />
      <TestMethod codeBase="C:\Users\TerezaČerná\Documents\BigBang\Testing\JC.Unit.Runner\JC.Unit.dll" adapterTypeName="executor://nunit3testexecutor/" className="JC.Unit.TestExecution.nUnitRunner" name="RunAllTests" />
    </UnitTest>
    <UnitTest name="[Integration_StagingxDim&amp;Fact].[22].[IT - Staging table is a subset of a dimension].[StagingMoney.Ciselniky_Cinnost]" storage="c:\users\terezačerná\documents\bigbang\testing\jc.unit.runner\jc.unit.dll" id="e5564b1f-76b7-9dd4-7b65-c1c566b78c48">
      <Execution id="d88f1a8d-690d-4096-8b12-57afcf10d92f" />
      <TestMethod codeBase="C:\Users\TerezaČerná\Documents\BigBang\Testing\JC.Unit.Runner\JC.Unit.dll" adapterTypeName="executor://nunit3testexecutor/" className="JC.Unit.TestExecution.nUnitRunner" name="RunAllTests" />
    </UnitTest>
    <UnitTest name="[Integration_StagingxDim&amp;Fact].[39].[ST - Document Payment Status].[Document Payment Status - Zaplaceno]" storage="c:\users\terezačerná\documents\bigbang\testing\jc.unit.runner\jc.unit.dll" id="20f5e4c2-74a8-19b6-8770-cfb85b838a3e">
      <Execution id="7bbd07a8-fd55-4338-996f-a89ab017d190" />
      <TestMethod codeBase="C:\Users\TerezaČerná\Documents\BigBang\Testing\JC.Unit.Runner\JC.Unit.dll" adapterTypeName="executor://nunit3testexecutor/" className="JC.Unit.TestExecution.nUnitRunner" name="RunAllTests" />
    </UnitTest>
    <UnitTest name="[Integration_StagingxDim&amp;Fact].[12].[IT - Sum check by Document Type].[Table [Finance_BankovniVypis]]" storage="c:\users\terezačerná\documents\bigbang\testing\jc.unit.runner\jc.unit.dll" id="c6060242-f5fb-cdf7-fa1d-63bf1a7089d9">
      <Execution id="5e177945-8006-4682-87e2-fb63f439501a" />
      <TestMethod codeBase="C:\Users\TerezaČerná\Documents\BigBang\Testing\JC.Unit.Runner\JC.Unit.dll" adapterTypeName="executor://nunit3testexecutor/" className="JC.Unit.TestExecution.nUnitRunner" name="RunAllTests" />
    </UnitTest>
    <UnitTest name="[Smoke_ObjectExistence].[24].[Existence of the table].[Table Fakturace_PolozkaZalohoveFakturyPrijate]" storage="c:\users\terezačerná\documents\bigbang\testing\jc.unit.runner\jc.unit.dll" id="45d2f5aa-bfed-e5b4-af2a-66055047a3eb">
      <Execution id="fbdfa10e-d5ac-4547-9913-52eed4c2d8aa" />
      <TestMethod codeBase="C:\Users\TerezaČerná\Documents\BigBang\Testing\JC.Unit.Runner\JC.Unit.dll" adapterTypeName="executor://nunit3testexecutor/" className="JC.Unit.TestExecution.nUnitRunner" name="RunAllTests" />
    </UnitTest>
    <UnitTest name="[Smoke_ObjectExistence].[32].[Existence of the table].[Table Ucetnictvi_PolozkaInternihoDokladu]" storage="c:\users\terezačerná\documents\bigbang\testing\jc.unit.runner\jc.unit.dll" id="fea8ee86-f243-4070-1133-af94f671b1b8">
      <Execution id="fd138f33-6c5d-4003-b565-cb2f89550b91" />
      <TestMethod codeBase="C:\Users\TerezaČerná\Documents\BigBang\Testing\JC.Unit.Runner\JC.Unit.dll" adapterTypeName="executor://nunit3testexecutor/" className="JC.Unit.TestExecution.nUnitRunner" name="RunAllTests" />
    </UnitTest>
    <UnitTest name="[Integration_MoneyxStaging].[5].[ST - No empty tables - StagingMoney].[No empty tables]" storage="c:\users\terezačerná\documents\bigbang\testing\jc.unit.runner\jc.unit.dll" id="378cf331-36e7-aa16-9514-df1f6a19a35c">
      <Execution id="91a79113-ad53-436a-ac0b-7794ea49d165" />
      <TestMethod codeBase="C:\Users\TerezaČerná\Documents\BigBang\Testing\JC.Unit.Runner\JC.Unit.dll" adapterTypeName="executor://nunit3testexecutor/" className="JC.Unit.TestExecution.nUnitRunner" name="RunAllTests" />
    </UnitTest>
    <UnitTest name="[Integration_StagingxDim&amp;Fact].[13].[IT - Sum check by Document Type].[Table [Fakturace_FakturaPrijata]]" storage="c:\users\terezačerná\documents\bigbang\testing\jc.unit.runner\jc.unit.dll" id="08967945-3295-54c1-32d2-2e73fefe3a5f">
      <Execution id="c244ba70-2586-467f-a969-2fc6df6f6d32" />
      <TestMethod codeBase="C:\Users\TerezaČerná\Documents\BigBang\Testing\JC.Unit.Runner\JC.Unit.dll" adapterTypeName="executor://nunit3testexecutor/" className="JC.Unit.TestExecution.nUnitRunner" name="RunAllTests" />
    </UnitTest>
    <UnitTest name="[Integration_StagingxDim&amp;Fact].[37].[ST - Document Payment Status].[Document Payment Status - Castecne Zaplaceno]" storage="c:\users\terezačerná\documents\bigbang\testing\jc.unit.runner\jc.unit.dll" id="16df9282-30d4-321f-d81a-c69931a0cf80">
      <Execution id="c44e70e0-0e32-421c-a551-4273c5ebcf27" />
      <TestMethod codeBase="C:\Users\TerezaČerná\Documents\BigBang\Testing\JC.Unit.Runner\JC.Unit.dll" adapterTypeName="executor://nunit3testexecutor/" className="JC.Unit.TestExecution.nUnitRunner" name="RunAllTests" />
    </UnitTest>
    <UnitTest name="[Smoke_ObjectExistence].[21].[Existence of the table].[Table S5_Ucetnictvi_UcetniDenikTranspozice]" storage="c:\users\terezačerná\documents\bigbang\testing\jc.unit.runner\jc.unit.dll" id="20114aae-22cd-37b0-1449-9187519c2520">
      <Execution id="dd659c60-a2bc-458f-885c-9825cd86dcfd" />
      <TestMethod codeBase="C:\Users\TerezaČerná\Documents\BigBang\Testing\JC.Unit.Runner\JC.Unit.dll" adapterTypeName="executor://nunit3testexecutor/" className="JC.Unit.TestExecution.nUnitRunner" name="RunAllTests" />
    </UnitTest>
    <UnitTest name="[Smoke_ObjectExistence].[46].[Existence of the table].[Table Person]" storage="c:\users\terezačerná\documents\bigbang\testing\jc.unit.runner\jc.unit.dll" id="16d5e31b-ede9-d3bc-1f7a-c861155e9c35">
      <Execution id="5e55705b-03c5-4472-8cac-aaddbb4c4d9d" />
      <TestMethod codeBase="C:\Users\TerezaČerná\Documents\BigBang\Testing\JC.Unit.Runner\JC.Unit.dll" adapterTypeName="executor://nunit3testexecutor/" className="JC.Unit.TestExecution.nUnitRunner" name="RunAllTests" />
    </UnitTest>
    <UnitTest name="[Integration_StagingxDim&amp;Fact].[16].[IT - Sum check by Document Type].[Table [Ucetnictvi_PohledavkovyDoklad]]" storage="c:\users\terezačerná\documents\bigbang\testing\jc.unit.runner\jc.unit.dll" id="883a7dda-e9ee-b281-0325-2730d6a6e7b7">
      <Execution id="f2635879-2035-4a6a-a10f-f4632aa95427" />
      <TestMethod codeBase="C:\Users\TerezaČerná\Documents\BigBang\Testing\JC.Unit.Runner\JC.Unit.dll" adapterTypeName="executor://nunit3testexecutor/" className="JC.Unit.TestExecution.nUnitRunner" name="RunAllTests" />
    </UnitTest>
    <UnitTest name="[Smoke_ObjectExistence].[6].[Existence of the table].[Table Finance_PrikazKUhrade]" storage="c:\users\terezačerná\documents\bigbang\testing\jc.unit.runner\jc.unit.dll" id="0dce3cbb-c5be-8ce9-26c7-823b70f36b4e">
      <Execution id="17468242-fce1-4445-ba76-55782e784e13" />
      <TestMethod codeBase="C:\Users\TerezaČerná\Documents\BigBang\Testing\JC.Unit.Runner\JC.Unit.dll" adapterTypeName="executor://nunit3testexecutor/" className="JC.Unit.TestExecution.nUnitRunner" name="RunAllTests" />
    </UnitTest>
    <UnitTest name="[Smoke_ObjectExistence].[18].[Existence of the table].[Table Ciselniky_Stat]" storage="c:\users\terezačerná\documents\bigbang\testing\jc.unit.runner\jc.unit.dll" id="1cb03d79-ff9b-500d-7915-ae447d9bbf71">
      <Execution id="ac30ceb4-f4ff-455e-8ae6-308f6fe0301a" />
      <TestMethod codeBase="C:\Users\TerezaČerná\Documents\BigBang\Testing\JC.Unit.Runner\JC.Unit.dll" adapterTypeName="executor://nunit3testexecutor/" className="JC.Unit.TestExecution.nUnitRunner" name="RunAllTests" />
    </UnitTest>
    <UnitTest name="[Smoke_ObjectExistence].[27].[Existence of the table].[Table Ciselniky_Zakazka]" storage="c:\users\terezačerná\documents\bigbang\testing\jc.unit.runner\jc.unit.dll" id="213ee05a-4a01-4b18-17cf-daa5bcd1646d">
      <Execution id="1aee845d-68ed-4097-b34c-220fc9ac51eb" />
      <TestMethod codeBase="C:\Users\TerezaČerná\Documents\BigBang\Testing\JC.Unit.Runner\JC.Unit.dll" adapterTypeName="executor://nunit3testexecutor/" className="JC.Unit.TestExecution.nUnitRunner" name="RunAllTests" />
    </UnitTest>
    <UnitTest name="[Smoke_ObjectExistence].[28].[Existence of the table].[Table Finance_PokladniDoklad]" storage="c:\users\terezačerná\documents\bigbang\testing\jc.unit.runner\jc.unit.dll" id="c756a6b5-9822-425b-d05b-10486fe83341">
      <Execution id="f280bcac-0817-4a84-b450-5b7e4fb808ab" />
      <TestMethod codeBase="C:\Users\TerezaČerná\Documents\BigBang\Testing\JC.Unit.Runner\JC.Unit.dll" adapterTypeName="executor://nunit3testexecutor/" className="JC.Unit.TestExecution.nUnitRunner" name="RunAllTests" />
    </UnitTest>
    <UnitTest name="[Smoke_ObjectExistence].[38].[Existence of the table].[Table Personalistika_ZamestnanecDoplnujiciUdaje]" storage="c:\users\terezačerná\documents\bigbang\testing\jc.unit.runner\jc.unit.dll" id="6f12a022-e888-a020-9538-58aae455a3ed">
      <Execution id="366ffb95-ed3b-4b89-a3f5-f3b71a43a872" />
      <TestMethod codeBase="C:\Users\TerezaČerná\Documents\BigBang\Testing\JC.Unit.Runner\JC.Unit.dll" adapterTypeName="executor://nunit3testexecutor/" className="JC.Unit.TestExecution.nUnitRunner" name="RunAllTests" />
    </UnitTest>
    <UnitTest name="[Smoke_ObjectExistence].[3].[Existence of the table].[Table Fakturace_ZalohovaFakturaVydana]" storage="c:\users\terezačerná\documents\bigbang\testing\jc.unit.runner\jc.unit.dll" id="87b6bec7-37b1-b032-698d-279ffdadc596">
      <Execution id="e84bcefa-77ed-4521-8c2c-29b61e8bb38d" />
      <TestMethod codeBase="C:\Users\TerezaČerná\Documents\BigBang\Testing\JC.Unit.Runner\JC.Unit.dll" adapterTypeName="executor://nunit3testexecutor/" className="JC.Unit.TestExecution.nUnitRunner" name="RunAllTests" />
    </UnitTest>
    <UnitTest name="[Smoke_ObjectExistence].[30].[Existence of the table].[Table Ucetnictvi_PohledavkovyDoklad]" storage="c:\users\terezačerná\documents\bigbang\testing\jc.unit.runner\jc.unit.dll" id="50fafed6-ad95-43c4-24f8-d614d5c94d96">
      <Execution id="91639581-17d3-452f-a496-f349a02e4e0e" />
      <TestMethod codeBase="C:\Users\TerezaČerná\Documents\BigBang\Testing\JC.Unit.Runner\JC.Unit.dll" adapterTypeName="executor://nunit3testexecutor/" className="JC.Unit.TestExecution.nUnitRunner" name="RunAllTests" />
    </UnitTest>
    <UnitTest name="[Smoke_ObjectExistence].[9].[Existence of the table].[Table Fakturace_ZalohovaFakturaPrijata]" storage="c:\users\terezačerná\documents\bigbang\testing\jc.unit.runner\jc.unit.dll" id="16476183-8a99-9d57-9a05-ab6dceed5fad">
      <Execution id="5775407c-9be2-497c-9bcd-01b19a3603f8" />
      <TestMethod codeBase="C:\Users\TerezaČerná\Documents\BigBang\Testing\JC.Unit.Runner\JC.Unit.dll" adapterTypeName="executor://nunit3testexecutor/" className="JC.Unit.TestExecution.nUnitRunner" name="RunAllTests" />
    </UnitTest>
    <UnitTest name="[Smoke_ObjectExistence].[36].[Existence of the table].[Table Mzdy_Mzda]" storage="c:\users\terezačerná\documents\bigbang\testing\jc.unit.runner\jc.unit.dll" id="da0038a8-2636-09ae-f494-d1299494c0c0">
      <Execution id="8046f721-bfd6-49ba-8af9-6b53c20ca06c" />
      <TestMethod codeBase="C:\Users\TerezaČerná\Documents\BigBang\Testing\JC.Unit.Runner\JC.Unit.dll" adapterTypeName="executor://nunit3testexecutor/" className="JC.Unit.TestExecution.nUnitRunner" name="RunAllTests" />
    </UnitTest>
    <UnitTest name="[Integration_StagingxDim&amp;Fact].[17].[IT - Sum check by Document Type].[Table [Finance_PokladniDoklad]]" storage="c:\users\terezačerná\documents\bigbang\testing\jc.unit.runner\jc.unit.dll" id="82d47166-fa0d-eeb8-402e-c62c6e3b2d5d">
      <Execution id="2d445649-e6ec-4fff-8bf3-6129a181bff3" />
      <TestMethod codeBase="C:\Users\TerezaČerná\Documents\BigBang\Testing\JC.Unit.Runner\JC.Unit.dll" adapterTypeName="executor://nunit3testexecutor/" className="JC.Unit.TestExecution.nUnitRunner" name="RunAllTests" />
    </UnitTest>
    <UnitTest name="[Integration_StagingxDim&amp;Fact].[18].[IT - Sum check by Document Type].[Table [Fakturace_ZalohovaFakturaPrijata]]" storage="c:\users\terezačerná\documents\bigbang\testing\jc.unit.runner\jc.unit.dll" id="2399483b-6614-c431-9362-847b6c1e4592">
      <Execution id="c4b7c3a3-9bb3-4f94-b8c4-7d814439a6fe" />
      <TestMethod codeBase="C:\Users\TerezaČerná\Documents\BigBang\Testing\JC.Unit.Runner\JC.Unit.dll" adapterTypeName="executor://nunit3testexecutor/" className="JC.Unit.TestExecution.nUnitRunner" name="RunAllTests" />
    </UnitTest>
    <UnitTest name="[Integration_StagingxDim&amp;Fact].[24].[IT - Staging table is a subset of a dimension].[StagingMoney.Meny_Mena]" storage="c:\users\terezačerná\documents\bigbang\testing\jc.unit.runner\jc.unit.dll" id="271c685b-4f27-d869-82ad-0a11c3050d03">
      <Execution id="f4aa82b5-180d-4c0c-8125-103eda14788e" />
      <TestMethod codeBase="C:\Users\TerezaČerná\Documents\BigBang\Testing\JC.Unit.Runner\JC.Unit.dll" adapterTypeName="executor://nunit3testexecutor/" className="JC.Unit.TestExecution.nUnitRunner" name="RunAllTests" />
    </UnitTest>
    <UnitTest name="[Smoke_ObjectExistence].[7].[Existence of the table].[Table Ucetnictvi_StavUctu]" storage="c:\users\terezačerná\documents\bigbang\testing\jc.unit.runner\jc.unit.dll" id="93a45ca3-7b48-9e02-d63a-86d7e8b5547f">
      <Execution id="5811d36c-a1e2-42b6-a948-db746519e29d" />
      <TestMethod codeBase="C:\Users\TerezaČerná\Documents\BigBang\Testing\JC.Unit.Runner\JC.Unit.dll" adapterTypeName="executor://nunit3testexecutor/" className="JC.Unit.TestExecution.nUnitRunner" name="RunAllTests" />
    </UnitTest>
    <UnitTest name="[Smoke_ObjectExistence].[31].[Existence of the table].[Table Objednavky_PolozkaObjednavkyPrijate]" storage="c:\users\terezačerná\documents\bigbang\testing\jc.unit.runner\jc.unit.dll" id="18acec2e-1e7a-3778-00b9-41543d6289fe">
      <Execution id="8820627c-1721-41f6-baaa-1e895ada70ac" />
      <TestMethod codeBase="C:\Users\TerezaČerná\Documents\BigBang\Testing\JC.Unit.Runner\JC.Unit.dll" adapterTypeName="executor://nunit3testexecutor/" className="JC.Unit.TestExecution.nUnitRunner" name="RunAllTests" />
    </UnitTest>
    <UnitTest name="[Smoke_ObjectExistence].[53].[Existence of the table].[Table SystemUser]" storage="c:\users\terezačerná\documents\bigbang\testing\jc.unit.runner\jc.unit.dll" id="8297bce6-fe99-c398-4990-1b0593c648e4">
      <Execution id="9e67ee8b-cc03-438c-869f-b1732911a6f8" />
      <TestMethod codeBase="C:\Users\TerezaČerná\Documents\BigBang\Testing\JC.Unit.Runner\JC.Unit.dll" adapterTypeName="executor://nunit3testexecutor/" className="JC.Unit.TestExecution.nUnitRunner" name="RunAllTests" />
    </UnitTest>
    <UnitTest name="[Smoke_ObjectExistence].[8].[Existence of the table].[Table Ucetnictvi_InterniDoklad]" storage="c:\users\terezačerná\documents\bigbang\testing\jc.unit.runner\jc.unit.dll" id="6febc6cd-4565-b196-9913-89791c7f65ab">
      <Execution id="1c2a96d9-f4ee-4159-a8bc-d1d43c77887d" />
      <TestMethod codeBase="C:\Users\TerezaČerná\Documents\BigBang\Testing\JC.Unit.Runner\JC.Unit.dll" adapterTypeName="executor://nunit3testexecutor/" className="JC.Unit.TestExecution.nUnitRunner" name="RunAllTests" />
    </UnitTest>
    <UnitTest name="[Integration_StagingxDim&amp;Fact].[38].[ST - Document Payment Status].[Document Payment Status - Nezaplaceno]" storage="c:\users\terezačerná\documents\bigbang\testing\jc.unit.runner\jc.unit.dll" id="a6ff8bd4-840e-7b1c-0622-bf6ed6997953">
      <Execution id="366340a6-57f8-46e3-9877-37e83c61ac43" />
      <TestMethod codeBase="C:\Users\TerezaČerná\Documents\BigBang\Testing\JC.Unit.Runner\JC.Unit.dll" adapterTypeName="executor://nunit3testexecutor/" className="JC.Unit.TestExecution.nUnitRunner" name="RunAllTests" />
    </UnitTest>
    <UnitTest name="[Smoke_ObjectExistence].[1].[Existence of the table].[Table Objednavky_ObjednavkaPrijata]" storage="c:\users\terezačerná\documents\bigbang\testing\jc.unit.runner\jc.unit.dll" id="becefbb3-296f-28e1-a93c-1a14e25a8f3d">
      <Execution id="1c8f718f-c9c7-4bf9-bda0-60a1ddc809f8" />
      <TestMethod codeBase="C:\Users\TerezaČerná\Documents\BigBang\Testing\JC.Unit.Runner\JC.Unit.dll" adapterTypeName="executor://nunit3testexecutor/" className="JC.Unit.TestExecution.nUnitRunner" name="RunAllTests" />
    </UnitTest>
    <UnitTest name="[Smoke_ObjectExistence].[49].[Existence of the table].[Table Contact]" storage="c:\users\terezačerná\documents\bigbang\testing\jc.unit.runner\jc.unit.dll" id="52c3a3ad-7e55-dcc8-9df0-d1a8aea353c2">
      <Execution id="5637a54b-cd62-4bd9-83a4-661042a9e1cc" />
      <TestMethod codeBase="C:\Users\TerezaČerná\Documents\BigBang\Testing\JC.Unit.Runner\JC.Unit.dll" adapterTypeName="executor://nunit3testexecutor/" className="JC.Unit.TestExecution.nUnitRunner" name="RunAllTests" />
    </UnitTest>
    <UnitTest name="[Smoke_ObjectExistence].[25].[Existence of the table].[Table Ucetnictvi_PolozkaZavazkovehoDokladu]" storage="c:\users\terezačerná\documents\bigbang\testing\jc.unit.runner\jc.unit.dll" id="92e29243-f60c-3207-106a-1d834fb4d7e0">
      <Execution id="09d423bc-d4ee-4176-b24b-9ca304b71b74" />
      <TestMethod codeBase="C:\Users\TerezaČerná\Documents\BigBang\Testing\JC.Unit.Runner\JC.Unit.dll" adapterTypeName="executor://nunit3testexecutor/" className="JC.Unit.TestExecution.nUnitRunner" name="RunAllTests" />
    </UnitTest>
    <UnitTest name="[Smoke_ObjectExistence].[2].[Existence of the table].[Table Finance_PolozkaPokladnihoDokladu]" storage="c:\users\terezačerná\documents\bigbang\testing\jc.unit.runner\jc.unit.dll" id="a8dfca29-b254-c754-1cae-f37950e06b2d">
      <Execution id="caa76833-09bd-40e7-abd8-c120c5d00454" />
      <TestMethod codeBase="C:\Users\TerezaČerná\Documents\BigBang\Testing\JC.Unit.Runner\JC.Unit.dll" adapterTypeName="executor://nunit3testexecutor/" className="JC.Unit.TestExecution.nUnitRunner" name="RunAllTests" />
    </UnitTest>
    <UnitTest name="[Integration_StagingxDim&amp;Fact].[28].[IT - Staging table is a subset of a dimension].[StagingMoney.Fakturace_FakturaPrijata]" storage="c:\users\terezačerná\documents\bigbang\testing\jc.unit.runner\jc.unit.dll" id="30460f3b-eb1a-3117-0195-c89242d95fbf">
      <Execution id="f9d0a982-88f9-4ee9-8f07-fd67eab4b506" />
      <TestMethod codeBase="C:\Users\TerezaČerná\Documents\BigBang\Testing\JC.Unit.Runner\JC.Unit.dll" adapterTypeName="executor://nunit3testexecutor/" className="JC.Unit.TestExecution.nUnitRunner" name="RunAllTests" />
    </UnitTest>
    <UnitTest name="[Integration_StagingxDim&amp;Fact].[5].[ST - Check of not duplicate combinations].[Table [Fact].[Person Capacity]]" storage="c:\users\terezačerná\documents\bigbang\testing\jc.unit.runner\jc.unit.dll" id="ef467e50-8cd0-e812-a730-294de2e8ad0f">
      <Execution id="6566ea4a-ba66-47e4-a570-1969784c48a4" />
      <TestMethod codeBase="C:\Users\TerezaČerná\Documents\BigBang\Testing\JC.Unit.Runner\JC.Unit.dll" adapterTypeName="executor://nunit3testexecutor/" className="JC.Unit.TestExecution.nUnitRunner" name="RunAllTests" />
    </UnitTest>
    <UnitTest name="[Integration_StagingxDim&amp;Fact].[11].[IT - Sum check by Document Type].[Table [Fakturace_FakturaVydana]]" storage="c:\users\terezačerná\documents\bigbang\testing\jc.unit.runner\jc.unit.dll" id="6d64c653-9c32-1272-4a79-b9f397aa1294">
      <Execution id="9ecba766-f467-49e4-bbb3-874484f1284a" />
      <TestMethod codeBase="C:\Users\TerezaČerná\Documents\BigBang\Testing\JC.Unit.Runner\JC.Unit.dll" adapterTypeName="executor://nunit3testexecutor/" className="JC.Unit.TestExecution.nUnitRunner" name="RunAllTests" />
    </UnitTest>
    <UnitTest name="[Integration_StagingxDim&amp;Fact].[40].[ST - Document Payment Status].[Document Payment Status - N/A for Storno]" storage="c:\users\terezačerná\documents\bigbang\testing\jc.unit.runner\jc.unit.dll" id="4d4f2eb1-4b6a-f2f9-5631-fba458167b0b">
      <Execution id="68239678-e660-453b-a2ec-598dee8b695e" />
      <TestMethod codeBase="C:\Users\TerezaČerná\Documents\BigBang\Testing\JC.Unit.Runner\JC.Unit.dll" adapterTypeName="executor://nunit3testexecutor/" className="JC.Unit.TestExecution.nUnitRunner" name="RunAllTests" />
    </UnitTest>
    <UnitTest name="[Smoke_ObjectExistence].[45].[Existence of the table].[Table Customer Contract]" storage="c:\users\terezačerná\documents\bigbang\testing\jc.unit.runner\jc.unit.dll" id="039a3cff-3840-8952-60c2-35593d0e1c99">
      <Execution id="4f267a7c-1cf7-4aeb-8c84-46f65084dd23" />
      <TestMethod codeBase="C:\Users\TerezaČerná\Documents\BigBang\Testing\JC.Unit.Runner\JC.Unit.dll" adapterTypeName="executor://nunit3testexecutor/" className="JC.Unit.TestExecution.nUnitRunner" name="RunAllTests" />
    </UnitTest>
    <UnitTest name="[Smoke_ObjectExistence].[17].[Existence of the table].[Table Fakturace_PolozkaZalohoveFakturyVydane]" storage="c:\users\terezačerná\documents\bigbang\testing\jc.unit.runner\jc.unit.dll" id="18b18861-0e44-b868-8a5f-964d2292f002">
      <Execution id="b823536a-9cd4-4cdf-9d70-8726366f82e3" />
      <TestMethod codeBase="C:\Users\TerezaČerná\Documents\BigBang\Testing\JC.Unit.Runner\JC.Unit.dll" adapterTypeName="executor://nunit3testexecutor/" className="JC.Unit.TestExecution.nUnitRunner" name="RunAllTests" />
    </UnitTest>
    <UnitTest name="[Smoke_ObjectExistence].[47].[Existence of the table].[Table Personalistika_Zamestnanec]" storage="c:\users\terezačerná\documents\bigbang\testing\jc.unit.runner\jc.unit.dll" id="4717d6b8-16a3-1be3-996f-d263b9ce1288">
      <Execution id="3697dba1-ed7a-49f5-a4a3-1f745bf1697c" />
      <TestMethod codeBase="C:\Users\TerezaČerná\Documents\BigBang\Testing\JC.Unit.Runner\JC.Unit.dll" adapterTypeName="executor://nunit3testexecutor/" className="JC.Unit.TestExecution.nUnitRunner" name="RunAllTests" />
    </UnitTest>
    <UnitTest name="[Smoke_ObjectExistence].[33].[Existence of the table].[Table Ucetnictvi_PolozkaPohledavkovehoDokladu]" storage="c:\users\terezačerná\documents\bigbang\testing\jc.unit.runner\jc.unit.dll" id="fd5e261c-a769-e37b-93f3-db8fd9795ff2">
      <Execution id="08045daa-26e4-4215-82a2-3e5ddc54b8e7" />
      <TestMethod codeBase="C:\Users\TerezaČerná\Documents\BigBang\Testing\JC.Unit.Runner\JC.Unit.dll" adapterTypeName="executor://nunit3testexecutor/" className="JC.Unit.TestExecution.nUnitRunner" name="RunAllTests" />
    </UnitTest>
    <UnitTest name="[Smoke_ObjectExistence].[55].[Existence of the table].[Table LeadToOpportunityTarget]" storage="c:\users\terezačerná\documents\bigbang\testing\jc.unit.runner\jc.unit.dll" id="a8c716b8-4193-980e-46d0-7cd4ef03d825">
      <Execution id="8104be45-5682-418d-960f-e16ba3d34fb6" />
      <TestMethod codeBase="C:\Users\TerezaČerná\Documents\BigBang\Testing\JC.Unit.Runner\JC.Unit.dll" adapterTypeName="executor://nunit3testexecutor/" className="JC.Unit.TestExecution.nUnitRunner" name="RunAllTests" />
    </UnitTest>
    <UnitTest name="[Integration_StagingxDim&amp;Fact].[3].[ST - Not NULL values].[Table [Fact].[Person Capacity]]" storage="c:\users\terezačerná\documents\bigbang\testing\jc.unit.runner\jc.unit.dll" id="b36c18c2-2f16-c4b0-0e40-bd5cc9cf030a">
      <Execution id="57d47c92-af0a-40af-9cfb-9c9102b349f3" />
      <TestMethod codeBase="C:\Users\TerezaČerná\Documents\BigBang\Testing\JC.Unit.Runner\JC.Unit.dll" adapterTypeName="executor://nunit3testexecutor/" className="JC.Unit.TestExecution.nUnitRunner" name="RunAllTests" />
    </UnitTest>
    <UnitTest name="[Integration_StagingxDim&amp;Fact].[41].[DQ - Paid more than needed].[Paid more than needed on document]" storage="c:\users\terezačerná\documents\bigbang\testing\jc.unit.runner\jc.unit.dll" id="e6a75b46-68e3-68c6-0bac-3b5c7b10f84c">
      <Execution id="1605b93f-d22f-4338-9240-348b60c44fa8" />
      <TestMethod codeBase="C:\Users\TerezaČerná\Documents\BigBang\Testing\JC.Unit.Runner\JC.Unit.dll" adapterTypeName="executor://nunit3testexecutor/" className="JC.Unit.TestExecution.nUnitRunner" name="RunAllTests" />
    </UnitTest>
    <UnitTest name="[Integration_StagingxDim&amp;Fact].[42].[ST - Revenue Cost Category].[ST - Revenue Cost Category Assigned]" storage="c:\users\terezačerná\documents\bigbang\testing\jc.unit.runner\jc.unit.dll" id="4c3281ce-958d-c17c-c4db-acdbee707867">
      <Execution id="f0c11e84-3d20-46e1-ab99-c52baf7f3ad0" />
      <TestMethod codeBase="C:\Users\TerezaČerná\Documents\BigBang\Testing\JC.Unit.Runner\JC.Unit.dll" adapterTypeName="executor://nunit3testexecutor/" className="JC.Unit.TestExecution.nUnitRunner" name="RunAllTests" />
    </UnitTest>
    <UnitTest name="[Smoke_ObjectExistence].[54].[Existence of the table].[Table TransactionCurrency]" storage="c:\users\terezačerná\documents\bigbang\testing\jc.unit.runner\jc.unit.dll" id="676e7cea-5aa4-1a91-eaf5-d360655ae92e">
      <Execution id="f5b47592-f118-4c7b-8f36-57e7c0907732" />
      <TestMethod codeBase="C:\Users\TerezaČerná\Documents\BigBang\Testing\JC.Unit.Runner\JC.Unit.dll" adapterTypeName="executor://nunit3testexecutor/" className="JC.Unit.TestExecution.nUnitRunner" name="RunAllTests" />
    </UnitTest>
    <UnitTest name="[Smoke_ObjectExistence].[13].[Existence of the table].[Table Finance_PolozkaPrikazuKUhrade]" storage="c:\users\terezačerná\documents\bigbang\testing\jc.unit.runner\jc.unit.dll" id="e98ba9b2-7b11-bcbc-7534-5441c3ffe8f3">
      <Execution id="5f4651e6-33f1-45a2-9b32-edeb860786cb" />
      <TestMethod codeBase="C:\Users\TerezaČerná\Documents\BigBang\Testing\JC.Unit.Runner\JC.Unit.dll" adapterTypeName="executor://nunit3testexecutor/" className="JC.Unit.TestExecution.nUnitRunner" name="RunAllTests" />
    </UnitTest>
    <UnitTest name="[Smoke_ObjectExistence].[57].[Existence of the table].[Table Revenue Cost Category Specification]" storage="c:\users\terezačerná\documents\bigbang\testing\jc.unit.runner\jc.unit.dll" id="51d5df11-837d-fbef-2072-1a7a898a69fb">
      <Execution id="bf2c2fa3-60f0-4f64-bb38-f5581c0b1d75" />
      <TestMethod codeBase="C:\Users\TerezaČerná\Documents\BigBang\Testing\JC.Unit.Runner\JC.Unit.dll" adapterTypeName="executor://nunit3testexecutor/" className="JC.Unit.TestExecution.nUnitRunner" name="RunAllTests" />
    </UnitTest>
    <UnitTest name="[Integration_StagingxDim&amp;Fact].[15].[IT - Sum check by Document Type].[Table [Objednavky_ObjednavkaPrijata]]" storage="c:\users\terezačerná\documents\bigbang\testing\jc.unit.runner\jc.unit.dll" id="7b2537ce-e820-5d98-57b2-e767c22e68d4">
      <Execution id="4520261a-12f7-4b77-870b-3f95fccad0d3" />
      <TestMethod codeBase="C:\Users\TerezaČerná\Documents\BigBang\Testing\JC.Unit.Runner\JC.Unit.dll" adapterTypeName="executor://nunit3testexecutor/" className="JC.Unit.TestExecution.nUnitRunner" name="RunAllTests" />
    </UnitTest>
    <UnitTest name="[Smoke_ObjectExistence].[23].[Existence of the table].[Table Ciselniky_Cinnost]" storage="c:\users\terezačerná\documents\bigbang\testing\jc.unit.runner\jc.unit.dll" id="1ec31cfd-6123-0cfe-6ab3-63b40dd1212b">
      <Execution id="7dae6792-569a-4546-8624-3dbd54820474" />
      <TestMethod codeBase="C:\Users\TerezaČerná\Documents\BigBang\Testing\JC.Unit.Runner\JC.Unit.dll" adapterTypeName="executor://nunit3testexecutor/" className="JC.Unit.TestExecution.nUnitRunner" name="RunAllTests" />
    </UnitTest>
    <UnitTest name="[Integration_StagingxDim&amp;Fact].[35].[IT - Staging table is a subset of a dimension].[StagingMoney.Objednavky_ObjednavkaPrijata]" storage="c:\users\terezačerná\documents\bigbang\testing\jc.unit.runner\jc.unit.dll" id="ebaeadec-2162-4787-8a1c-fd15c278512e">
      <Execution id="8db971a1-ad0f-482c-a249-6606909bc749" />
      <TestMethod codeBase="C:\Users\TerezaČerná\Documents\BigBang\Testing\JC.Unit.Runner\JC.Unit.dll" adapterTypeName="executor://nunit3testexecutor/" className="JC.Unit.TestExecution.nUnitRunner" name="RunAllTests" />
    </UnitTest>
    <UnitTest name="[Smoke_ObjectExistence].[39].[Existence of the table].[Table Mzdy_Svatky]" storage="c:\users\terezačerná\documents\bigbang\testing\jc.unit.runner\jc.unit.dll" id="ea30e6cb-f14a-8ba2-3bc0-4a8461781beb">
      <Execution id="0b184afc-5dcc-4a22-ad52-b78a3f14cc26" />
      <TestMethod codeBase="C:\Users\TerezaČerná\Documents\BigBang\Testing\JC.Unit.Runner\JC.Unit.dll" adapterTypeName="executor://nunit3testexecutor/" className="JC.Unit.TestExecution.nUnitRunner" name="RunAllTests" />
    </UnitTest>
    <UnitTest name="[Smoke_ObjectExistence].[16].[Existence of the table].[Table Ucetnictvi_Ucet]" storage="c:\users\terezačerná\documents\bigbang\testing\jc.unit.runner\jc.unit.dll" id="ee6274a6-d68c-445d-a661-6882990db88d">
      <Execution id="f8625b92-4ab6-497e-aa13-2c3d11e6f743" />
      <TestMethod codeBase="C:\Users\TerezaČerná\Documents\BigBang\Testing\JC.Unit.Runner\JC.Unit.dll" adapterTypeName="executor://nunit3testexecutor/" className="JC.Unit.TestExecution.nUnitRunner" name="RunAllTests" />
    </UnitTest>
    <UnitTest name="[Integration_StagingxDim&amp;Fact].[36].[IT - Staging table is a subset of a dimension].[StagingMoney.Adresar_Firma]" storage="c:\users\terezačerná\documents\bigbang\testing\jc.unit.runner\jc.unit.dll" id="f6a3b2c6-2ece-d171-8a08-a5b7be76bf67">
      <Execution id="4e2c0951-dfbd-422b-8f61-918817ddd2cc" />
      <TestMethod codeBase="C:\Users\TerezaČerná\Documents\BigBang\Testing\JC.Unit.Runner\JC.Unit.dll" adapterTypeName="executor://nunit3testexecutor/" className="JC.Unit.TestExecution.nUnitRunner" name="RunAllTests" />
    </UnitTest>
    <UnitTest name="[Integration_StagingxDim&amp;Fact].[29].[IT - Staging table is a subset of a dimension].[ StagingMoney.Fakturace_FakturaVydana&#xA;    except]" storage="c:\users\terezačerná\documents\bigbang\testing\jc.unit.runner\jc.unit.dll" id="804bc72a-f601-f749-749a-fe98c1be182c">
      <Execution id="db518d7e-b39f-4ab1-a814-bec88f0f307f" />
      <TestMethod codeBase="C:\Users\TerezaČerná\Documents\BigBang\Testing\JC.Unit.Runner\JC.Unit.dll" adapterTypeName="executor://nunit3testexecutor/" className="JC.Unit.TestExecution.nUnitRunner" name="RunAllTests" />
    </UnitTest>
    <UnitTest name="[Integration_StagingxDim&amp;Fact].[4].[ST - Sum of Amount with VAT CZK].[Table [Fact].[Document Item]]" storage="c:\users\terezačerná\documents\bigbang\testing\jc.unit.runner\jc.unit.dll" id="5279a498-3e54-6a76-5668-7936e4fcdb2e">
      <Execution id="0ceabf8f-9527-4a28-80d5-19eee623823a" />
      <TestMethod codeBase="C:\Users\TerezaČerná\Documents\BigBang\Testing\JC.Unit.Runner\JC.Unit.dll" adapterTypeName="executor://nunit3testexecutor/" className="JC.Unit.TestExecution.nUnitRunner" name="RunAllTests" />
    </UnitTest>
    <UnitTest name="[Smoke_ObjectExistence].[52].[Existence of the table].[Table OpportunityHeader]" storage="c:\users\terezačerná\documents\bigbang\testing\jc.unit.runner\jc.unit.dll" id="0d51d202-9f0e-8e87-796e-4d8c0987e236">
      <Execution id="d8406a56-5713-4cc3-9aa3-4f185fce2317" />
      <TestMethod codeBase="C:\Users\TerezaČerná\Documents\BigBang\Testing\JC.Unit.Runner\JC.Unit.dll" adapterTypeName="executor://nunit3testexecutor/" className="JC.Unit.TestExecution.nUnitRunner" name="RunAllTests" />
    </UnitTest>
    <UnitTest name="[Smoke_ObjectExistence].[22].[Existence of the table].[Table Fakturace_PolozkaFakturyVydane]" storage="c:\users\terezačerná\documents\bigbang\testing\jc.unit.runner\jc.unit.dll" id="419d32a9-d597-87dc-1eeb-30b5d4b5bb1a">
      <Execution id="7408d458-50eb-4a0e-bf87-c3604097d432" />
      <TestMethod codeBase="C:\Users\TerezaČerná\Documents\BigBang\Testing\JC.Unit.Runner\JC.Unit.dll" adapterTypeName="executor://nunit3testexecutor/" className="JC.Unit.TestExecution.nUnitRunner" name="RunAllTests" />
    </UnitTest>
    <UnitTest name="[Smoke_ObjectExistence].[12].[Existence of the table].[Table Fakturace_FakturaPrijata]" storage="c:\users\terezačerná\documents\bigbang\testing\jc.unit.runner\jc.unit.dll" id="c430239a-df21-fddb-6351-0e824ec43dd2">
      <Execution id="b34e7048-3698-476c-8d33-bec4890f7203" />
      <TestMethod codeBase="C:\Users\TerezaČerná\Documents\BigBang\Testing\JC.Unit.Runner\JC.Unit.dll" adapterTypeName="executor://nunit3testexecutor/" className="JC.Unit.TestExecution.nUnitRunner" name="RunAllTests" />
    </UnitTest>
    <UnitTest name="[Smoke_ObjectExistence].[43].[Existence of the table].[Table Mzdy_ZamestnanecNepritomnost]" storage="c:\users\terezačerná\documents\bigbang\testing\jc.unit.runner\jc.unit.dll" id="2842dc64-121e-69f4-e399-0524fee8d051">
      <Execution id="efcb851c-8b7d-4cdf-88fb-01a58eb3ba6b" />
      <TestMethod codeBase="C:\Users\TerezaČerná\Documents\BigBang\Testing\JC.Unit.Runner\JC.Unit.dll" adapterTypeName="executor://nunit3testexecutor/" className="JC.Unit.TestExecution.nUnitRunner" name="RunAllTests" />
    </UnitTest>
    <UnitTest name="[Smoke_ObjectExistence].[26].[Existence of the table].[Table Fakturace_PolozkaFakturyPrijate]" storage="c:\users\terezačerná\documents\bigbang\testing\jc.unit.runner\jc.unit.dll" id="bbe514a8-b32c-84ea-2fe8-555567b7c1aa">
      <Execution id="5ca048a5-90c5-4609-b931-2cd4eb7d5312" />
      <TestMethod codeBase="C:\Users\TerezaČerná\Documents\BigBang\Testing\JC.Unit.Runner\JC.Unit.dll" adapterTypeName="executor://nunit3testexecutor/" className="JC.Unit.TestExecution.nUnitRunner" name="RunAllTests" />
    </UnitTest>
    <UnitTest name="[Smoke_ObjectExistence].[41].[Existence of the table].[Table Mzdy_NepritomnostNahrada]" storage="c:\users\terezačerná\documents\bigbang\testing\jc.unit.runner\jc.unit.dll" id="26ba587d-8d14-5c80-c5e1-65757217c08c">
      <Execution id="efdad88f-d8a1-4457-af67-6a26c766c878" />
      <TestMethod codeBase="C:\Users\TerezaČerná\Documents\BigBang\Testing\JC.Unit.Runner\JC.Unit.dll" adapterTypeName="executor://nunit3testexecutor/" className="JC.Unit.TestExecution.nUnitRunner" name="RunAllTests" />
    </UnitTest>
    <UnitTest name="[Smoke_ObjectExistence].[19].[Existence of the table].[Table EconomicBase_DruhDokladu]" storage="c:\users\terezačerná\documents\bigbang\testing\jc.unit.runner\jc.unit.dll" id="7cf2e1c7-c3b0-6dde-9ff6-bdc5372fabee">
      <Execution id="88f7f45b-0b03-4ff0-a2a8-88ebccc3138d" />
      <TestMethod codeBase="C:\Users\TerezaČerná\Documents\BigBang\Testing\JC.Unit.Runner\JC.Unit.dll" adapterTypeName="executor://nunit3testexecutor/" className="JC.Unit.TestExecution.nUnitRunner" name="RunAllTests" />
    </UnitTest>
  </TestDefinitions>
  <TestEntries>
    <TestEntry testId="5362ad2c-828a-7aad-1d15-a999fe6c67ac" executionId="3d3aec1f-3fbb-41cd-9540-21efa8f948d9" testListId="8c84fa94-04c1-424b-9868-57a2d4851a1d" />
    <TestEntry testId="a8dfca29-b254-c754-1cae-f37950e06b2d" executionId="caa76833-09bd-40e7-abd8-c120c5d00454" testListId="8c84fa94-04c1-424b-9868-57a2d4851a1d" />
    <TestEntry testId="6ef871d9-313f-345e-6695-79d3809a83b3" executionId="870d7c92-9eaf-44a4-8c10-2a65f9785787" testListId="8c84fa94-04c1-424b-9868-57a2d4851a1d" />
    <TestEntry testId="e6a75b46-68e3-68c6-0bac-3b5c7b10f84c" executionId="1605b93f-d22f-4338-9240-348b60c44fa8" testListId="8c84fa94-04c1-424b-9868-57a2d4851a1d" />
    <TestEntry testId="a7f1c5d9-3dd4-03b5-631d-00450448e757" executionId="c8a2ba1a-b2b5-41d7-af8f-338007f3868b" testListId="8c84fa94-04c1-424b-9868-57a2d4851a1d" />
    <TestEntry testId="7cf2e1c7-c3b0-6dde-9ff6-bdc5372fabee" executionId="88f7f45b-0b03-4ff0-a2a8-88ebccc3138d" testListId="8c84fa94-04c1-424b-9868-57a2d4851a1d" />
    <TestEntry testId="8297bce6-fe99-c398-4990-1b0593c648e4" executionId="9e67ee8b-cc03-438c-869f-b1732911a6f8" testListId="8c84fa94-04c1-424b-9868-57a2d4851a1d" />
    <TestEntry testId="3e595e14-3e8a-3ee8-d68f-c0517b459f44" executionId="0d9cd17e-2884-4cc9-a66b-6afcdfdfbcc0" testListId="8c84fa94-04c1-424b-9868-57a2d4851a1d" />
    <TestEntry testId="1b0f98fd-1d63-8013-f76a-ac489a4f9507" executionId="c91e50af-4f8c-474b-a3b6-11f61a77213c" testListId="8c84fa94-04c1-424b-9868-57a2d4851a1d" />
    <TestEntry testId="864b6706-d1c5-e661-a612-b3725dce8068" executionId="ab2b3f33-10c3-4741-88e9-03d856756d8a" testListId="8c84fa94-04c1-424b-9868-57a2d4851a1d" />
    <TestEntry testId="58940f79-27c1-f004-0cda-2c9c955f9a6c" executionId="5a55bf4b-d3fe-4e33-a1a0-85288e35c09d" testListId="8c84fa94-04c1-424b-9868-57a2d4851a1d" />
    <TestEntry testId="7c2f79ab-8644-1b76-edfc-d1d7cfd5cae2" executionId="975c3e0c-6946-4527-8444-62616ab6ed2c" testListId="8c84fa94-04c1-424b-9868-57a2d4851a1d" />
    <TestEntry testId="1ec31cfd-6123-0cfe-6ab3-63b40dd1212b" executionId="7dae6792-569a-4546-8624-3dbd54820474" testListId="8c84fa94-04c1-424b-9868-57a2d4851a1d" />
    <TestEntry testId="ec69f802-95a3-4b41-2a0c-e181c682aec8" executionId="a17f35b1-2971-4fb8-891a-2272c5780d19" testListId="8c84fa94-04c1-424b-9868-57a2d4851a1d" />
    <TestEntry testId="e5564b1f-76b7-9dd4-7b65-c1c566b78c48" executionId="d88f1a8d-690d-4096-8b12-57afcf10d92f" testListId="8c84fa94-04c1-424b-9868-57a2d4851a1d" />
    <TestEntry testId="fea8ee86-f243-4070-1133-af94f671b1b8" executionId="fd138f33-6c5d-4003-b565-cb2f89550b91" testListId="8c84fa94-04c1-424b-9868-57a2d4851a1d" />
    <TestEntry testId="16d5e31b-ede9-d3bc-1f7a-c861155e9c35" executionId="5e55705b-03c5-4472-8cac-aaddbb4c4d9d" testListId="8c84fa94-04c1-424b-9868-57a2d4851a1d" />
    <TestEntry testId="8f902760-590d-6675-0ade-d6de7c771a6b" executionId="a344f82d-b463-4f97-a91f-033b00416b50" testListId="8c84fa94-04c1-424b-9868-57a2d4851a1d" />
    <TestEntry testId="45d2f5aa-bfed-e5b4-af2a-66055047a3eb" executionId="fbdfa10e-d5ac-4547-9913-52eed4c2d8aa" testListId="8c84fa94-04c1-424b-9868-57a2d4851a1d" />
    <TestEntry testId="ee7b3397-05b3-5660-5f81-c9db969c5159" executionId="f149db10-68b3-4fd1-9b1b-dc5fc678e892" testListId="8c84fa94-04c1-424b-9868-57a2d4851a1d" />
    <TestEntry testId="6d64c653-9c32-1272-4a79-b9f397aa1294" executionId="9ecba766-f467-49e4-bbb3-874484f1284a" testListId="8c84fa94-04c1-424b-9868-57a2d4851a1d" />
    <TestEntry testId="52c3a3ad-7e55-dcc8-9df0-d1a8aea353c2" executionId="5637a54b-cd62-4bd9-83a4-661042a9e1cc" testListId="8c84fa94-04c1-424b-9868-57a2d4851a1d" />
    <TestEntry testId="8e1fb5dc-b2d8-31f3-5b99-a714e28802f3" executionId="3714b94a-82be-4ac0-b56f-33de9eb3ee3c" testListId="8c84fa94-04c1-424b-9868-57a2d4851a1d" />
    <TestEntry testId="0d51d202-9f0e-8e87-796e-4d8c0987e236" executionId="d8406a56-5713-4cc3-9aa3-4f185fce2317" testListId="8c84fa94-04c1-424b-9868-57a2d4851a1d" />
    <TestEntry testId="883a7dda-e9ee-b281-0325-2730d6a6e7b7" executionId="f2635879-2035-4a6a-a10f-f4632aa95427" testListId="8c84fa94-04c1-424b-9868-57a2d4851a1d" />
    <TestEntry testId="fd5e261c-a769-e37b-93f3-db8fd9795ff2" executionId="08045daa-26e4-4215-82a2-3e5ddc54b8e7" testListId="8c84fa94-04c1-424b-9868-57a2d4851a1d" />
    <TestEntry testId="74db6c8f-742d-cdd0-fa94-9d1c48485dbf" executionId="9f567719-4dc6-43e5-a904-fee38dd84374" testListId="8c84fa94-04c1-424b-9868-57a2d4851a1d" />
    <TestEntry testId="fa48f061-b547-454d-8974-cc937051bb27" executionId="019a1866-6d4a-48f9-a603-8523f59bc66f" testListId="8c84fa94-04c1-424b-9868-57a2d4851a1d" />
    <TestEntry testId="81abb510-fadd-909b-267d-cfb66ab8e4f9" executionId="fe73bc1d-b417-478c-997a-d0543331dc5e" testListId="8c84fa94-04c1-424b-9868-57a2d4851a1d" />
    <TestEntry testId="c6060242-f5fb-cdf7-fa1d-63bf1a7089d9" executionId="5e177945-8006-4682-87e2-fb63f439501a" testListId="8c84fa94-04c1-424b-9868-57a2d4851a1d" />
    <TestEntry testId="16df9282-30d4-321f-d81a-c69931a0cf80" executionId="c44e70e0-0e32-421c-a551-4273c5ebcf27" testListId="8c84fa94-04c1-424b-9868-57a2d4851a1d" />
    <TestEntry testId="93a45ca3-7b48-9e02-d63a-86d7e8b5547f" executionId="5811d36c-a1e2-42b6-a948-db746519e29d" testListId="8c84fa94-04c1-424b-9868-57a2d4851a1d" />
    <TestEntry testId="4c3281ce-958d-c17c-c4db-acdbee707867" executionId="f0c11e84-3d20-46e1-ab99-c52baf7f3ad0" testListId="8c84fa94-04c1-424b-9868-57a2d4851a1d" />
    <TestEntry testId="26ba587d-8d14-5c80-c5e1-65757217c08c" executionId="efdad88f-d8a1-4457-af67-6a26c766c878" testListId="8c84fa94-04c1-424b-9868-57a2d4851a1d" />
    <TestEntry testId="821e872f-8ad4-4756-a10a-1a9afe75ca93" executionId="fb59ae9f-21ff-4da6-9e30-af079dc3c8f8" testListId="8c84fa94-04c1-424b-9868-57a2d4851a1d" />
    <TestEntry testId="419d32a9-d597-87dc-1eeb-30b5d4b5bb1a" executionId="7408d458-50eb-4a0e-bf87-c3604097d432" testListId="8c84fa94-04c1-424b-9868-57a2d4851a1d" />
    <TestEntry testId="c430239a-df21-fddb-6351-0e824ec43dd2" executionId="b34e7048-3698-476c-8d33-bec4890f7203" testListId="8c84fa94-04c1-424b-9868-57a2d4851a1d" />
    <TestEntry testId="82d47166-fa0d-eeb8-402e-c62c6e3b2d5d" executionId="2d445649-e6ec-4fff-8bf3-6129a181bff3" testListId="8c84fa94-04c1-424b-9868-57a2d4851a1d" />
    <TestEntry testId="271c685b-4f27-d869-82ad-0a11c3050d03" executionId="f4aa82b5-180d-4c0c-8125-103eda14788e" testListId="8c84fa94-04c1-424b-9868-57a2d4851a1d" />
    <TestEntry testId="7557f51e-c690-f35a-c69e-f1b0099d098d" executionId="59a13cf0-ebd0-49b2-b79b-a470b6b6b41e" testListId="8c84fa94-04c1-424b-9868-57a2d4851a1d" />
    <TestEntry testId="f0e14953-0487-efc3-1455-7bfbfe66d3f5" executionId="75c491fc-2860-4d47-884c-90daef25f25e" testListId="8c84fa94-04c1-424b-9868-57a2d4851a1d" />
    <TestEntry testId="50fafed6-ad95-43c4-24f8-d614d5c94d96" executionId="91639581-17d3-452f-a496-f349a02e4e0e" testListId="8c84fa94-04c1-424b-9868-57a2d4851a1d" />
    <TestEntry testId="4d3a32a4-4609-a802-8e5d-72092fb3527d" executionId="48842ce3-aa2a-4ff9-b969-42241481fb74" testListId="8c84fa94-04c1-424b-9868-57a2d4851a1d" />
    <TestEntry testId="418d3889-c0f4-fa67-39dd-4c1a403bf7e3" executionId="77b97fdd-2eb4-4b49-b79a-d1cde6f4513c" testListId="8c84fa94-04c1-424b-9868-57a2d4851a1d" />
    <TestEntry testId="a6ff8bd4-840e-7b1c-0622-bf6ed6997953" executionId="366340a6-57f8-46e3-9877-37e83c61ac43" testListId="8c84fa94-04c1-424b-9868-57a2d4851a1d" />
    <TestEntry testId="6febc6cd-4565-b196-9913-89791c7f65ab" executionId="1c2a96d9-f4ee-4159-a8bc-d1d43c77887d" testListId="8c84fa94-04c1-424b-9868-57a2d4851a1d" />
    <TestEntry testId="20f5e4c2-74a8-19b6-8770-cfb85b838a3e" executionId="7bbd07a8-fd55-4338-996f-a89ab017d190" testListId="8c84fa94-04c1-424b-9868-57a2d4851a1d" />
    <TestEntry testId="f6a3b2c6-2ece-d171-8a08-a5b7be76bf67" executionId="4e2c0951-dfbd-422b-8f61-918817ddd2cc" testListId="8c84fa94-04c1-424b-9868-57a2d4851a1d" />
    <TestEntry testId="18acec2e-1e7a-3778-00b9-41543d6289fe" executionId="8820627c-1721-41f6-baaa-1e895ada70ac" testListId="8c84fa94-04c1-424b-9868-57a2d4851a1d" />
    <TestEntry testId="2842dc64-121e-69f4-e399-0524fee8d051" executionId="efcb851c-8b7d-4cdf-88fb-01a58eb3ba6b" testListId="8c84fa94-04c1-424b-9868-57a2d4851a1d" />
    <TestEntry testId="a8c716b8-4193-980e-46d0-7cd4ef03d825" executionId="8104be45-5682-418d-960f-e16ba3d34fb6" testListId="8c84fa94-04c1-424b-9868-57a2d4851a1d" />
    <TestEntry testId="1ab7735e-377f-01ed-d8c3-0db955cf8049" executionId="83bf6114-253d-4b01-91c3-07df873bc467" testListId="8c84fa94-04c1-424b-9868-57a2d4851a1d" />
    <TestEntry testId="92e29243-f60c-3207-106a-1d834fb4d7e0" executionId="09d423bc-d4ee-4176-b24b-9ca304b71b74" testListId="8c84fa94-04c1-424b-9868-57a2d4851a1d" />
    <TestEntry testId="30e9c341-1c1c-069d-a089-d4302828d75b" executionId="b8a78dd9-fb28-4650-8d96-a9dda05b7e90" testListId="8c84fa94-04c1-424b-9868-57a2d4851a1d" />
    <TestEntry testId="52a5227e-4b35-a770-eb37-5df487124947" executionId="3d7de83a-798a-448f-b7f8-5bd032b39f54" testListId="8c84fa94-04c1-424b-9868-57a2d4851a1d" />
    <TestEntry testId="1cb03d79-ff9b-500d-7915-ae447d9bbf71" executionId="ac30ceb4-f4ff-455e-8ae6-308f6fe0301a" testListId="8c84fa94-04c1-424b-9868-57a2d4851a1d" />
    <TestEntry testId="18b18861-0e44-b868-8a5f-964d2292f002" executionId="b823536a-9cd4-4cdf-9d70-8726366f82e3" testListId="8c84fa94-04c1-424b-9868-57a2d4851a1d" />
    <TestEntry testId="4fe7149d-95b6-137a-5c7f-e332393585ef" executionId="9f284e77-4316-4da2-a62b-eeb4f4d8a764" testListId="8c84fa94-04c1-424b-9868-57a2d4851a1d" />
    <TestEntry testId="ef467e50-8cd0-e812-a730-294de2e8ad0f" executionId="6566ea4a-ba66-47e4-a570-1969784c48a4" testListId="8c84fa94-04c1-424b-9868-57a2d4851a1d" />
    <TestEntry testId="d4f48ae9-e7e3-a446-ad84-9aae9cef5d7c" executionId="7e2c0f39-5cc5-4c1e-b4a0-d8b4639938ec" testListId="8c84fa94-04c1-424b-9868-57a2d4851a1d" />
    <TestEntry testId="59c40813-1907-f75a-f050-dbaa9195f6db" executionId="d811287e-6135-40f8-b333-1b87c8620df3" testListId="8c84fa94-04c1-424b-9868-57a2d4851a1d" />
    <TestEntry testId="c756a6b5-9822-425b-d05b-10486fe83341" executionId="f280bcac-0817-4a84-b450-5b7e4fb808ab" testListId="8c84fa94-04c1-424b-9868-57a2d4851a1d" />
    <TestEntry testId="20114aae-22cd-37b0-1449-9187519c2520" executionId="dd659c60-a2bc-458f-885c-9825cd86dcfd" testListId="8c84fa94-04c1-424b-9868-57a2d4851a1d" />
    <TestEntry testId="6f97390d-f333-7779-747b-5eb57b7fd1d8" executionId="71878788-48bd-4a09-86ad-1ed57a9b32e2" testListId="8c84fa94-04c1-424b-9868-57a2d4851a1d" />
    <TestEntry testId="a9475b93-443b-d87f-a61f-8a41fc7ac6f1" executionId="50810f9c-9463-4363-acae-7e6c45891b99" testListId="8c84fa94-04c1-424b-9868-57a2d4851a1d" />
    <TestEntry testId="804bc72a-f601-f749-749a-fe98c1be182c" executionId="db518d7e-b39f-4ab1-a814-bec88f0f307f" testListId="8c84fa94-04c1-424b-9868-57a2d4851a1d" />
    <TestEntry testId="6f12a022-e888-a020-9538-58aae455a3ed" executionId="366ffb95-ed3b-4b89-a3f5-f3b71a43a872" testListId="8c84fa94-04c1-424b-9868-57a2d4851a1d" />
    <TestEntry testId="40a17607-ffd3-0727-13e7-309842913b28" executionId="530e721a-6641-4df0-aa6a-c8f7620cc61b" testListId="8c84fa94-04c1-424b-9868-57a2d4851a1d" />
    <TestEntry testId="b36c18c2-2f16-c4b0-0e40-bd5cc9cf030a" executionId="57d47c92-af0a-40af-9cfb-9c9102b349f3" testListId="8c84fa94-04c1-424b-9868-57a2d4851a1d" />
    <TestEntry testId="657fabb8-afdf-3e81-8619-3b18cd6e2f30" executionId="c5ff94c0-4abc-4668-b403-519da20e3b03" testListId="8c84fa94-04c1-424b-9868-57a2d4851a1d" />
    <TestEntry testId="2e3c31ea-d47c-7e26-f2f4-ddf1fa7d180e" executionId="6ba65e01-0b23-4eba-87c9-92497d47b46e" testListId="8c84fa94-04c1-424b-9868-57a2d4851a1d" />
    <TestEntry testId="378cf331-36e7-aa16-9514-df1f6a19a35c" executionId="91a79113-ad53-436a-ac0b-7794ea49d165" testListId="8c84fa94-04c1-424b-9868-57a2d4851a1d" />
    <TestEntry testId="0dce3cbb-c5be-8ce9-26c7-823b70f36b4e" executionId="17468242-fce1-4445-ba76-55782e784e13" testListId="8c84fa94-04c1-424b-9868-57a2d4851a1d" />
    <TestEntry testId="4d4f2eb1-4b6a-f2f9-5631-fba458167b0b" executionId="68239678-e660-453b-a2ec-598dee8b695e" testListId="8c84fa94-04c1-424b-9868-57a2d4851a1d" />
    <TestEntry testId="b9c9e4ae-229c-0f71-c5aa-98fe7605eaf4" executionId="8c8a22a3-66fe-4e2c-947b-f7e3edc278bc" testListId="8c84fa94-04c1-424b-9868-57a2d4851a1d" />
    <TestEntry testId="becefbb3-296f-28e1-a93c-1a14e25a8f3d" executionId="1c8f718f-c9c7-4bf9-bda0-60a1ddc809f8" testListId="8c84fa94-04c1-424b-9868-57a2d4851a1d" />
    <TestEntry testId="a839709d-1374-8ac0-c102-62728a740644" executionId="39576333-aee5-4b5e-9b8c-c88bc1e6f91d" testListId="8c84fa94-04c1-424b-9868-57a2d4851a1d" />
    <TestEntry testId="30460f3b-eb1a-3117-0195-c89242d95fbf" executionId="f9d0a982-88f9-4ee9-8f07-fd67eab4b506" testListId="8c84fa94-04c1-424b-9868-57a2d4851a1d" />
    <TestEntry testId="ea30e6cb-f14a-8ba2-3bc0-4a8461781beb" executionId="0b184afc-5dcc-4a22-ad52-b78a3f14cc26" testListId="8c84fa94-04c1-424b-9868-57a2d4851a1d" />
    <TestEntry testId="40bef62d-2799-3cb2-1e58-2af04995aa7b" executionId="83763c77-a3f0-4018-a177-379daf1e9f93" testListId="8c84fa94-04c1-424b-9868-57a2d4851a1d" />
    <TestEntry testId="7b2537ce-e820-5d98-57b2-e767c22e68d4" executionId="4520261a-12f7-4b77-870b-3f95fccad0d3" testListId="8c84fa94-04c1-424b-9868-57a2d4851a1d" />
    <TestEntry testId="3db5c791-ffce-6a05-5860-fd4dfbc84e5a" executionId="50322109-4519-4eff-b74d-90ad507f5f40" testListId="8c84fa94-04c1-424b-9868-57a2d4851a1d" />
    <TestEntry testId="87b6bec7-37b1-b032-698d-279ffdadc596" executionId="e84bcefa-77ed-4521-8c2c-29b61e8bb38d" testListId="8c84fa94-04c1-424b-9868-57a2d4851a1d" />
    <TestEntry testId="bbe514a8-b32c-84ea-2fe8-555567b7c1aa" executionId="5ca048a5-90c5-4609-b931-2cd4eb7d5312" testListId="8c84fa94-04c1-424b-9868-57a2d4851a1d" />
    <TestEntry testId="da0038a8-2636-09ae-f494-d1299494c0c0" executionId="8046f721-bfd6-49ba-8af9-6b53c20ca06c" testListId="8c84fa94-04c1-424b-9868-57a2d4851a1d" />
    <TestEntry testId="68087df4-ff6a-60f2-a979-00e2356cf9b0" executionId="ac0ec208-29d3-41dd-b2b1-a6d7d2d3f7bb" testListId="8c84fa94-04c1-424b-9868-57a2d4851a1d" />
    <TestEntry testId="4717d6b8-16a3-1be3-996f-d263b9ce1288" executionId="3697dba1-ed7a-49f5-a4a3-1f745bf1697c" testListId="8c84fa94-04c1-424b-9868-57a2d4851a1d" />
    <TestEntry testId="039a3cff-3840-8952-60c2-35593d0e1c99" executionId="4f267a7c-1cf7-4aeb-8c84-46f65084dd23" testListId="8c84fa94-04c1-424b-9868-57a2d4851a1d" />
    <TestEntry testId="4e58d51f-82e8-9321-f845-d7958f15e29d" executionId="70b8a987-b80c-46e9-ac6f-b52f82eb47ac" testListId="8c84fa94-04c1-424b-9868-57a2d4851a1d" />
    <TestEntry testId="676e7cea-5aa4-1a91-eaf5-d360655ae92e" executionId="f5b47592-f118-4c7b-8f36-57e7c0907732" testListId="8c84fa94-04c1-424b-9868-57a2d4851a1d" />
    <TestEntry testId="213ee05a-4a01-4b18-17cf-daa5bcd1646d" executionId="1aee845d-68ed-4097-b34c-220fc9ac51eb" testListId="8c84fa94-04c1-424b-9868-57a2d4851a1d" />
    <TestEntry testId="ee6274a6-d68c-445d-a661-6882990db88d" executionId="f8625b92-4ab6-497e-aa13-2c3d11e6f743" testListId="8c84fa94-04c1-424b-9868-57a2d4851a1d" />
    <TestEntry testId="51d5df11-837d-fbef-2072-1a7a898a69fb" executionId="bf2c2fa3-60f0-4f64-bb38-f5581c0b1d75" testListId="8c84fa94-04c1-424b-9868-57a2d4851a1d" />
    <TestEntry testId="2399483b-6614-c431-9362-847b6c1e4592" executionId="c4b7c3a3-9bb3-4f94-b8c4-7d814439a6fe" testListId="8c84fa94-04c1-424b-9868-57a2d4851a1d" />
    <TestEntry testId="b94a13f1-e0d2-a3a1-0150-4599409d2aff" executionId="c9408c1b-f543-49e1-8a74-3e01d7efae34" testListId="8c84fa94-04c1-424b-9868-57a2d4851a1d" />
    <TestEntry testId="ebaeadec-2162-4787-8a1c-fd15c278512e" executionId="8db971a1-ad0f-482c-a249-6606909bc749" testListId="8c84fa94-04c1-424b-9868-57a2d4851a1d" />
    <TestEntry testId="5279a498-3e54-6a76-5668-7936e4fcdb2e" executionId="0ceabf8f-9527-4a28-80d5-19eee623823a" testListId="8c84fa94-04c1-424b-9868-57a2d4851a1d" />
    <TestEntry testId="94a1c9bc-6703-5715-60b9-f1ef941637e7" executionId="87e119ca-f74f-49ab-afdf-7939aec58855" testListId="8c84fa94-04c1-424b-9868-57a2d4851a1d" />
    <TestEntry testId="16476183-8a99-9d57-9a05-ab6dceed5fad" executionId="5775407c-9be2-497c-9bcd-01b19a3603f8" testListId="8c84fa94-04c1-424b-9868-57a2d4851a1d" />
    <TestEntry testId="e98ba9b2-7b11-bcbc-7534-5441c3ffe8f3" executionId="5f4651e6-33f1-45a2-9b32-edeb860786cb" testListId="8c84fa94-04c1-424b-9868-57a2d4851a1d" />
    <TestEntry testId="08967945-3295-54c1-32d2-2e73fefe3a5f" executionId="c244ba70-2586-467f-a969-2fc6df6f6d32" testListId="8c84fa94-04c1-424b-9868-57a2d4851a1d" />
    <TestEntry testId="bbd35e0e-bb7e-d19c-146d-4ca86003d252" executionId="49e0023b-ad7d-4812-a2bd-dc4dd98fa690" testListId="8c84fa94-04c1-424b-9868-57a2d4851a1d" />
  </TestEntries>
  <TestLists>
    <TestList name="Results Not in a List" id="8c84fa94-04c1-424b-9868-57a2d4851a1d" />
    <TestList name="All Loaded Results" id="19431567-8539-422a-85d7-44ee4e166bda" />
  </TestLists>
  <ResultSummary outcome="Failed">
    <Counters total="102" executed="102" passed="96" failed="6" error="0" timeout="0" aborted="0" inconclusive="0" passedButRunAborted="0" notRunnable="0" notExecuted="0" disconnected="0" warning="0" completed="0" inProgress="0" pending="0" />
    <Output>
      <StdOut>NUnit Adapter 3.16.0.0: Test execution started&#xD;
Running selected tests in C:\Users\TerezaČerná\Documents\BigBang\Testing\JC.Unit.Runner\JC.Unit.dll&#xD;
   NUnit3TestExecutor converted 102 of 102 NUnit test cases&#xD;
NUnit Adapter 3.16.0.0: Test execution complete&#xD;
</StdOut>
    </Output>
  </ResultSummary>
</TestRun>