<?xml version="1.0" encoding="utf-8"?>
<TestRun id="00c9ab7e-72d6-4c4a-ae3a-13722475befb" name="TerezaČerná@LAPTOP-OBK5BVVT 2020-10-28 15:14:15" runUser="AzureAD\TerezaČerná" xmlns="http://microsoft.com/schemas/VisualStudio/TeamTest/2010">
  <Times creation="2020-10-28T15:14:15.6629199+01:00" queuing="2020-10-28T15:14:15.6629214+01:00" start="2020-10-28T15:14:12.1038150+01:00" finish="2020-10-28T15:14:18.9670756+01:00" />
  <TestSettings name="default" id="5c109fad-1d8d-4d22-8e8e-2866bcd95359">
    <Deployment runDeploymentRoot="TerezaČerná_LAPTOP-OBK5BVVT_2020-10-28_15_14_15" />
  </TestSettings>
  <Results>
    <UnitTestResult executionId="1c190f38-6fbb-4bef-b445-d259bfffbf4e" testId="f6a3b2c6-2ece-d171-8a08-a5b7be76bf67" testName="[Integration_StagingxDim&amp;Fact].[36].[IT - Staging table is a subset of a dimension].[StagingMoney.Adresar_Firma]" computerName="LAPTOP-OBK5BVVT" duration="00:00:00.0613930" startTime="2020-10-28T15:14:17.0000000+01:00" endTime="2020-10-28T15:14:17.0000000+01:00" testType="13cdc9d9-ddb5-4fa4-a97d-d965ccfc6d4b" outcome="Passed" testListId="8c84fa94-04c1-424b-9868-57a2d4851a1d" relativeResultsDirectory="1c190f38-6fbb-4bef-b445-d259bfffbf4e" />
    <UnitTestResult executionId="07edf55f-dfe0-4759-932a-e5d73b744223" testId="52c3a3ad-7e55-dcc8-9df0-d1a8aea353c2" testName="[Smoke_ObjectExistence].[49].[Existence of the table].[Table Contact]" computerName="LAPTOP-OBK5BVVT" duration="00:00:00.0845480" startTime="2020-10-28T15:14:18.0000000+01:00" endTime="2020-10-28T15:14:18.0000000+01:00" testType="13cdc9d9-ddb5-4fa4-a97d-d965ccfc6d4b" outcome="Passed" testListId="8c84fa94-04c1-424b-9868-57a2d4851a1d" relativeResultsDirectory="07edf55f-dfe0-4759-932a-e5d73b744223" />
    <UnitTestResult executionId="02c729b5-7fc8-4752-b79d-b9b88372232c" testId="20114aae-22cd-37b0-1449-9187519c2520" testName="[Smoke_ObjectExistence].[21].[Existence of the table].[Table S5_Ucetnictvi_UcetniDenikTranspozice]" computerName="LAPTOP-OBK5BVVT" duration="00:00:00.0734260" startTime="2020-10-28T15:14:17.0000000+01:00" endTime="2020-10-28T15:14:18.0000000+01:00" testType="13cdc9d9-ddb5-4fa4-a97d-d965ccfc6d4b" outcome="Passed" testListId="8c84fa94-04c1-424b-9868-57a2d4851a1d" relativeResultsDirectory="02c729b5-7fc8-4752-b79d-b9b88372232c" />
    <UnitTestResult executionId="08576340-93c3-44be-b8d7-f467141a02a9" testId="40bef62d-2799-3cb2-1e58-2af04995aa7b" testName="[Smoke_ObjectExistence].[15].[Existence of the table].[Table Meny_Mena]" computerName="LAPTOP-OBK5BVVT" duration="00:00:00.0849420" startTime="2020-10-28T15:14:17.0000000+01:00" endTime="2020-10-28T15:14:17.0000000+01:00" testType="13cdc9d9-ddb5-4fa4-a97d-d965ccfc6d4b" outcome="Passed" testListId="8c84fa94-04c1-424b-9868-57a2d4851a1d" relativeResultsDirectory="08576340-93c3-44be-b8d7-f467141a02a9" />
    <UnitTestResult executionId="74f6aa84-0906-4d0b-aa4b-ea41f98f869d" testId="e6a75b46-68e3-68c6-0bac-3b5c7b10f84c" testName="[Integration_StagingxDim&amp;Fact].[41].[DQ - Paid more than needed].[Paid more than needed on document]" computerName="LAPTOP-OBK5BVVT" duration="00:00:00.0436590" startTime="2020-10-28T15:14:17.0000000+01:00" endTime="2020-10-28T15:14:17.0000000+01:00" testType="13cdc9d9-ddb5-4fa4-a97d-d965ccfc6d4b" outcome="Passed" testListId="8c84fa94-04c1-424b-9868-57a2d4851a1d" relativeResultsDirectory="74f6aa84-0906-4d0b-aa4b-ea41f98f869d" />
    <UnitTestResult executionId="e1a1559b-4e78-41f4-bae8-3c7851b5d520" testId="6d64c653-9c32-1272-4a79-b9f397aa1294" testName="[Integration_StagingxDim&amp;Fact].[11].[IT - Sum check by Document Type].[Table [Fakturace_FakturaVydana]]" computerName="LAPTOP-OBK5BVVT" duration="00:00:00.2877110" startTime="2020-10-28T15:14:15.0000000+01:00" endTime="2020-10-28T15:14:16.0000000+01:00" testType="13cdc9d9-ddb5-4fa4-a97d-d965ccfc6d4b" outcome="Passed" testListId="8c84fa94-04c1-424b-9868-57a2d4851a1d" relativeResultsDirectory="e1a1559b-4e78-41f4-bae8-3c7851b5d520" />
    <UnitTestResult executionId="8aa8c033-1bc1-49ca-a98e-757775fe0b74" testId="a8c716b8-4193-980e-46d0-7cd4ef03d825" testName="[Smoke_ObjectExistence].[55].[Existence of the table].[Table LeadToOpportunityTarget]" computerName="LAPTOP-OBK5BVVT" duration="00:00:00.0855310" startTime="2020-10-28T15:14:18.0000000+01:00" endTime="2020-10-28T15:14:18.0000000+01:00" testType="13cdc9d9-ddb5-4fa4-a97d-d965ccfc6d4b" outcome="Passed" testListId="8c84fa94-04c1-424b-9868-57a2d4851a1d" relativeResultsDirectory="8aa8c033-1bc1-49ca-a98e-757775fe0b74" />
    <UnitTestResult executionId="9b60491b-bea8-4185-b397-2c844bd77fed" testId="0d51d202-9f0e-8e87-796e-4d8c0987e236" testName="[Smoke_ObjectExistence].[52].[Existence of the table].[Table OpportunityHeader]" computerName="LAPTOP-OBK5BVVT" duration="00:00:00.0841060" startTime="2020-10-28T15:14:18.0000000+01:00" endTime="2020-10-28T15:14:18.0000000+01:00" testType="13cdc9d9-ddb5-4fa4-a97d-d965ccfc6d4b" outcome="Passed" testListId="8c84fa94-04c1-424b-9868-57a2d4851a1d" relativeResultsDirectory="9b60491b-bea8-4185-b397-2c844bd77fed" />
    <UnitTestResult executionId="69dd62cf-5b79-41b5-adee-886f1f377622" testId="fd5e261c-a769-e37b-93f3-db8fd9795ff2" testName="[Smoke_ObjectExistence].[33].[Existence of the table].[Table Ucetnictvi_PolozkaPohledavkovehoDokladu]" computerName="LAPTOP-OBK5BVVT" duration="00:00:00.0751440" startTime="2020-10-28T15:14:18.0000000+01:00" endTime="2020-10-28T15:14:18.0000000+01:00" testType="13cdc9d9-ddb5-4fa4-a97d-d965ccfc6d4b" outcome="Passed" testListId="8c84fa94-04c1-424b-9868-57a2d4851a1d" relativeResultsDirectory="69dd62cf-5b79-41b5-adee-886f1f377622" />
    <UnitTestResult executionId="3317ce91-e0d2-4d70-a362-e33218b85c84" testId="ea30e6cb-f14a-8ba2-3bc0-4a8461781beb" testName="[Smoke_ObjectExistence].[39].[Existence of the table].[Table Mzdy_Svatky]" computerName="LAPTOP-OBK5BVVT" duration="00:00:00.0898800" startTime="2020-10-28T15:14:18.0000000+01:00" endTime="2020-10-28T15:14:18.0000000+01:00" testType="13cdc9d9-ddb5-4fa4-a97d-d965ccfc6d4b" outcome="Passed" testListId="8c84fa94-04c1-424b-9868-57a2d4851a1d" relativeResultsDirectory="3317ce91-e0d2-4d70-a362-e33218b85c84" />
    <UnitTestResult executionId="7f103415-676d-41a7-9ff1-a3ef184a990f" testId="7b2537ce-e820-5d98-57b2-e767c22e68d4" testName="[Integration_StagingxDim&amp;Fact].[15].[IT - Sum check by Document Type].[Table [Objednavky_ObjednavkaPrijata]]" computerName="LAPTOP-OBK5BVVT" duration="00:00:00.2966539" startTime="2020-10-28T15:14:16.0000000+01:00" endTime="2020-10-28T15:14:16.0000000+01:00" testType="13cdc9d9-ddb5-4fa4-a97d-d965ccfc6d4b" outcome="Passed" testListId="8c84fa94-04c1-424b-9868-57a2d4851a1d" relativeResultsDirectory="7f103415-676d-41a7-9ff1-a3ef184a990f" />
    <UnitTestResult executionId="f7514d10-8e4d-4e2e-9b93-56a7a49d39d6" testId="becefbb3-296f-28e1-a93c-1a14e25a8f3d" testName="[Smoke_ObjectExistence].[1].[Existence of the table].[Table Objednavky_ObjednavkaPrijata]" computerName="LAPTOP-OBK5BVVT" duration="00:00:00.0887630" startTime="2020-10-28T15:14:17.0000000+01:00" endTime="2020-10-28T15:14:17.0000000+01:00" testType="13cdc9d9-ddb5-4fa4-a97d-d965ccfc6d4b" outcome="Passed" testListId="8c84fa94-04c1-424b-9868-57a2d4851a1d" relativeResultsDirectory="f7514d10-8e4d-4e2e-9b93-56a7a49d39d6" />
    <UnitTestResult executionId="bd5d76b9-19c8-4601-bdfb-760546e2fada" testId="18acec2e-1e7a-3778-00b9-41543d6289fe" testName="[Smoke_ObjectExistence].[31].[Existence of the table].[Table Objednavky_PolozkaObjednavkyPrijate]" computerName="LAPTOP-OBK5BVVT" duration="00:00:00.0835340" startTime="2020-10-28T15:14:18.0000000+01:00" endTime="2020-10-28T15:14:18.0000000+01:00" testType="13cdc9d9-ddb5-4fa4-a97d-d965ccfc6d4b" outcome="Passed" testListId="8c84fa94-04c1-424b-9868-57a2d4851a1d" relativeResultsDirectory="bd5d76b9-19c8-4601-bdfb-760546e2fada" />
    <UnitTestResult executionId="9d2c15c4-ab8e-47a0-98f2-9567d83ce218" testId="4d3a32a4-4609-a802-8e5d-72092fb3527d" testName="[Smoke_ObjectExistence].[48].[Existence of the table].[Table Account]" computerName="LAPTOP-OBK5BVVT" duration="00:00:00.0797580" startTime="2020-10-28T15:14:18.0000000+01:00" endTime="2020-10-28T15:14:18.0000000+01:00" testType="13cdc9d9-ddb5-4fa4-a97d-d965ccfc6d4b" outcome="Passed" testListId="8c84fa94-04c1-424b-9868-57a2d4851a1d" relativeResultsDirectory="9d2c15c4-ab8e-47a0-98f2-9567d83ce218" />
    <UnitTestResult executionId="0fcce926-9d29-4788-84ca-378ef58e91af" testId="419d32a9-d597-87dc-1eeb-30b5d4b5bb1a" testName="[Smoke_ObjectExistence].[22].[Existence of the table].[Table Fakturace_PolozkaFakturyVydane]" computerName="LAPTOP-OBK5BVVT" duration="00:00:00.0939960" startTime="2020-10-28T15:14:18.0000000+01:00" endTime="2020-10-28T15:14:18.0000000+01:00" testType="13cdc9d9-ddb5-4fa4-a97d-d965ccfc6d4b" outcome="Passed" testListId="8c84fa94-04c1-424b-9868-57a2d4851a1d" relativeResultsDirectory="0fcce926-9d29-4788-84ca-378ef58e91af" />
    <UnitTestResult executionId="fc07466a-8a9c-4032-a1e0-132c71142155" testId="ee7b3397-05b3-5660-5f81-c9db969c5159" testName="[Smoke_ObjectExistence].[35].[Existence of the table].[Table Contract Rates]" computerName="LAPTOP-OBK5BVVT" duration="00:00:00.0808659" startTime="2020-10-28T15:14:18.0000000+01:00" endTime="2020-10-28T15:14:18.0000000+01:00" testType="13cdc9d9-ddb5-4fa4-a97d-d965ccfc6d4b" outcome="Passed" testListId="8c84fa94-04c1-424b-9868-57a2d4851a1d" relativeResultsDirectory="fc07466a-8a9c-4032-a1e0-132c71142155" />
    <UnitTestResult executionId="e44a43d3-a46f-47ae-9fae-ee3cfcafd56b" testId="213ee05a-4a01-4b18-17cf-daa5bcd1646d" testName="[Smoke_ObjectExistence].[27].[Existence of the table].[Table Ciselniky_Zakazka]" computerName="LAPTOP-OBK5BVVT" duration="00:00:00.0802260" startTime="2020-10-28T15:14:18.0000000+01:00" endTime="2020-10-28T15:14:18.0000000+01:00" testType="13cdc9d9-ddb5-4fa4-a97d-d965ccfc6d4b" outcome="Passed" testListId="8c84fa94-04c1-424b-9868-57a2d4851a1d" relativeResultsDirectory="e44a43d3-a46f-47ae-9fae-ee3cfcafd56b" />
    <UnitTestResult executionId="678e7f5c-955b-4740-9c64-600305bd53a9" testId="da0038a8-2636-09ae-f494-d1299494c0c0" testName="[Smoke_ObjectExistence].[36].[Existence of the table].[Table Mzdy_Mzda]" computerName="LAPTOP-OBK5BVVT" duration="00:00:00.0815650" startTime="2020-10-28T15:14:18.0000000+01:00" endTime="2020-10-28T15:14:18.0000000+01:00" testType="13cdc9d9-ddb5-4fa4-a97d-d965ccfc6d4b" outcome="Passed" testListId="8c84fa94-04c1-424b-9868-57a2d4851a1d" relativeResultsDirectory="678e7f5c-955b-4740-9c64-600305bd53a9" />
    <UnitTestResult executionId="a41dd1f5-44e5-4cff-82fa-b3a08fe37c7d" testId="6f97390d-f333-7779-747b-5eb57b7fd1d8" testName="[Integration_StagingxDim&amp;Fact].[30].[IT - Staging table is a subset of a dimension].[StagingMoney.Ucetnictvi_InterniDoklad]" computerName="LAPTOP-OBK5BVVT" duration="00:00:00.0467510" startTime="2020-10-28T15:14:17.0000000+01:00" endTime="2020-10-28T15:14:17.0000000+01:00" testType="13cdc9d9-ddb5-4fa4-a97d-d965ccfc6d4b" outcome="Failed" testListId="8c84fa94-04c1-424b-9868-57a2d4851a1d" relativeResultsDirectory="a41dd1f5-44e5-4cff-82fa-b3a08fe37c7d">
      <Output>
        <ErrorInfo>
          <Message>There is at least one row, but no rows were expected:&#xD;
&#xD;
┌───────────────────────────┬──────────────┬───────────────────────────┐&#xD;
│ID                         │CisloDokladu  │Nazev                      │&#xD;
╞═══════════════════════════╪══════════════╪═══════════════════════════╡&#xD;
│6ee4c247-5eb7-4ca6-9ae...  │ID00003       │zařazení majetku - not...  │&#xD;
└───────────────────────────┴──────────────┴───────────────────────────┘&#xD;
&#xD;
&#xD;
Test description: Dim.Document&#xD;
TestQuerySource: BigBang&#xD;
TestQuery:&#xD;
&#xD;
    select ID, CisloDokladu, Nazev from StagingMoney.Ucetnictvi_InterniDoklad&#xD;
    except&#xD;
&#xD;
 SELECT [Document Money Src ID]&#xD;
      ,[Document Number]&#xD;
      ,[Document Description]&#xD;
  FROM [Dim].[Document]&#xD;
&#xD;
</Message>
          <StackTrace>   at JC.Unit.TestExecution.nUnitRunner.RunAllTests(TestDefinition testDefinition) in D:\a\1\s\MainCore\JC.Unit\JC.Unit\TestExecution\nUnitRunner.cs:line 59&#xD;
</StackTrace>
        </ErrorInfo>
      </Output>
    </UnitTestResult>
    <UnitTestResult executionId="303a502a-e849-45d9-8b52-413cf5f6afef" testId="2e3c31ea-d47c-7e26-f2f4-ddf1fa7d180e" testName="[Smoke_ObjectExistence].[20].[Existence of the table].[Table Ciselniky_Stredisko]" computerName="LAPTOP-OBK5BVVT" duration="00:00:00.0791700" startTime="2020-10-28T15:14:17.0000000+01:00" endTime="2020-10-28T15:14:18.0000000+01:00" testType="13cdc9d9-ddb5-4fa4-a97d-d965ccfc6d4b" outcome="Passed" testListId="8c84fa94-04c1-424b-9868-57a2d4851a1d" relativeResultsDirectory="303a502a-e849-45d9-8b52-413cf5f6afef" />
    <UnitTestResult executionId="c1bd294f-250d-484f-a9ff-a04ace846f5d" testId="82d47166-fa0d-eeb8-402e-c62c6e3b2d5d" testName="[Integration_StagingxDim&amp;Fact].[17].[IT - Sum check by Document Type].[Table [Finance_PokladniDoklad]]" computerName="LAPTOP-OBK5BVVT" duration="00:00:00.3598860" startTime="2020-10-28T15:14:16.0000000+01:00" endTime="2020-10-28T15:14:17.0000000+01:00" testType="13cdc9d9-ddb5-4fa4-a97d-d965ccfc6d4b" outcome="Passed" testListId="8c84fa94-04c1-424b-9868-57a2d4851a1d" relativeResultsDirectory="c1bd294f-250d-484f-a9ff-a04ace846f5d" />
    <UnitTestResult executionId="3eeff53b-82fb-4ba6-bb90-9d7aaf0d5a2f" testId="68087df4-ff6a-60f2-a979-00e2356cf9b0" testName="[Integration_StagingxDim&amp;Fact].[7].[ST - Sum of Amounts].[Table [Fact].[Journal]]" computerName="LAPTOP-OBK5BVVT" duration="00:00:00.0778100" startTime="2020-10-28T15:14:15.0000000+01:00" endTime="2020-10-28T15:14:15.0000000+01:00" testType="13cdc9d9-ddb5-4fa4-a97d-d965ccfc6d4b" outcome="Passed" testListId="8c84fa94-04c1-424b-9868-57a2d4851a1d" relativeResultsDirectory="3eeff53b-82fb-4ba6-bb90-9d7aaf0d5a2f" />
    <UnitTestResult executionId="56ceaf05-995a-4393-8116-c0c19847f3fc" testId="8f902760-590d-6675-0ade-d6de7c771a6b" testName="[Smoke_ObjectExistence].[5].[Existence of the table].[Table Finance_BankovniVypis]" computerName="LAPTOP-OBK5BVVT" duration="00:00:00.0785290" startTime="2020-10-28T15:14:17.0000000+01:00" endTime="2020-10-28T15:14:17.0000000+01:00" testType="13cdc9d9-ddb5-4fa4-a97d-d965ccfc6d4b" outcome="Passed" testListId="8c84fa94-04c1-424b-9868-57a2d4851a1d" relativeResultsDirectory="56ceaf05-995a-4393-8116-c0c19847f3fc" />
    <UnitTestResult executionId="94c7e4ce-aff2-41b1-b6ed-a3fcaaa9c5a5" testId="59c40813-1907-f75a-f050-dbaa9195f6db" testName="[Integration_StagingxDim&amp;Fact].[26].[IT - Staging table is a subset of a dimension].[StagingMoney.Ucetnictvi_ZavazkovyDoklad]" computerName="LAPTOP-OBK5BVVT" duration="00:00:00.0449660" startTime="2020-10-28T15:14:17.0000000+01:00" endTime="2020-10-28T15:14:17.0000000+01:00" testType="13cdc9d9-ddb5-4fa4-a97d-d965ccfc6d4b" outcome="Passed" testListId="8c84fa94-04c1-424b-9868-57a2d4851a1d" relativeResultsDirectory="94c7e4ce-aff2-41b1-b6ed-a3fcaaa9c5a5" />
    <UnitTestResult executionId="91b9d518-e98f-4779-ac0e-9ef5d0558a02" testId="0dce3cbb-c5be-8ce9-26c7-823b70f36b4e" testName="[Smoke_ObjectExistence].[6].[Existence of the table].[Table Finance_PrikazKUhrade]" computerName="LAPTOP-OBK5BVVT" duration="00:00:00.0792830" startTime="2020-10-28T15:14:17.0000000+01:00" endTime="2020-10-28T15:14:17.0000000+01:00" testType="13cdc9d9-ddb5-4fa4-a97d-d965ccfc6d4b" outcome="Passed" testListId="8c84fa94-04c1-424b-9868-57a2d4851a1d" relativeResultsDirectory="91b9d518-e98f-4779-ac0e-9ef5d0558a02" />
    <UnitTestResult executionId="1f53bf34-fd75-47a3-b8fb-c379ce533e42" testId="b94a13f1-e0d2-a3a1-0150-4599409d2aff" testName="[Smoke_ObjectExistence].[58].[Existence of the table].[Table Contract Fees]" computerName="LAPTOP-OBK5BVVT" duration="00:00:00.0883430" startTime="2020-10-28T15:14:18.0000000+01:00" endTime="2020-10-28T15:14:18.0000000+01:00" testType="13cdc9d9-ddb5-4fa4-a97d-d965ccfc6d4b" outcome="Passed" testListId="8c84fa94-04c1-424b-9868-57a2d4851a1d" relativeResultsDirectory="1f53bf34-fd75-47a3-b8fb-c379ce533e42" />
    <UnitTestResult executionId="99268ada-e8cf-4b3e-b953-ea6e4da2613d" testId="3db5c791-ffce-6a05-5860-fd4dfbc84e5a" testName="[Integration_StagingxDim&amp;Fact].[10].[ST - Credit and Debit].[Table [Fact].[Account Balance]]" computerName="LAPTOP-OBK5BVVT" duration="00:00:01.3161110" startTime="2020-10-28T15:14:15.0000000+01:00" endTime="2020-10-28T15:14:17.0000000+01:00" testType="13cdc9d9-ddb5-4fa4-a97d-d965ccfc6d4b" outcome="Passed" testListId="8c84fa94-04c1-424b-9868-57a2d4851a1d" relativeResultsDirectory="99268ada-e8cf-4b3e-b953-ea6e4da2613d" />
    <UnitTestResult executionId="d9328dfa-30cc-4aef-9f21-c4e10a231dd8" testId="bbe514a8-b32c-84ea-2fe8-555567b7c1aa" testName="[Smoke_ObjectExistence].[26].[Existence of the table].[Table Fakturace_PolozkaFakturyPrijate]" computerName="LAPTOP-OBK5BVVT" duration="00:00:00.0837050" startTime="2020-10-28T15:14:18.0000000+01:00" endTime="2020-10-28T15:14:18.0000000+01:00" testType="13cdc9d9-ddb5-4fa4-a97d-d965ccfc6d4b" outcome="Passed" testListId="8c84fa94-04c1-424b-9868-57a2d4851a1d" relativeResultsDirectory="d9328dfa-30cc-4aef-9f21-c4e10a231dd8" />
    <UnitTestResult executionId="4d762974-35fc-4bd6-895d-69b48da87dae" testId="20f5e4c2-74a8-19b6-8770-cfb85b838a3e" testName="[Integration_StagingxDim&amp;Fact].[39].[ST - Document Payment Status].[Document Payment Status - Zaplaceno]" computerName="LAPTOP-OBK5BVVT" duration="00:00:00.0452200" startTime="2020-10-28T15:14:17.0000000+01:00" endTime="2020-10-28T15:14:17.0000000+01:00" testType="13cdc9d9-ddb5-4fa4-a97d-d965ccfc6d4b" outcome="Passed" testListId="8c84fa94-04c1-424b-9868-57a2d4851a1d" relativeResultsDirectory="4d762974-35fc-4bd6-895d-69b48da87dae" />
    <UnitTestResult executionId="24ff395f-5d89-4ba1-9cf0-a7f0de73ca53" testId="30460f3b-eb1a-3117-0195-c89242d95fbf" testName="[Integration_StagingxDim&amp;Fact].[28].[IT - Staging table is a subset of a dimension].[StagingMoney.Fakturace_FakturaPrijata]" computerName="LAPTOP-OBK5BVVT" duration="00:00:00.0370520" startTime="2020-10-28T15:14:17.0000000+01:00" endTime="2020-10-28T15:14:17.0000000+01:00" testType="13cdc9d9-ddb5-4fa4-a97d-d965ccfc6d4b" outcome="Failed" testListId="8c84fa94-04c1-424b-9868-57a2d4851a1d" relativeResultsDirectory="24ff395f-5d89-4ba1-9cf0-a7f0de73ca53">
      <Output>
        <ErrorInfo>
          <Message>There is at least one row, but no rows were expected:&#xD;
&#xD;
┌───────────────────────────┬──────────────┬────────────────┐&#xD;
│ID                         │CisloDokladu  │Nazev           │&#xD;
╞═══════════════════════════╪══════════════╪════════════════╡&#xD;
│0d41c085-34ee-4398-933...  │FP00007       │nákup potravin  │&#xD;
└───────────────────────────┴──────────────┴────────────────┘&#xD;
&#xD;
&#xD;
Test description: Dim.Document&#xD;
TestQuerySource: BigBang&#xD;
TestQuery:&#xD;
&#xD;
    select ID, CisloDokladu, Nazev from StagingMoney.Fakturace_FakturaPrijata&#xD;
    except&#xD;
&#xD;
 SELECT [Document Money Src ID]&#xD;
      ,[Document Number]&#xD;
      ,[Document Description]&#xD;
  FROM [Dim].[Document]&#xD;
&#xD;
</Message>
          <StackTrace>   at JC.Unit.TestExecution.nUnitRunner.RunAllTests(TestDefinition testDefinition) in D:\a\1\s\MainCore\JC.Unit\JC.Unit\TestExecution\nUnitRunner.cs:line 59&#xD;
</StackTrace>
        </ErrorInfo>
      </Output>
    </UnitTestResult>
    <UnitTestResult executionId="6d7f5601-d996-4b65-a6f3-4e2888bba613" testId="fea8ee86-f243-4070-1133-af94f671b1b8" testName="[Smoke_ObjectExistence].[32].[Existence of the table].[Table Ucetnictvi_PolozkaInternihoDokladu]" computerName="LAPTOP-OBK5BVVT" duration="00:00:00.0790220" startTime="2020-10-28T15:14:18.0000000+01:00" endTime="2020-10-28T15:14:18.0000000+01:00" testType="13cdc9d9-ddb5-4fa4-a97d-d965ccfc6d4b" outcome="Passed" testListId="8c84fa94-04c1-424b-9868-57a2d4851a1d" relativeResultsDirectory="6d7f5601-d996-4b65-a6f3-4e2888bba613" />
    <UnitTestResult executionId="da0dfb33-4dcd-4e4f-9c33-a452bcc75ec7" testId="7557f51e-c690-f35a-c69e-f1b0099d098d" testName="[Integration_StagingxDim&amp;Fact].[23].[IT - Staging table is a subset of a dimension].[StagingMoney.Ciselniky_Zakazka]" computerName="LAPTOP-OBK5BVVT" duration="00:00:00.0452210" startTime="2020-10-28T15:14:17.0000000+01:00" endTime="2020-10-28T15:14:17.0000000+01:00" testType="13cdc9d9-ddb5-4fa4-a97d-d965ccfc6d4b" outcome="Passed" testListId="8c84fa94-04c1-424b-9868-57a2d4851a1d" relativeResultsDirectory="da0dfb33-4dcd-4e4f-9c33-a452bcc75ec7" />
    <UnitTestResult executionId="88f373a3-75dd-4c5a-9060-861535768c5a" testId="f0e14953-0487-efc3-1455-7bfbfe66d3f5" testName="[Integration_StagingxDim&amp;Fact].[20].[IT - Sum check by Document Type].[Table [Ucetnictvi_ZavazkovyDoklad]]" computerName="LAPTOP-OBK5BVVT" duration="00:00:00.1582079" startTime="2020-10-28T15:14:17.0000000+01:00" endTime="2020-10-28T15:14:17.0000000+01:00" testType="13cdc9d9-ddb5-4fa4-a97d-d965ccfc6d4b" outcome="Passed" testListId="8c84fa94-04c1-424b-9868-57a2d4851a1d" relativeResultsDirectory="88f373a3-75dd-4c5a-9060-861535768c5a" />
    <UnitTestResult executionId="59a7fc53-cb43-4114-9bf0-dc3059a9ced1" testId="271c685b-4f27-d869-82ad-0a11c3050d03" testName="[Integration_StagingxDim&amp;Fact].[24].[IT - Staging table is a subset of a dimension].[StagingMoney.Meny_Mena]" computerName="LAPTOP-OBK5BVVT" duration="00:00:00.0364960" startTime="2020-10-28T15:14:17.0000000+01:00" endTime="2020-10-28T15:14:17.0000000+01:00" testType="13cdc9d9-ddb5-4fa4-a97d-d965ccfc6d4b" outcome="Passed" testListId="8c84fa94-04c1-424b-9868-57a2d4851a1d" relativeResultsDirectory="59a7fc53-cb43-4114-9bf0-dc3059a9ced1" />
    <UnitTestResult executionId="96ffce1d-8961-421b-b9c8-e6d14d1beba2" testId="b9c9e4ae-229c-0f71-c5aa-98fe7605eaf4" testName="[Smoke_ObjectExistence].[51].[Existence of the table].[Table LeadToOpportunity]" computerName="LAPTOP-OBK5BVVT" duration="00:00:00.0873100" startTime="2020-10-28T15:14:18.0000000+01:00" endTime="2020-10-28T15:14:18.0000000+01:00" testType="13cdc9d9-ddb5-4fa4-a97d-d965ccfc6d4b" outcome="Passed" testListId="8c84fa94-04c1-424b-9868-57a2d4851a1d" relativeResultsDirectory="96ffce1d-8961-421b-b9c8-e6d14d1beba2" />
    <UnitTestResult executionId="be819372-a663-4f7b-bdd9-68b725f4a891" testId="26ba587d-8d14-5c80-c5e1-65757217c08c" testName="[Smoke_ObjectExistence].[41].[Existence of the table].[Table Mzdy_NepritomnostNahrada]" computerName="LAPTOP-OBK5BVVT" duration="00:00:00.0920770" startTime="2020-10-28T15:14:18.0000000+01:00" endTime="2020-10-28T15:14:18.0000000+01:00" testType="13cdc9d9-ddb5-4fa4-a97d-d965ccfc6d4b" outcome="Passed" testListId="8c84fa94-04c1-424b-9868-57a2d4851a1d" relativeResultsDirectory="be819372-a663-4f7b-bdd9-68b725f4a891" />
    <UnitTestResult executionId="a73a5894-4bf5-4112-9485-25991252f236" testId="30e9c341-1c1c-069d-a089-d4302828d75b" testName="[Integration_StagingxDim&amp;Fact].[25].[IT - Staging table is a subset of a dimension].[StagingMoney.Ciselniky_Stredisko]" computerName="LAPTOP-OBK5BVVT" duration="00:00:00.0454839" startTime="2020-10-28T15:14:17.0000000+01:00" endTime="2020-10-28T15:14:17.0000000+01:00" testType="13cdc9d9-ddb5-4fa4-a97d-d965ccfc6d4b" outcome="Passed" testListId="8c84fa94-04c1-424b-9868-57a2d4851a1d" relativeResultsDirectory="a73a5894-4bf5-4112-9485-25991252f236" />
    <UnitTestResult executionId="864c30d0-0eb4-445e-8509-e508fd34a5a5" testId="864b6706-d1c5-e661-a612-b3725dce8068" testName="[Smoke_ObjectExistence].[14].[Existence of the table].[Table CSW_BI_Pohledavky2]" computerName="LAPTOP-OBK5BVVT" duration="00:00:00.0806530" startTime="2020-10-28T15:14:17.0000000+01:00" endTime="2020-10-28T15:14:17.0000000+01:00" testType="13cdc9d9-ddb5-4fa4-a97d-d965ccfc6d4b" outcome="Passed" testListId="8c84fa94-04c1-424b-9868-57a2d4851a1d" relativeResultsDirectory="864c30d0-0eb4-445e-8509-e508fd34a5a5" />
    <UnitTestResult executionId="0c16bd21-c279-4c73-a43e-f0e5b30f23c9" testId="4717d6b8-16a3-1be3-996f-d263b9ce1288" testName="[Smoke_ObjectExistence].[47].[Existence of the table].[Table Personalistika_Zamestnanec]" computerName="LAPTOP-OBK5BVVT" duration="00:00:00.0840130" startTime="2020-10-28T15:14:18.0000000+01:00" endTime="2020-10-28T15:14:18.0000000+01:00" testType="13cdc9d9-ddb5-4fa4-a97d-d965ccfc6d4b" outcome="Passed" testListId="8c84fa94-04c1-424b-9868-57a2d4851a1d" relativeResultsDirectory="0c16bd21-c279-4c73-a43e-f0e5b30f23c9" />
    <UnitTestResult executionId="c4d64ab8-b08e-4387-9b25-58f05a63df2d" testId="6ef871d9-313f-345e-6695-79d3809a83b3" testName="[Smoke_ObjectExistence].[42].[Existence of the table].[Table Mzdy_TypPracovnihoPomeru]" computerName="LAPTOP-OBK5BVVT" duration="00:00:00.0785940" startTime="2020-10-28T15:14:18.0000000+01:00" endTime="2020-10-28T15:14:18.0000000+01:00" testType="13cdc9d9-ddb5-4fa4-a97d-d965ccfc6d4b" outcome="Passed" testListId="8c84fa94-04c1-424b-9868-57a2d4851a1d" relativeResultsDirectory="c4d64ab8-b08e-4387-9b25-58f05a63df2d" />
    <UnitTestResult executionId="394d5085-2b8c-446d-bce8-2b9d9eb8793a" testId="1b0f98fd-1d63-8013-f76a-ac489a4f9507" testName="[Smoke_ObjectExistence].[40].[Existence of the table].[Table Mzdy_NepritomnostVMesici]" computerName="LAPTOP-OBK5BVVT" duration="00:00:00.0789929" startTime="2020-10-28T15:14:18.0000000+01:00" endTime="2020-10-28T15:14:18.0000000+01:00" testType="13cdc9d9-ddb5-4fa4-a97d-d965ccfc6d4b" outcome="Passed" testListId="8c84fa94-04c1-424b-9868-57a2d4851a1d" relativeResultsDirectory="394d5085-2b8c-446d-bce8-2b9d9eb8793a" />
    <UnitTestResult executionId="e9c1b4bf-d3f7-441c-9e75-1db65cbf4cbb" testId="4c3281ce-958d-c17c-c4db-acdbee707867" testName="[Integration_StagingxDim&amp;Fact].[42].[ST - Revenue Cost Category].[ST - Revenue Cost Category Assigned]" computerName="LAPTOP-OBK5BVVT" duration="00:00:00.0389850" startTime="2020-10-28T15:14:17.0000000+01:00" endTime="2020-10-28T15:14:17.0000000+01:00" testType="13cdc9d9-ddb5-4fa4-a97d-d965ccfc6d4b" outcome="Passed" testListId="8c84fa94-04c1-424b-9868-57a2d4851a1d" relativeResultsDirectory="e9c1b4bf-d3f7-441c-9e75-1db65cbf4cbb" />
    <UnitTestResult executionId="68d4155d-831e-4588-bade-88a11a695f26" testId="676e7cea-5aa4-1a91-eaf5-d360655ae92e" testName="[Smoke_ObjectExistence].[54].[Existence of the table].[Table TransactionCurrency]" computerName="LAPTOP-OBK5BVVT" duration="00:00:00.0845330" startTime="2020-10-28T15:14:18.0000000+01:00" endTime="2020-10-28T15:14:18.0000000+01:00" testType="13cdc9d9-ddb5-4fa4-a97d-d965ccfc6d4b" outcome="Passed" testListId="8c84fa94-04c1-424b-9868-57a2d4851a1d" relativeResultsDirectory="68d4155d-831e-4588-bade-88a11a695f26" />
    <UnitTestResult executionId="0312266d-30b0-4465-a03b-10d1fc0a29a7" testId="821e872f-8ad4-4756-a10a-1a9afe75ca93" testName="[Integration_StagingxDim&amp;Fact].[33].[IT - Staging table is a subset of a dimension].[StagingMoney.Fakturace_ZalohovaFakturaPrijata]" computerName="LAPTOP-OBK5BVVT" duration="00:00:00.0438380" startTime="2020-10-28T15:14:17.0000000+01:00" endTime="2020-10-28T15:14:17.0000000+01:00" testType="13cdc9d9-ddb5-4fa4-a97d-d965ccfc6d4b" outcome="Passed" testListId="8c84fa94-04c1-424b-9868-57a2d4851a1d" relativeResultsDirectory="0312266d-30b0-4465-a03b-10d1fc0a29a7" />
    <UnitTestResult executionId="f2e95886-cd48-49dd-b104-b958c387deb4" testId="87b6bec7-37b1-b032-698d-279ffdadc596" testName="[Smoke_ObjectExistence].[3].[Existence of the table].[Table Fakturace_ZalohovaFakturaVydana]" computerName="LAPTOP-OBK5BVVT" duration="00:00:00.0797410" startTime="2020-10-28T15:14:17.0000000+01:00" endTime="2020-10-28T15:14:17.0000000+01:00" testType="13cdc9d9-ddb5-4fa4-a97d-d965ccfc6d4b" outcome="Passed" testListId="8c84fa94-04c1-424b-9868-57a2d4851a1d" relativeResultsDirectory="f2e95886-cd48-49dd-b104-b958c387deb4" />
    <UnitTestResult executionId="e6078136-bccb-4bea-8f0f-588cd40c326c" testId="e98ba9b2-7b11-bcbc-7534-5441c3ffe8f3" testName="[Smoke_ObjectExistence].[13].[Existence of the table].[Table Finance_PolozkaPrikazuKUhrade]" computerName="LAPTOP-OBK5BVVT" duration="00:00:00.0839620" startTime="2020-10-28T15:14:17.0000000+01:00" endTime="2020-10-28T15:14:17.0000000+01:00" testType="13cdc9d9-ddb5-4fa4-a97d-d965ccfc6d4b" outcome="Passed" testListId="8c84fa94-04c1-424b-9868-57a2d4851a1d" relativeResultsDirectory="e6078136-bccb-4bea-8f0f-588cd40c326c" />
    <UnitTestResult executionId="11505df4-b8fc-429d-8f34-ebbd9456ef7f" testId="ef467e50-8cd0-e812-a730-294de2e8ad0f" testName="[Integration_StagingxDim&amp;Fact].[5].[ST - Check of not duplicate combinations].[Table [Fact].[Person Capacity]]" computerName="LAPTOP-OBK5BVVT" duration="00:00:00.8583520" startTime="2020-10-28T15:14:15.0000000+01:00" endTime="2020-10-28T15:14:16.0000000+01:00" testType="13cdc9d9-ddb5-4fa4-a97d-d965ccfc6d4b" outcome="Passed" testListId="8c84fa94-04c1-424b-9868-57a2d4851a1d" relativeResultsDirectory="11505df4-b8fc-429d-8f34-ebbd9456ef7f" />
    <UnitTestResult executionId="1d8d73f3-f7f2-49d0-a1c4-dc6757c222bd" testId="c430239a-df21-fddb-6351-0e824ec43dd2" testName="[Smoke_ObjectExistence].[12].[Existence of the table].[Table Fakturace_FakturaPrijata]" computerName="LAPTOP-OBK5BVVT" duration="00:00:00.0901860" startTime="2020-10-28T15:14:17.0000000+01:00" endTime="2020-10-28T15:14:17.0000000+01:00" testType="13cdc9d9-ddb5-4fa4-a97d-d965ccfc6d4b" outcome="Passed" testListId="8c84fa94-04c1-424b-9868-57a2d4851a1d" relativeResultsDirectory="1d8d73f3-f7f2-49d0-a1c4-dc6757c222bd" />
    <UnitTestResult executionId="c82db02b-8c37-400e-87fa-682300755495" testId="4fe7149d-95b6-137a-5c7f-e332393585ef" testName="[Smoke_ObjectExistence].[44].[Existence of the table].[Table Mzdy_DruhNepritomnosti]" computerName="LAPTOP-OBK5BVVT" duration="00:00:00.0814160" startTime="2020-10-28T15:14:18.0000000+01:00" endTime="2020-10-28T15:14:18.0000000+01:00" testType="13cdc9d9-ddb5-4fa4-a97d-d965ccfc6d4b" outcome="Passed" testListId="8c84fa94-04c1-424b-9868-57a2d4851a1d" relativeResultsDirectory="c82db02b-8c37-400e-87fa-682300755495" />
    <UnitTestResult executionId="63ed846e-12a4-4610-86cb-a533c0adaf18" testId="1cb03d79-ff9b-500d-7915-ae447d9bbf71" testName="[Smoke_ObjectExistence].[18].[Existence of the table].[Table Ciselniky_Stat]" computerName="LAPTOP-OBK5BVVT" duration="00:00:00.0940610" startTime="2020-10-28T15:14:17.0000000+01:00" endTime="2020-10-28T15:14:18.0000000+01:00" testType="13cdc9d9-ddb5-4fa4-a97d-d965ccfc6d4b" outcome="Passed" testListId="8c84fa94-04c1-424b-9868-57a2d4851a1d" relativeResultsDirectory="63ed846e-12a4-4610-86cb-a533c0adaf18" />
    <UnitTestResult executionId="b373f2bb-649c-4575-adcb-e450a80e5d9b" testId="58940f79-27c1-f004-0cda-2c9c955f9a6c" testName="[Integration_StagingxDim&amp;Fact].[31].[IT - Staging table is a subset of a dimension].[StagingMoney.Finance_BankovniVypis]" computerName="LAPTOP-OBK5BVVT" duration="00:00:00.0494970" startTime="2020-10-28T15:14:17.0000000+01:00" endTime="2020-10-28T15:14:17.0000000+01:00" testType="13cdc9d9-ddb5-4fa4-a97d-d965ccfc6d4b" outcome="Failed" testListId="8c84fa94-04c1-424b-9868-57a2d4851a1d" relativeResultsDirectory="b373f2bb-649c-4575-adcb-e450a80e5d9b">
      <Output>
        <ErrorInfo>
          <Message>There is at least one row, but no rows were expected:&#xD;
&#xD;
┌───────────────────────────┬──────────────┬───────┐&#xD;
│ID                         │CisloDokladu  │Nazev  │&#xD;
╞═══════════════════════════╪══════════════╪═══════╡&#xD;
│d810dead-7f36-485f-805...  │BVFS00001     │       │&#xD;
└───────────────────────────┴──────────────┴───────┘&#xD;
&#xD;
&#xD;
Test description: Dim.Document&#xD;
TestQuerySource: BigBang&#xD;
TestQuery:&#xD;
&#xD;
    select ID, CisloDokladu, Nazev from StagingMoney.Finance_BankovniVypis&#xD;
    except&#xD;
&#xD;
 SELECT [Document Money Src ID]&#xD;
      ,[Document Number]&#xD;
      ,[Document Description]&#xD;
  FROM [Dim].[Document]&#xD;
&#xD;
</Message>
          <StackTrace>   at JC.Unit.TestExecution.nUnitRunner.RunAllTests(TestDefinition testDefinition) in D:\a\1\s\MainCore\JC.Unit\JC.Unit\TestExecution\nUnitRunner.cs:line 59&#xD;
</StackTrace>
        </ErrorInfo>
      </Output>
    </UnitTestResult>
    <UnitTestResult executionId="d4fccd8f-a13b-4460-aac4-fae40dbd223b" testId="45d2f5aa-bfed-e5b4-af2a-66055047a3eb" testName="[Smoke_ObjectExistence].[24].[Existence of the table].[Table Fakturace_PolozkaZalohoveFakturyPrijate]" computerName="LAPTOP-OBK5BVVT" duration="00:00:00.0826620" startTime="2020-10-28T15:14:18.0000000+01:00" endTime="2020-10-28T15:14:18.0000000+01:00" testType="13cdc9d9-ddb5-4fa4-a97d-d965ccfc6d4b" outcome="Passed" testListId="8c84fa94-04c1-424b-9868-57a2d4851a1d" relativeResultsDirectory="d4fccd8f-a13b-4460-aac4-fae40dbd223b" />
    <UnitTestResult executionId="4da5524b-31df-4ccb-91ec-8135e9fc80f2" testId="418d3889-c0f4-fa67-39dd-4c1a403bf7e3" testName="[Smoke_ObjectExistence].[34].[Existence of the table].[Table Work Records]" computerName="LAPTOP-OBK5BVVT" duration="00:00:00.0879270" startTime="2020-10-28T15:14:18.0000000+01:00" endTime="2020-10-28T15:14:18.0000000+01:00" testType="13cdc9d9-ddb5-4fa4-a97d-d965ccfc6d4b" outcome="Passed" testListId="8c84fa94-04c1-424b-9868-57a2d4851a1d" relativeResultsDirectory="4da5524b-31df-4ccb-91ec-8135e9fc80f2" />
    <UnitTestResult executionId="2e60dc0a-2e0f-4f32-8726-6b28488f4a9d" testId="804bc72a-f601-f749-749a-fe98c1be182c" testName="[Integration_StagingxDim&amp;Fact].[29].[IT - Staging table is a subset of a dimension].[ StagingMoney.Fakturace_FakturaVydana&#xA;    except]" computerName="LAPTOP-OBK5BVVT" duration="00:00:00.0438250" startTime="2020-10-28T15:14:17.0000000+01:00" endTime="2020-10-28T15:14:17.0000000+01:00" testType="13cdc9d9-ddb5-4fa4-a97d-d965ccfc6d4b" outcome="Passed" testListId="8c84fa94-04c1-424b-9868-57a2d4851a1d" relativeResultsDirectory="2e60dc0a-2e0f-4f32-8726-6b28488f4a9d" />
    <UnitTestResult executionId="5d5530ad-19a7-41db-847f-fe491af3b50d" testId="8e1fb5dc-b2d8-31f3-5b99-a714e28802f3" testName="[Integration_StagingxDim&amp;Fact].[21].[IT - Staging table is a subset of a dimension].[StagingMoney.Ucetnictvi_Ucet]" computerName="LAPTOP-OBK5BVVT" duration="00:00:00.1123430" startTime="2020-10-28T15:14:17.0000000+01:00" endTime="2020-10-28T15:14:17.0000000+01:00" testType="13cdc9d9-ddb5-4fa4-a97d-d965ccfc6d4b" outcome="Passed" testListId="8c84fa94-04c1-424b-9868-57a2d4851a1d" relativeResultsDirectory="5d5530ad-19a7-41db-847f-fe491af3b50d" />
    <UnitTestResult executionId="7a0dcc19-7542-4f4f-8d9c-12906dee8c5d" testId="657fabb8-afdf-3e81-8619-3b18cd6e2f30" testName="[Smoke_ObjectExistence].[10].[Existence of the table].[Table Fakturace_FakturaVydana]" computerName="LAPTOP-OBK5BVVT" duration="00:00:00.0781240" startTime="2020-10-28T15:14:17.0000000+01:00" endTime="2020-10-28T15:14:17.0000000+01:00" testType="13cdc9d9-ddb5-4fa4-a97d-d965ccfc6d4b" outcome="Passed" testListId="8c84fa94-04c1-424b-9868-57a2d4851a1d" relativeResultsDirectory="7a0dcc19-7542-4f4f-8d9c-12906dee8c5d" />
    <UnitTestResult executionId="22d0ba9c-8cf0-45c1-b6ed-f34616ca975c" testId="a6ff8bd4-840e-7b1c-0622-bf6ed6997953" testName="[Integration_StagingxDim&amp;Fact].[38].[ST - Document Payment Status].[Document Payment Status - Nezaplaceno]" computerName="LAPTOP-OBK5BVVT" duration="00:00:00.0379769" startTime="2020-10-28T15:14:17.0000000+01:00" endTime="2020-10-28T15:14:17.0000000+01:00" testType="13cdc9d9-ddb5-4fa4-a97d-d965ccfc6d4b" outcome="Passed" testListId="8c84fa94-04c1-424b-9868-57a2d4851a1d" relativeResultsDirectory="22d0ba9c-8cf0-45c1-b6ed-f34616ca975c" />
    <UnitTestResult executionId="6ddffe20-c8bf-44b7-b05d-603fa9764360" testId="51d5df11-837d-fbef-2072-1a7a898a69fb" testName="[Smoke_ObjectExistence].[57].[Existence of the table].[Table Revenue Cost Category Specification]" computerName="LAPTOP-OBK5BVVT" duration="00:00:00.0814430" startTime="2020-10-28T15:14:18.0000000+01:00" endTime="2020-10-28T15:14:18.0000000+01:00" testType="13cdc9d9-ddb5-4fa4-a97d-d965ccfc6d4b" outcome="Passed" testListId="8c84fa94-04c1-424b-9868-57a2d4851a1d" relativeResultsDirectory="6ddffe20-c8bf-44b7-b05d-603fa9764360" />
    <UnitTestResult executionId="f4c3cf39-06cb-4128-90aa-e3ee4c98b076" testId="18b18861-0e44-b868-8a5f-964d2292f002" testName="[Smoke_ObjectExistence].[17].[Existence of the table].[Table Fakturace_PolozkaZalohoveFakturyVydane]" computerName="LAPTOP-OBK5BVVT" duration="00:00:00.0858160" startTime="2020-10-28T15:14:17.0000000+01:00" endTime="2020-10-28T15:14:17.0000000+01:00" testType="13cdc9d9-ddb5-4fa4-a97d-d965ccfc6d4b" outcome="Passed" testListId="8c84fa94-04c1-424b-9868-57a2d4851a1d" relativeResultsDirectory="f4c3cf39-06cb-4128-90aa-e3ee4c98b076" />
    <UnitTestResult executionId="2a2b9297-da61-40ad-8d62-02ca8aa50cb7" testId="a7f1c5d9-3dd4-03b5-631d-00450448e757" testName="[Integration_MoneyxStaging].[6].[ST - List of existing tables - StagingMoney].[Tables Existence]" computerName="LAPTOP-OBK5BVVT" duration="00:00:01.7968550" startTime="2020-10-28T15:14:13.0000000+01:00" endTime="2020-10-28T15:14:15.0000000+01:00" testType="13cdc9d9-ddb5-4fa4-a97d-d965ccfc6d4b" outcome="Passed" testListId="8c84fa94-04c1-424b-9868-57a2d4851a1d" relativeResultsDirectory="2a2b9297-da61-40ad-8d62-02ca8aa50cb7" />
    <UnitTestResult executionId="37e447d0-823f-41ff-bef7-0dcd48220936" testId="378cf331-36e7-aa16-9514-df1f6a19a35c" testName="[Integration_MoneyxStaging].[5].[ST - No empty tables - StagingMoney].[No empty tables]" computerName="LAPTOP-OBK5BVVT" duration="00:00:00.3025530" startTime="2020-10-28T15:14:13.0000000+01:00" endTime="2020-10-28T15:14:14.0000000+01:00" testType="13cdc9d9-ddb5-4fa4-a97d-d965ccfc6d4b" outcome="Passed" testListId="8c84fa94-04c1-424b-9868-57a2d4851a1d" relativeResultsDirectory="37e447d0-823f-41ff-bef7-0dcd48220936" />
    <UnitTestResult executionId="8b614ad5-5ca5-461c-a4b2-31c8e4f86e27" testId="50fafed6-ad95-43c4-24f8-d614d5c94d96" testName="[Smoke_ObjectExistence].[30].[Existence of the table].[Table Ucetnictvi_PohledavkovyDoklad]" computerName="LAPTOP-OBK5BVVT" duration="00:00:00.0863460" startTime="2020-10-28T15:14:18.0000000+01:00" endTime="2020-10-28T15:14:18.0000000+01:00" testType="13cdc9d9-ddb5-4fa4-a97d-d965ccfc6d4b" outcome="Passed" testListId="8c84fa94-04c1-424b-9868-57a2d4851a1d" relativeResultsDirectory="8b614ad5-5ca5-461c-a4b2-31c8e4f86e27" />
    <UnitTestResult executionId="d5ba9bbb-34d7-4c2d-a383-e068edddd9eb" testId="6febc6cd-4565-b196-9913-89791c7f65ab" testName="[Smoke_ObjectExistence].[8].[Existence of the table].[Table Ucetnictvi_InterniDoklad]" computerName="LAPTOP-OBK5BVVT" duration="00:00:00.0883780" startTime="2020-10-28T15:14:17.0000000+01:00" endTime="2020-10-28T15:14:17.0000000+01:00" testType="13cdc9d9-ddb5-4fa4-a97d-d965ccfc6d4b" outcome="Passed" testListId="8c84fa94-04c1-424b-9868-57a2d4851a1d" relativeResultsDirectory="d5ba9bbb-34d7-4c2d-a383-e068edddd9eb" />
    <UnitTestResult executionId="ac65bd14-daad-48ff-928f-984480e1cb08" testId="ec69f802-95a3-4b41-2a0c-e181c682aec8" testName="[Integration_StagingxDim&amp;Fact].[6].[ST - Check of Column values].[View [Model].[Contract]]" computerName="LAPTOP-OBK5BVVT" duration="00:00:00.0382070" startTime="2020-10-28T15:14:15.0000000+01:00" endTime="2020-10-28T15:14:15.0000000+01:00" testType="13cdc9d9-ddb5-4fa4-a97d-d965ccfc6d4b" outcome="Passed" testListId="8c84fa94-04c1-424b-9868-57a2d4851a1d" relativeResultsDirectory="ac65bd14-daad-48ff-928f-984480e1cb08" />
    <UnitTestResult executionId="0aa0d5d4-5d8a-403a-9c6e-e51aa25a68c5" testId="81abb510-fadd-909b-267d-cfb66ab8e4f9" testName="[Integration_StagingxDim&amp;Fact].[14].[IT - Sum check by Document Type].[Table [Ucetnictvi_InterniDoklad]]" computerName="LAPTOP-OBK5BVVT" duration="00:00:00.7027540" startTime="2020-10-28T15:14:16.0000000+01:00" endTime="2020-10-28T15:14:17.0000000+01:00" testType="13cdc9d9-ddb5-4fa4-a97d-d965ccfc6d4b" outcome="Passed" testListId="8c84fa94-04c1-424b-9868-57a2d4851a1d" relativeResultsDirectory="0aa0d5d4-5d8a-403a-9c6e-e51aa25a68c5" />
    <UnitTestResult executionId="c9e87139-afbd-4492-8caa-84fbd5ee490c" testId="92e29243-f60c-3207-106a-1d834fb4d7e0" testName="[Smoke_ObjectExistence].[25].[Existence of the table].[Table Ucetnictvi_PolozkaZavazkovehoDokladu]" computerName="LAPTOP-OBK5BVVT" duration="00:00:00.0899570" startTime="2020-10-28T15:14:18.0000000+01:00" endTime="2020-10-28T15:14:18.0000000+01:00" testType="13cdc9d9-ddb5-4fa4-a97d-d965ccfc6d4b" outcome="Passed" testListId="8c84fa94-04c1-424b-9868-57a2d4851a1d" relativeResultsDirectory="c9e87139-afbd-4492-8caa-84fbd5ee490c" />
    <UnitTestResult executionId="10d9720b-6fc9-407b-b6e9-73de62e7cfeb" testId="4d4f2eb1-4b6a-f2f9-5631-fba458167b0b" testName="[Integration_StagingxDim&amp;Fact].[40].[ST - Document Payment Status].[Document Payment Status - N/A for Storno]" computerName="LAPTOP-OBK5BVVT" duration="00:00:00.0427890" startTime="2020-10-28T15:14:17.0000000+01:00" endTime="2020-10-28T15:14:17.0000000+01:00" testType="13cdc9d9-ddb5-4fa4-a97d-d965ccfc6d4b" outcome="Passed" testListId="8c84fa94-04c1-424b-9868-57a2d4851a1d" relativeResultsDirectory="10d9720b-6fc9-407b-b6e9-73de62e7cfeb" />
    <UnitTestResult executionId="5af4dfaf-b92f-44de-a586-a0281e81dfa0" testId="16d5e31b-ede9-d3bc-1f7a-c861155e9c35" testName="[Smoke_ObjectExistence].[46].[Existence of the table].[Table Person]" computerName="LAPTOP-OBK5BVVT" duration="00:00:00.0842960" startTime="2020-10-28T15:14:18.0000000+01:00" endTime="2020-10-28T15:14:18.0000000+01:00" testType="13cdc9d9-ddb5-4fa4-a97d-d965ccfc6d4b" outcome="Passed" testListId="8c84fa94-04c1-424b-9868-57a2d4851a1d" relativeResultsDirectory="5af4dfaf-b92f-44de-a586-a0281e81dfa0" />
    <UnitTestResult executionId="eb7c2ff3-2338-4cd1-902c-cda302b066ff" testId="16df9282-30d4-321f-d81a-c69931a0cf80" testName="[Integration_StagingxDim&amp;Fact].[37].[ST - Document Payment Status].[Document Payment Status - Castecne Zaplaceno]" computerName="LAPTOP-OBK5BVVT" duration="00:00:00.0468789" startTime="2020-10-28T15:14:17.0000000+01:00" endTime="2020-10-28T15:14:17.0000000+01:00" testType="13cdc9d9-ddb5-4fa4-a97d-d965ccfc6d4b" outcome="Passed" testListId="8c84fa94-04c1-424b-9868-57a2d4851a1d" relativeResultsDirectory="eb7c2ff3-2338-4cd1-902c-cda302b066ff" />
    <UnitTestResult executionId="d78c7916-48f5-46be-819d-bb8f0e88f4a2" testId="3e595e14-3e8a-3ee8-d68f-c0517b459f44" testName="[Smoke_ObjectExistence].[37].[Existence of the table].[Table Mzdy_Zamestnanec]" computerName="LAPTOP-OBK5BVVT" duration="00:00:00.0846230" startTime="2020-10-28T15:14:18.0000000+01:00" endTime="2020-10-28T15:14:18.0000000+01:00" testType="13cdc9d9-ddb5-4fa4-a97d-d965ccfc6d4b" outcome="Passed" testListId="8c84fa94-04c1-424b-9868-57a2d4851a1d" relativeResultsDirectory="d78c7916-48f5-46be-819d-bb8f0e88f4a2" />
    <UnitTestResult executionId="e4a2a182-14c1-4e6b-9bae-295c4ded4e65" testId="94a1c9bc-6703-5715-60b9-f1ef941637e7" testName="[Integration_StagingxDim&amp;Fact].[1].[ST - No empty tables Dim + Fact].[No empty Dim &amp; Fact tables]" computerName="LAPTOP-OBK5BVVT" duration="00:00:00.8733700" startTime="2020-10-28T15:14:13.0000000+01:00" endTime="2020-10-28T15:14:14.0000000+01:00" testType="13cdc9d9-ddb5-4fa4-a97d-d965ccfc6d4b" outcome="Passed" testListId="8c84fa94-04c1-424b-9868-57a2d4851a1d" relativeResultsDirectory="e4a2a182-14c1-4e6b-9bae-295c4ded4e65" />
    <UnitTestResult executionId="a60e34a1-5b97-408f-8086-5eb57c839d3c" testId="6f12a022-e888-a020-9538-58aae455a3ed" testName="[Smoke_ObjectExistence].[38].[Existence of the table].[Table Personalistika_ZamestnanecDoplnujiciUdaje]" computerName="LAPTOP-OBK5BVVT" duration="00:00:00.0720129" startTime="2020-10-28T15:14:18.0000000+01:00" endTime="2020-10-28T15:14:18.0000000+01:00" testType="13cdc9d9-ddb5-4fa4-a97d-d965ccfc6d4b" outcome="Passed" testListId="8c84fa94-04c1-424b-9868-57a2d4851a1d" relativeResultsDirectory="a60e34a1-5b97-408f-8086-5eb57c839d3c" />
    <UnitTestResult executionId="9b4a0539-5cc3-4b45-a735-61f3cb93d9a1" testId="a8dfca29-b254-c754-1cae-f37950e06b2d" testName="[Smoke_ObjectExistence].[2].[Existence of the table].[Table Finance_PolozkaPokladnihoDokladu]" computerName="LAPTOP-OBK5BVVT" duration="00:00:00.0811220" startTime="2020-10-28T15:14:17.0000000+01:00" endTime="2020-10-28T15:14:17.0000000+01:00" testType="13cdc9d9-ddb5-4fa4-a97d-d965ccfc6d4b" outcome="Passed" testListId="8c84fa94-04c1-424b-9868-57a2d4851a1d" relativeResultsDirectory="9b4a0539-5cc3-4b45-a735-61f3cb93d9a1" />
    <UnitTestResult executionId="5a51ecfe-5735-4407-a4e8-d6596a169631" testId="52a5227e-4b35-a770-eb37-5df487124947" testName="[Integration_StagingxDim&amp;Fact].[2].[ST - Accounting logic].[Journal x Account Balance check]" computerName="LAPTOP-OBK5BVVT" duration="00:00:01.7968300" startTime="2020-10-28T15:14:13.0000000+01:00" endTime="2020-10-28T15:14:15.0000000+01:00" testType="13cdc9d9-ddb5-4fa4-a97d-d965ccfc6d4b" outcome="Passed" testListId="8c84fa94-04c1-424b-9868-57a2d4851a1d" relativeResultsDirectory="5a51ecfe-5735-4407-a4e8-d6596a169631" />
    <UnitTestResult executionId="61be8ea9-f820-4f97-a7b3-bf577925d582" testId="7c2f79ab-8644-1b76-edfc-d1d7cfd5cae2" testName="[Smoke_ObjectExistence].[29].[Existence of the table].[Table Adresar_Firma]" computerName="LAPTOP-OBK5BVVT" duration="00:00:00.0810270" startTime="2020-10-28T15:14:18.0000000+01:00" endTime="2020-10-28T15:14:18.0000000+01:00" testType="13cdc9d9-ddb5-4fa4-a97d-d965ccfc6d4b" outcome="Passed" testListId="8c84fa94-04c1-424b-9868-57a2d4851a1d" relativeResultsDirectory="61be8ea9-f820-4f97-a7b3-bf577925d582" />
    <UnitTestResult executionId="3044ca62-9010-49cd-b3c6-0fe41773d758" testId="ee6274a6-d68c-445d-a661-6882990db88d" testName="[Smoke_ObjectExistence].[16].[Existence of the table].[Table Ucetnictvi_Ucet]" computerName="LAPTOP-OBK5BVVT" duration="00:00:00.0793490" startTime="2020-10-28T15:14:17.0000000+01:00" endTime="2020-10-28T15:14:17.0000000+01:00" testType="13cdc9d9-ddb5-4fa4-a97d-d965ccfc6d4b" outcome="Passed" testListId="8c84fa94-04c1-424b-9868-57a2d4851a1d" relativeResultsDirectory="3044ca62-9010-49cd-b3c6-0fe41773d758" />
    <UnitTestResult executionId="d0a6b068-b3e8-410f-b030-f7b73c64aee8" testId="40a17607-ffd3-0727-13e7-309842913b28" testName="[Integration_StagingxDim&amp;Fact].[27].[IT - Staging table is a subset of a dimension].[StagingMoney.Finance_PokladniDoklad]" computerName="LAPTOP-OBK5BVVT" duration="00:00:00.0437900" startTime="2020-10-28T15:14:17.0000000+01:00" endTime="2020-10-28T15:14:17.0000000+01:00" testType="13cdc9d9-ddb5-4fa4-a97d-d965ccfc6d4b" outcome="Failed" testListId="8c84fa94-04c1-424b-9868-57a2d4851a1d" relativeResultsDirectory="d0a6b068-b3e8-410f-b030-f7b73c64aee8">
      <Output>
        <ErrorInfo>
          <Message>There is at least one row, but no rows were expected:&#xD;
&#xD;
┌───────────────────────────┬──────────────┬───────┐&#xD;
│ID                         │CisloDokladu  │Nazev  │&#xD;
╞═══════════════════════════╪══════════════╪═══════╡&#xD;
│72262521-0ff7-4c29-a93...  │PV00009       │       │&#xD;
└───────────────────────────┴──────────────┴───────┘&#xD;
&#xD;
&#xD;
Test description: Dim.Document&#xD;
TestQuerySource: BigBang&#xD;
TestQuery:&#xD;
&#xD;
    select ID, CisloDokladu, Nazev from StagingMoney.Finance_PokladniDoklad&#xD;
    except&#xD;
&#xD;
 SELECT [Document Money Src ID]&#xD;
      ,[Document Number]&#xD;
      ,[Document Description]&#xD;
  FROM [Dim].[Document]&#xD;
&#xD;
</Message>
          <StackTrace>   at JC.Unit.TestExecution.nUnitRunner.RunAllTests(TestDefinition testDefinition) in D:\a\1\s\MainCore\JC.Unit\JC.Unit\TestExecution\nUnitRunner.cs:line 59&#xD;
</StackTrace>
        </ErrorInfo>
      </Output>
    </UnitTestResult>
    <UnitTestResult executionId="2579ebf7-c252-4323-9b03-6d4e337df9c6" testId="4e58d51f-82e8-9321-f845-d7958f15e29d" testName="[Smoke_ObjectExistence].[56].[Existence of the table].[Table Revenue Cost Category]" computerName="LAPTOP-OBK5BVVT" duration="00:00:00.0783390" startTime="2020-10-28T15:14:18.0000000+01:00" endTime="2020-10-28T15:14:18.0000000+01:00" testType="13cdc9d9-ddb5-4fa4-a97d-d965ccfc6d4b" outcome="Passed" testListId="8c84fa94-04c1-424b-9868-57a2d4851a1d" relativeResultsDirectory="2579ebf7-c252-4323-9b03-6d4e337df9c6" />
    <UnitTestResult executionId="3d9b1cd2-69e4-4fc0-b53e-f98e30e34646" testId="a9475b93-443b-d87f-a61f-8a41fc7ac6f1" testName="[Smoke_ObjectExistence].[11].[Existence of the table].[Table Ucetnictvi_ZavazkovyDoklad]" computerName="LAPTOP-OBK5BVVT" duration="00:00:00.0804680" startTime="2020-10-28T15:14:17.0000000+01:00" endTime="2020-10-28T15:14:17.0000000+01:00" testType="13cdc9d9-ddb5-4fa4-a97d-d965ccfc6d4b" outcome="Passed" testListId="8c84fa94-04c1-424b-9868-57a2d4851a1d" relativeResultsDirectory="3d9b1cd2-69e4-4fc0-b53e-f98e30e34646" />
    <UnitTestResult executionId="9af2e206-1812-4764-a701-6cffaf017ae3" testId="1ec31cfd-6123-0cfe-6ab3-63b40dd1212b" testName="[Smoke_ObjectExistence].[23].[Existence of the table].[Table Ciselniky_Cinnost]" computerName="LAPTOP-OBK5BVVT" duration="00:00:00.0831830" startTime="2020-10-28T15:14:18.0000000+01:00" endTime="2020-10-28T15:14:18.0000000+01:00" testType="13cdc9d9-ddb5-4fa4-a97d-d965ccfc6d4b" outcome="Passed" testListId="8c84fa94-04c1-424b-9868-57a2d4851a1d" relativeResultsDirectory="9af2e206-1812-4764-a701-6cffaf017ae3" />
    <UnitTestResult executionId="c2a2e5f1-beb7-4144-b8cd-b608c1efdea3" testId="2842dc64-121e-69f4-e399-0524fee8d051" testName="[Smoke_ObjectExistence].[43].[Existence of the table].[Table Mzdy_ZamestnanecNepritomnost]" computerName="LAPTOP-OBK5BVVT" duration="00:00:00.0819650" startTime="2020-10-28T15:14:18.0000000+01:00" endTime="2020-10-28T15:14:18.0000000+01:00" testType="13cdc9d9-ddb5-4fa4-a97d-d965ccfc6d4b" outcome="Passed" testListId="8c84fa94-04c1-424b-9868-57a2d4851a1d" relativeResultsDirectory="c2a2e5f1-beb7-4144-b8cd-b608c1efdea3" />
    <UnitTestResult executionId="60ecab75-0998-48ff-ba47-9995d1c31af7" testId="b36c18c2-2f16-c4b0-0e40-bd5cc9cf030a" testName="[Integration_StagingxDim&amp;Fact].[3].[ST - Not NULL values].[Table [Fact].[Person Capacity]]" computerName="LAPTOP-OBK5BVVT" duration="00:00:01.3162040" startTime="2020-10-28T15:14:14.0000000+01:00" endTime="2020-10-28T15:14:15.0000000+01:00" testType="13cdc9d9-ddb5-4fa4-a97d-d965ccfc6d4b" outcome="Passed" testListId="8c84fa94-04c1-424b-9868-57a2d4851a1d" relativeResultsDirectory="60ecab75-0998-48ff-ba47-9995d1c31af7" />
    <UnitTestResult executionId="e54bb16e-71d2-4549-b522-310ed1f57e7b" testId="08967945-3295-54c1-32d2-2e73fefe3a5f" testName="[Integration_StagingxDim&amp;Fact].[13].[IT - Sum check by Document Type].[Table [Fakturace_FakturaPrijata]]" computerName="LAPTOP-OBK5BVVT" duration="00:00:00.3770770" startTime="2020-10-28T15:14:16.0000000+01:00" endTime="2020-10-28T15:14:16.0000000+01:00" testType="13cdc9d9-ddb5-4fa4-a97d-d965ccfc6d4b" outcome="Passed" testListId="8c84fa94-04c1-424b-9868-57a2d4851a1d" relativeResultsDirectory="e54bb16e-71d2-4549-b522-310ed1f57e7b" />
    <UnitTestResult executionId="1b5cab71-3ae6-428f-99f5-c34b89b7e4ef" testId="e5564b1f-76b7-9dd4-7b65-c1c566b78c48" testName="[Integration_StagingxDim&amp;Fact].[22].[IT - Staging table is a subset of a dimension].[StagingMoney.Ciselniky_Cinnost]" computerName="LAPTOP-OBK5BVVT" duration="00:00:00.0566580" startTime="2020-10-28T15:14:17.0000000+01:00" endTime="2020-10-28T15:14:17.0000000+01:00" testType="13cdc9d9-ddb5-4fa4-a97d-d965ccfc6d4b" outcome="Passed" testListId="8c84fa94-04c1-424b-9868-57a2d4851a1d" relativeResultsDirectory="1b5cab71-3ae6-428f-99f5-c34b89b7e4ef" />
    <UnitTestResult executionId="883b7dbf-0b10-40be-8a56-8872d07742ce" testId="93a45ca3-7b48-9e02-d63a-86d7e8b5547f" testName="[Smoke_ObjectExistence].[7].[Existence of the table].[Table Ucetnictvi_StavUctu]" computerName="LAPTOP-OBK5BVVT" duration="00:00:00.0869450" startTime="2020-10-28T15:14:17.0000000+01:00" endTime="2020-10-28T15:14:17.0000000+01:00" testType="13cdc9d9-ddb5-4fa4-a97d-d965ccfc6d4b" outcome="Passed" testListId="8c84fa94-04c1-424b-9868-57a2d4851a1d" relativeResultsDirectory="883b7dbf-0b10-40be-8a56-8872d07742ce" />
    <UnitTestResult executionId="7a061800-d22a-4498-8f07-13c0edd4a0d4" testId="8297bce6-fe99-c398-4990-1b0593c648e4" testName="[Smoke_ObjectExistence].[53].[Existence of the table].[Table SystemUser]" computerName="LAPTOP-OBK5BVVT" duration="00:00:00.0969810" startTime="2020-10-28T15:14:18.0000000+01:00" endTime="2020-10-28T15:14:18.0000000+01:00" testType="13cdc9d9-ddb5-4fa4-a97d-d965ccfc6d4b" outcome="Passed" testListId="8c84fa94-04c1-424b-9868-57a2d4851a1d" relativeResultsDirectory="7a061800-d22a-4498-8f07-13c0edd4a0d4" />
    <UnitTestResult executionId="44f73058-3e53-4eeb-9be7-720222ad18da" testId="a839709d-1374-8ac0-c102-62728a740644" testName="[Integration_StagingxDim&amp;Fact].[19].[IT - Sum check by Document Type].[Table [Fakturace_ZalohovaFakturaVydana]]" computerName="LAPTOP-OBK5BVVT" duration="00:00:00.1894170" startTime="2020-10-28T15:14:17.0000000+01:00" endTime="2020-10-28T15:14:17.0000000+01:00" testType="13cdc9d9-ddb5-4fa4-a97d-d965ccfc6d4b" outcome="Passed" testListId="8c84fa94-04c1-424b-9868-57a2d4851a1d" relativeResultsDirectory="44f73058-3e53-4eeb-9be7-720222ad18da" />
    <UnitTestResult executionId="dc2b08b5-93b8-45c7-9146-dc8e2b8dc621" testId="5362ad2c-828a-7aad-1d15-a999fe6c67ac" testName="[Integration_StagingxDim&amp;Fact].[34].[IT - Staging table is a subset of a dimension].[StagingMoney.Finance_PrikazKUhrade]" computerName="LAPTOP-OBK5BVVT" duration="00:00:00.0707910" startTime="2020-10-28T15:14:17.0000000+01:00" endTime="2020-10-28T15:14:17.0000000+01:00" testType="13cdc9d9-ddb5-4fa4-a97d-d965ccfc6d4b" outcome="Failed" testListId="8c84fa94-04c1-424b-9868-57a2d4851a1d" relativeResultsDirectory="dc2b08b5-93b8-45c7-9146-dc8e2b8dc621">
      <Output>
        <ErrorInfo>
          <Message>There is at least one row, but no rows were expected:&#xD;
&#xD;
┌───────────────────────────┬──────────────┬──────────────┐&#xD;
│ID                         │CisloDokladu  │Nazev         │&#xD;
╞═══════════════════════════╪══════════════╪══════════════╡&#xD;
│7a724f8d-c58a-4e79-9f1...  │PU00011       │Mzdy 07/2019  │&#xD;
└───────────────────────────┴──────────────┴──────────────┘&#xD;
&#xD;
&#xD;
Test description: Dim.Document&#xD;
TestQuerySource: BigBang&#xD;
TestQuery:&#xD;
&#xD;
    select ID, CisloDokladu, Nazev from StagingMoney.Finance_PrikazKUhrade&#xD;
    except&#xD;
&#xD;
 SELECT [Document Money Src ID]&#xD;
      ,[Document Number]&#xD;
      ,[Document Description]&#xD;
  FROM [Dim].[Document]&#xD;
&#xD;
</Message>
          <StackTrace>   at JC.Unit.TestExecution.nUnitRunner.RunAllTests(TestDefinition testDefinition) in D:\a\1\s\MainCore\JC.Unit\JC.Unit\TestExecution\nUnitRunner.cs:line 59&#xD;
</StackTrace>
        </ErrorInfo>
      </Output>
    </UnitTestResult>
    <UnitTestResult executionId="7f0db31c-5f0b-44ec-98f8-068e2d63b866" testId="ebaeadec-2162-4787-8a1c-fd15c278512e" testName="[Integration_StagingxDim&amp;Fact].[35].[IT - Staging table is a subset of a dimension].[StagingMoney.Objednavky_ObjednavkaPrijata]" computerName="LAPTOP-OBK5BVVT" duration="00:00:00.0564930" startTime="2020-10-28T15:14:17.0000000+01:00" endTime="2020-10-28T15:14:17.0000000+01:00" testType="13cdc9d9-ddb5-4fa4-a97d-d965ccfc6d4b" outcome="Passed" testListId="8c84fa94-04c1-424b-9868-57a2d4851a1d" relativeResultsDirectory="7f0db31c-5f0b-44ec-98f8-068e2d63b866" />
    <UnitTestResult executionId="38ea2b15-bb6c-4744-b6c8-af1a55bbf901" testId="039a3cff-3840-8952-60c2-35593d0e1c99" testName="[Smoke_ObjectExistence].[45].[Existence of the table].[Table Customer Contract]" computerName="LAPTOP-OBK5BVVT" duration="00:00:00.0838909" startTime="2020-10-28T15:14:18.0000000+01:00" endTime="2020-10-28T15:14:18.0000000+01:00" testType="13cdc9d9-ddb5-4fa4-a97d-d965ccfc6d4b" outcome="Passed" testListId="8c84fa94-04c1-424b-9868-57a2d4851a1d" relativeResultsDirectory="38ea2b15-bb6c-4744-b6c8-af1a55bbf901" />
    <UnitTestResult executionId="ecbe538e-af6b-42e9-9a9a-8faadeaaf0c8" testId="16476183-8a99-9d57-9a05-ab6dceed5fad" testName="[Smoke_ObjectExistence].[9].[Existence of the table].[Table Fakturace_ZalohovaFakturaPrijata]" computerName="LAPTOP-OBK5BVVT" duration="00:00:00.0816740" startTime="2020-10-28T15:14:17.0000000+01:00" endTime="2020-10-28T15:14:17.0000000+01:00" testType="13cdc9d9-ddb5-4fa4-a97d-d965ccfc6d4b" outcome="Passed" testListId="8c84fa94-04c1-424b-9868-57a2d4851a1d" relativeResultsDirectory="ecbe538e-af6b-42e9-9a9a-8faadeaaf0c8" />
    <UnitTestResult executionId="404d6088-12ae-4925-b9d6-3e84fe305991" testId="1ab7735e-377f-01ed-d8c3-0db955cf8049" testName="[Integration_StagingxDim&amp;Fact].[8].[ST - Amount check].[Table [Dim].[Document]]" computerName="LAPTOP-OBK5BVVT" duration="00:00:00.0586000" startTime="2020-10-28T15:14:15.0000000+01:00" endTime="2020-10-28T15:14:15.0000000+01:00" testType="13cdc9d9-ddb5-4fa4-a97d-d965ccfc6d4b" outcome="Failed" testListId="8c84fa94-04c1-424b-9868-57a2d4851a1d" relativeResultsDirectory="404d6088-12ae-4925-b9d6-3e84fe305991">
      <Output>
        <ErrorInfo>
          <Message>There is at least one row, but no rows were expected:&#xD;
&#xD;
┌─────────────┬───────────────────────────┬─────────────────┬─────────────────────┬─────────────────┐&#xD;
│Document ID  │Document Description       │Amount Paid CZK  │Amount with VAT CZK  │Document Type    │&#xD;
╞═════════════╪═══════════════════════════╪═════════════════╪═════════════════════╪═════════════════╡&#xD;
│18           │Opravný daňový doklad ...  │0.0000           │-4850.8900           │faktura přijatá  │&#xD;
└─────────────┴───────────────────────────┴─────────────────┴─────────────────────┴─────────────────┘&#xD;
&#xD;
&#xD;
Test description: Check if sum of [Amount Paid CZK] is higher than [Amount with VAT CZK]&#xD;
TestQuerySource: BigBang&#xD;
TestQuery:&#xD;
&#xD;
    select [Document ID], [Document Description], [Amount Paid CZK], [Amount with VAT CZK], [Document Type]&#xD;
from dim.Document D&#xD;
join dim.[Document Type] DT&#xD;
on D.[Document Type ID] = DT.[Document Type ID]&#xD;
where [Amount Paid CZK] &gt; [Amount with VAT CZK]&#xD;
&#xD;
</Message>
          <StackTrace>   at JC.Unit.TestExecution.nUnitRunner.RunAllTests(TestDefinition testDefinition) in D:\a\1\s\MainCore\JC.Unit\JC.Unit\TestExecution\nUnitRunner.cs:line 59&#xD;
</StackTrace>
        </ErrorInfo>
      </Output>
    </UnitTestResult>
    <UnitTestResult executionId="aaace9e3-4b08-41ee-8ab5-2cad5e212e7c" testId="74db6c8f-742d-cdd0-fa94-9d1c48485dbf" testName="[Integration_StagingxDim&amp;Fact].[9].[ST - Credit and Debit].[Table [Fact].[Journal]]" computerName="LAPTOP-OBK5BVVT" duration="00:00:00.2135430" startTime="2020-10-28T15:14:15.0000000+01:00" endTime="2020-10-28T15:14:16.0000000+01:00" testType="13cdc9d9-ddb5-4fa4-a97d-d965ccfc6d4b" outcome="Passed" testListId="8c84fa94-04c1-424b-9868-57a2d4851a1d" relativeResultsDirectory="aaace9e3-4b08-41ee-8ab5-2cad5e212e7c" />
    <UnitTestResult executionId="c35d4afe-5b7c-4199-8e22-331f4a438227" testId="5279a498-3e54-6a76-5668-7936e4fcdb2e" testName="[Integration_StagingxDim&amp;Fact].[4].[ST - Sum of Amount with VAT CZK].[Table [Fact].[Document Item]]" computerName="LAPTOP-OBK5BVVT" duration="00:00:01.0002470" startTime="2020-10-28T15:14:14.0000000+01:00" endTime="2020-10-28T15:14:15.0000000+01:00" testType="13cdc9d9-ddb5-4fa4-a97d-d965ccfc6d4b" outcome="Passed" testListId="8c84fa94-04c1-424b-9868-57a2d4851a1d" relativeResultsDirectory="c35d4afe-5b7c-4199-8e22-331f4a438227" />
    <UnitTestResult executionId="221eb123-513d-4a70-9e03-f0fb9c57c15d" testId="fa48f061-b547-454d-8974-cc937051bb27" testName="[Smoke_ObjectExistence].[50].[Existence of the table].[Table LeadTalxis]" computerName="LAPTOP-OBK5BVVT" duration="00:00:00.0800940" startTime="2020-10-28T15:14:18.0000000+01:00" endTime="2020-10-28T15:14:18.0000000+01:00" testType="13cdc9d9-ddb5-4fa4-a97d-d965ccfc6d4b" outcome="Passed" testListId="8c84fa94-04c1-424b-9868-57a2d4851a1d" relativeResultsDirectory="221eb123-513d-4a70-9e03-f0fb9c57c15d" />
    <UnitTestResult executionId="2293b7a2-fe20-49fe-81c9-05755e05ed71" testId="d4f48ae9-e7e3-a446-ad84-9aae9cef5d7c" testName="[Smoke_ObjectExistence].[4].[Existence of the table].[Table Finance_PolozkaBankovnihoVypisu]" computerName="LAPTOP-OBK5BVVT" duration="00:00:00.2955010" startTime="2020-10-28T15:14:17.0000000+01:00" endTime="2020-10-28T15:14:17.0000000+01:00" testType="13cdc9d9-ddb5-4fa4-a97d-d965ccfc6d4b" outcome="Passed" testListId="8c84fa94-04c1-424b-9868-57a2d4851a1d" relativeResultsDirectory="2293b7a2-fe20-49fe-81c9-05755e05ed71" />
    <UnitTestResult executionId="65c246d7-c062-4150-97d3-dc7be8194b41" testId="c6060242-f5fb-cdf7-fa1d-63bf1a7089d9" testName="[Integration_StagingxDim&amp;Fact].[12].[IT - Sum check by Document Type].[Table [Finance_BankovniVypis]]" computerName="LAPTOP-OBK5BVVT" duration="00:00:00.3767570" startTime="2020-10-28T15:14:16.0000000+01:00" endTime="2020-10-28T15:14:16.0000000+01:00" testType="13cdc9d9-ddb5-4fa4-a97d-d965ccfc6d4b" outcome="Passed" testListId="8c84fa94-04c1-424b-9868-57a2d4851a1d" relativeResultsDirectory="65c246d7-c062-4150-97d3-dc7be8194b41" />
    <UnitTestResult executionId="3f489961-108d-49af-b1b2-5f2627b90483" testId="2399483b-6614-c431-9362-847b6c1e4592" testName="[Integration_StagingxDim&amp;Fact].[18].[IT - Sum check by Document Type].[Table [Fakturace_ZalohovaFakturaPrijata]]" computerName="LAPTOP-OBK5BVVT" duration="00:00:00.3179760" startTime="2020-10-28T15:14:16.0000000+01:00" endTime="2020-10-28T15:14:17.0000000+01:00" testType="13cdc9d9-ddb5-4fa4-a97d-d965ccfc6d4b" outcome="Passed" testListId="8c84fa94-04c1-424b-9868-57a2d4851a1d" relativeResultsDirectory="3f489961-108d-49af-b1b2-5f2627b90483" />
    <UnitTestResult executionId="6a869dd5-09fc-4028-a1ab-d3c894c1371e" testId="883a7dda-e9ee-b281-0325-2730d6a6e7b7" testName="[Integration_StagingxDim&amp;Fact].[16].[IT - Sum check by Document Type].[Table [Ucetnictvi_PohledavkovyDoklad]]" computerName="LAPTOP-OBK5BVVT" duration="00:00:00.4037990" startTime="2020-10-28T15:14:16.0000000+01:00" endTime="2020-10-28T15:14:16.0000000+01:00" testType="13cdc9d9-ddb5-4fa4-a97d-d965ccfc6d4b" outcome="Passed" testListId="8c84fa94-04c1-424b-9868-57a2d4851a1d" relativeResultsDirectory="6a869dd5-09fc-4028-a1ab-d3c894c1371e" />
    <UnitTestResult executionId="07fffa66-1903-4c20-84b1-bac064d15a2c" testId="bbd35e0e-bb7e-d19c-146d-4ca86003d252" testName="[Integration_StagingxDim&amp;Fact].[32].[IT - Staging table is a subset of a dimension].[StagingMoney.Fakturace_ZalohovaFakturaVydana]" computerName="LAPTOP-OBK5BVVT" duration="00:00:00.0382470" startTime="2020-10-28T15:14:17.0000000+01:00" endTime="2020-10-28T15:14:17.0000000+01:00" testType="13cdc9d9-ddb5-4fa4-a97d-d965ccfc6d4b" outcome="Passed" testListId="8c84fa94-04c1-424b-9868-57a2d4851a1d" relativeResultsDirectory="07fffa66-1903-4c20-84b1-bac064d15a2c" />
    <UnitTestResult executionId="c6fc1f14-a250-4f1d-a022-32905f030a08" testId="7cf2e1c7-c3b0-6dde-9ff6-bdc5372fabee" testName="[Smoke_ObjectExistence].[19].[Existence of the table].[Table EconomicBase_DruhDokladu]" computerName="LAPTOP-OBK5BVVT" duration="00:00:00.0854179" startTime="2020-10-28T15:14:17.0000000+01:00" endTime="2020-10-28T15:14:18.0000000+01:00" testType="13cdc9d9-ddb5-4fa4-a97d-d965ccfc6d4b" outcome="Passed" testListId="8c84fa94-04c1-424b-9868-57a2d4851a1d" relativeResultsDirectory="c6fc1f14-a250-4f1d-a022-32905f030a08" />
    <UnitTestResult executionId="1ac4877e-bdf4-482b-9684-38cc91f48e79" testId="c756a6b5-9822-425b-d05b-10486fe83341" testName="[Smoke_ObjectExistence].[28].[Existence of the table].[Table Finance_PokladniDoklad]" computerName="LAPTOP-OBK5BVVT" duration="00:00:00.0807610" startTime="2020-10-28T15:14:18.0000000+01:00" endTime="2020-10-28T15:14:18.0000000+01:00" testType="13cdc9d9-ddb5-4fa4-a97d-d965ccfc6d4b" outcome="Passed" testListId="8c84fa94-04c1-424b-9868-57a2d4851a1d" relativeResultsDirectory="1ac4877e-bdf4-482b-9684-38cc91f48e79" />
  </Results>
  <TestDefinitions>
    <UnitTest name="[Integration_StagingxDim&amp;Fact].[20].[IT - Sum check by Document Type].[Table [Ucetnictvi_ZavazkovyDoklad]]" storage="c:\users\terezačerná\documents\bigbang\testing\jc.unit.runner\jc.unit.dll" id="f0e14953-0487-efc3-1455-7bfbfe66d3f5">
      <Execution id="88f373a3-75dd-4c5a-9060-861535768c5a" />
      <TestMethod codeBase="C:\Users\TerezaČerná\Documents\BigBang\Testing\JC.Unit.Runner\JC.Unit.dll" adapterTypeName="executor://nunit3testexecutor/" className="JC.Unit.TestExecution.nUnitRunner" name="RunAllTests" />
    </UnitTest>
    <UnitTest name="[Integration_StagingxDim&amp;Fact].[33].[IT - Staging table is a subset of a dimension].[StagingMoney.Fakturace_ZalohovaFakturaPrijata]" storage="c:\users\terezačerná\documents\bigbang\testing\jc.unit.runner\jc.unit.dll" id="821e872f-8ad4-4756-a10a-1a9afe75ca93">
      <Execution id="0312266d-30b0-4465-a03b-10d1fc0a29a7" />
      <TestMethod codeBase="C:\Users\TerezaČerná\Documents\BigBang\Testing\JC.Unit.Runner\JC.Unit.dll" adapterTypeName="executor://nunit3testexecutor/" className="JC.Unit.TestExecution.nUnitRunner" name="RunAllTests" />
    </UnitTest>
    <UnitTest name="[Smoke_ObjectExistence].[35].[Existence of the table].[Table Contract Rates]" storage="c:\users\terezačerná\documents\bigbang\testing\jc.unit.runner\jc.unit.dll" id="ee7b3397-05b3-5660-5f81-c9db969c5159">
      <Execution id="fc07466a-8a9c-4032-a1e0-132c71142155" />
      <TestMethod codeBase="C:\Users\TerezaČerná\Documents\BigBang\Testing\JC.Unit.Runner\JC.Unit.dll" adapterTypeName="executor://nunit3testexecutor/" className="JC.Unit.TestExecution.nUnitRunner" name="RunAllTests" />
    </UnitTest>
    <UnitTest name="[Smoke_ObjectExistence].[15].[Existence of the table].[Table Meny_Mena]" storage="c:\users\terezačerná\documents\bigbang\testing\jc.unit.runner\jc.unit.dll" id="40bef62d-2799-3cb2-1e58-2af04995aa7b">
      <Execution id="08576340-93c3-44be-b8d7-f467141a02a9" />
      <TestMethod codeBase="C:\Users\TerezaČerná\Documents\BigBang\Testing\JC.Unit.Runner\JC.Unit.dll" adapterTypeName="executor://nunit3testexecutor/" className="JC.Unit.TestExecution.nUnitRunner" name="RunAllTests" />
    </UnitTest>
    <UnitTest name="[Integration_StagingxDim&amp;Fact].[10].[ST - Credit and Debit].[Table [Fact].[Account Balance]]" storage="c:\users\terezačerná\documents\bigbang\testing\jc.unit.runner\jc.unit.dll" id="3db5c791-ffce-6a05-5860-fd4dfbc84e5a">
      <Execution id="99268ada-e8cf-4b3e-b953-ea6e4da2613d" />
      <TestMethod codeBase="C:\Users\TerezaČerná\Documents\BigBang\Testing\JC.Unit.Runner\JC.Unit.dll" adapterTypeName="executor://nunit3testexecutor/" className="JC.Unit.TestExecution.nUnitRunner" name="RunAllTests" />
    </UnitTest>
    <UnitTest name="[Smoke_ObjectExistence].[20].[Existence of the table].[Table Ciselniky_Stredisko]" storage="c:\users\terezačerná\documents\bigbang\testing\jc.unit.runner\jc.unit.dll" id="2e3c31ea-d47c-7e26-f2f4-ddf1fa7d180e">
      <Execution id="303a502a-e849-45d9-8b52-413cf5f6afef" />
      <TestMethod codeBase="C:\Users\TerezaČerná\Documents\BigBang\Testing\JC.Unit.Runner\JC.Unit.dll" adapterTypeName="executor://nunit3testexecutor/" className="JC.Unit.TestExecution.nUnitRunner" name="RunAllTests" />
    </UnitTest>
    <UnitTest name="[Smoke_ObjectExistence].[44].[Existence of the table].[Table Mzdy_DruhNepritomnosti]" storage="c:\users\terezačerná\documents\bigbang\testing\jc.unit.runner\jc.unit.dll" id="4fe7149d-95b6-137a-5c7f-e332393585ef">
      <Execution id="c82db02b-8c37-400e-87fa-682300755495" />
      <TestMethod codeBase="C:\Users\TerezaČerná\Documents\BigBang\Testing\JC.Unit.Runner\JC.Unit.dll" adapterTypeName="executor://nunit3testexecutor/" className="JC.Unit.TestExecution.nUnitRunner" name="RunAllTests" />
    </UnitTest>
    <UnitTest name="[Smoke_ObjectExistence].[29].[Existence of the table].[Table Adresar_Firma]" storage="c:\users\terezačerná\documents\bigbang\testing\jc.unit.runner\jc.unit.dll" id="7c2f79ab-8644-1b76-edfc-d1d7cfd5cae2">
      <Execution id="61be8ea9-f820-4f97-a7b3-bf577925d582" />
      <TestMethod codeBase="C:\Users\TerezaČerná\Documents\BigBang\Testing\JC.Unit.Runner\JC.Unit.dll" adapterTypeName="executor://nunit3testexecutor/" className="JC.Unit.TestExecution.nUnitRunner" name="RunAllTests" />
    </UnitTest>
    <UnitTest name="[Integration_StagingxDim&amp;Fact].[27].[IT - Staging table is a subset of a dimension].[StagingMoney.Finance_PokladniDoklad]" storage="c:\users\terezačerná\documents\bigbang\testing\jc.unit.runner\jc.unit.dll" id="40a17607-ffd3-0727-13e7-309842913b28">
      <Execution id="d0a6b068-b3e8-410f-b030-f7b73c64aee8" />
      <TestMethod codeBase="C:\Users\TerezaČerná\Documents\BigBang\Testing\JC.Unit.Runner\JC.Unit.dll" adapterTypeName="executor://nunit3testexecutor/" className="JC.Unit.TestExecution.nUnitRunner" name="RunAllTests" />
    </UnitTest>
    <UnitTest name="[Smoke_ObjectExistence].[58].[Existence of the table].[Table Contract Fees]" storage="c:\users\terezačerná\documents\bigbang\testing\jc.unit.runner\jc.unit.dll" id="b94a13f1-e0d2-a3a1-0150-4599409d2aff">
      <Execution id="1f53bf34-fd75-47a3-b8fb-c379ce533e42" />
      <TestMethod codeBase="C:\Users\TerezaČerná\Documents\BigBang\Testing\JC.Unit.Runner\JC.Unit.dll" adapterTypeName="executor://nunit3testexecutor/" className="JC.Unit.TestExecution.nUnitRunner" name="RunAllTests" />
    </UnitTest>
    <UnitTest name="[Integration_StagingxDim&amp;Fact].[23].[IT - Staging table is a subset of a dimension].[StagingMoney.Ciselniky_Zakazka]" storage="c:\users\terezačerná\documents\bigbang\testing\jc.unit.runner\jc.unit.dll" id="7557f51e-c690-f35a-c69e-f1b0099d098d">
      <Execution id="da0dfb33-4dcd-4e4f-9c33-a452bcc75ec7" />
      <TestMethod codeBase="C:\Users\TerezaČerná\Documents\BigBang\Testing\JC.Unit.Runner\JC.Unit.dll" adapterTypeName="executor://nunit3testexecutor/" className="JC.Unit.TestExecution.nUnitRunner" name="RunAllTests" />
    </UnitTest>
    <UnitTest name="[Integration_StagingxDim&amp;Fact].[8].[ST - Amount check].[Table [Dim].[Document]]" storage="c:\users\terezačerná\documents\bigbang\testing\jc.unit.runner\jc.unit.dll" id="1ab7735e-377f-01ed-d8c3-0db955cf8049">
      <Execution id="404d6088-12ae-4925-b9d6-3e84fe305991" />
      <TestMethod codeBase="C:\Users\TerezaČerná\Documents\BigBang\Testing\JC.Unit.Runner\JC.Unit.dll" adapterTypeName="executor://nunit3testexecutor/" className="JC.Unit.TestExecution.nUnitRunner" name="RunAllTests" />
    </UnitTest>
    <UnitTest name="[Smoke_ObjectExistence].[56].[Existence of the table].[Table Revenue Cost Category]" storage="c:\users\terezačerná\documents\bigbang\testing\jc.unit.runner\jc.unit.dll" id="4e58d51f-82e8-9321-f845-d7958f15e29d">
      <Execution id="2579ebf7-c252-4323-9b03-6d4e337df9c6" />
      <TestMethod codeBase="C:\Users\TerezaČerná\Documents\BigBang\Testing\JC.Unit.Runner\JC.Unit.dll" adapterTypeName="executor://nunit3testexecutor/" className="JC.Unit.TestExecution.nUnitRunner" name="RunAllTests" />
    </UnitTest>
    <UnitTest name="[Smoke_ObjectExistence].[34].[Existence of the table].[Table Work Records]" storage="c:\users\terezačerná\documents\bigbang\testing\jc.unit.runner\jc.unit.dll" id="418d3889-c0f4-fa67-39dd-4c1a403bf7e3">
      <Execution id="4da5524b-31df-4ccb-91ec-8135e9fc80f2" />
      <TestMethod codeBase="C:\Users\TerezaČerná\Documents\BigBang\Testing\JC.Unit.Runner\JC.Unit.dll" adapterTypeName="executor://nunit3testexecutor/" className="JC.Unit.TestExecution.nUnitRunner" name="RunAllTests" />
    </UnitTest>
    <UnitTest name="[Smoke_ObjectExistence].[51].[Existence of the table].[Table LeadToOpportunity]" storage="c:\users\terezačerná\documents\bigbang\testing\jc.unit.runner\jc.unit.dll" id="b9c9e4ae-229c-0f71-c5aa-98fe7605eaf4">
      <Execution id="96ffce1d-8961-421b-b9c8-e6d14d1beba2" />
      <TestMethod codeBase="C:\Users\TerezaČerná\Documents\BigBang\Testing\JC.Unit.Runner\JC.Unit.dll" adapterTypeName="executor://nunit3testexecutor/" className="JC.Unit.TestExecution.nUnitRunner" name="RunAllTests" />
    </UnitTest>
    <UnitTest name="[Smoke_ObjectExistence].[37].[Existence of the table].[Table Mzdy_Zamestnanec]" storage="c:\users\terezačerná\documents\bigbang\testing\jc.unit.runner\jc.unit.dll" id="3e595e14-3e8a-3ee8-d68f-c0517b459f44">
      <Execution id="d78c7916-48f5-46be-819d-bb8f0e88f4a2" />
      <TestMethod codeBase="C:\Users\TerezaČerná\Documents\BigBang\Testing\JC.Unit.Runner\JC.Unit.dll" adapterTypeName="executor://nunit3testexecutor/" className="JC.Unit.TestExecution.nUnitRunner" name="RunAllTests" />
    </UnitTest>
    <UnitTest name="[Integration_StagingxDim&amp;Fact].[21].[IT - Staging table is a subset of a dimension].[StagingMoney.Ucetnictvi_Ucet]" storage="c:\users\terezačerná\documents\bigbang\testing\jc.unit.runner\jc.unit.dll" id="8e1fb5dc-b2d8-31f3-5b99-a714e28802f3">
      <Execution id="5d5530ad-19a7-41db-847f-fe491af3b50d" />
      <TestMethod codeBase="C:\Users\TerezaČerná\Documents\BigBang\Testing\JC.Unit.Runner\JC.Unit.dll" adapterTypeName="executor://nunit3testexecutor/" className="JC.Unit.TestExecution.nUnitRunner" name="RunAllTests" />
    </UnitTest>
    <UnitTest name="[Smoke_ObjectExistence].[14].[Existence of the table].[Table CSW_BI_Pohledavky2]" storage="c:\users\terezačerná\documents\bigbang\testing\jc.unit.runner\jc.unit.dll" id="864b6706-d1c5-e661-a612-b3725dce8068">
      <Execution id="864c30d0-0eb4-445e-8509-e508fd34a5a5" />
      <TestMethod codeBase="C:\Users\TerezaČerná\Documents\BigBang\Testing\JC.Unit.Runner\JC.Unit.dll" adapterTypeName="executor://nunit3testexecutor/" className="JC.Unit.TestExecution.nUnitRunner" name="RunAllTests" />
    </UnitTest>
    <UnitTest name="[Integration_StagingxDim&amp;Fact].[9].[ST - Credit and Debit].[Table [Fact].[Journal]]" storage="c:\users\terezačerná\documents\bigbang\testing\jc.unit.runner\jc.unit.dll" id="74db6c8f-742d-cdd0-fa94-9d1c48485dbf">
      <Execution id="aaace9e3-4b08-41ee-8ab5-2cad5e212e7c" />
      <TestMethod codeBase="C:\Users\TerezaČerná\Documents\BigBang\Testing\JC.Unit.Runner\JC.Unit.dll" adapterTypeName="executor://nunit3testexecutor/" className="JC.Unit.TestExecution.nUnitRunner" name="RunAllTests" />
    </UnitTest>
    <UnitTest name="[Smoke_ObjectExistence].[11].[Existence of the table].[Table Ucetnictvi_ZavazkovyDoklad]" storage="c:\users\terezačerná\documents\bigbang\testing\jc.unit.runner\jc.unit.dll" id="a9475b93-443b-d87f-a61f-8a41fc7ac6f1">
      <Execution id="3d9b1cd2-69e4-4fc0-b53e-f98e30e34646" />
      <TestMethod codeBase="C:\Users\TerezaČerná\Documents\BigBang\Testing\JC.Unit.Runner\JC.Unit.dll" adapterTypeName="executor://nunit3testexecutor/" className="JC.Unit.TestExecution.nUnitRunner" name="RunAllTests" />
    </UnitTest>
    <UnitTest name="[Smoke_ObjectExistence].[10].[Existence of the table].[Table Fakturace_FakturaVydana]" storage="c:\users\terezačerná\documents\bigbang\testing\jc.unit.runner\jc.unit.dll" id="657fabb8-afdf-3e81-8619-3b18cd6e2f30">
      <Execution id="7a0dcc19-7542-4f4f-8d9c-12906dee8c5d" />
      <TestMethod codeBase="C:\Users\TerezaČerná\Documents\BigBang\Testing\JC.Unit.Runner\JC.Unit.dll" adapterTypeName="executor://nunit3testexecutor/" className="JC.Unit.TestExecution.nUnitRunner" name="RunAllTests" />
    </UnitTest>
    <UnitTest name="[Integration_StagingxDim&amp;Fact].[26].[IT - Staging table is a subset of a dimension].[StagingMoney.Ucetnictvi_ZavazkovyDoklad]" storage="c:\users\terezačerná\documents\bigbang\testing\jc.unit.runner\jc.unit.dll" id="59c40813-1907-f75a-f050-dbaa9195f6db">
      <Execution id="94c7e4ce-aff2-41b1-b6ed-a3fcaaa9c5a5" />
      <TestMethod codeBase="C:\Users\TerezaČerná\Documents\BigBang\Testing\JC.Unit.Runner\JC.Unit.dll" adapterTypeName="executor://nunit3testexecutor/" className="JC.Unit.TestExecution.nUnitRunner" name="RunAllTests" />
    </UnitTest>
    <UnitTest name="[Integration_StagingxDim&amp;Fact].[34].[IT - Staging table is a subset of a dimension].[StagingMoney.Finance_PrikazKUhrade]" storage="c:\users\terezačerná\documents\bigbang\testing\jc.unit.runner\jc.unit.dll" id="5362ad2c-828a-7aad-1d15-a999fe6c67ac">
      <Execution id="dc2b08b5-93b8-45c7-9146-dc8e2b8dc621" />
      <TestMethod codeBase="C:\Users\TerezaČerná\Documents\BigBang\Testing\JC.Unit.Runner\JC.Unit.dll" adapterTypeName="executor://nunit3testexecutor/" className="JC.Unit.TestExecution.nUnitRunner" name="RunAllTests" />
    </UnitTest>
    <UnitTest name="[Integration_StagingxDim&amp;Fact].[1].[ST - No empty tables Dim + Fact].[No empty Dim &amp; Fact tables]" storage="c:\users\terezačerná\documents\bigbang\testing\jc.unit.runner\jc.unit.dll" id="94a1c9bc-6703-5715-60b9-f1ef941637e7">
      <Execution id="e4a2a182-14c1-4e6b-9bae-295c4ded4e65" />
      <TestMethod codeBase="C:\Users\TerezaČerná\Documents\BigBang\Testing\JC.Unit.Runner\JC.Unit.dll" adapterTypeName="executor://nunit3testexecutor/" className="JC.Unit.TestExecution.nUnitRunner" name="RunAllTests" />
    </UnitTest>
    <UnitTest name="[Smoke_ObjectExistence].[48].[Existence of the table].[Table Account]" storage="c:\users\terezačerná\documents\bigbang\testing\jc.unit.runner\jc.unit.dll" id="4d3a32a4-4609-a802-8e5d-72092fb3527d">
      <Execution id="9d2c15c4-ab8e-47a0-98f2-9567d83ce218" />
      <TestMethod codeBase="C:\Users\TerezaČerná\Documents\BigBang\Testing\JC.Unit.Runner\JC.Unit.dll" adapterTypeName="executor://nunit3testexecutor/" className="JC.Unit.TestExecution.nUnitRunner" name="RunAllTests" />
    </UnitTest>
    <UnitTest name="[Smoke_ObjectExistence].[5].[Existence of the table].[Table Finance_BankovniVypis]" storage="c:\users\terezačerná\documents\bigbang\testing\jc.unit.runner\jc.unit.dll" id="8f902760-590d-6675-0ade-d6de7c771a6b">
      <Execution id="56ceaf05-995a-4393-8116-c0c19847f3fc" />
      <TestMethod codeBase="C:\Users\TerezaČerná\Documents\BigBang\Testing\JC.Unit.Runner\JC.Unit.dll" adapterTypeName="executor://nunit3testexecutor/" className="JC.Unit.TestExecution.nUnitRunner" name="RunAllTests" />
    </UnitTest>
    <UnitTest name="[Smoke_ObjectExistence].[50].[Existence of the table].[Table LeadTalxis]" storage="c:\users\terezačerná\documents\bigbang\testing\jc.unit.runner\jc.unit.dll" id="fa48f061-b547-454d-8974-cc937051bb27">
      <Execution id="221eb123-513d-4a70-9e03-f0fb9c57c15d" />
      <TestMethod codeBase="C:\Users\TerezaČerná\Documents\BigBang\Testing\JC.Unit.Runner\JC.Unit.dll" adapterTypeName="executor://nunit3testexecutor/" className="JC.Unit.TestExecution.nUnitRunner" name="RunAllTests" />
    </UnitTest>
    <UnitTest name="[Smoke_ObjectExistence].[40].[Existence of the table].[Table Mzdy_NepritomnostVMesici]" storage="c:\users\terezačerná\documents\bigbang\testing\jc.unit.runner\jc.unit.dll" id="1b0f98fd-1d63-8013-f76a-ac489a4f9507">
      <Execution id="394d5085-2b8c-446d-bce8-2b9d9eb8793a" />
      <TestMethod codeBase="C:\Users\TerezaČerná\Documents\BigBang\Testing\JC.Unit.Runner\JC.Unit.dll" adapterTypeName="executor://nunit3testexecutor/" className="JC.Unit.TestExecution.nUnitRunner" name="RunAllTests" />
    </UnitTest>
    <UnitTest name="[Integration_StagingxDim&amp;Fact].[14].[IT - Sum check by Document Type].[Table [Ucetnictvi_InterniDoklad]]" storage="c:\users\terezačerná\documents\bigbang\testing\jc.unit.runner\jc.unit.dll" id="81abb510-fadd-909b-267d-cfb66ab8e4f9">
      <Execution id="0aa0d5d4-5d8a-403a-9c6e-e51aa25a68c5" />
      <TestMethod codeBase="C:\Users\TerezaČerná\Documents\BigBang\Testing\JC.Unit.Runner\JC.Unit.dll" adapterTypeName="executor://nunit3testexecutor/" className="JC.Unit.TestExecution.nUnitRunner" name="RunAllTests" />
    </UnitTest>
    <UnitTest name="[Integration_StagingxDim&amp;Fact].[19].[IT - Sum check by Document Type].[Table [Fakturace_ZalohovaFakturaVydana]]" storage="c:\users\terezačerná\documents\bigbang\testing\jc.unit.runner\jc.unit.dll" id="a839709d-1374-8ac0-c102-62728a740644">
      <Execution id="44f73058-3e53-4eeb-9be7-720222ad18da" />
      <TestMethod codeBase="C:\Users\TerezaČerná\Documents\BigBang\Testing\JC.Unit.Runner\JC.Unit.dll" adapterTypeName="executor://nunit3testexecutor/" className="JC.Unit.TestExecution.nUnitRunner" name="RunAllTests" />
    </UnitTest>
    <UnitTest name="[Integration_StagingxDim&amp;Fact].[32].[IT - Staging table is a subset of a dimension].[StagingMoney.Fakturace_ZalohovaFakturaVydana]" storage="c:\users\terezačerná\documents\bigbang\testing\jc.unit.runner\jc.unit.dll" id="bbd35e0e-bb7e-d19c-146d-4ca86003d252">
      <Execution id="07fffa66-1903-4c20-84b1-bac064d15a2c" />
      <TestMethod codeBase="C:\Users\TerezaČerná\Documents\BigBang\Testing\JC.Unit.Runner\JC.Unit.dll" adapterTypeName="executor://nunit3testexecutor/" className="JC.Unit.TestExecution.nUnitRunner" name="RunAllTests" />
    </UnitTest>
    <UnitTest name="[Smoke_ObjectExistence].[4].[Existence of the table].[Table Finance_PolozkaBankovnihoVypisu]" storage="c:\users\terezačerná\documents\bigbang\testing\jc.unit.runner\jc.unit.dll" id="d4f48ae9-e7e3-a446-ad84-9aae9cef5d7c">
      <Execution id="2293b7a2-fe20-49fe-81c9-05755e05ed71" />
      <TestMethod codeBase="C:\Users\TerezaČerná\Documents\BigBang\Testing\JC.Unit.Runner\JC.Unit.dll" adapterTypeName="executor://nunit3testexecutor/" className="JC.Unit.TestExecution.nUnitRunner" name="RunAllTests" />
    </UnitTest>
    <UnitTest name="[Integration_StagingxDim&amp;Fact].[30].[IT - Staging table is a subset of a dimension].[StagingMoney.Ucetnictvi_InterniDoklad]" storage="c:\users\terezačerná\documents\bigbang\testing\jc.unit.runner\jc.unit.dll" id="6f97390d-f333-7779-747b-5eb57b7fd1d8">
      <Execution id="a41dd1f5-44e5-4cff-82fa-b3a08fe37c7d" />
      <TestMethod codeBase="C:\Users\TerezaČerná\Documents\BigBang\Testing\JC.Unit.Runner\JC.Unit.dll" adapterTypeName="executor://nunit3testexecutor/" className="JC.Unit.TestExecution.nUnitRunner" name="RunAllTests" />
    </UnitTest>
    <UnitTest name="[Integration_StagingxDim&amp;Fact].[2].[ST - Accounting logic].[Journal x Account Balance check]" storage="c:\users\terezačerná\documents\bigbang\testing\jc.unit.runner\jc.unit.dll" id="52a5227e-4b35-a770-eb37-5df487124947">
      <Execution id="5a51ecfe-5735-4407-a4e8-d6596a169631" />
      <TestMethod codeBase="C:\Users\TerezaČerná\Documents\BigBang\Testing\JC.Unit.Runner\JC.Unit.dll" adapterTypeName="executor://nunit3testexecutor/" className="JC.Unit.TestExecution.nUnitRunner" name="RunAllTests" />
    </UnitTest>
    <UnitTest name="[Integration_StagingxDim&amp;Fact].[7].[ST - Sum of Amounts].[Table [Fact].[Journal]]" storage="c:\users\terezačerná\documents\bigbang\testing\jc.unit.runner\jc.unit.dll" id="68087df4-ff6a-60f2-a979-00e2356cf9b0">
      <Execution id="3eeff53b-82fb-4ba6-bb90-9d7aaf0d5a2f" />
      <TestMethod codeBase="C:\Users\TerezaČerná\Documents\BigBang\Testing\JC.Unit.Runner\JC.Unit.dll" adapterTypeName="executor://nunit3testexecutor/" className="JC.Unit.TestExecution.nUnitRunner" name="RunAllTests" />
    </UnitTest>
    <UnitTest name="[Smoke_ObjectExistence].[42].[Existence of the table].[Table Mzdy_TypPracovnihoPomeru]" storage="c:\users\terezačerná\documents\bigbang\testing\jc.unit.runner\jc.unit.dll" id="6ef871d9-313f-345e-6695-79d3809a83b3">
      <Execution id="c4d64ab8-b08e-4387-9b25-58f05a63df2d" />
      <TestMethod codeBase="C:\Users\TerezaČerná\Documents\BigBang\Testing\JC.Unit.Runner\JC.Unit.dll" adapterTypeName="executor://nunit3testexecutor/" className="JC.Unit.TestExecution.nUnitRunner" name="RunAllTests" />
    </UnitTest>
    <UnitTest name="[Integration_MoneyxStaging].[6].[ST - List of existing tables - StagingMoney].[Tables Existence]" storage="c:\users\terezačerná\documents\bigbang\testing\jc.unit.runner\jc.unit.dll" id="a7f1c5d9-3dd4-03b5-631d-00450448e757">
      <Execution id="2a2b9297-da61-40ad-8d62-02ca8aa50cb7" />
      <TestMethod codeBase="C:\Users\TerezaČerná\Documents\BigBang\Testing\JC.Unit.Runner\JC.Unit.dll" adapterTypeName="executor://nunit3testexecutor/" className="JC.Unit.TestExecution.nUnitRunner" name="RunAllTests" />
    </UnitTest>
    <UnitTest name="[Integration_StagingxDim&amp;Fact].[31].[IT - Staging table is a subset of a dimension].[StagingMoney.Finance_BankovniVypis]" storage="c:\users\terezačerná\documents\bigbang\testing\jc.unit.runner\jc.unit.dll" id="58940f79-27c1-f004-0cda-2c9c955f9a6c">
      <Execution id="b373f2bb-649c-4575-adcb-e450a80e5d9b" />
      <TestMethod codeBase="C:\Users\TerezaČerná\Documents\BigBang\Testing\JC.Unit.Runner\JC.Unit.dll" adapterTypeName="executor://nunit3testexecutor/" className="JC.Unit.TestExecution.nUnitRunner" name="RunAllTests" />
    </UnitTest>
    <UnitTest name="[Integration_StagingxDim&amp;Fact].[25].[IT - Staging table is a subset of a dimension].[StagingMoney.Ciselniky_Stredisko]" storage="c:\users\terezačerná\documents\bigbang\testing\jc.unit.runner\jc.unit.dll" id="30e9c341-1c1c-069d-a089-d4302828d75b">
      <Execution id="a73a5894-4bf5-4112-9485-25991252f236" />
      <TestMethod codeBase="C:\Users\TerezaČerná\Documents\BigBang\Testing\JC.Unit.Runner\JC.Unit.dll" adapterTypeName="executor://nunit3testexecutor/" className="JC.Unit.TestExecution.nUnitRunner" name="RunAllTests" />
    </UnitTest>
    <UnitTest name="[Integration_StagingxDim&amp;Fact].[6].[ST - Check of Column values].[View [Model].[Contract]]" storage="c:\users\terezačerná\documents\bigbang\testing\jc.unit.runner\jc.unit.dll" id="ec69f802-95a3-4b41-2a0c-e181c682aec8">
      <Execution id="ac65bd14-daad-48ff-928f-984480e1cb08" />
      <TestMethod codeBase="C:\Users\TerezaČerná\Documents\BigBang\Testing\JC.Unit.Runner\JC.Unit.dll" adapterTypeName="executor://nunit3testexecutor/" className="JC.Unit.TestExecution.nUnitRunner" name="RunAllTests" />
    </UnitTest>
    <UnitTest name="[Integration_StagingxDim&amp;Fact].[22].[IT - Staging table is a subset of a dimension].[StagingMoney.Ciselniky_Cinnost]" storage="c:\users\terezačerná\documents\bigbang\testing\jc.unit.runner\jc.unit.dll" id="e5564b1f-76b7-9dd4-7b65-c1c566b78c48">
      <Execution id="1b5cab71-3ae6-428f-99f5-c34b89b7e4ef" />
      <TestMethod codeBase="C:\Users\TerezaČerná\Documents\BigBang\Testing\JC.Unit.Runner\JC.Unit.dll" adapterTypeName="executor://nunit3testexecutor/" className="JC.Unit.TestExecution.nUnitRunner" name="RunAllTests" />
    </UnitTest>
    <UnitTest name="[Integration_StagingxDim&amp;Fact].[39].[ST - Document Payment Status].[Document Payment Status - Zaplaceno]" storage="c:\users\terezačerná\documents\bigbang\testing\jc.unit.runner\jc.unit.dll" id="20f5e4c2-74a8-19b6-8770-cfb85b838a3e">
      <Execution id="4d762974-35fc-4bd6-895d-69b48da87dae" />
      <TestMethod codeBase="C:\Users\TerezaČerná\Documents\BigBang\Testing\JC.Unit.Runner\JC.Unit.dll" adapterTypeName="executor://nunit3testexecutor/" className="JC.Unit.TestExecution.nUnitRunner" name="RunAllTests" />
    </UnitTest>
    <UnitTest name="[Integration_StagingxDim&amp;Fact].[12].[IT - Sum check by Document Type].[Table [Finance_BankovniVypis]]" storage="c:\users\terezačerná\documents\bigbang\testing\jc.unit.runner\jc.unit.dll" id="c6060242-f5fb-cdf7-fa1d-63bf1a7089d9">
      <Execution id="65c246d7-c062-4150-97d3-dc7be8194b41" />
      <TestMethod codeBase="C:\Users\TerezaČerná\Documents\BigBang\Testing\JC.Unit.Runner\JC.Unit.dll" adapterTypeName="executor://nunit3testexecutor/" className="JC.Unit.TestExecution.nUnitRunner" name="RunAllTests" />
    </UnitTest>
    <UnitTest name="[Smoke_ObjectExistence].[24].[Existence of the table].[Table Fakturace_PolozkaZalohoveFakturyPrijate]" storage="c:\users\terezačerná\documents\bigbang\testing\jc.unit.runner\jc.unit.dll" id="45d2f5aa-bfed-e5b4-af2a-66055047a3eb">
      <Execution id="d4fccd8f-a13b-4460-aac4-fae40dbd223b" />
      <TestMethod codeBase="C:\Users\TerezaČerná\Documents\BigBang\Testing\JC.Unit.Runner\JC.Unit.dll" adapterTypeName="executor://nunit3testexecutor/" className="JC.Unit.TestExecution.nUnitRunner" name="RunAllTests" />
    </UnitTest>
    <UnitTest name="[Smoke_ObjectExistence].[32].[Existence of the table].[Table Ucetnictvi_PolozkaInternihoDokladu]" storage="c:\users\terezačerná\documents\bigbang\testing\jc.unit.runner\jc.unit.dll" id="fea8ee86-f243-4070-1133-af94f671b1b8">
      <Execution id="6d7f5601-d996-4b65-a6f3-4e2888bba613" />
      <TestMethod codeBase="C:\Users\TerezaČerná\Documents\BigBang\Testing\JC.Unit.Runner\JC.Unit.dll" adapterTypeName="executor://nunit3testexecutor/" className="JC.Unit.TestExecution.nUnitRunner" name="RunAllTests" />
    </UnitTest>
    <UnitTest name="[Integration_MoneyxStaging].[5].[ST - No empty tables - StagingMoney].[No empty tables]" storage="c:\users\terezačerná\documents\bigbang\testing\jc.unit.runner\jc.unit.dll" id="378cf331-36e7-aa16-9514-df1f6a19a35c">
      <Execution id="37e447d0-823f-41ff-bef7-0dcd48220936" />
      <TestMethod codeBase="C:\Users\TerezaČerná\Documents\BigBang\Testing\JC.Unit.Runner\JC.Unit.dll" adapterTypeName="executor://nunit3testexecutor/" className="JC.Unit.TestExecution.nUnitRunner" name="RunAllTests" />
    </UnitTest>
    <UnitTest name="[Integration_StagingxDim&amp;Fact].[13].[IT - Sum check by Document Type].[Table [Fakturace_FakturaPrijata]]" storage="c:\users\terezačerná\documents\bigbang\testing\jc.unit.runner\jc.unit.dll" id="08967945-3295-54c1-32d2-2e73fefe3a5f">
      <Execution id="e54bb16e-71d2-4549-b522-310ed1f57e7b" />
      <TestMethod codeBase="C:\Users\TerezaČerná\Documents\BigBang\Testing\JC.Unit.Runner\JC.Unit.dll" adapterTypeName="executor://nunit3testexecutor/" className="JC.Unit.TestExecution.nUnitRunner" name="RunAllTests" />
    </UnitTest>
    <UnitTest name="[Integration_StagingxDim&amp;Fact].[37].[ST - Document Payment Status].[Document Payment Status - Castecne Zaplaceno]" storage="c:\users\terezačerná\documents\bigbang\testing\jc.unit.runner\jc.unit.dll" id="16df9282-30d4-321f-d81a-c69931a0cf80">
      <Execution id="eb7c2ff3-2338-4cd1-902c-cda302b066ff" />
      <TestMethod codeBase="C:\Users\TerezaČerná\Documents\BigBang\Testing\JC.Unit.Runner\JC.Unit.dll" adapterTypeName="executor://nunit3testexecutor/" className="JC.Unit.TestExecution.nUnitRunner" name="RunAllTests" />
    </UnitTest>
    <UnitTest name="[Smoke_ObjectExistence].[21].[Existence of the table].[Table S5_Ucetnictvi_UcetniDenikTranspozice]" storage="c:\users\terezačerná\documents\bigbang\testing\jc.unit.runner\jc.unit.dll" id="20114aae-22cd-37b0-1449-9187519c2520">
      <Execution id="02c729b5-7fc8-4752-b79d-b9b88372232c" />
      <TestMethod codeBase="C:\Users\TerezaČerná\Documents\BigBang\Testing\JC.Unit.Runner\JC.Unit.dll" adapterTypeName="executor://nunit3testexecutor/" className="JC.Unit.TestExecution.nUnitRunner" name="RunAllTests" />
    </UnitTest>
    <UnitTest name="[Smoke_ObjectExistence].[46].[Existence of the table].[Table Person]" storage="c:\users\terezačerná\documents\bigbang\testing\jc.unit.runner\jc.unit.dll" id="16d5e31b-ede9-d3bc-1f7a-c861155e9c35">
      <Execution id="5af4dfaf-b92f-44de-a586-a0281e81dfa0" />
      <TestMethod codeBase="C:\Users\TerezaČerná\Documents\BigBang\Testing\JC.Unit.Runner\JC.Unit.dll" adapterTypeName="executor://nunit3testexecutor/" className="JC.Unit.TestExecution.nUnitRunner" name="RunAllTests" />
    </UnitTest>
    <UnitTest name="[Integration_StagingxDim&amp;Fact].[16].[IT - Sum check by Document Type].[Table [Ucetnictvi_PohledavkovyDoklad]]" storage="c:\users\terezačerná\documents\bigbang\testing\jc.unit.runner\jc.unit.dll" id="883a7dda-e9ee-b281-0325-2730d6a6e7b7">
      <Execution id="6a869dd5-09fc-4028-a1ab-d3c894c1371e" />
      <TestMethod codeBase="C:\Users\TerezaČerná\Documents\BigBang\Testing\JC.Unit.Runner\JC.Unit.dll" adapterTypeName="executor://nunit3testexecutor/" className="JC.Unit.TestExecution.nUnitRunner" name="RunAllTests" />
    </UnitTest>
    <UnitTest name="[Smoke_ObjectExistence].[6].[Existence of the table].[Table Finance_PrikazKUhrade]" storage="c:\users\terezačerná\documents\bigbang\testing\jc.unit.runner\jc.unit.dll" id="0dce3cbb-c5be-8ce9-26c7-823b70f36b4e">
      <Execution id="91b9d518-e98f-4779-ac0e-9ef5d0558a02" />
      <TestMethod codeBase="C:\Users\TerezaČerná\Documents\BigBang\Testing\JC.Unit.Runner\JC.Unit.dll" adapterTypeName="executor://nunit3testexecutor/" className="JC.Unit.TestExecution.nUnitRunner" name="RunAllTests" />
    </UnitTest>
    <UnitTest name="[Smoke_ObjectExistence].[18].[Existence of the table].[Table Ciselniky_Stat]" storage="c:\users\terezačerná\documents\bigbang\testing\jc.unit.runner\jc.unit.dll" id="1cb03d79-ff9b-500d-7915-ae447d9bbf71">
      <Execution id="63ed846e-12a4-4610-86cb-a533c0adaf18" />
      <TestMethod codeBase="C:\Users\TerezaČerná\Documents\BigBang\Testing\JC.Unit.Runner\JC.Unit.dll" adapterTypeName="executor://nunit3testexecutor/" className="JC.Unit.TestExecution.nUnitRunner" name="RunAllTests" />
    </UnitTest>
    <UnitTest name="[Smoke_ObjectExistence].[27].[Existence of the table].[Table Ciselniky_Zakazka]" storage="c:\users\terezačerná\documents\bigbang\testing\jc.unit.runner\jc.unit.dll" id="213ee05a-4a01-4b18-17cf-daa5bcd1646d">
      <Execution id="e44a43d3-a46f-47ae-9fae-ee3cfcafd56b" />
      <TestMethod codeBase="C:\Users\TerezaČerná\Documents\BigBang\Testing\JC.Unit.Runner\JC.Unit.dll" adapterTypeName="executor://nunit3testexecutor/" className="JC.Unit.TestExecution.nUnitRunner" name="RunAllTests" />
    </UnitTest>
    <UnitTest name="[Smoke_ObjectExistence].[28].[Existence of the table].[Table Finance_PokladniDoklad]" storage="c:\users\terezačerná\documents\bigbang\testing\jc.unit.runner\jc.unit.dll" id="c756a6b5-9822-425b-d05b-10486fe83341">
      <Execution id="1ac4877e-bdf4-482b-9684-38cc91f48e79" />
      <TestMethod codeBase="C:\Users\TerezaČerná\Documents\BigBang\Testing\JC.Unit.Runner\JC.Unit.dll" adapterTypeName="executor://nunit3testexecutor/" className="JC.Unit.TestExecution.nUnitRunner" name="RunAllTests" />
    </UnitTest>
    <UnitTest name="[Smoke_ObjectExistence].[38].[Existence of the table].[Table Personalistika_ZamestnanecDoplnujiciUdaje]" storage="c:\users\terezačerná\documents\bigbang\testing\jc.unit.runner\jc.unit.dll" id="6f12a022-e888-a020-9538-58aae455a3ed">
      <Execution id="a60e34a1-5b97-408f-8086-5eb57c839d3c" />
      <TestMethod codeBase="C:\Users\TerezaČerná\Documents\BigBang\Testing\JC.Unit.Runner\JC.Unit.dll" adapterTypeName="executor://nunit3testexecutor/" className="JC.Unit.TestExecution.nUnitRunner" name="RunAllTests" />
    </UnitTest>
    <UnitTest name="[Smoke_ObjectExistence].[3].[Existence of the table].[Table Fakturace_ZalohovaFakturaVydana]" storage="c:\users\terezačerná\documents\bigbang\testing\jc.unit.runner\jc.unit.dll" id="87b6bec7-37b1-b032-698d-279ffdadc596">
      <Execution id="f2e95886-cd48-49dd-b104-b958c387deb4" />
      <TestMethod codeBase="C:\Users\TerezaČerná\Documents\BigBang\Testing\JC.Unit.Runner\JC.Unit.dll" adapterTypeName="executor://nunit3testexecutor/" className="JC.Unit.TestExecution.nUnitRunner" name="RunAllTests" />
    </UnitTest>
    <UnitTest name="[Smoke_ObjectExistence].[30].[Existence of the table].[Table Ucetnictvi_PohledavkovyDoklad]" storage="c:\users\terezačerná\documents\bigbang\testing\jc.unit.runner\jc.unit.dll" id="50fafed6-ad95-43c4-24f8-d614d5c94d96">
      <Execution id="8b614ad5-5ca5-461c-a4b2-31c8e4f86e27" />
      <TestMethod codeBase="C:\Users\TerezaČerná\Documents\BigBang\Testing\JC.Unit.Runner\JC.Unit.dll" adapterTypeName="executor://nunit3testexecutor/" className="JC.Unit.TestExecution.nUnitRunner" name="RunAllTests" />
    </UnitTest>
    <UnitTest name="[Smoke_ObjectExistence].[9].[Existence of the table].[Table Fakturace_ZalohovaFakturaPrijata]" storage="c:\users\terezačerná\documents\bigbang\testing\jc.unit.runner\jc.unit.dll" id="16476183-8a99-9d57-9a05-ab6dceed5fad">
      <Execution id="ecbe538e-af6b-42e9-9a9a-8faadeaaf0c8" />
      <TestMethod codeBase="C:\Users\TerezaČerná\Documents\BigBang\Testing\JC.Unit.Runner\JC.Unit.dll" adapterTypeName="executor://nunit3testexecutor/" className="JC.Unit.TestExecution.nUnitRunner" name="RunAllTests" />
    </UnitTest>
    <UnitTest name="[Smoke_ObjectExistence].[36].[Existence of the table].[Table Mzdy_Mzda]" storage="c:\users\terezačerná\documents\bigbang\testing\jc.unit.runner\jc.unit.dll" id="da0038a8-2636-09ae-f494-d1299494c0c0">
      <Execution id="678e7f5c-955b-4740-9c64-600305bd53a9" />
      <TestMethod codeBase="C:\Users\TerezaČerná\Documents\BigBang\Testing\JC.Unit.Runner\JC.Unit.dll" adapterTypeName="executor://nunit3testexecutor/" className="JC.Unit.TestExecution.nUnitRunner" name="RunAllTests" />
    </UnitTest>
    <UnitTest name="[Integration_StagingxDim&amp;Fact].[17].[IT - Sum check by Document Type].[Table [Finance_PokladniDoklad]]" storage="c:\users\terezačerná\documents\bigbang\testing\jc.unit.runner\jc.unit.dll" id="82d47166-fa0d-eeb8-402e-c62c6e3b2d5d">
      <Execution id="c1bd294f-250d-484f-a9ff-a04ace846f5d" />
      <TestMethod codeBase="C:\Users\TerezaČerná\Documents\BigBang\Testing\JC.Unit.Runner\JC.Unit.dll" adapterTypeName="executor://nunit3testexecutor/" className="JC.Unit.TestExecution.nUnitRunner" name="RunAllTests" />
    </UnitTest>
    <UnitTest name="[Integration_StagingxDim&amp;Fact].[18].[IT - Sum check by Document Type].[Table [Fakturace_ZalohovaFakturaPrijata]]" storage="c:\users\terezačerná\documents\bigbang\testing\jc.unit.runner\jc.unit.dll" id="2399483b-6614-c431-9362-847b6c1e4592">
      <Execution id="3f489961-108d-49af-b1b2-5f2627b90483" />
      <TestMethod codeBase="C:\Users\TerezaČerná\Documents\BigBang\Testing\JC.Unit.Runner\JC.Unit.dll" adapterTypeName="executor://nunit3testexecutor/" className="JC.Unit.TestExecution.nUnitRunner" name="RunAllTests" />
    </UnitTest>
    <UnitTest name="[Integration_StagingxDim&amp;Fact].[24].[IT - Staging table is a subset of a dimension].[StagingMoney.Meny_Mena]" storage="c:\users\terezačerná\documents\bigbang\testing\jc.unit.runner\jc.unit.dll" id="271c685b-4f27-d869-82ad-0a11c3050d03">
      <Execution id="59a7fc53-cb43-4114-9bf0-dc3059a9ced1" />
      <TestMethod codeBase="C:\Users\TerezaČerná\Documents\BigBang\Testing\JC.Unit.Runner\JC.Unit.dll" adapterTypeName="executor://nunit3testexecutor/" className="JC.Unit.TestExecution.nUnitRunner" name="RunAllTests" />
    </UnitTest>
    <UnitTest name="[Smoke_ObjectExistence].[7].[Existence of the table].[Table Ucetnictvi_StavUctu]" storage="c:\users\terezačerná\documents\bigbang\testing\jc.unit.runner\jc.unit.dll" id="93a45ca3-7b48-9e02-d63a-86d7e8b5547f">
      <Execution id="883b7dbf-0b10-40be-8a56-8872d07742ce" />
      <TestMethod codeBase="C:\Users\TerezaČerná\Documents\BigBang\Testing\JC.Unit.Runner\JC.Unit.dll" adapterTypeName="executor://nunit3testexecutor/" className="JC.Unit.TestExecution.nUnitRunner" name="RunAllTests" />
    </UnitTest>
    <UnitTest name="[Smoke_ObjectExistence].[31].[Existence of the table].[Table Objednavky_PolozkaObjednavkyPrijate]" storage="c:\users\terezačerná\documents\bigbang\testing\jc.unit.runner\jc.unit.dll" id="18acec2e-1e7a-3778-00b9-41543d6289fe">
      <Execution id="bd5d76b9-19c8-4601-bdfb-760546e2fada" />
      <TestMethod codeBase="C:\Users\TerezaČerná\Documents\BigBang\Testing\JC.Unit.Runner\JC.Unit.dll" adapterTypeName="executor://nunit3testexecutor/" className="JC.Unit.TestExecution.nUnitRunner" name="RunAllTests" />
    </UnitTest>
    <UnitTest name="[Smoke_ObjectExistence].[53].[Existence of the table].[Table SystemUser]" storage="c:\users\terezačerná\documents\bigbang\testing\jc.unit.runner\jc.unit.dll" id="8297bce6-fe99-c398-4990-1b0593c648e4">
      <Execution id="7a061800-d22a-4498-8f07-13c0edd4a0d4" />
      <TestMethod codeBase="C:\Users\TerezaČerná\Documents\BigBang\Testing\JC.Unit.Runner\JC.Unit.dll" adapterTypeName="executor://nunit3testexecutor/" className="JC.Unit.TestExecution.nUnitRunner" name="RunAllTests" />
    </UnitTest>
    <UnitTest name="[Smoke_ObjectExistence].[8].[Existence of the table].[Table Ucetnictvi_InterniDoklad]" storage="c:\users\terezačerná\documents\bigbang\testing\jc.unit.runner\jc.unit.dll" id="6febc6cd-4565-b196-9913-89791c7f65ab">
      <Execution id="d5ba9bbb-34d7-4c2d-a383-e068edddd9eb" />
      <TestMethod codeBase="C:\Users\TerezaČerná\Documents\BigBang\Testing\JC.Unit.Runner\JC.Unit.dll" adapterTypeName="executor://nunit3testexecutor/" className="JC.Unit.TestExecution.nUnitRunner" name="RunAllTests" />
    </UnitTest>
    <UnitTest name="[Integration_StagingxDim&amp;Fact].[38].[ST - Document Payment Status].[Document Payment Status - Nezaplaceno]" storage="c:\users\terezačerná\documents\bigbang\testing\jc.unit.runner\jc.unit.dll" id="a6ff8bd4-840e-7b1c-0622-bf6ed6997953">
      <Execution id="22d0ba9c-8cf0-45c1-b6ed-f34616ca975c" />
      <TestMethod codeBase="C:\Users\TerezaČerná\Documents\BigBang\Testing\JC.Unit.Runner\JC.Unit.dll" adapterTypeName="executor://nunit3testexecutor/" className="JC.Unit.TestExecution.nUnitRunner" name="RunAllTests" />
    </UnitTest>
    <UnitTest name="[Smoke_ObjectExistence].[1].[Existence of the table].[Table Objednavky_ObjednavkaPrijata]" storage="c:\users\terezačerná\documents\bigbang\testing\jc.unit.runner\jc.unit.dll" id="becefbb3-296f-28e1-a93c-1a14e25a8f3d">
      <Execution id="f7514d10-8e4d-4e2e-9b93-56a7a49d39d6" />
      <TestMethod codeBase="C:\Users\TerezaČerná\Documents\BigBang\Testing\JC.Unit.Runner\JC.Unit.dll" adapterTypeName="executor://nunit3testexecutor/" className="JC.Unit.TestExecution.nUnitRunner" name="RunAllTests" />
    </UnitTest>
    <UnitTest name="[Smoke_ObjectExistence].[49].[Existence of the table].[Table Contact]" storage="c:\users\terezačerná\documents\bigbang\testing\jc.unit.runner\jc.unit.dll" id="52c3a3ad-7e55-dcc8-9df0-d1a8aea353c2">
      <Execution id="07edf55f-dfe0-4759-932a-e5d73b744223" />
      <TestMethod codeBase="C:\Users\TerezaČerná\Documents\BigBang\Testing\JC.Unit.Runner\JC.Unit.dll" adapterTypeName="executor://nunit3testexecutor/" className="JC.Unit.TestExecution.nUnitRunner" name="RunAllTests" />
    </UnitTest>
    <UnitTest name="[Smoke_ObjectExistence].[25].[Existence of the table].[Table Ucetnictvi_PolozkaZavazkovehoDokladu]" storage="c:\users\terezačerná\documents\bigbang\testing\jc.unit.runner\jc.unit.dll" id="92e29243-f60c-3207-106a-1d834fb4d7e0">
      <Execution id="c9e87139-afbd-4492-8caa-84fbd5ee490c" />
      <TestMethod codeBase="C:\Users\TerezaČerná\Documents\BigBang\Testing\JC.Unit.Runner\JC.Unit.dll" adapterTypeName="executor://nunit3testexecutor/" className="JC.Unit.TestExecution.nUnitRunner" name="RunAllTests" />
    </UnitTest>
    <UnitTest name="[Smoke_ObjectExistence].[2].[Existence of the table].[Table Finance_PolozkaPokladnihoDokladu]" storage="c:\users\terezačerná\documents\bigbang\testing\jc.unit.runner\jc.unit.dll" id="a8dfca29-b254-c754-1cae-f37950e06b2d">
      <Execution id="9b4a0539-5cc3-4b45-a735-61f3cb93d9a1" />
      <TestMethod codeBase="C:\Users\TerezaČerná\Documents\BigBang\Testing\JC.Unit.Runner\JC.Unit.dll" adapterTypeName="executor://nunit3testexecutor/" className="JC.Unit.TestExecution.nUnitRunner" name="RunAllTests" />
    </UnitTest>
    <UnitTest name="[Integration_StagingxDim&amp;Fact].[28].[IT - Staging table is a subset of a dimension].[StagingMoney.Fakturace_FakturaPrijata]" storage="c:\users\terezačerná\documents\bigbang\testing\jc.unit.runner\jc.unit.dll" id="30460f3b-eb1a-3117-0195-c89242d95fbf">
      <Execution id="24ff395f-5d89-4ba1-9cf0-a7f0de73ca53" />
      <TestMethod codeBase="C:\Users\TerezaČerná\Documents\BigBang\Testing\JC.Unit.Runner\JC.Unit.dll" adapterTypeName="executor://nunit3testexecutor/" className="JC.Unit.TestExecution.nUnitRunner" name="RunAllTests" />
    </UnitTest>
    <UnitTest name="[Integration_StagingxDim&amp;Fact].[5].[ST - Check of not duplicate combinations].[Table [Fact].[Person Capacity]]" storage="c:\users\terezačerná\documents\bigbang\testing\jc.unit.runner\jc.unit.dll" id="ef467e50-8cd0-e812-a730-294de2e8ad0f">
      <Execution id="11505df4-b8fc-429d-8f34-ebbd9456ef7f" />
      <TestMethod codeBase="C:\Users\TerezaČerná\Documents\BigBang\Testing\JC.Unit.Runner\JC.Unit.dll" adapterTypeName="executor://nunit3testexecutor/" className="JC.Unit.TestExecution.nUnitRunner" name="RunAllTests" />
    </UnitTest>
    <UnitTest name="[Integration_StagingxDim&amp;Fact].[11].[IT - Sum check by Document Type].[Table [Fakturace_FakturaVydana]]" storage="c:\users\terezačerná\documents\bigbang\testing\jc.unit.runner\jc.unit.dll" id="6d64c653-9c32-1272-4a79-b9f397aa1294">
      <Execution id="e1a1559b-4e78-41f4-bae8-3c7851b5d520" />
      <TestMethod codeBase="C:\Users\TerezaČerná\Documents\BigBang\Testing\JC.Unit.Runner\JC.Unit.dll" adapterTypeName="executor://nunit3testexecutor/" className="JC.Unit.TestExecution.nUnitRunner" name="RunAllTests" />
    </UnitTest>
    <UnitTest name="[Integration_StagingxDim&amp;Fact].[40].[ST - Document Payment Status].[Document Payment Status - N/A for Storno]" storage="c:\users\terezačerná\documents\bigbang\testing\jc.unit.runner\jc.unit.dll" id="4d4f2eb1-4b6a-f2f9-5631-fba458167b0b">
      <Execution id="10d9720b-6fc9-407b-b6e9-73de62e7cfeb" />
      <TestMethod codeBase="C:\Users\TerezaČerná\Documents\BigBang\Testing\JC.Unit.Runner\JC.Unit.dll" adapterTypeName="executor://nunit3testexecutor/" className="JC.Unit.TestExecution.nUnitRunner" name="RunAllTests" />
    </UnitTest>
    <UnitTest name="[Smoke_ObjectExistence].[45].[Existence of the table].[Table Customer Contract]" storage="c:\users\terezačerná\documents\bigbang\testing\jc.unit.runner\jc.unit.dll" id="039a3cff-3840-8952-60c2-35593d0e1c99">
      <Execution id="38ea2b15-bb6c-4744-b6c8-af1a55bbf901" />
      <TestMethod codeBase="C:\Users\TerezaČerná\Documents\BigBang\Testing\JC.Unit.Runner\JC.Unit.dll" adapterTypeName="executor://nunit3testexecutor/" className="JC.Unit.TestExecution.nUnitRunner" name="RunAllTests" />
    </UnitTest>
    <UnitTest name="[Smoke_ObjectExistence].[17].[Existence of the table].[Table Fakturace_PolozkaZalohoveFakturyVydane]" storage="c:\users\terezačerná\documents\bigbang\testing\jc.unit.runner\jc.unit.dll" id="18b18861-0e44-b868-8a5f-964d2292f002">
      <Execution id="f4c3cf39-06cb-4128-90aa-e3ee4c98b076" />
      <TestMethod codeBase="C:\Users\TerezaČerná\Documents\BigBang\Testing\JC.Unit.Runner\JC.Unit.dll" adapterTypeName="executor://nunit3testexecutor/" className="JC.Unit.TestExecution.nUnitRunner" name="RunAllTests" />
    </UnitTest>
    <UnitTest name="[Smoke_ObjectExistence].[47].[Existence of the table].[Table Personalistika_Zamestnanec]" storage="c:\users\terezačerná\documents\bigbang\testing\jc.unit.runner\jc.unit.dll" id="4717d6b8-16a3-1be3-996f-d263b9ce1288">
      <Execution id="0c16bd21-c279-4c73-a43e-f0e5b30f23c9" />
      <TestMethod codeBase="C:\Users\TerezaČerná\Documents\BigBang\Testing\JC.Unit.Runner\JC.Unit.dll" adapterTypeName="executor://nunit3testexecutor/" className="JC.Unit.TestExecution.nUnitRunner" name="RunAllTests" />
    </UnitTest>
    <UnitTest name="[Smoke_ObjectExistence].[33].[Existence of the table].[Table Ucetnictvi_PolozkaPohledavkovehoDokladu]" storage="c:\users\terezačerná\documents\bigbang\testing\jc.unit.runner\jc.unit.dll" id="fd5e261c-a769-e37b-93f3-db8fd9795ff2">
      <Execution id="69dd62cf-5b79-41b5-adee-886f1f377622" />
      <TestMethod codeBase="C:\Users\TerezaČerná\Documents\BigBang\Testing\JC.Unit.Runner\JC.Unit.dll" adapterTypeName="executor://nunit3testexecutor/" className="JC.Unit.TestExecution.nUnitRunner" name="RunAllTests" />
    </UnitTest>
    <UnitTest name="[Smoke_ObjectExistence].[55].[Existence of the table].[Table LeadToOpportunityTarget]" storage="c:\users\terezačerná\documents\bigbang\testing\jc.unit.runner\jc.unit.dll" id="a8c716b8-4193-980e-46d0-7cd4ef03d825">
      <Execution id="8aa8c033-1bc1-49ca-a98e-757775fe0b74" />
      <TestMethod codeBase="C:\Users\TerezaČerná\Documents\BigBang\Testing\JC.Unit.Runner\JC.Unit.dll" adapterTypeName="executor://nunit3testexecutor/" className="JC.Unit.TestExecution.nUnitRunner" name="RunAllTests" />
    </UnitTest>
    <UnitTest name="[Integration_StagingxDim&amp;Fact].[3].[ST - Not NULL values].[Table [Fact].[Person Capacity]]" storage="c:\users\terezačerná\documents\bigbang\testing\jc.unit.runner\jc.unit.dll" id="b36c18c2-2f16-c4b0-0e40-bd5cc9cf030a">
      <Execution id="60ecab75-0998-48ff-ba47-9995d1c31af7" />
      <TestMethod codeBase="C:\Users\TerezaČerná\Documents\BigBang\Testing\JC.Unit.Runner\JC.Unit.dll" adapterTypeName="executor://nunit3testexecutor/" className="JC.Unit.TestExecution.nUnitRunner" name="RunAllTests" />
    </UnitTest>
    <UnitTest name="[Integration_StagingxDim&amp;Fact].[41].[DQ - Paid more than needed].[Paid more than needed on document]" storage="c:\users\terezačerná\documents\bigbang\testing\jc.unit.runner\jc.unit.dll" id="e6a75b46-68e3-68c6-0bac-3b5c7b10f84c">
      <Execution id="74f6aa84-0906-4d0b-aa4b-ea41f98f869d" />
      <TestMethod codeBase="C:\Users\TerezaČerná\Documents\BigBang\Testing\JC.Unit.Runner\JC.Unit.dll" adapterTypeName="executor://nunit3testexecutor/" className="JC.Unit.TestExecution.nUnitRunner" name="RunAllTests" />
    </UnitTest>
    <UnitTest name="[Integration_StagingxDim&amp;Fact].[42].[ST - Revenue Cost Category].[ST - Revenue Cost Category Assigned]" storage="c:\users\terezačerná\documents\bigbang\testing\jc.unit.runner\jc.unit.dll" id="4c3281ce-958d-c17c-c4db-acdbee707867">
      <Execution id="e9c1b4bf-d3f7-441c-9e75-1db65cbf4cbb" />
      <TestMethod codeBase="C:\Users\TerezaČerná\Documents\BigBang\Testing\JC.Unit.Runner\JC.Unit.dll" adapterTypeName="executor://nunit3testexecutor/" className="JC.Unit.TestExecution.nUnitRunner" name="RunAllTests" />
    </UnitTest>
    <UnitTest name="[Smoke_ObjectExistence].[54].[Existence of the table].[Table TransactionCurrency]" storage="c:\users\terezačerná\documents\bigbang\testing\jc.unit.runner\jc.unit.dll" id="676e7cea-5aa4-1a91-eaf5-d360655ae92e">
      <Execution id="68d4155d-831e-4588-bade-88a11a695f26" />
      <TestMethod codeBase="C:\Users\TerezaČerná\Documents\BigBang\Testing\JC.Unit.Runner\JC.Unit.dll" adapterTypeName="executor://nunit3testexecutor/" className="JC.Unit.TestExecution.nUnitRunner" name="RunAllTests" />
    </UnitTest>
    <UnitTest name="[Smoke_ObjectExistence].[13].[Existence of the table].[Table Finance_PolozkaPrikazuKUhrade]" storage="c:\users\terezačerná\documents\bigbang\testing\jc.unit.runner\jc.unit.dll" id="e98ba9b2-7b11-bcbc-7534-5441c3ffe8f3">
      <Execution id="e6078136-bccb-4bea-8f0f-588cd40c326c" />
      <TestMethod codeBase="C:\Users\TerezaČerná\Documents\BigBang\Testing\JC.Unit.Runner\JC.Unit.dll" adapterTypeName="executor://nunit3testexecutor/" className="JC.Unit.TestExecution.nUnitRunner" name="RunAllTests" />
    </UnitTest>
    <UnitTest name="[Smoke_ObjectExistence].[57].[Existence of the table].[Table Revenue Cost Category Specification]" storage="c:\users\terezačerná\documents\bigbang\testing\jc.unit.runner\jc.unit.dll" id="51d5df11-837d-fbef-2072-1a7a898a69fb">
      <Execution id="6ddffe20-c8bf-44b7-b05d-603fa9764360" />
      <TestMethod codeBase="C:\Users\TerezaČerná\Documents\BigBang\Testing\JC.Unit.Runner\JC.Unit.dll" adapterTypeName="executor://nunit3testexecutor/" className="JC.Unit.TestExecution.nUnitRunner" name="RunAllTests" />
    </UnitTest>
    <UnitTest name="[Integration_StagingxDim&amp;Fact].[15].[IT - Sum check by Document Type].[Table [Objednavky_ObjednavkaPrijata]]" storage="c:\users\terezačerná\documents\bigbang\testing\jc.unit.runner\jc.unit.dll" id="7b2537ce-e820-5d98-57b2-e767c22e68d4">
      <Execution id="7f103415-676d-41a7-9ff1-a3ef184a990f" />
      <TestMethod codeBase="C:\Users\TerezaČerná\Documents\BigBang\Testing\JC.Unit.Runner\JC.Unit.dll" adapterTypeName="executor://nunit3testexecutor/" className="JC.Unit.TestExecution.nUnitRunner" name="RunAllTests" />
    </UnitTest>
    <UnitTest name="[Smoke_ObjectExistence].[23].[Existence of the table].[Table Ciselniky_Cinnost]" storage="c:\users\terezačerná\documents\bigbang\testing\jc.unit.runner\jc.unit.dll" id="1ec31cfd-6123-0cfe-6ab3-63b40dd1212b">
      <Execution id="9af2e206-1812-4764-a701-6cffaf017ae3" />
      <TestMethod codeBase="C:\Users\TerezaČerná\Documents\BigBang\Testing\JC.Unit.Runner\JC.Unit.dll" adapterTypeName="executor://nunit3testexecutor/" className="JC.Unit.TestExecution.nUnitRunner" name="RunAllTests" />
    </UnitTest>
    <UnitTest name="[Integration_StagingxDim&amp;Fact].[35].[IT - Staging table is a subset of a dimension].[StagingMoney.Objednavky_ObjednavkaPrijata]" storage="c:\users\terezačerná\documents\bigbang\testing\jc.unit.runner\jc.unit.dll" id="ebaeadec-2162-4787-8a1c-fd15c278512e">
      <Execution id="7f0db31c-5f0b-44ec-98f8-068e2d63b866" />
      <TestMethod codeBase="C:\Users\TerezaČerná\Documents\BigBang\Testing\JC.Unit.Runner\JC.Unit.dll" adapterTypeName="executor://nunit3testexecutor/" className="JC.Unit.TestExecution.nUnitRunner" name="RunAllTests" />
    </UnitTest>
    <UnitTest name="[Smoke_ObjectExistence].[39].[Existence of the table].[Table Mzdy_Svatky]" storage="c:\users\terezačerná\documents\bigbang\testing\jc.unit.runner\jc.unit.dll" id="ea30e6cb-f14a-8ba2-3bc0-4a8461781beb">
      <Execution id="3317ce91-e0d2-4d70-a362-e33218b85c84" />
      <TestMethod codeBase="C:\Users\TerezaČerná\Documents\BigBang\Testing\JC.Unit.Runner\JC.Unit.dll" adapterTypeName="executor://nunit3testexecutor/" className="JC.Unit.TestExecution.nUnitRunner" name="RunAllTests" />
    </UnitTest>
    <UnitTest name="[Smoke_ObjectExistence].[16].[Existence of the table].[Table Ucetnictvi_Ucet]" storage="c:\users\terezačerná\documents\bigbang\testing\jc.unit.runner\jc.unit.dll" id="ee6274a6-d68c-445d-a661-6882990db88d">
      <Execution id="3044ca62-9010-49cd-b3c6-0fe41773d758" />
      <TestMethod codeBase="C:\Users\TerezaČerná\Documents\BigBang\Testing\JC.Unit.Runner\JC.Unit.dll" adapterTypeName="executor://nunit3testexecutor/" className="JC.Unit.TestExecution.nUnitRunner" name="RunAllTests" />
    </UnitTest>
    <UnitTest name="[Integration_StagingxDim&amp;Fact].[36].[IT - Staging table is a subset of a dimension].[StagingMoney.Adresar_Firma]" storage="c:\users\terezačerná\documents\bigbang\testing\jc.unit.runner\jc.unit.dll" id="f6a3b2c6-2ece-d171-8a08-a5b7be76bf67">
      <Execution id="1c190f38-6fbb-4bef-b445-d259bfffbf4e" />
      <TestMethod codeBase="C:\Users\TerezaČerná\Documents\BigBang\Testing\JC.Unit.Runner\JC.Unit.dll" adapterTypeName="executor://nunit3testexecutor/" className="JC.Unit.TestExecution.nUnitRunner" name="RunAllTests" />
    </UnitTest>
    <UnitTest name="[Integration_StagingxDim&amp;Fact].[29].[IT - Staging table is a subset of a dimension].[ StagingMoney.Fakturace_FakturaVydana&#xA;    except]" storage="c:\users\terezačerná\documents\bigbang\testing\jc.unit.runner\jc.unit.dll" id="804bc72a-f601-f749-749a-fe98c1be182c">
      <Execution id="2e60dc0a-2e0f-4f32-8726-6b28488f4a9d" />
      <TestMethod codeBase="C:\Users\TerezaČerná\Documents\BigBang\Testing\JC.Unit.Runner\JC.Unit.dll" adapterTypeName="executor://nunit3testexecutor/" className="JC.Unit.TestExecution.nUnitRunner" name="RunAllTests" />
    </UnitTest>
    <UnitTest name="[Integration_StagingxDim&amp;Fact].[4].[ST - Sum of Amount with VAT CZK].[Table [Fact].[Document Item]]" storage="c:\users\terezačerná\documents\bigbang\testing\jc.unit.runner\jc.unit.dll" id="5279a498-3e54-6a76-5668-7936e4fcdb2e">
      <Execution id="c35d4afe-5b7c-4199-8e22-331f4a438227" />
      <TestMethod codeBase="C:\Users\TerezaČerná\Documents\BigBang\Testing\JC.Unit.Runner\JC.Unit.dll" adapterTypeName="executor://nunit3testexecutor/" className="JC.Unit.TestExecution.nUnitRunner" name="RunAllTests" />
    </UnitTest>
    <UnitTest name="[Smoke_ObjectExistence].[52].[Existence of the table].[Table OpportunityHeader]" storage="c:\users\terezačerná\documents\bigbang\testing\jc.unit.runner\jc.unit.dll" id="0d51d202-9f0e-8e87-796e-4d8c0987e236">
      <Execution id="9b60491b-bea8-4185-b397-2c844bd77fed" />
      <TestMethod codeBase="C:\Users\TerezaČerná\Documents\BigBang\Testing\JC.Unit.Runner\JC.Unit.dll" adapterTypeName="executor://nunit3testexecutor/" className="JC.Unit.TestExecution.nUnitRunner" name="RunAllTests" />
    </UnitTest>
    <UnitTest name="[Smoke_ObjectExistence].[22].[Existence of the table].[Table Fakturace_PolozkaFakturyVydane]" storage="c:\users\terezačerná\documents\bigbang\testing\jc.unit.runner\jc.unit.dll" id="419d32a9-d597-87dc-1eeb-30b5d4b5bb1a">
      <Execution id="0fcce926-9d29-4788-84ca-378ef58e91af" />
      <TestMethod codeBase="C:\Users\TerezaČerná\Documents\BigBang\Testing\JC.Unit.Runner\JC.Unit.dll" adapterTypeName="executor://nunit3testexecutor/" className="JC.Unit.TestExecution.nUnitRunner" name="RunAllTests" />
    </UnitTest>
    <UnitTest name="[Smoke_ObjectExistence].[12].[Existence of the table].[Table Fakturace_FakturaPrijata]" storage="c:\users\terezačerná\documents\bigbang\testing\jc.unit.runner\jc.unit.dll" id="c430239a-df21-fddb-6351-0e824ec43dd2">
      <Execution id="1d8d73f3-f7f2-49d0-a1c4-dc6757c222bd" />
      <TestMethod codeBase="C:\Users\TerezaČerná\Documents\BigBang\Testing\JC.Unit.Runner\JC.Unit.dll" adapterTypeName="executor://nunit3testexecutor/" className="JC.Unit.TestExecution.nUnitRunner" name="RunAllTests" />
    </UnitTest>
    <UnitTest name="[Smoke_ObjectExistence].[43].[Existence of the table].[Table Mzdy_ZamestnanecNepritomnost]" storage="c:\users\terezačerná\documents\bigbang\testing\jc.unit.runner\jc.unit.dll" id="2842dc64-121e-69f4-e399-0524fee8d051">
      <Execution id="c2a2e5f1-beb7-4144-b8cd-b608c1efdea3" />
      <TestMethod codeBase="C:\Users\TerezaČerná\Documents\BigBang\Testing\JC.Unit.Runner\JC.Unit.dll" adapterTypeName="executor://nunit3testexecutor/" className="JC.Unit.TestExecution.nUnitRunner" name="RunAllTests" />
    </UnitTest>
    <UnitTest name="[Smoke_ObjectExistence].[26].[Existence of the table].[Table Fakturace_PolozkaFakturyPrijate]" storage="c:\users\terezačerná\documents\bigbang\testing\jc.unit.runner\jc.unit.dll" id="bbe514a8-b32c-84ea-2fe8-555567b7c1aa">
      <Execution id="d9328dfa-30cc-4aef-9f21-c4e10a231dd8" />
      <TestMethod codeBase="C:\Users\TerezaČerná\Documents\BigBang\Testing\JC.Unit.Runner\JC.Unit.dll" adapterTypeName="executor://nunit3testexecutor/" className="JC.Unit.TestExecution.nUnitRunner" name="RunAllTests" />
    </UnitTest>
    <UnitTest name="[Smoke_ObjectExistence].[41].[Existence of the table].[Table Mzdy_NepritomnostNahrada]" storage="c:\users\terezačerná\documents\bigbang\testing\jc.unit.runner\jc.unit.dll" id="26ba587d-8d14-5c80-c5e1-65757217c08c">
      <Execution id="be819372-a663-4f7b-bdd9-68b725f4a891" />
      <TestMethod codeBase="C:\Users\TerezaČerná\Documents\BigBang\Testing\JC.Unit.Runner\JC.Unit.dll" adapterTypeName="executor://nunit3testexecutor/" className="JC.Unit.TestExecution.nUnitRunner" name="RunAllTests" />
    </UnitTest>
    <UnitTest name="[Smoke_ObjectExistence].[19].[Existence of the table].[Table EconomicBase_DruhDokladu]" storage="c:\users\terezačerná\documents\bigbang\testing\jc.unit.runner\jc.unit.dll" id="7cf2e1c7-c3b0-6dde-9ff6-bdc5372fabee">
      <Execution id="c6fc1f14-a250-4f1d-a022-32905f030a08" />
      <TestMethod codeBase="C:\Users\TerezaČerná\Documents\BigBang\Testing\JC.Unit.Runner\JC.Unit.dll" adapterTypeName="executor://nunit3testexecutor/" className="JC.Unit.TestExecution.nUnitRunner" name="RunAllTests" />
    </UnitTest>
  </TestDefinitions>
  <TestEntries>
    <TestEntry testId="f6a3b2c6-2ece-d171-8a08-a5b7be76bf67" executionId="1c190f38-6fbb-4bef-b445-d259bfffbf4e" testListId="8c84fa94-04c1-424b-9868-57a2d4851a1d" />
    <TestEntry testId="52c3a3ad-7e55-dcc8-9df0-d1a8aea353c2" executionId="07edf55f-dfe0-4759-932a-e5d73b744223" testListId="8c84fa94-04c1-424b-9868-57a2d4851a1d" />
    <TestEntry testId="20114aae-22cd-37b0-1449-9187519c2520" executionId="02c729b5-7fc8-4752-b79d-b9b88372232c" testListId="8c84fa94-04c1-424b-9868-57a2d4851a1d" />
    <TestEntry testId="40bef62d-2799-3cb2-1e58-2af04995aa7b" executionId="08576340-93c3-44be-b8d7-f467141a02a9" testListId="8c84fa94-04c1-424b-9868-57a2d4851a1d" />
    <TestEntry testId="e6a75b46-68e3-68c6-0bac-3b5c7b10f84c" executionId="74f6aa84-0906-4d0b-aa4b-ea41f98f869d" testListId="8c84fa94-04c1-424b-9868-57a2d4851a1d" />
    <TestEntry testId="6d64c653-9c32-1272-4a79-b9f397aa1294" executionId="e1a1559b-4e78-41f4-bae8-3c7851b5d520" testListId="8c84fa94-04c1-424b-9868-57a2d4851a1d" />
    <TestEntry testId="a8c716b8-4193-980e-46d0-7cd4ef03d825" executionId="8aa8c033-1bc1-49ca-a98e-757775fe0b74" testListId="8c84fa94-04c1-424b-9868-57a2d4851a1d" />
    <TestEntry testId="0d51d202-9f0e-8e87-796e-4d8c0987e236" executionId="9b60491b-bea8-4185-b397-2c844bd77fed" testListId="8c84fa94-04c1-424b-9868-57a2d4851a1d" />
    <TestEntry testId="fd5e261c-a769-e37b-93f3-db8fd9795ff2" executionId="69dd62cf-5b79-41b5-adee-886f1f377622" testListId="8c84fa94-04c1-424b-9868-57a2d4851a1d" />
    <TestEntry testId="ea30e6cb-f14a-8ba2-3bc0-4a8461781beb" executionId="3317ce91-e0d2-4d70-a362-e33218b85c84" testListId="8c84fa94-04c1-424b-9868-57a2d4851a1d" />
    <TestEntry testId="7b2537ce-e820-5d98-57b2-e767c22e68d4" executionId="7f103415-676d-41a7-9ff1-a3ef184a990f" testListId="8c84fa94-04c1-424b-9868-57a2d4851a1d" />
    <TestEntry testId="becefbb3-296f-28e1-a93c-1a14e25a8f3d" executionId="f7514d10-8e4d-4e2e-9b93-56a7a49d39d6" testListId="8c84fa94-04c1-424b-9868-57a2d4851a1d" />
    <TestEntry testId="18acec2e-1e7a-3778-00b9-41543d6289fe" executionId="bd5d76b9-19c8-4601-bdfb-760546e2fada" testListId="8c84fa94-04c1-424b-9868-57a2d4851a1d" />
    <TestEntry testId="4d3a32a4-4609-a802-8e5d-72092fb3527d" executionId="9d2c15c4-ab8e-47a0-98f2-9567d83ce218" testListId="8c84fa94-04c1-424b-9868-57a2d4851a1d" />
    <TestEntry testId="419d32a9-d597-87dc-1eeb-30b5d4b5bb1a" executionId="0fcce926-9d29-4788-84ca-378ef58e91af" testListId="8c84fa94-04c1-424b-9868-57a2d4851a1d" />
    <TestEntry testId="ee7b3397-05b3-5660-5f81-c9db969c5159" executionId="fc07466a-8a9c-4032-a1e0-132c71142155" testListId="8c84fa94-04c1-424b-9868-57a2d4851a1d" />
    <TestEntry testId="213ee05a-4a01-4b18-17cf-daa5bcd1646d" executionId="e44a43d3-a46f-47ae-9fae-ee3cfcafd56b" testListId="8c84fa94-04c1-424b-9868-57a2d4851a1d" />
    <TestEntry testId="da0038a8-2636-09ae-f494-d1299494c0c0" executionId="678e7f5c-955b-4740-9c64-600305bd53a9" testListId="8c84fa94-04c1-424b-9868-57a2d4851a1d" />
    <TestEntry testId="6f97390d-f333-7779-747b-5eb57b7fd1d8" executionId="a41dd1f5-44e5-4cff-82fa-b3a08fe37c7d" testListId="8c84fa94-04c1-424b-9868-57a2d4851a1d" />
    <TestEntry testId="2e3c31ea-d47c-7e26-f2f4-ddf1fa7d180e" executionId="303a502a-e849-45d9-8b52-413cf5f6afef" testListId="8c84fa94-04c1-424b-9868-57a2d4851a1d" />
    <TestEntry testId="82d47166-fa0d-eeb8-402e-c62c6e3b2d5d" executionId="c1bd294f-250d-484f-a9ff-a04ace846f5d" testListId="8c84fa94-04c1-424b-9868-57a2d4851a1d" />
    <TestEntry testId="68087df4-ff6a-60f2-a979-00e2356cf9b0" executionId="3eeff53b-82fb-4ba6-bb90-9d7aaf0d5a2f" testListId="8c84fa94-04c1-424b-9868-57a2d4851a1d" />
    <TestEntry testId="8f902760-590d-6675-0ade-d6de7c771a6b" executionId="56ceaf05-995a-4393-8116-c0c19847f3fc" testListId="8c84fa94-04c1-424b-9868-57a2d4851a1d" />
    <TestEntry testId="59c40813-1907-f75a-f050-dbaa9195f6db" executionId="94c7e4ce-aff2-41b1-b6ed-a3fcaaa9c5a5" testListId="8c84fa94-04c1-424b-9868-57a2d4851a1d" />
    <TestEntry testId="0dce3cbb-c5be-8ce9-26c7-823b70f36b4e" executionId="91b9d518-e98f-4779-ac0e-9ef5d0558a02" testListId="8c84fa94-04c1-424b-9868-57a2d4851a1d" />
    <TestEntry testId="b94a13f1-e0d2-a3a1-0150-4599409d2aff" executionId="1f53bf34-fd75-47a3-b8fb-c379ce533e42" testListId="8c84fa94-04c1-424b-9868-57a2d4851a1d" />
    <TestEntry testId="3db5c791-ffce-6a05-5860-fd4dfbc84e5a" executionId="99268ada-e8cf-4b3e-b953-ea6e4da2613d" testListId="8c84fa94-04c1-424b-9868-57a2d4851a1d" />
    <TestEntry testId="bbe514a8-b32c-84ea-2fe8-555567b7c1aa" executionId="d9328dfa-30cc-4aef-9f21-c4e10a231dd8" testListId="8c84fa94-04c1-424b-9868-57a2d4851a1d" />
    <TestEntry testId="20f5e4c2-74a8-19b6-8770-cfb85b838a3e" executionId="4d762974-35fc-4bd6-895d-69b48da87dae" testListId="8c84fa94-04c1-424b-9868-57a2d4851a1d" />
    <TestEntry testId="30460f3b-eb1a-3117-0195-c89242d95fbf" executionId="24ff395f-5d89-4ba1-9cf0-a7f0de73ca53" testListId="8c84fa94-04c1-424b-9868-57a2d4851a1d" />
    <TestEntry testId="fea8ee86-f243-4070-1133-af94f671b1b8" executionId="6d7f5601-d996-4b65-a6f3-4e2888bba613" testListId="8c84fa94-04c1-424b-9868-57a2d4851a1d" />
    <TestEntry testId="7557f51e-c690-f35a-c69e-f1b0099d098d" executionId="da0dfb33-4dcd-4e4f-9c33-a452bcc75ec7" testListId="8c84fa94-04c1-424b-9868-57a2d4851a1d" />
    <TestEntry testId="f0e14953-0487-efc3-1455-7bfbfe66d3f5" executionId="88f373a3-75dd-4c5a-9060-861535768c5a" testListId="8c84fa94-04c1-424b-9868-57a2d4851a1d" />
    <TestEntry testId="271c685b-4f27-d869-82ad-0a11c3050d03" executionId="59a7fc53-cb43-4114-9bf0-dc3059a9ced1" testListId="8c84fa94-04c1-424b-9868-57a2d4851a1d" />
    <TestEntry testId="b9c9e4ae-229c-0f71-c5aa-98fe7605eaf4" executionId="96ffce1d-8961-421b-b9c8-e6d14d1beba2" testListId="8c84fa94-04c1-424b-9868-57a2d4851a1d" />
    <TestEntry testId="26ba587d-8d14-5c80-c5e1-65757217c08c" executionId="be819372-a663-4f7b-bdd9-68b725f4a891" testListId="8c84fa94-04c1-424b-9868-57a2d4851a1d" />
    <TestEntry testId="30e9c341-1c1c-069d-a089-d4302828d75b" executionId="a73a5894-4bf5-4112-9485-25991252f236" testListId="8c84fa94-04c1-424b-9868-57a2d4851a1d" />
    <TestEntry testId="864b6706-d1c5-e661-a612-b3725dce8068" executionId="864c30d0-0eb4-445e-8509-e508fd34a5a5" testListId="8c84fa94-04c1-424b-9868-57a2d4851a1d" />
    <TestEntry testId="4717d6b8-16a3-1be3-996f-d263b9ce1288" executionId="0c16bd21-c279-4c73-a43e-f0e5b30f23c9" testListId="8c84fa94-04c1-424b-9868-57a2d4851a1d" />
    <TestEntry testId="6ef871d9-313f-345e-6695-79d3809a83b3" executionId="c4d64ab8-b08e-4387-9b25-58f05a63df2d" testListId="8c84fa94-04c1-424b-9868-57a2d4851a1d" />
    <TestEntry testId="1b0f98fd-1d63-8013-f76a-ac489a4f9507" executionId="394d5085-2b8c-446d-bce8-2b9d9eb8793a" testListId="8c84fa94-04c1-424b-9868-57a2d4851a1d" />
    <TestEntry testId="4c3281ce-958d-c17c-c4db-acdbee707867" executionId="e9c1b4bf-d3f7-441c-9e75-1db65cbf4cbb" testListId="8c84fa94-04c1-424b-9868-57a2d4851a1d" />
    <TestEntry testId="676e7cea-5aa4-1a91-eaf5-d360655ae92e" executionId="68d4155d-831e-4588-bade-88a11a695f26" testListId="8c84fa94-04c1-424b-9868-57a2d4851a1d" />
    <TestEntry testId="821e872f-8ad4-4756-a10a-1a9afe75ca93" executionId="0312266d-30b0-4465-a03b-10d1fc0a29a7" testListId="8c84fa94-04c1-424b-9868-57a2d4851a1d" />
    <TestEntry testId="87b6bec7-37b1-b032-698d-279ffdadc596" executionId="f2e95886-cd48-49dd-b104-b958c387deb4" testListId="8c84fa94-04c1-424b-9868-57a2d4851a1d" />
    <TestEntry testId="e98ba9b2-7b11-bcbc-7534-5441c3ffe8f3" executionId="e6078136-bccb-4bea-8f0f-588cd40c326c" testListId="8c84fa94-04c1-424b-9868-57a2d4851a1d" />
    <TestEntry testId="ef467e50-8cd0-e812-a730-294de2e8ad0f" executionId="11505df4-b8fc-429d-8f34-ebbd9456ef7f" testListId="8c84fa94-04c1-424b-9868-57a2d4851a1d" />
    <TestEntry testId="c430239a-df21-fddb-6351-0e824ec43dd2" executionId="1d8d73f3-f7f2-49d0-a1c4-dc6757c222bd" testListId="8c84fa94-04c1-424b-9868-57a2d4851a1d" />
    <TestEntry testId="4fe7149d-95b6-137a-5c7f-e332393585ef" executionId="c82db02b-8c37-400e-87fa-682300755495" testListId="8c84fa94-04c1-424b-9868-57a2d4851a1d" />
    <TestEntry testId="1cb03d79-ff9b-500d-7915-ae447d9bbf71" executionId="63ed846e-12a4-4610-86cb-a533c0adaf18" testListId="8c84fa94-04c1-424b-9868-57a2d4851a1d" />
    <TestEntry testId="58940f79-27c1-f004-0cda-2c9c955f9a6c" executionId="b373f2bb-649c-4575-adcb-e450a80e5d9b" testListId="8c84fa94-04c1-424b-9868-57a2d4851a1d" />
    <TestEntry testId="45d2f5aa-bfed-e5b4-af2a-66055047a3eb" executionId="d4fccd8f-a13b-4460-aac4-fae40dbd223b" testListId="8c84fa94-04c1-424b-9868-57a2d4851a1d" />
    <TestEntry testId="418d3889-c0f4-fa67-39dd-4c1a403bf7e3" executionId="4da5524b-31df-4ccb-91ec-8135e9fc80f2" testListId="8c84fa94-04c1-424b-9868-57a2d4851a1d" />
    <TestEntry testId="804bc72a-f601-f749-749a-fe98c1be182c" executionId="2e60dc0a-2e0f-4f32-8726-6b28488f4a9d" testListId="8c84fa94-04c1-424b-9868-57a2d4851a1d" />
    <TestEntry testId="8e1fb5dc-b2d8-31f3-5b99-a714e28802f3" executionId="5d5530ad-19a7-41db-847f-fe491af3b50d" testListId="8c84fa94-04c1-424b-9868-57a2d4851a1d" />
    <TestEntry testId="657fabb8-afdf-3e81-8619-3b18cd6e2f30" executionId="7a0dcc19-7542-4f4f-8d9c-12906dee8c5d" testListId="8c84fa94-04c1-424b-9868-57a2d4851a1d" />
    <TestEntry testId="a6ff8bd4-840e-7b1c-0622-bf6ed6997953" executionId="22d0ba9c-8cf0-45c1-b6ed-f34616ca975c" testListId="8c84fa94-04c1-424b-9868-57a2d4851a1d" />
    <TestEntry testId="51d5df11-837d-fbef-2072-1a7a898a69fb" executionId="6ddffe20-c8bf-44b7-b05d-603fa9764360" testListId="8c84fa94-04c1-424b-9868-57a2d4851a1d" />
    <TestEntry testId="18b18861-0e44-b868-8a5f-964d2292f002" executionId="f4c3cf39-06cb-4128-90aa-e3ee4c98b076" testListId="8c84fa94-04c1-424b-9868-57a2d4851a1d" />
    <TestEntry testId="a7f1c5d9-3dd4-03b5-631d-00450448e757" executionId="2a2b9297-da61-40ad-8d62-02ca8aa50cb7" testListId="8c84fa94-04c1-424b-9868-57a2d4851a1d" />
    <TestEntry testId="378cf331-36e7-aa16-9514-df1f6a19a35c" executionId="37e447d0-823f-41ff-bef7-0dcd48220936" testListId="8c84fa94-04c1-424b-9868-57a2d4851a1d" />
    <TestEntry testId="50fafed6-ad95-43c4-24f8-d614d5c94d96" executionId="8b614ad5-5ca5-461c-a4b2-31c8e4f86e27" testListId="8c84fa94-04c1-424b-9868-57a2d4851a1d" />
    <TestEntry testId="6febc6cd-4565-b196-9913-89791c7f65ab" executionId="d5ba9bbb-34d7-4c2d-a383-e068edddd9eb" testListId="8c84fa94-04c1-424b-9868-57a2d4851a1d" />
    <TestEntry testId="ec69f802-95a3-4b41-2a0c-e181c682aec8" executionId="ac65bd14-daad-48ff-928f-984480e1cb08" testListId="8c84fa94-04c1-424b-9868-57a2d4851a1d" />
    <TestEntry testId="81abb510-fadd-909b-267d-cfb66ab8e4f9" executionId="0aa0d5d4-5d8a-403a-9c6e-e51aa25a68c5" testListId="8c84fa94-04c1-424b-9868-57a2d4851a1d" />
    <TestEntry testId="92e29243-f60c-3207-106a-1d834fb4d7e0" executionId="c9e87139-afbd-4492-8caa-84fbd5ee490c" testListId="8c84fa94-04c1-424b-9868-57a2d4851a1d" />
    <TestEntry testId="4d4f2eb1-4b6a-f2f9-5631-fba458167b0b" executionId="10d9720b-6fc9-407b-b6e9-73de62e7cfeb" testListId="8c84fa94-04c1-424b-9868-57a2d4851a1d" />
    <TestEntry testId="16d5e31b-ede9-d3bc-1f7a-c861155e9c35" executionId="5af4dfaf-b92f-44de-a586-a0281e81dfa0" testListId="8c84fa94-04c1-424b-9868-57a2d4851a1d" />
    <TestEntry testId="16df9282-30d4-321f-d81a-c69931a0cf80" executionId="eb7c2ff3-2338-4cd1-902c-cda302b066ff" testListId="8c84fa94-04c1-424b-9868-57a2d4851a1d" />
    <TestEntry testId="3e595e14-3e8a-3ee8-d68f-c0517b459f44" executionId="d78c7916-48f5-46be-819d-bb8f0e88f4a2" testListId="8c84fa94-04c1-424b-9868-57a2d4851a1d" />
    <TestEntry testId="94a1c9bc-6703-5715-60b9-f1ef941637e7" executionId="e4a2a182-14c1-4e6b-9bae-295c4ded4e65" testListId="8c84fa94-04c1-424b-9868-57a2d4851a1d" />
    <TestEntry testId="6f12a022-e888-a020-9538-58aae455a3ed" executionId="a60e34a1-5b97-408f-8086-5eb57c839d3c" testListId="8c84fa94-04c1-424b-9868-57a2d4851a1d" />
    <TestEntry testId="a8dfca29-b254-c754-1cae-f37950e06b2d" executionId="9b4a0539-5cc3-4b45-a735-61f3cb93d9a1" testListId="8c84fa94-04c1-424b-9868-57a2d4851a1d" />
    <TestEntry testId="52a5227e-4b35-a770-eb37-5df487124947" executionId="5a51ecfe-5735-4407-a4e8-d6596a169631" testListId="8c84fa94-04c1-424b-9868-57a2d4851a1d" />
    <TestEntry testId="7c2f79ab-8644-1b76-edfc-d1d7cfd5cae2" executionId="61be8ea9-f820-4f97-a7b3-bf577925d582" testListId="8c84fa94-04c1-424b-9868-57a2d4851a1d" />
    <TestEntry testId="ee6274a6-d68c-445d-a661-6882990db88d" executionId="3044ca62-9010-49cd-b3c6-0fe41773d758" testListId="8c84fa94-04c1-424b-9868-57a2d4851a1d" />
    <TestEntry testId="40a17607-ffd3-0727-13e7-309842913b28" executionId="d0a6b068-b3e8-410f-b030-f7b73c64aee8" testListId="8c84fa94-04c1-424b-9868-57a2d4851a1d" />
    <TestEntry testId="4e58d51f-82e8-9321-f845-d7958f15e29d" executionId="2579ebf7-c252-4323-9b03-6d4e337df9c6" testListId="8c84fa94-04c1-424b-9868-57a2d4851a1d" />
    <TestEntry testId="a9475b93-443b-d87f-a61f-8a41fc7ac6f1" executionId="3d9b1cd2-69e4-4fc0-b53e-f98e30e34646" testListId="8c84fa94-04c1-424b-9868-57a2d4851a1d" />
    <TestEntry testId="1ec31cfd-6123-0cfe-6ab3-63b40dd1212b" executionId="9af2e206-1812-4764-a701-6cffaf017ae3" testListId="8c84fa94-04c1-424b-9868-57a2d4851a1d" />
    <TestEntry testId="2842dc64-121e-69f4-e399-0524fee8d051" executionId="c2a2e5f1-beb7-4144-b8cd-b608c1efdea3" testListId="8c84fa94-04c1-424b-9868-57a2d4851a1d" />
    <TestEntry testId="b36c18c2-2f16-c4b0-0e40-bd5cc9cf030a" executionId="60ecab75-0998-48ff-ba47-9995d1c31af7" testListId="8c84fa94-04c1-424b-9868-57a2d4851a1d" />
    <TestEntry testId="08967945-3295-54c1-32d2-2e73fefe3a5f" executionId="e54bb16e-71d2-4549-b522-310ed1f57e7b" testListId="8c84fa94-04c1-424b-9868-57a2d4851a1d" />
    <TestEntry testId="e5564b1f-76b7-9dd4-7b65-c1c566b78c48" executionId="1b5cab71-3ae6-428f-99f5-c34b89b7e4ef" testListId="8c84fa94-04c1-424b-9868-57a2d4851a1d" />
    <TestEntry testId="93a45ca3-7b48-9e02-d63a-86d7e8b5547f" executionId="883b7dbf-0b10-40be-8a56-8872d07742ce" testListId="8c84fa94-04c1-424b-9868-57a2d4851a1d" />
    <TestEntry testId="8297bce6-fe99-c398-4990-1b0593c648e4" executionId="7a061800-d22a-4498-8f07-13c0edd4a0d4" testListId="8c84fa94-04c1-424b-9868-57a2d4851a1d" />
    <TestEntry testId="a839709d-1374-8ac0-c102-62728a740644" executionId="44f73058-3e53-4eeb-9be7-720222ad18da" testListId="8c84fa94-04c1-424b-9868-57a2d4851a1d" />
    <TestEntry testId="5362ad2c-828a-7aad-1d15-a999fe6c67ac" executionId="dc2b08b5-93b8-45c7-9146-dc8e2b8dc621" testListId="8c84fa94-04c1-424b-9868-57a2d4851a1d" />
    <TestEntry testId="ebaeadec-2162-4787-8a1c-fd15c278512e" executionId="7f0db31c-5f0b-44ec-98f8-068e2d63b866" testListId="8c84fa94-04c1-424b-9868-57a2d4851a1d" />
    <TestEntry testId="039a3cff-3840-8952-60c2-35593d0e1c99" executionId="38ea2b15-bb6c-4744-b6c8-af1a55bbf901" testListId="8c84fa94-04c1-424b-9868-57a2d4851a1d" />
    <TestEntry testId="16476183-8a99-9d57-9a05-ab6dceed5fad" executionId="ecbe538e-af6b-42e9-9a9a-8faadeaaf0c8" testListId="8c84fa94-04c1-424b-9868-57a2d4851a1d" />
    <TestEntry testId="1ab7735e-377f-01ed-d8c3-0db955cf8049" executionId="404d6088-12ae-4925-b9d6-3e84fe305991" testListId="8c84fa94-04c1-424b-9868-57a2d4851a1d" />
    <TestEntry testId="74db6c8f-742d-cdd0-fa94-9d1c48485dbf" executionId="aaace9e3-4b08-41ee-8ab5-2cad5e212e7c" testListId="8c84fa94-04c1-424b-9868-57a2d4851a1d" />
    <TestEntry testId="5279a498-3e54-6a76-5668-7936e4fcdb2e" executionId="c35d4afe-5b7c-4199-8e22-331f4a438227" testListId="8c84fa94-04c1-424b-9868-57a2d4851a1d" />
    <TestEntry testId="fa48f061-b547-454d-8974-cc937051bb27" executionId="221eb123-513d-4a70-9e03-f0fb9c57c15d" testListId="8c84fa94-04c1-424b-9868-57a2d4851a1d" />
    <TestEntry testId="d4f48ae9-e7e3-a446-ad84-9aae9cef5d7c" executionId="2293b7a2-fe20-49fe-81c9-05755e05ed71" testListId="8c84fa94-04c1-424b-9868-57a2d4851a1d" />
    <TestEntry testId="c6060242-f5fb-cdf7-fa1d-63bf1a7089d9" executionId="65c246d7-c062-4150-97d3-dc7be8194b41" testListId="8c84fa94-04c1-424b-9868-57a2d4851a1d" />
    <TestEntry testId="2399483b-6614-c431-9362-847b6c1e4592" executionId="3f489961-108d-49af-b1b2-5f2627b90483" testListId="8c84fa94-04c1-424b-9868-57a2d4851a1d" />
    <TestEntry testId="883a7dda-e9ee-b281-0325-2730d6a6e7b7" executionId="6a869dd5-09fc-4028-a1ab-d3c894c1371e" testListId="8c84fa94-04c1-424b-9868-57a2d4851a1d" />
    <TestEntry testId="bbd35e0e-bb7e-d19c-146d-4ca86003d252" executionId="07fffa66-1903-4c20-84b1-bac064d15a2c" testListId="8c84fa94-04c1-424b-9868-57a2d4851a1d" />
    <TestEntry testId="7cf2e1c7-c3b0-6dde-9ff6-bdc5372fabee" executionId="c6fc1f14-a250-4f1d-a022-32905f030a08" testListId="8c84fa94-04c1-424b-9868-57a2d4851a1d" />
    <TestEntry testId="c756a6b5-9822-425b-d05b-10486fe83341" executionId="1ac4877e-bdf4-482b-9684-38cc91f48e79" testListId="8c84fa94-04c1-424b-9868-57a2d4851a1d" />
  </TestEntries>
  <TestLists>
    <TestList name="Results Not in a List" id="8c84fa94-04c1-424b-9868-57a2d4851a1d" />
    <TestList name="All Loaded Results" id="19431567-8539-422a-85d7-44ee4e166bda" />
  </TestLists>
  <ResultSummary outcome="Failed">
    <Counters total="102" executed="102" passed="96" failed="6" error="0" timeout="0" aborted="0" inconclusive="0" passedButRunAborted="0" notRunnable="0" notExecuted="0" disconnected="0" warning="0" completed="0" inProgress="0" pending="0" />
    <Output>
      <StdOut>NUnit Adapter 3.16.0.0: Test execution started&#xD;
Running selected tests in C:\Users\TerezaČerná\Documents\BigBang\Testing\JC.Unit.Runner\JC.Unit.dll&#xD;
   NUnit3TestExecutor converted 102 of 102 NUnit test cases&#xD;
NUnit Adapter 3.16.0.0: Test execution complete&#xD;
</StdOut>
    </Output>
  </ResultSummary>
</TestRun>