<?xml version="1.0" encoding="utf-8"?>
<TestRun id="13181a9f-9a62-4a68-a00c-64673724a055" name="TerezaČerná@LAPTOP-OBK5BVVT 2020-10-28 15:16:40" runUser="AzureAD\TerezaČerná" xmlns="http://microsoft.com/schemas/VisualStudio/TeamTest/2010">
  <Times creation="2020-10-28T15:16:40.4052467+01:00" queuing="2020-10-28T15:16:40.4052483+01:00" start="2020-10-28T15:16:36.7881025+01:00" finish="2020-10-28T15:16:43.7764757+01:00" />
  <TestSettings name="default" id="30c37552-cf2b-4caa-b663-b78c8acda520">
    <Deployment runDeploymentRoot="TerezaČerná_LAPTOP-OBK5BVVT_2020-10-28_15_16_40" />
  </TestSettings>
  <Results>
    <UnitTestResult executionId="4d6ea16e-c022-4d11-973f-a73bd5f7bfb7" testId="864b6706-d1c5-e661-a612-b3725dce8068" testName="[Smoke_ObjectExistence].[14].[Existence of the table].[Table CSW_BI_Pohledavky2]" computerName="LAPTOP-OBK5BVVT" duration="00:00:00.0758170" startTime="2020-10-28T15:16:42.0000000+01:00" endTime="2020-10-28T15:16:42.0000000+01:00" testType="13cdc9d9-ddb5-4fa4-a97d-d965ccfc6d4b" outcome="Passed" testListId="8c84fa94-04c1-424b-9868-57a2d4851a1d" relativeResultsDirectory="4d6ea16e-c022-4d11-973f-a73bd5f7bfb7" />
    <UnitTestResult executionId="ff699e55-8ac4-4fc4-baa6-3fc4c90fce64" testId="1b0f98fd-1d63-8013-f76a-ac489a4f9507" testName="[Smoke_ObjectExistence].[40].[Existence of the table].[Table Mzdy_NepritomnostVMesici]" computerName="LAPTOP-OBK5BVVT" duration="00:00:00.0867400" startTime="2020-10-28T15:16:43.0000000+01:00" endTime="2020-10-28T15:16:43.0000000+01:00" testType="13cdc9d9-ddb5-4fa4-a97d-d965ccfc6d4b" outcome="Passed" testListId="8c84fa94-04c1-424b-9868-57a2d4851a1d" relativeResultsDirectory="ff699e55-8ac4-4fc4-baa6-3fc4c90fce64" />
    <UnitTestResult executionId="19555ee8-1e3e-454b-9858-c67fd8ff1ece" testId="a9475b93-443b-d87f-a61f-8a41fc7ac6f1" testName="[Smoke_ObjectExistence].[11].[Existence of the table].[Table Ucetnictvi_ZavazkovyDoklad]" computerName="LAPTOP-OBK5BVVT" duration="00:00:00.0903700" startTime="2020-10-28T15:16:42.0000000+01:00" endTime="2020-10-28T15:16:42.0000000+01:00" testType="13cdc9d9-ddb5-4fa4-a97d-d965ccfc6d4b" outcome="Passed" testListId="8c84fa94-04c1-424b-9868-57a2d4851a1d" relativeResultsDirectory="19555ee8-1e3e-454b-9858-c67fd8ff1ece" />
    <UnitTestResult executionId="83e4d624-d1cf-40a3-833d-95ae8ec3169c" testId="da0038a8-2636-09ae-f494-d1299494c0c0" testName="[Smoke_ObjectExistence].[36].[Existence of the table].[Table Mzdy_Mzda]" computerName="LAPTOP-OBK5BVVT" duration="00:00:00.0819710" startTime="2020-10-28T15:16:43.0000000+01:00" endTime="2020-10-28T15:16:43.0000000+01:00" testType="13cdc9d9-ddb5-4fa4-a97d-d965ccfc6d4b" outcome="Passed" testListId="8c84fa94-04c1-424b-9868-57a2d4851a1d" relativeResultsDirectory="83e4d624-d1cf-40a3-833d-95ae8ec3169c" />
    <UnitTestResult executionId="75f03eaf-3ca8-4891-9e3a-149e03ac0c8d" testId="26ba587d-8d14-5c80-c5e1-65757217c08c" testName="[Smoke_ObjectExistence].[41].[Existence of the table].[Table Mzdy_NepritomnostNahrada]" computerName="LAPTOP-OBK5BVVT" duration="00:00:00.0722990" startTime="2020-10-28T15:16:43.0000000+01:00" endTime="2020-10-28T15:16:43.0000000+01:00" testType="13cdc9d9-ddb5-4fa4-a97d-d965ccfc6d4b" outcome="Passed" testListId="8c84fa94-04c1-424b-9868-57a2d4851a1d" relativeResultsDirectory="75f03eaf-3ca8-4891-9e3a-149e03ac0c8d" />
    <UnitTestResult executionId="41f44a05-9d2e-4678-8a27-ef29eb4ff73f" testId="ea30e6cb-f14a-8ba2-3bc0-4a8461781beb" testName="[Smoke_ObjectExistence].[39].[Existence of the table].[Table Mzdy_Svatky]" computerName="LAPTOP-OBK5BVVT" duration="00:00:00.0708810" startTime="2020-10-28T15:16:43.0000000+01:00" endTime="2020-10-28T15:16:43.0000000+01:00" testType="13cdc9d9-ddb5-4fa4-a97d-d965ccfc6d4b" outcome="Passed" testListId="8c84fa94-04c1-424b-9868-57a2d4851a1d" relativeResultsDirectory="41f44a05-9d2e-4678-8a27-ef29eb4ff73f" />
    <UnitTestResult executionId="97778269-c026-4bbb-81f0-eac46538a65d" testId="f6a3b2c6-2ece-d171-8a08-a5b7be76bf67" testName="[Integration_StagingxDim&amp;Fact].[36].[IT - Staging table is a subset of a dimension].[StagingMoney.Adresar_Firma]" computerName="LAPTOP-OBK5BVVT" duration="00:00:00.0445220" startTime="2020-10-28T15:16:42.0000000+01:00" endTime="2020-10-28T15:16:42.0000000+01:00" testType="13cdc9d9-ddb5-4fa4-a97d-d965ccfc6d4b" outcome="Passed" testListId="8c84fa94-04c1-424b-9868-57a2d4851a1d" relativeResultsDirectory="97778269-c026-4bbb-81f0-eac46538a65d" />
    <UnitTestResult executionId="810a3145-8698-40bc-875b-88408a606129" testId="52c3a3ad-7e55-dcc8-9df0-d1a8aea353c2" testName="[Smoke_ObjectExistence].[49].[Existence of the table].[Table Contact]" computerName="LAPTOP-OBK5BVVT" duration="00:00:00.0910070" startTime="2020-10-28T15:16:43.0000000+01:00" endTime="2020-10-28T15:16:43.0000000+01:00" testType="13cdc9d9-ddb5-4fa4-a97d-d965ccfc6d4b" outcome="Passed" testListId="8c84fa94-04c1-424b-9868-57a2d4851a1d" relativeResultsDirectory="810a3145-8698-40bc-875b-88408a606129" />
    <UnitTestResult executionId="11dafec7-3eb8-47c3-9ac8-6dc5c416c4af" testId="30e9c341-1c1c-069d-a089-d4302828d75b" testName="[Integration_StagingxDim&amp;Fact].[25].[IT - Staging table is a subset of a dimension].[StagingMoney.Ciselniky_Stredisko]" computerName="LAPTOP-OBK5BVVT" duration="00:00:00.0451940" startTime="2020-10-28T15:16:42.0000000+01:00" endTime="2020-10-28T15:16:42.0000000+01:00" testType="13cdc9d9-ddb5-4fa4-a97d-d965ccfc6d4b" outcome="Passed" testListId="8c84fa94-04c1-424b-9868-57a2d4851a1d" relativeResultsDirectory="11dafec7-3eb8-47c3-9ac8-6dc5c416c4af" />
    <UnitTestResult executionId="89080fd6-7f8b-4c8c-98d4-3f677644a0dc" testId="40bef62d-2799-3cb2-1e58-2af04995aa7b" testName="[Smoke_ObjectExistence].[15].[Existence of the table].[Table Meny_Mena]" computerName="LAPTOP-OBK5BVVT" duration="00:00:00.0893070" startTime="2020-10-28T15:16:42.0000000+01:00" endTime="2020-10-28T15:16:42.0000000+01:00" testType="13cdc9d9-ddb5-4fa4-a97d-d965ccfc6d4b" outcome="Passed" testListId="8c84fa94-04c1-424b-9868-57a2d4851a1d" relativeResultsDirectory="89080fd6-7f8b-4c8c-98d4-3f677644a0dc" />
    <UnitTestResult executionId="a94485a9-c59c-45d1-b668-ce7d26bf82e6" testId="804bc72a-f601-f749-749a-fe98c1be182c" testName="[Integration_StagingxDim&amp;Fact].[29].[IT - Staging table is a subset of a dimension].[ StagingMoney.Fakturace_FakturaVydana&#xA;    except]" computerName="LAPTOP-OBK5BVVT" duration="00:00:00.0440310" startTime="2020-10-28T15:16:42.0000000+01:00" endTime="2020-10-28T15:16:42.0000000+01:00" testType="13cdc9d9-ddb5-4fa4-a97d-d965ccfc6d4b" outcome="Passed" testListId="8c84fa94-04c1-424b-9868-57a2d4851a1d" relativeResultsDirectory="a94485a9-c59c-45d1-b668-ce7d26bf82e6" />
    <UnitTestResult executionId="dd2a802b-81b3-4602-b3f7-c6d0ff09fae1" testId="6ef871d9-313f-345e-6695-79d3809a83b3" testName="[Smoke_ObjectExistence].[42].[Existence of the table].[Table Mzdy_TypPracovnihoPomeru]" computerName="LAPTOP-OBK5BVVT" duration="00:00:00.0805250" startTime="2020-10-28T15:16:43.0000000+01:00" endTime="2020-10-28T15:16:43.0000000+01:00" testType="13cdc9d9-ddb5-4fa4-a97d-d965ccfc6d4b" outcome="Passed" testListId="8c84fa94-04c1-424b-9868-57a2d4851a1d" relativeResultsDirectory="dd2a802b-81b3-4602-b3f7-c6d0ff09fae1" />
    <UnitTestResult executionId="1c3c2249-ad06-40df-b5e1-864d30737fe2" testId="4e58d51f-82e8-9321-f845-d7958f15e29d" testName="[Smoke_ObjectExistence].[56].[Existence of the table].[Table Revenue Cost Category]" computerName="LAPTOP-OBK5BVVT" duration="00:00:00.0912050" startTime="2020-10-28T15:16:43.0000000+01:00" endTime="2020-10-28T15:16:43.0000000+01:00" testType="13cdc9d9-ddb5-4fa4-a97d-d965ccfc6d4b" outcome="Passed" testListId="8c84fa94-04c1-424b-9868-57a2d4851a1d" relativeResultsDirectory="1c3c2249-ad06-40df-b5e1-864d30737fe2" />
    <UnitTestResult executionId="73b4dc30-0a0e-4819-a499-22e2e9891cd3" testId="676e7cea-5aa4-1a91-eaf5-d360655ae92e" testName="[Smoke_ObjectExistence].[54].[Existence of the table].[Table TransactionCurrency]" computerName="LAPTOP-OBK5BVVT" duration="00:00:00.0737320" startTime="2020-10-28T15:16:43.0000000+01:00" endTime="2020-10-28T15:16:43.0000000+01:00" testType="13cdc9d9-ddb5-4fa4-a97d-d965ccfc6d4b" outcome="Passed" testListId="8c84fa94-04c1-424b-9868-57a2d4851a1d" relativeResultsDirectory="73b4dc30-0a0e-4819-a499-22e2e9891cd3" />
    <UnitTestResult executionId="6cf9687d-851b-4192-a38c-fc060cecd48f" testId="883a7dda-e9ee-b281-0325-2730d6a6e7b7" testName="[Integration_StagingxDim&amp;Fact].[16].[IT - Sum check by Document Type].[Table [Ucetnictvi_PohledavkovyDoklad]]" computerName="LAPTOP-OBK5BVVT" duration="00:00:00.4059270" startTime="2020-10-28T15:16:41.0000000+01:00" endTime="2020-10-28T15:16:41.0000000+01:00" testType="13cdc9d9-ddb5-4fa4-a97d-d965ccfc6d4b" outcome="Passed" testListId="8c84fa94-04c1-424b-9868-57a2d4851a1d" relativeResultsDirectory="6cf9687d-851b-4192-a38c-fc060cecd48f" />
    <UnitTestResult executionId="8df0d551-2032-4b10-b317-5aa79531c616" testId="92e29243-f60c-3207-106a-1d834fb4d7e0" testName="[Smoke_ObjectExistence].[25].[Existence of the table].[Table Ucetnictvi_PolozkaZavazkovehoDokladu]" computerName="LAPTOP-OBK5BVVT" duration="00:00:00.0744890" startTime="2020-10-28T15:16:42.0000000+01:00" endTime="2020-10-28T15:16:43.0000000+01:00" testType="13cdc9d9-ddb5-4fa4-a97d-d965ccfc6d4b" outcome="Passed" testListId="8c84fa94-04c1-424b-9868-57a2d4851a1d" relativeResultsDirectory="8df0d551-2032-4b10-b317-5aa79531c616" />
    <UnitTestResult executionId="0ce4ce18-1544-4513-9283-31176fcc4c92" testId="039a3cff-3840-8952-60c2-35593d0e1c99" testName="[Smoke_ObjectExistence].[45].[Existence of the table].[Table Customer Contract]" computerName="LAPTOP-OBK5BVVT" duration="00:00:00.0712090" startTime="2020-10-28T15:16:43.0000000+01:00" endTime="2020-10-28T15:16:43.0000000+01:00" testType="13cdc9d9-ddb5-4fa4-a97d-d965ccfc6d4b" outcome="Passed" testListId="8c84fa94-04c1-424b-9868-57a2d4851a1d" relativeResultsDirectory="0ce4ce18-1544-4513-9283-31176fcc4c92" />
    <UnitTestResult executionId="6f4e91be-6b2c-4800-8cbe-c5515400cbaa" testId="6f12a022-e888-a020-9538-58aae455a3ed" testName="[Smoke_ObjectExistence].[38].[Existence of the table].[Table Personalistika_ZamestnanecDoplnujiciUdaje]" computerName="LAPTOP-OBK5BVVT" duration="00:00:00.0752480" startTime="2020-10-28T15:16:43.0000000+01:00" endTime="2020-10-28T15:16:43.0000000+01:00" testType="13cdc9d9-ddb5-4fa4-a97d-d965ccfc6d4b" outcome="Passed" testListId="8c84fa94-04c1-424b-9868-57a2d4851a1d" relativeResultsDirectory="6f4e91be-6b2c-4800-8cbe-c5515400cbaa" />
    <UnitTestResult executionId="ead30ae1-8a10-4707-8208-85ec184059d3" testId="ef467e50-8cd0-e812-a730-294de2e8ad0f" testName="[Integration_StagingxDim&amp;Fact].[5].[ST - Check of not duplicate combinations].[Table [Fact].[Person Capacity]]" computerName="LAPTOP-OBK5BVVT" duration="00:00:00.3434970" startTime="2020-10-28T15:16:40.0000000+01:00" endTime="2020-10-28T15:16:40.0000000+01:00" testType="13cdc9d9-ddb5-4fa4-a97d-d965ccfc6d4b" outcome="Passed" testListId="8c84fa94-04c1-424b-9868-57a2d4851a1d" relativeResultsDirectory="ead30ae1-8a10-4707-8208-85ec184059d3" />
    <UnitTestResult executionId="f918bb2e-6042-4af2-8715-7deae5bebaa6" testId="4fe7149d-95b6-137a-5c7f-e332393585ef" testName="[Smoke_ObjectExistence].[44].[Existence of the table].[Table Mzdy_DruhNepritomnosti]" computerName="LAPTOP-OBK5BVVT" duration="00:00:00.0876040" startTime="2020-10-28T15:16:43.0000000+01:00" endTime="2020-10-28T15:16:43.0000000+01:00" testType="13cdc9d9-ddb5-4fa4-a97d-d965ccfc6d4b" outcome="Passed" testListId="8c84fa94-04c1-424b-9868-57a2d4851a1d" relativeResultsDirectory="f918bb2e-6042-4af2-8715-7deae5bebaa6" />
    <UnitTestResult executionId="5ff1ddf3-7912-4a49-a66b-bc737441ec24" testId="f0e14953-0487-efc3-1455-7bfbfe66d3f5" testName="[Integration_StagingxDim&amp;Fact].[20].[IT - Sum check by Document Type].[Table [Ucetnictvi_ZavazkovyDoklad]]" computerName="LAPTOP-OBK5BVVT" duration="00:00:00.0825260" startTime="2020-10-28T15:16:42.0000000+01:00" endTime="2020-10-28T15:16:42.0000000+01:00" testType="13cdc9d9-ddb5-4fa4-a97d-d965ccfc6d4b" outcome="Passed" testListId="8c84fa94-04c1-424b-9868-57a2d4851a1d" relativeResultsDirectory="5ff1ddf3-7912-4a49-a66b-bc737441ec24" />
    <UnitTestResult executionId="e5c91cbe-6131-454c-8928-fc41b3a83d77" testId="c430239a-df21-fddb-6351-0e824ec43dd2" testName="[Smoke_ObjectExistence].[12].[Existence of the table].[Table Fakturace_FakturaPrijata]" computerName="LAPTOP-OBK5BVVT" duration="00:00:00.0782080" startTime="2020-10-28T15:16:42.0000000+01:00" endTime="2020-10-28T15:16:42.0000000+01:00" testType="13cdc9d9-ddb5-4fa4-a97d-d965ccfc6d4b" outcome="Passed" testListId="8c84fa94-04c1-424b-9868-57a2d4851a1d" relativeResultsDirectory="e5c91cbe-6131-454c-8928-fc41b3a83d77" />
    <UnitTestResult executionId="6b457ec3-8bd8-41ac-93a1-207f6d11a964" testId="87b6bec7-37b1-b032-698d-279ffdadc596" testName="[Smoke_ObjectExistence].[3].[Existence of the table].[Table Fakturace_ZalohovaFakturaVydana]" computerName="LAPTOP-OBK5BVVT" duration="00:00:00.0724470" startTime="2020-10-28T15:16:42.0000000+01:00" endTime="2020-10-28T15:16:42.0000000+01:00" testType="13cdc9d9-ddb5-4fa4-a97d-d965ccfc6d4b" outcome="Passed" testListId="8c84fa94-04c1-424b-9868-57a2d4851a1d" relativeResultsDirectory="6b457ec3-8bd8-41ac-93a1-207f6d11a964" />
    <UnitTestResult executionId="14378dcf-6c49-4ec7-b4e8-52bc465c9e3b" testId="418d3889-c0f4-fa67-39dd-4c1a403bf7e3" testName="[Smoke_ObjectExistence].[34].[Existence of the table].[Table Work Records]" computerName="LAPTOP-OBK5BVVT" duration="00:00:00.0804740" startTime="2020-10-28T15:16:43.0000000+01:00" endTime="2020-10-28T15:16:43.0000000+01:00" testType="13cdc9d9-ddb5-4fa4-a97d-d965ccfc6d4b" outcome="Passed" testListId="8c84fa94-04c1-424b-9868-57a2d4851a1d" relativeResultsDirectory="14378dcf-6c49-4ec7-b4e8-52bc465c9e3b" />
    <UnitTestResult executionId="bcdedcd3-870e-4bd2-9f06-4240cb999b21" testId="1ec31cfd-6123-0cfe-6ab3-63b40dd1212b" testName="[Smoke_ObjectExistence].[23].[Existence of the table].[Table Ciselniky_Cinnost]" computerName="LAPTOP-OBK5BVVT" duration="00:00:00.0786400" startTime="2020-10-28T15:16:42.0000000+01:00" endTime="2020-10-28T15:16:42.0000000+01:00" testType="13cdc9d9-ddb5-4fa4-a97d-d965ccfc6d4b" outcome="Passed" testListId="8c84fa94-04c1-424b-9868-57a2d4851a1d" relativeResultsDirectory="bcdedcd3-870e-4bd2-9f06-4240cb999b21" />
    <UnitTestResult executionId="180a56e0-9a68-46ba-aaa7-7725c66d52ea" testId="8e1fb5dc-b2d8-31f3-5b99-a714e28802f3" testName="[Integration_StagingxDim&amp;Fact].[21].[IT - Staging table is a subset of a dimension].[StagingMoney.Ucetnictvi_Ucet]" computerName="LAPTOP-OBK5BVVT" duration="00:00:00.0439270" startTime="2020-10-28T15:16:42.0000000+01:00" endTime="2020-10-28T15:16:42.0000000+01:00" testType="13cdc9d9-ddb5-4fa4-a97d-d965ccfc6d4b" outcome="Passed" testListId="8c84fa94-04c1-424b-9868-57a2d4851a1d" relativeResultsDirectory="180a56e0-9a68-46ba-aaa7-7725c66d52ea" />
    <UnitTestResult executionId="197a33f2-9d94-4bbc-807a-5047117c8f91" testId="6f97390d-f333-7779-747b-5eb57b7fd1d8" testName="[Integration_StagingxDim&amp;Fact].[30].[IT - Staging table is a subset of a dimension].[StagingMoney.Ucetnictvi_InterniDoklad]" computerName="LAPTOP-OBK5BVVT" duration="00:00:00.0372980" startTime="2020-10-28T15:16:42.0000000+01:00" endTime="2020-10-28T15:16:42.0000000+01:00" testType="13cdc9d9-ddb5-4fa4-a97d-d965ccfc6d4b" outcome="Failed" testListId="8c84fa94-04c1-424b-9868-57a2d4851a1d" relativeResultsDirectory="197a33f2-9d94-4bbc-807a-5047117c8f91">
      <Output>
        <ErrorInfo>
          <Message>There is at least one row, but no rows were expected:&#xD;
&#xD;
┌───────────────────────────┬──────────────┬───────────────────────────┐&#xD;
│ID                         │CisloDokladu  │Nazev                      │&#xD;
╞═══════════════════════════╪══════════════╪═══════════════════════════╡&#xD;
│6ee4c247-5eb7-4ca6-9ae...  │ID00003       │zařazení majetku - not...  │&#xD;
└───────────────────────────┴──────────────┴───────────────────────────┘&#xD;
&#xD;
&#xD;
Test description: Dim.Document&#xD;
TestQuerySource: BigBang&#xD;
TestQuery:&#xD;
&#xD;
    select ID, CisloDokladu, Nazev from StagingMoney.Ucetnictvi_InterniDoklad&#xD;
    except&#xD;
&#xD;
 SELECT [Document Money Src ID]&#xD;
      ,[Document Number]&#xD;
      ,[Document Description]&#xD;
  FROM [Dim].[Document]&#xD;
&#xD;
</Message>
          <StackTrace>   at JC.Unit.TestExecution.nUnitRunner.RunAllTests(TestDefinition testDefinition) in D:\a\1\s\MainCore\JC.Unit\JC.Unit\TestExecution\nUnitRunner.cs:line 59&#xD;
</StackTrace>
        </ErrorInfo>
      </Output>
    </UnitTestResult>
    <UnitTestResult executionId="9bd7312b-036b-4105-a661-7418eed9bd6a" testId="82d47166-fa0d-eeb8-402e-c62c6e3b2d5d" testName="[Integration_StagingxDim&amp;Fact].[17].[IT - Sum check by Document Type].[Table [Finance_PokladniDoklad]]" computerName="LAPTOP-OBK5BVVT" duration="00:00:00.5703700" startTime="2020-10-28T15:16:41.0000000+01:00" endTime="2020-10-28T15:16:42.0000000+01:00" testType="13cdc9d9-ddb5-4fa4-a97d-d965ccfc6d4b" outcome="Passed" testListId="8c84fa94-04c1-424b-9868-57a2d4851a1d" relativeResultsDirectory="9bd7312b-036b-4105-a661-7418eed9bd6a" />
    <UnitTestResult executionId="53bae038-fe81-4ddc-843e-d83f21992cfc" testId="e98ba9b2-7b11-bcbc-7534-5441c3ffe8f3" testName="[Smoke_ObjectExistence].[13].[Existence of the table].[Table Finance_PolozkaPrikazuKUhrade]" computerName="LAPTOP-OBK5BVVT" duration="00:00:00.0993690" startTime="2020-10-28T15:16:42.0000000+01:00" endTime="2020-10-28T15:16:42.0000000+01:00" testType="13cdc9d9-ddb5-4fa4-a97d-d965ccfc6d4b" outcome="Passed" testListId="8c84fa94-04c1-424b-9868-57a2d4851a1d" relativeResultsDirectory="53bae038-fe81-4ddc-843e-d83f21992cfc" />
    <UnitTestResult executionId="28aba7bc-a93b-4c21-9021-3d376aad3fd1" testId="7557f51e-c690-f35a-c69e-f1b0099d098d" testName="[Integration_StagingxDim&amp;Fact].[23].[IT - Staging table is a subset of a dimension].[StagingMoney.Ciselniky_Zakazka]" computerName="LAPTOP-OBK5BVVT" duration="00:00:00.0375670" startTime="2020-10-28T15:16:42.0000000+01:00" endTime="2020-10-28T15:16:42.0000000+01:00" testType="13cdc9d9-ddb5-4fa4-a97d-d965ccfc6d4b" outcome="Passed" testListId="8c84fa94-04c1-424b-9868-57a2d4851a1d" relativeResultsDirectory="28aba7bc-a93b-4c21-9021-3d376aad3fd1" />
    <UnitTestResult executionId="d6e92b2d-2f08-4b4a-b3e8-5e8551827982" testId="1cb03d79-ff9b-500d-7915-ae447d9bbf71" testName="[Smoke_ObjectExistence].[18].[Existence of the table].[Table Ciselniky_Stat]" computerName="LAPTOP-OBK5BVVT" duration="00:00:00.0793470" startTime="2020-10-28T15:16:42.0000000+01:00" endTime="2020-10-28T15:16:42.0000000+01:00" testType="13cdc9d9-ddb5-4fa4-a97d-d965ccfc6d4b" outcome="Passed" testListId="8c84fa94-04c1-424b-9868-57a2d4851a1d" relativeResultsDirectory="d6e92b2d-2f08-4b4a-b3e8-5e8551827982" />
    <UnitTestResult executionId="af55703c-431e-432f-ba3b-045f65c60d00" testId="b36c18c2-2f16-c4b0-0e40-bd5cc9cf030a" testName="[Integration_StagingxDim&amp;Fact].[3].[ST - Not NULL values].[Table [Fact].[Person Capacity]]" computerName="LAPTOP-OBK5BVVT" duration="00:00:01.1803110" startTime="2020-10-28T15:16:39.0000000+01:00" endTime="2020-10-28T15:16:40.0000000+01:00" testType="13cdc9d9-ddb5-4fa4-a97d-d965ccfc6d4b" outcome="Passed" testListId="8c84fa94-04c1-424b-9868-57a2d4851a1d" relativeResultsDirectory="af55703c-431e-432f-ba3b-045f65c60d00" />
    <UnitTestResult executionId="29f9ed5a-a84a-49d2-91b5-810cffd50a3d" testId="a6ff8bd4-840e-7b1c-0622-bf6ed6997953" testName="[Integration_StagingxDim&amp;Fact].[38].[ST - Document Payment Status].[Document Payment Status - Nezaplaceno]" computerName="LAPTOP-OBK5BVVT" duration="00:00:00.0454880" startTime="2020-10-28T15:16:42.0000000+01:00" endTime="2020-10-28T15:16:42.0000000+01:00" testType="13cdc9d9-ddb5-4fa4-a97d-d965ccfc6d4b" outcome="Passed" testListId="8c84fa94-04c1-424b-9868-57a2d4851a1d" relativeResultsDirectory="29f9ed5a-a84a-49d2-91b5-810cffd50a3d" />
    <UnitTestResult executionId="04e47dc5-2525-40c4-b623-8651d984cc18" testId="4d3a32a4-4609-a802-8e5d-72092fb3527d" testName="[Smoke_ObjectExistence].[48].[Existence of the table].[Table Account]" computerName="LAPTOP-OBK5BVVT" duration="00:00:00.0751830" startTime="2020-10-28T15:16:43.0000000+01:00" endTime="2020-10-28T15:16:43.0000000+01:00" testType="13cdc9d9-ddb5-4fa4-a97d-d965ccfc6d4b" outcome="Passed" testListId="8c84fa94-04c1-424b-9868-57a2d4851a1d" relativeResultsDirectory="04e47dc5-2525-40c4-b623-8651d984cc18" />
    <UnitTestResult executionId="01395250-11ca-4f70-87f3-c3adce0aaeb3" testId="1ab7735e-377f-01ed-d8c3-0db955cf8049" testName="[Integration_StagingxDim&amp;Fact].[8].[ST - Amount check].[Table [Dim].[Document]]" computerName="LAPTOP-OBK5BVVT" duration="00:00:00.1450470" startTime="2020-10-28T15:16:40.0000000+01:00" endTime="2020-10-28T15:16:40.0000000+01:00" testType="13cdc9d9-ddb5-4fa4-a97d-d965ccfc6d4b" outcome="Failed" testListId="8c84fa94-04c1-424b-9868-57a2d4851a1d" relativeResultsDirectory="01395250-11ca-4f70-87f3-c3adce0aaeb3">
      <Output>
        <ErrorInfo>
          <Message>There is at least one row, but no rows were expected:&#xD;
&#xD;
┌─────────────┬───────────────────────────┬─────────────────┬─────────────────────┬─────────────────┐&#xD;
│Document ID  │Document Description       │Amount Paid CZK  │Amount with VAT CZK  │Document Type    │&#xD;
╞═════════════╪═══════════════════════════╪═════════════════╪═════════════════════╪═════════════════╡&#xD;
│18           │Opravný daňový doklad ...  │0.0000           │-4850.8900           │faktura přijatá  │&#xD;
└─────────────┴───────────────────────────┴─────────────────┴─────────────────────┴─────────────────┘&#xD;
&#xD;
&#xD;
Test description: Check if sum of [Amount Paid CZK] is higher than [Amount with VAT CZK]&#xD;
TestQuerySource: BigBang&#xD;
TestQuery:&#xD;
&#xD;
    select [Document ID], [Document Description], [Amount Paid CZK], [Amount with VAT CZK], [Document Type]&#xD;
from dim.Document D&#xD;
join dim.[Document Type] DT&#xD;
on D.[Document Type ID] = DT.[Document Type ID]&#xD;
where [Amount Paid CZK] &gt; [Amount with VAT CZK]&#xD;
&#xD;
</Message>
          <StackTrace>   at JC.Unit.TestExecution.nUnitRunner.RunAllTests(TestDefinition testDefinition) in D:\a\1\s\MainCore\JC.Unit\JC.Unit\TestExecution\nUnitRunner.cs:line 59&#xD;
</StackTrace>
        </ErrorInfo>
      </Output>
    </UnitTestResult>
    <UnitTestResult executionId="8cb0b8a8-11a4-4bc0-b781-dd513a0fb8f1" testId="8297bce6-fe99-c398-4990-1b0593c648e4" testName="[Smoke_ObjectExistence].[53].[Existence of the table].[Table SystemUser]" computerName="LAPTOP-OBK5BVVT" duration="00:00:00.0864980" startTime="2020-10-28T15:16:43.0000000+01:00" endTime="2020-10-28T15:16:43.0000000+01:00" testType="13cdc9d9-ddb5-4fa4-a97d-d965ccfc6d4b" outcome="Passed" testListId="8c84fa94-04c1-424b-9868-57a2d4851a1d" relativeResultsDirectory="8cb0b8a8-11a4-4bc0-b781-dd513a0fb8f1" />
    <UnitTestResult executionId="4343f7e9-b1a2-4ff2-80ab-7966bf652a8a" testId="52a5227e-4b35-a770-eb37-5df487124947" testName="[Integration_StagingxDim&amp;Fact].[2].[ST - Accounting logic].[Journal x Account Balance check]" computerName="LAPTOP-OBK5BVVT" duration="00:00:01.9070420" startTime="2020-10-28T15:16:38.0000000+01:00" endTime="2020-10-28T15:16:40.0000000+01:00" testType="13cdc9d9-ddb5-4fa4-a97d-d965ccfc6d4b" outcome="Passed" testListId="8c84fa94-04c1-424b-9868-57a2d4851a1d" relativeResultsDirectory="4343f7e9-b1a2-4ff2-80ab-7966bf652a8a" />
    <UnitTestResult executionId="c79948c0-e080-428b-9fed-5b6b1358e940" testId="bbe514a8-b32c-84ea-2fe8-555567b7c1aa" testName="[Smoke_ObjectExistence].[26].[Existence of the table].[Table Fakturace_PolozkaFakturyPrijate]" computerName="LAPTOP-OBK5BVVT" duration="00:00:00.0729440" startTime="2020-10-28T15:16:42.0000000+01:00" endTime="2020-10-28T15:16:43.0000000+01:00" testType="13cdc9d9-ddb5-4fa4-a97d-d965ccfc6d4b" outcome="Passed" testListId="8c84fa94-04c1-424b-9868-57a2d4851a1d" relativeResultsDirectory="c79948c0-e080-428b-9fed-5b6b1358e940" />
    <UnitTestResult executionId="e37d4319-e787-4639-9068-0858818182dc" testId="becefbb3-296f-28e1-a93c-1a14e25a8f3d" testName="[Smoke_ObjectExistence].[1].[Existence of the table].[Table Objednavky_ObjednavkaPrijata]" computerName="LAPTOP-OBK5BVVT" duration="00:00:00.0890860" startTime="2020-10-28T15:16:42.0000000+01:00" endTime="2020-10-28T15:16:42.0000000+01:00" testType="13cdc9d9-ddb5-4fa4-a97d-d965ccfc6d4b" outcome="Passed" testListId="8c84fa94-04c1-424b-9868-57a2d4851a1d" relativeResultsDirectory="e37d4319-e787-4639-9068-0858818182dc" />
    <UnitTestResult executionId="faa59a5b-77ab-42e3-98c7-fcf1fe8012c2" testId="74db6c8f-742d-cdd0-fa94-9d1c48485dbf" testName="[Integration_StagingxDim&amp;Fact].[9].[ST - Credit and Debit].[Table [Fact].[Journal]]" computerName="LAPTOP-OBK5BVVT" duration="00:00:00.1526430" startTime="2020-10-28T15:16:40.0000000+01:00" endTime="2020-10-28T15:16:40.0000000+01:00" testType="13cdc9d9-ddb5-4fa4-a97d-d965ccfc6d4b" outcome="Passed" testListId="8c84fa94-04c1-424b-9868-57a2d4851a1d" relativeResultsDirectory="faa59a5b-77ab-42e3-98c7-fcf1fe8012c2" />
    <UnitTestResult executionId="a6ee4c7f-87b9-410d-8e2a-5cc15573f645" testId="18b18861-0e44-b868-8a5f-964d2292f002" testName="[Smoke_ObjectExistence].[17].[Existence of the table].[Table Fakturace_PolozkaZalohoveFakturyVydane]" computerName="LAPTOP-OBK5BVVT" duration="00:00:00.0799550" startTime="2020-10-28T15:16:42.0000000+01:00" endTime="2020-10-28T15:16:42.0000000+01:00" testType="13cdc9d9-ddb5-4fa4-a97d-d965ccfc6d4b" outcome="Passed" testListId="8c84fa94-04c1-424b-9868-57a2d4851a1d" relativeResultsDirectory="a6ee4c7f-87b9-410d-8e2a-5cc15573f645" />
    <UnitTestResult executionId="dd3ebc46-dfb0-4740-9755-7c14df2c6d22" testId="8f902760-590d-6675-0ade-d6de7c771a6b" testName="[Smoke_ObjectExistence].[5].[Existence of the table].[Table Finance_BankovniVypis]" computerName="LAPTOP-OBK5BVVT" duration="00:00:00.0844360" startTime="2020-10-28T15:16:42.0000000+01:00" endTime="2020-10-28T15:16:42.0000000+01:00" testType="13cdc9d9-ddb5-4fa4-a97d-d965ccfc6d4b" outcome="Passed" testListId="8c84fa94-04c1-424b-9868-57a2d4851a1d" relativeResultsDirectory="dd3ebc46-dfb0-4740-9755-7c14df2c6d22" />
    <UnitTestResult executionId="f1968899-f5af-42a1-85b6-35ad205119da" testId="4717d6b8-16a3-1be3-996f-d263b9ce1288" testName="[Smoke_ObjectExistence].[47].[Existence of the table].[Table Personalistika_Zamestnanec]" computerName="LAPTOP-OBK5BVVT" duration="00:00:00.0861550" startTime="2020-10-28T15:16:43.0000000+01:00" endTime="2020-10-28T15:16:43.0000000+01:00" testType="13cdc9d9-ddb5-4fa4-a97d-d965ccfc6d4b" outcome="Passed" testListId="8c84fa94-04c1-424b-9868-57a2d4851a1d" relativeResultsDirectory="f1968899-f5af-42a1-85b6-35ad205119da" />
    <UnitTestResult executionId="8d510d4b-2e59-4cd0-b69e-98383d9e4d6a" testId="5279a498-3e54-6a76-5668-7936e4fcdb2e" testName="[Integration_StagingxDim&amp;Fact].[4].[ST - Sum of Amount with VAT CZK].[Table [Fact].[Document Item]]" computerName="LAPTOP-OBK5BVVT" duration="00:00:01.7136970" startTime="2020-10-28T15:16:39.0000000+01:00" endTime="2020-10-28T15:16:41.0000000+01:00" testType="13cdc9d9-ddb5-4fa4-a97d-d965ccfc6d4b" outcome="Passed" testListId="8c84fa94-04c1-424b-9868-57a2d4851a1d" relativeResultsDirectory="8d510d4b-2e59-4cd0-b69e-98383d9e4d6a" />
    <UnitTestResult executionId="fafa7971-9ed4-4eab-ac74-5814afb1bf4b" testId="b94a13f1-e0d2-a3a1-0150-4599409d2aff" testName="[Smoke_ObjectExistence].[58].[Existence of the table].[Table Contract Fees]" computerName="LAPTOP-OBK5BVVT" duration="00:00:00.0796260" startTime="2020-10-28T15:16:43.0000000+01:00" endTime="2020-10-28T15:16:43.0000000+01:00" testType="13cdc9d9-ddb5-4fa4-a97d-d965ccfc6d4b" outcome="Passed" testListId="8c84fa94-04c1-424b-9868-57a2d4851a1d" relativeResultsDirectory="fafa7971-9ed4-4eab-ac74-5814afb1bf4b" />
    <UnitTestResult executionId="94564b52-9001-4780-a402-fa51e0e5b599" testId="a8c716b8-4193-980e-46d0-7cd4ef03d825" testName="[Smoke_ObjectExistence].[55].[Existence of the table].[Table LeadToOpportunityTarget]" computerName="LAPTOP-OBK5BVVT" duration="00:00:00.0718670" startTime="2020-10-28T15:16:43.0000000+01:00" endTime="2020-10-28T15:16:43.0000000+01:00" testType="13cdc9d9-ddb5-4fa4-a97d-d965ccfc6d4b" outcome="Passed" testListId="8c84fa94-04c1-424b-9868-57a2d4851a1d" relativeResultsDirectory="94564b52-9001-4780-a402-fa51e0e5b599" />
    <UnitTestResult executionId="4ec07ee0-eeee-431d-b187-c7bfe9f73373" testId="fea8ee86-f243-4070-1133-af94f671b1b8" testName="[Smoke_ObjectExistence].[32].[Existence of the table].[Table Ucetnictvi_PolozkaInternihoDokladu]" computerName="LAPTOP-OBK5BVVT" duration="00:00:00.0735920" startTime="2020-10-28T15:16:43.0000000+01:00" endTime="2020-10-28T15:16:43.0000000+01:00" testType="13cdc9d9-ddb5-4fa4-a97d-d965ccfc6d4b" outcome="Passed" testListId="8c84fa94-04c1-424b-9868-57a2d4851a1d" relativeResultsDirectory="4ec07ee0-eeee-431d-b187-c7bfe9f73373" />
    <UnitTestResult executionId="4e1d46a3-0cc7-4178-a1f0-c80f22acf185" testId="40a17607-ffd3-0727-13e7-309842913b28" testName="[Integration_StagingxDim&amp;Fact].[27].[IT - Staging table is a subset of a dimension].[StagingMoney.Finance_PokladniDoklad]" computerName="LAPTOP-OBK5BVVT" duration="00:00:00.0385140" startTime="2020-10-28T15:16:42.0000000+01:00" endTime="2020-10-28T15:16:42.0000000+01:00" testType="13cdc9d9-ddb5-4fa4-a97d-d965ccfc6d4b" outcome="Failed" testListId="8c84fa94-04c1-424b-9868-57a2d4851a1d" relativeResultsDirectory="4e1d46a3-0cc7-4178-a1f0-c80f22acf185">
      <Output>
        <ErrorInfo>
          <Message>There is at least one row, but no rows were expected:&#xD;
&#xD;
┌───────────────────────────┬──────────────┬───────┐&#xD;
│ID                         │CisloDokladu  │Nazev  │&#xD;
╞═══════════════════════════╪══════════════╪═══════╡&#xD;
│72262521-0ff7-4c29-a93...  │PV00009       │       │&#xD;
└───────────────────────────┴──────────────┴───────┘&#xD;
&#xD;
&#xD;
Test description: Dim.Document&#xD;
TestQuerySource: BigBang&#xD;
TestQuery:&#xD;
&#xD;
    select ID, CisloDokladu, Nazev from StagingMoney.Finance_PokladniDoklad&#xD;
    except&#xD;
&#xD;
 SELECT [Document Money Src ID]&#xD;
      ,[Document Number]&#xD;
      ,[Document Description]&#xD;
  FROM [Dim].[Document]&#xD;
&#xD;
</Message>
          <StackTrace>   at JC.Unit.TestExecution.nUnitRunner.RunAllTests(TestDefinition testDefinition) in D:\a\1\s\MainCore\JC.Unit\JC.Unit\TestExecution\nUnitRunner.cs:line 59&#xD;
</StackTrace>
        </ErrorInfo>
      </Output>
    </UnitTestResult>
    <UnitTestResult executionId="e442442d-7974-4d67-9cdd-c94ff8775ccb" testId="16476183-8a99-9d57-9a05-ab6dceed5fad" testName="[Smoke_ObjectExistence].[9].[Existence of the table].[Table Fakturace_ZalohovaFakturaPrijata]" computerName="LAPTOP-OBK5BVVT" duration="00:00:00.0728830" startTime="2020-10-28T15:16:42.0000000+01:00" endTime="2020-10-28T15:16:42.0000000+01:00" testType="13cdc9d9-ddb5-4fa4-a97d-d965ccfc6d4b" outcome="Passed" testListId="8c84fa94-04c1-424b-9868-57a2d4851a1d" relativeResultsDirectory="e442442d-7974-4d67-9cdd-c94ff8775ccb" />
    <UnitTestResult executionId="1d3d8a2c-cf38-4cda-b2f7-4c3fdd454d76" testId="6febc6cd-4565-b196-9913-89791c7f65ab" testName="[Smoke_ObjectExistence].[8].[Existence of the table].[Table Ucetnictvi_InterniDoklad]" computerName="LAPTOP-OBK5BVVT" duration="00:00:00.0889950" startTime="2020-10-28T15:16:42.0000000+01:00" endTime="2020-10-28T15:16:42.0000000+01:00" testType="13cdc9d9-ddb5-4fa4-a97d-d965ccfc6d4b" outcome="Passed" testListId="8c84fa94-04c1-424b-9868-57a2d4851a1d" relativeResultsDirectory="1d3d8a2c-cf38-4cda-b2f7-4c3fdd454d76" />
    <UnitTestResult executionId="65635091-41d9-40e5-920f-0cbd6801d10c" testId="5362ad2c-828a-7aad-1d15-a999fe6c67ac" testName="[Integration_StagingxDim&amp;Fact].[34].[IT - Staging table is a subset of a dimension].[StagingMoney.Finance_PrikazKUhrade]" computerName="LAPTOP-OBK5BVVT" duration="00:00:00.0377700" startTime="2020-10-28T15:16:42.0000000+01:00" endTime="2020-10-28T15:16:42.0000000+01:00" testType="13cdc9d9-ddb5-4fa4-a97d-d965ccfc6d4b" outcome="Failed" testListId="8c84fa94-04c1-424b-9868-57a2d4851a1d" relativeResultsDirectory="65635091-41d9-40e5-920f-0cbd6801d10c">
      <Output>
        <ErrorInfo>
          <Message>There is at least one row, but no rows were expected:&#xD;
&#xD;
┌───────────────────────────┬──────────────┬──────────────┐&#xD;
│ID                         │CisloDokladu  │Nazev         │&#xD;
╞═══════════════════════════╪══════════════╪══════════════╡&#xD;
│7a724f8d-c58a-4e79-9f1...  │PU00011       │Mzdy 07/2019  │&#xD;
└───────────────────────────┴──────────────┴──────────────┘&#xD;
&#xD;
&#xD;
Test description: Dim.Document&#xD;
TestQuerySource: BigBang&#xD;
TestQuery:&#xD;
&#xD;
    select ID, CisloDokladu, Nazev from StagingMoney.Finance_PrikazKUhrade&#xD;
    except&#xD;
&#xD;
 SELECT [Document Money Src ID]&#xD;
      ,[Document Number]&#xD;
      ,[Document Description]&#xD;
  FROM [Dim].[Document]&#xD;
&#xD;
</Message>
          <StackTrace>   at JC.Unit.TestExecution.nUnitRunner.RunAllTests(TestDefinition testDefinition) in D:\a\1\s\MainCore\JC.Unit\JC.Unit\TestExecution\nUnitRunner.cs:line 59&#xD;
</StackTrace>
        </ErrorInfo>
      </Output>
    </UnitTestResult>
    <UnitTestResult executionId="ef5c565d-1edd-4b4d-8285-00a1dc42f371" testId="4c3281ce-958d-c17c-c4db-acdbee707867" testName="[Integration_StagingxDim&amp;Fact].[42].[ST - Revenue Cost Category].[ST - Revenue Cost Category Assigned]" computerName="LAPTOP-OBK5BVVT" duration="00:00:00.0377220" startTime="2020-10-28T15:16:42.0000000+01:00" endTime="2020-10-28T15:16:42.0000000+01:00" testType="13cdc9d9-ddb5-4fa4-a97d-d965ccfc6d4b" outcome="Passed" testListId="8c84fa94-04c1-424b-9868-57a2d4851a1d" relativeResultsDirectory="ef5c565d-1edd-4b4d-8285-00a1dc42f371" />
    <UnitTestResult executionId="40131028-4a8f-485c-9603-4e26da7aa3ce" testId="94a1c9bc-6703-5715-60b9-f1ef941637e7" testName="[Integration_StagingxDim&amp;Fact].[1].[ST - No empty tables Dim + Fact].[No empty Dim &amp; Fact tables]" computerName="LAPTOP-OBK5BVVT" duration="00:00:00.9105290" startTime="2020-10-28T15:16:38.0000000+01:00" endTime="2020-10-28T15:16:39.0000000+01:00" testType="13cdc9d9-ddb5-4fa4-a97d-d965ccfc6d4b" outcome="Passed" testListId="8c84fa94-04c1-424b-9868-57a2d4851a1d" relativeResultsDirectory="40131028-4a8f-485c-9603-4e26da7aa3ce" />
    <UnitTestResult executionId="79ef16ae-06ba-4876-9eef-5a66f40f0933" testId="58940f79-27c1-f004-0cda-2c9c955f9a6c" testName="[Integration_StagingxDim&amp;Fact].[31].[IT - Staging table is a subset of a dimension].[StagingMoney.Finance_BankovniVypis]" computerName="LAPTOP-OBK5BVVT" duration="00:00:00.0351310" startTime="2020-10-28T15:16:42.0000000+01:00" endTime="2020-10-28T15:16:42.0000000+01:00" testType="13cdc9d9-ddb5-4fa4-a97d-d965ccfc6d4b" outcome="Failed" testListId="8c84fa94-04c1-424b-9868-57a2d4851a1d" relativeResultsDirectory="79ef16ae-06ba-4876-9eef-5a66f40f0933">
      <Output>
        <ErrorInfo>
          <Message>There is at least one row, but no rows were expected:&#xD;
&#xD;
┌───────────────────────────┬──────────────┬───────┐&#xD;
│ID                         │CisloDokladu  │Nazev  │&#xD;
╞═══════════════════════════╪══════════════╪═══════╡&#xD;
│d810dead-7f36-485f-805...  │BVFS00001     │       │&#xD;
└───────────────────────────┴──────────────┴───────┘&#xD;
&#xD;
&#xD;
Test description: Dim.Document&#xD;
TestQuerySource: BigBang&#xD;
TestQuery:&#xD;
&#xD;
    select ID, CisloDokladu, Nazev from StagingMoney.Finance_BankovniVypis&#xD;
    except&#xD;
&#xD;
 SELECT [Document Money Src ID]&#xD;
      ,[Document Number]&#xD;
      ,[Document Description]&#xD;
  FROM [Dim].[Document]&#xD;
&#xD;
</Message>
          <StackTrace>   at JC.Unit.TestExecution.nUnitRunner.RunAllTests(TestDefinition testDefinition) in D:\a\1\s\MainCore\JC.Unit\JC.Unit\TestExecution\nUnitRunner.cs:line 59&#xD;
</StackTrace>
        </ErrorInfo>
      </Output>
    </UnitTestResult>
    <UnitTestResult executionId="5651b090-6a8f-4ccb-8910-8821e53d33ec" testId="821e872f-8ad4-4756-a10a-1a9afe75ca93" testName="[Integration_StagingxDim&amp;Fact].[33].[IT - Staging table is a subset of a dimension].[StagingMoney.Fakturace_ZalohovaFakturaPrijata]" computerName="LAPTOP-OBK5BVVT" duration="00:00:00.0536360" startTime="2020-10-28T15:16:42.0000000+01:00" endTime="2020-10-28T15:16:42.0000000+01:00" testType="13cdc9d9-ddb5-4fa4-a97d-d965ccfc6d4b" outcome="Passed" testListId="8c84fa94-04c1-424b-9868-57a2d4851a1d" relativeResultsDirectory="5651b090-6a8f-4ccb-8910-8821e53d33ec" />
    <UnitTestResult executionId="4d32883a-9342-41d7-b419-594c6f8d87dc" testId="50fafed6-ad95-43c4-24f8-d614d5c94d96" testName="[Smoke_ObjectExistence].[30].[Existence of the table].[Table Ucetnictvi_PohledavkovyDoklad]" computerName="LAPTOP-OBK5BVVT" duration="00:00:00.0784830" startTime="2020-10-28T15:16:43.0000000+01:00" endTime="2020-10-28T15:16:43.0000000+01:00" testType="13cdc9d9-ddb5-4fa4-a97d-d965ccfc6d4b" outcome="Passed" testListId="8c84fa94-04c1-424b-9868-57a2d4851a1d" relativeResultsDirectory="4d32883a-9342-41d7-b419-594c6f8d87dc" />
    <UnitTestResult executionId="c02a5125-8abc-42b4-b28c-8d4118f9747e" testId="7cf2e1c7-c3b0-6dde-9ff6-bdc5372fabee" testName="[Smoke_ObjectExistence].[19].[Existence of the table].[Table EconomicBase_DruhDokladu]" computerName="LAPTOP-OBK5BVVT" duration="00:00:00.0876600" startTime="2020-10-28T15:16:42.0000000+01:00" endTime="2020-10-28T15:16:42.0000000+01:00" testType="13cdc9d9-ddb5-4fa4-a97d-d965ccfc6d4b" outcome="Passed" testListId="8c84fa94-04c1-424b-9868-57a2d4851a1d" relativeResultsDirectory="c02a5125-8abc-42b4-b28c-8d4118f9747e" />
    <UnitTestResult executionId="4b1511f2-40a4-4998-a8dd-a62ad8f37657" testId="378cf331-36e7-aa16-9514-df1f6a19a35c" testName="[Integration_MoneyxStaging].[5].[ST - No empty tables - StagingMoney].[No empty tables]" computerName="LAPTOP-OBK5BVVT" duration="00:00:00.3485180" startTime="2020-10-28T15:16:38.0000000+01:00" endTime="2020-10-28T15:16:39.0000000+01:00" testType="13cdc9d9-ddb5-4fa4-a97d-d965ccfc6d4b" outcome="Passed" testListId="8c84fa94-04c1-424b-9868-57a2d4851a1d" relativeResultsDirectory="4b1511f2-40a4-4998-a8dd-a62ad8f37657" />
    <UnitTestResult executionId="aeda0296-5d6d-4dac-9559-d275d4336d03" testId="ebaeadec-2162-4787-8a1c-fd15c278512e" testName="[Integration_StagingxDim&amp;Fact].[35].[IT - Staging table is a subset of a dimension].[StagingMoney.Objednavky_ObjednavkaPrijata]" computerName="LAPTOP-OBK5BVVT" duration="00:00:00.0358020" startTime="2020-10-28T15:16:42.0000000+01:00" endTime="2020-10-28T15:16:42.0000000+01:00" testType="13cdc9d9-ddb5-4fa4-a97d-d965ccfc6d4b" outcome="Passed" testListId="8c84fa94-04c1-424b-9868-57a2d4851a1d" relativeResultsDirectory="aeda0296-5d6d-4dac-9559-d275d4336d03" />
    <UnitTestResult executionId="f3e217c9-94f2-4dad-a579-8837b02148bb" testId="a839709d-1374-8ac0-c102-62728a740644" testName="[Integration_StagingxDim&amp;Fact].[19].[IT - Sum check by Document Type].[Table [Fakturace_ZalohovaFakturaVydana]]" computerName="LAPTOP-OBK5BVVT" duration="00:00:00.3102940" startTime="2020-10-28T15:16:41.0000000+01:00" endTime="2020-10-28T15:16:42.0000000+01:00" testType="13cdc9d9-ddb5-4fa4-a97d-d965ccfc6d4b" outcome="Passed" testListId="8c84fa94-04c1-424b-9868-57a2d4851a1d" relativeResultsDirectory="f3e217c9-94f2-4dad-a579-8837b02148bb" />
    <UnitTestResult executionId="aee5f59f-a813-48d7-931b-25eec6b70ca6" testId="0d51d202-9f0e-8e87-796e-4d8c0987e236" testName="[Smoke_ObjectExistence].[52].[Existence of the table].[Table OpportunityHeader]" computerName="LAPTOP-OBK5BVVT" duration="00:00:00.0805300" startTime="2020-10-28T15:16:43.0000000+01:00" endTime="2020-10-28T15:16:43.0000000+01:00" testType="13cdc9d9-ddb5-4fa4-a97d-d965ccfc6d4b" outcome="Passed" testListId="8c84fa94-04c1-424b-9868-57a2d4851a1d" relativeResultsDirectory="aee5f59f-a813-48d7-931b-25eec6b70ca6" />
    <UnitTestResult executionId="a24eb852-a1d3-499a-9095-69520a962e47" testId="bbd35e0e-bb7e-d19c-146d-4ca86003d252" testName="[Integration_StagingxDim&amp;Fact].[32].[IT - Staging table is a subset of a dimension].[StagingMoney.Fakturace_ZalohovaFakturaVydana]" computerName="LAPTOP-OBK5BVVT" duration="00:00:00.0454420" startTime="2020-10-28T15:16:42.0000000+01:00" endTime="2020-10-28T15:16:42.0000000+01:00" testType="13cdc9d9-ddb5-4fa4-a97d-d965ccfc6d4b" outcome="Passed" testListId="8c84fa94-04c1-424b-9868-57a2d4851a1d" relativeResultsDirectory="a24eb852-a1d3-499a-9095-69520a962e47" />
    <UnitTestResult executionId="b9c9410e-8eea-4cf8-8de1-4e6a8b50f5ed" testId="ec69f802-95a3-4b41-2a0c-e181c682aec8" testName="[Integration_StagingxDim&amp;Fact].[6].[ST - Check of Column values].[View [Model].[Contract]]" computerName="LAPTOP-OBK5BVVT" duration="00:00:00.1817990" startTime="2020-10-28T15:16:40.0000000+01:00" endTime="2020-10-28T15:16:40.0000000+01:00" testType="13cdc9d9-ddb5-4fa4-a97d-d965ccfc6d4b" outcome="Passed" testListId="8c84fa94-04c1-424b-9868-57a2d4851a1d" relativeResultsDirectory="b9c9410e-8eea-4cf8-8de1-4e6a8b50f5ed" />
    <UnitTestResult executionId="e437aac4-da9c-4db8-b8bf-c8fe2b5d60d2" testId="b9c9e4ae-229c-0f71-c5aa-98fe7605eaf4" testName="[Smoke_ObjectExistence].[51].[Existence of the table].[Table LeadToOpportunity]" computerName="LAPTOP-OBK5BVVT" duration="00:00:00.0804770" startTime="2020-10-28T15:16:43.0000000+01:00" endTime="2020-10-28T15:16:43.0000000+01:00" testType="13cdc9d9-ddb5-4fa4-a97d-d965ccfc6d4b" outcome="Passed" testListId="8c84fa94-04c1-424b-9868-57a2d4851a1d" relativeResultsDirectory="e437aac4-da9c-4db8-b8bf-c8fe2b5d60d2" />
    <UnitTestResult executionId="34b0948b-5682-47b0-8330-1cd934ce97ff" testId="20f5e4c2-74a8-19b6-8770-cfb85b838a3e" testName="[Integration_StagingxDim&amp;Fact].[39].[ST - Document Payment Status].[Document Payment Status - Zaplaceno]" computerName="LAPTOP-OBK5BVVT" duration="00:00:00.0383290" startTime="2020-10-28T15:16:42.0000000+01:00" endTime="2020-10-28T15:16:42.0000000+01:00" testType="13cdc9d9-ddb5-4fa4-a97d-d965ccfc6d4b" outcome="Passed" testListId="8c84fa94-04c1-424b-9868-57a2d4851a1d" relativeResultsDirectory="34b0948b-5682-47b0-8330-1cd934ce97ff" />
    <UnitTestResult executionId="9be4e491-2fa3-4907-a5de-e1c6a5817041" testId="ee7b3397-05b3-5660-5f81-c9db969c5159" testName="[Smoke_ObjectExistence].[35].[Existence of the table].[Table Contract Rates]" computerName="LAPTOP-OBK5BVVT" duration="00:00:00.0830029" startTime="2020-10-28T15:16:43.0000000+01:00" endTime="2020-10-28T15:16:43.0000000+01:00" testType="13cdc9d9-ddb5-4fa4-a97d-d965ccfc6d4b" outcome="Passed" testListId="8c84fa94-04c1-424b-9868-57a2d4851a1d" relativeResultsDirectory="9be4e491-2fa3-4907-a5de-e1c6a5817041" />
    <UnitTestResult executionId="c602344b-d9cb-4419-98e5-4cec0706ad71" testId="7b2537ce-e820-5d98-57b2-e767c22e68d4" testName="[Integration_StagingxDim&amp;Fact].[15].[IT - Sum check by Document Type].[Table [Objednavky_ObjednavkaPrijata]]" computerName="LAPTOP-OBK5BVVT" duration="00:00:00.3116700" startTime="2020-10-28T15:16:41.0000000+01:00" endTime="2020-10-28T15:16:41.0000000+01:00" testType="13cdc9d9-ddb5-4fa4-a97d-d965ccfc6d4b" outcome="Passed" testListId="8c84fa94-04c1-424b-9868-57a2d4851a1d" relativeResultsDirectory="c602344b-d9cb-4419-98e5-4cec0706ad71" />
    <UnitTestResult executionId="bdde2869-72ce-4f12-94bb-77881d11a657" testId="c756a6b5-9822-425b-d05b-10486fe83341" testName="[Smoke_ObjectExistence].[28].[Existence of the table].[Table Finance_PokladniDoklad]" computerName="LAPTOP-OBK5BVVT" duration="00:00:00.0844820" startTime="2020-10-28T15:16:43.0000000+01:00" endTime="2020-10-28T15:16:43.0000000+01:00" testType="13cdc9d9-ddb5-4fa4-a97d-d965ccfc6d4b" outcome="Passed" testListId="8c84fa94-04c1-424b-9868-57a2d4851a1d" relativeResultsDirectory="bdde2869-72ce-4f12-94bb-77881d11a657" />
    <UnitTestResult executionId="a653d3a7-f966-48e9-9b7e-8ccac513e502" testId="81abb510-fadd-909b-267d-cfb66ab8e4f9" testName="[Integration_StagingxDim&amp;Fact].[14].[IT - Sum check by Document Type].[Table [Ucetnictvi_InterniDoklad]]" computerName="LAPTOP-OBK5BVVT" duration="00:00:00.2966920" startTime="2020-10-28T15:16:41.0000000+01:00" endTime="2020-10-28T15:16:41.0000000+01:00" testType="13cdc9d9-ddb5-4fa4-a97d-d965ccfc6d4b" outcome="Passed" testListId="8c84fa94-04c1-424b-9868-57a2d4851a1d" relativeResultsDirectory="a653d3a7-f966-48e9-9b7e-8ccac513e502" />
    <UnitTestResult executionId="4e49c885-95ed-4b38-b906-7eedcda4f261" testId="fd5e261c-a769-e37b-93f3-db8fd9795ff2" testName="[Smoke_ObjectExistence].[33].[Existence of the table].[Table Ucetnictvi_PolozkaPohledavkovehoDokladu]" computerName="LAPTOP-OBK5BVVT" duration="00:00:00.0834380" startTime="2020-10-28T15:16:43.0000000+01:00" endTime="2020-10-28T15:16:43.0000000+01:00" testType="13cdc9d9-ddb5-4fa4-a97d-d965ccfc6d4b" outcome="Passed" testListId="8c84fa94-04c1-424b-9868-57a2d4851a1d" relativeResultsDirectory="4e49c885-95ed-4b38-b906-7eedcda4f261" />
    <UnitTestResult executionId="68297af8-c76c-40fb-80e9-8430683f7c4a" testId="3db5c791-ffce-6a05-5860-fd4dfbc84e5a" testName="[Integration_StagingxDim&amp;Fact].[10].[ST - Credit and Debit].[Table [Fact].[Account Balance]]" computerName="LAPTOP-OBK5BVVT" duration="00:00:01.4244730" startTime="2020-10-28T15:16:40.0000000+01:00" endTime="2020-10-28T15:16:42.0000000+01:00" testType="13cdc9d9-ddb5-4fa4-a97d-d965ccfc6d4b" outcome="Passed" testListId="8c84fa94-04c1-424b-9868-57a2d4851a1d" relativeResultsDirectory="68297af8-c76c-40fb-80e9-8430683f7c4a" />
    <UnitTestResult executionId="9ce0e3c6-c7d4-43a6-ae23-2efc3f1e178f" testId="e6a75b46-68e3-68c6-0bac-3b5c7b10f84c" testName="[Integration_StagingxDim&amp;Fact].[41].[DQ - Paid more than needed].[Paid more than needed on document]" computerName="LAPTOP-OBK5BVVT" duration="00:00:00.0441060" startTime="2020-10-28T15:16:42.0000000+01:00" endTime="2020-10-28T15:16:42.0000000+01:00" testType="13cdc9d9-ddb5-4fa4-a97d-d965ccfc6d4b" outcome="Passed" testListId="8c84fa94-04c1-424b-9868-57a2d4851a1d" relativeResultsDirectory="9ce0e3c6-c7d4-43a6-ae23-2efc3f1e178f" />
    <UnitTestResult executionId="b3427505-f876-4a03-a606-dc2105adbacb" testId="0dce3cbb-c5be-8ce9-26c7-823b70f36b4e" testName="[Smoke_ObjectExistence].[6].[Existence of the table].[Table Finance_PrikazKUhrade]" computerName="LAPTOP-OBK5BVVT" duration="00:00:00.0800280" startTime="2020-10-28T15:16:42.0000000+01:00" endTime="2020-10-28T15:16:42.0000000+01:00" testType="13cdc9d9-ddb5-4fa4-a97d-d965ccfc6d4b" outcome="Passed" testListId="8c84fa94-04c1-424b-9868-57a2d4851a1d" relativeResultsDirectory="b3427505-f876-4a03-a606-dc2105adbacb" />
    <UnitTestResult executionId="7ef9e49c-13cc-40e0-9cbe-4189c57d4c51" testId="a8dfca29-b254-c754-1cae-f37950e06b2d" testName="[Smoke_ObjectExistence].[2].[Existence of the table].[Table Finance_PolozkaPokladnihoDokladu]" computerName="LAPTOP-OBK5BVVT" duration="00:00:00.0724380" startTime="2020-10-28T15:16:42.0000000+01:00" endTime="2020-10-28T15:16:42.0000000+01:00" testType="13cdc9d9-ddb5-4fa4-a97d-d965ccfc6d4b" outcome="Passed" testListId="8c84fa94-04c1-424b-9868-57a2d4851a1d" relativeResultsDirectory="7ef9e49c-13cc-40e0-9cbe-4189c57d4c51" />
    <UnitTestResult executionId="bc3b0993-9888-42e5-9ed1-0ea28f75170d" testId="7c2f79ab-8644-1b76-edfc-d1d7cfd5cae2" testName="[Smoke_ObjectExistence].[29].[Existence of the table].[Table Adresar_Firma]" computerName="LAPTOP-OBK5BVVT" duration="00:00:00.0808799" startTime="2020-10-28T15:16:43.0000000+01:00" endTime="2020-10-28T15:16:43.0000000+01:00" testType="13cdc9d9-ddb5-4fa4-a97d-d965ccfc6d4b" outcome="Passed" testListId="8c84fa94-04c1-424b-9868-57a2d4851a1d" relativeResultsDirectory="bc3b0993-9888-42e5-9ed1-0ea28f75170d" />
    <UnitTestResult executionId="9b144572-e475-4ed6-aee1-e6dc163deea5" testId="59c40813-1907-f75a-f050-dbaa9195f6db" testName="[Integration_StagingxDim&amp;Fact].[26].[IT - Staging table is a subset of a dimension].[StagingMoney.Ucetnictvi_ZavazkovyDoklad]" computerName="LAPTOP-OBK5BVVT" duration="00:00:00.0371310" startTime="2020-10-28T15:16:42.0000000+01:00" endTime="2020-10-28T15:16:42.0000000+01:00" testType="13cdc9d9-ddb5-4fa4-a97d-d965ccfc6d4b" outcome="Passed" testListId="8c84fa94-04c1-424b-9868-57a2d4851a1d" relativeResultsDirectory="9b144572-e475-4ed6-aee1-e6dc163deea5" />
    <UnitTestResult executionId="4df43672-0dee-4344-ba74-478007fce077" testId="08967945-3295-54c1-32d2-2e73fefe3a5f" testName="[Integration_StagingxDim&amp;Fact].[13].[IT - Sum check by Document Type].[Table [Fakturace_FakturaPrijata]]" computerName="LAPTOP-OBK5BVVT" duration="00:00:00.9143370" startTime="2020-10-28T15:16:41.0000000+01:00" endTime="2020-10-28T15:16:41.0000000+01:00" testType="13cdc9d9-ddb5-4fa4-a97d-d965ccfc6d4b" outcome="Passed" testListId="8c84fa94-04c1-424b-9868-57a2d4851a1d" relativeResultsDirectory="4df43672-0dee-4344-ba74-478007fce077" />
    <UnitTestResult executionId="33e2ebeb-5277-4839-8d09-d99eba6c37f8" testId="16d5e31b-ede9-d3bc-1f7a-c861155e9c35" testName="[Smoke_ObjectExistence].[46].[Existence of the table].[Table Person]" computerName="LAPTOP-OBK5BVVT" duration="00:00:00.0708500" startTime="2020-10-28T15:16:43.0000000+01:00" endTime="2020-10-28T15:16:43.0000000+01:00" testType="13cdc9d9-ddb5-4fa4-a97d-d965ccfc6d4b" outcome="Passed" testListId="8c84fa94-04c1-424b-9868-57a2d4851a1d" relativeResultsDirectory="33e2ebeb-5277-4839-8d09-d99eba6c37f8" />
    <UnitTestResult executionId="442090aa-494f-4924-8fe7-3abee2946409" testId="fa48f061-b547-454d-8974-cc937051bb27" testName="[Smoke_ObjectExistence].[50].[Existence of the table].[Table LeadTalxis]" computerName="LAPTOP-OBK5BVVT" duration="00:00:00.0794520" startTime="2020-10-28T15:16:43.0000000+01:00" endTime="2020-10-28T15:16:43.0000000+01:00" testType="13cdc9d9-ddb5-4fa4-a97d-d965ccfc6d4b" outcome="Passed" testListId="8c84fa94-04c1-424b-9868-57a2d4851a1d" relativeResultsDirectory="442090aa-494f-4924-8fe7-3abee2946409" />
    <UnitTestResult executionId="77eac40d-ae74-4e28-a0b4-5d7a0ed3577e" testId="18acec2e-1e7a-3778-00b9-41543d6289fe" testName="[Smoke_ObjectExistence].[31].[Existence of the table].[Table Objednavky_PolozkaObjednavkyPrijate]" computerName="LAPTOP-OBK5BVVT" duration="00:00:00.0811410" startTime="2020-10-28T15:16:43.0000000+01:00" endTime="2020-10-28T15:16:43.0000000+01:00" testType="13cdc9d9-ddb5-4fa4-a97d-d965ccfc6d4b" outcome="Passed" testListId="8c84fa94-04c1-424b-9868-57a2d4851a1d" relativeResultsDirectory="77eac40d-ae74-4e28-a0b4-5d7a0ed3577e" />
    <UnitTestResult executionId="b0a95a30-7d4c-4429-856c-c974fc2c98a3" testId="ee6274a6-d68c-445d-a661-6882990db88d" testName="[Smoke_ObjectExistence].[16].[Existence of the table].[Table Ucetnictvi_Ucet]" computerName="LAPTOP-OBK5BVVT" duration="00:00:00.0738579" startTime="2020-10-28T15:16:42.0000000+01:00" endTime="2020-10-28T15:16:42.0000000+01:00" testType="13cdc9d9-ddb5-4fa4-a97d-d965ccfc6d4b" outcome="Passed" testListId="8c84fa94-04c1-424b-9868-57a2d4851a1d" relativeResultsDirectory="b0a95a30-7d4c-4429-856c-c974fc2c98a3" />
    <UnitTestResult executionId="ce23d392-3dd1-49fa-81a3-0c5ba1cc49a1" testId="93a45ca3-7b48-9e02-d63a-86d7e8b5547f" testName="[Smoke_ObjectExistence].[7].[Existence of the table].[Table Ucetnictvi_StavUctu]" computerName="LAPTOP-OBK5BVVT" duration="00:00:00.0705080" startTime="2020-10-28T15:16:42.0000000+01:00" endTime="2020-10-28T15:16:42.0000000+01:00" testType="13cdc9d9-ddb5-4fa4-a97d-d965ccfc6d4b" outcome="Passed" testListId="8c84fa94-04c1-424b-9868-57a2d4851a1d" relativeResultsDirectory="ce23d392-3dd1-49fa-81a3-0c5ba1cc49a1" />
    <UnitTestResult executionId="1cb639d9-91f3-427f-833c-69d0ec582379" testId="657fabb8-afdf-3e81-8619-3b18cd6e2f30" testName="[Smoke_ObjectExistence].[10].[Existence of the table].[Table Fakturace_FakturaVydana]" computerName="LAPTOP-OBK5BVVT" duration="00:00:00.0751800" startTime="2020-10-28T15:16:42.0000000+01:00" endTime="2020-10-28T15:16:42.0000000+01:00" testType="13cdc9d9-ddb5-4fa4-a97d-d965ccfc6d4b" outcome="Passed" testListId="8c84fa94-04c1-424b-9868-57a2d4851a1d" relativeResultsDirectory="1cb639d9-91f3-427f-833c-69d0ec582379" />
    <UnitTestResult executionId="b83a3c36-d2a2-48bc-a4f6-fe8bf5bfca32" testId="20114aae-22cd-37b0-1449-9187519c2520" testName="[Smoke_ObjectExistence].[21].[Existence of the table].[Table S5_Ucetnictvi_UcetniDenikTranspozice]" computerName="LAPTOP-OBK5BVVT" duration="00:00:00.0792149" startTime="2020-10-28T15:16:42.0000000+01:00" endTime="2020-10-28T15:16:42.0000000+01:00" testType="13cdc9d9-ddb5-4fa4-a97d-d965ccfc6d4b" outcome="Passed" testListId="8c84fa94-04c1-424b-9868-57a2d4851a1d" relativeResultsDirectory="b83a3c36-d2a2-48bc-a4f6-fe8bf5bfca32" />
    <UnitTestResult executionId="7e4da2a5-689a-4582-b240-218e98015621" testId="419d32a9-d597-87dc-1eeb-30b5d4b5bb1a" testName="[Smoke_ObjectExistence].[22].[Existence of the table].[Table Fakturace_PolozkaFakturyVydane]" computerName="LAPTOP-OBK5BVVT" duration="00:00:00.0719840" startTime="2020-10-28T15:16:42.0000000+01:00" endTime="2020-10-28T15:16:42.0000000+01:00" testType="13cdc9d9-ddb5-4fa4-a97d-d965ccfc6d4b" outcome="Passed" testListId="8c84fa94-04c1-424b-9868-57a2d4851a1d" relativeResultsDirectory="7e4da2a5-689a-4582-b240-218e98015621" />
    <UnitTestResult executionId="41cd2d7f-bd5d-40d7-98de-b015b03ab3f9" testId="68087df4-ff6a-60f2-a979-00e2356cf9b0" testName="[Integration_StagingxDim&amp;Fact].[7].[ST - Sum of Amounts].[Table [Fact].[Journal]]" computerName="LAPTOP-OBK5BVVT" duration="00:00:00.1530260" startTime="2020-10-28T15:16:40.0000000+01:00" endTime="2020-10-28T15:16:40.0000000+01:00" testType="13cdc9d9-ddb5-4fa4-a97d-d965ccfc6d4b" outcome="Passed" testListId="8c84fa94-04c1-424b-9868-57a2d4851a1d" relativeResultsDirectory="41cd2d7f-bd5d-40d7-98de-b015b03ab3f9" />
    <UnitTestResult executionId="992c6c79-936b-48d6-a82b-23a9a6117954" testId="2842dc64-121e-69f4-e399-0524fee8d051" testName="[Smoke_ObjectExistence].[43].[Existence of the table].[Table Mzdy_ZamestnanecNepritomnost]" computerName="LAPTOP-OBK5BVVT" duration="00:00:00.0794400" startTime="2020-10-28T15:16:43.0000000+01:00" endTime="2020-10-28T15:16:43.0000000+01:00" testType="13cdc9d9-ddb5-4fa4-a97d-d965ccfc6d4b" outcome="Passed" testListId="8c84fa94-04c1-424b-9868-57a2d4851a1d" relativeResultsDirectory="992c6c79-936b-48d6-a82b-23a9a6117954" />
    <UnitTestResult executionId="1bcbbd10-a763-4b92-a721-0f79f5ac5f68" testId="e5564b1f-76b7-9dd4-7b65-c1c566b78c48" testName="[Integration_StagingxDim&amp;Fact].[22].[IT - Staging table is a subset of a dimension].[StagingMoney.Ciselniky_Cinnost]" computerName="LAPTOP-OBK5BVVT" duration="00:00:00.0448630" startTime="2020-10-28T15:16:42.0000000+01:00" endTime="2020-10-28T15:16:42.0000000+01:00" testType="13cdc9d9-ddb5-4fa4-a97d-d965ccfc6d4b" outcome="Passed" testListId="8c84fa94-04c1-424b-9868-57a2d4851a1d" relativeResultsDirectory="1bcbbd10-a763-4b92-a721-0f79f5ac5f68" />
    <UnitTestResult executionId="28c81bc4-e10c-4701-90b0-28683d01cada" testId="51d5df11-837d-fbef-2072-1a7a898a69fb" testName="[Smoke_ObjectExistence].[57].[Existence of the table].[Table Revenue Cost Category Specification]" computerName="LAPTOP-OBK5BVVT" duration="00:00:00.0725300" startTime="2020-10-28T15:16:43.0000000+01:00" endTime="2020-10-28T15:16:43.0000000+01:00" testType="13cdc9d9-ddb5-4fa4-a97d-d965ccfc6d4b" outcome="Passed" testListId="8c84fa94-04c1-424b-9868-57a2d4851a1d" relativeResultsDirectory="28c81bc4-e10c-4701-90b0-28683d01cada" />
    <UnitTestResult executionId="a8ba4ba9-c0ee-4a6f-a65d-1040fd5f1c28" testId="c6060242-f5fb-cdf7-fa1d-63bf1a7089d9" testName="[Integration_StagingxDim&amp;Fact].[12].[IT - Sum check by Document Type].[Table [Finance_BankovniVypis]]" computerName="LAPTOP-OBK5BVVT" duration="00:00:00.3933550" startTime="2020-10-28T15:16:40.0000000+01:00" endTime="2020-10-28T15:16:41.0000000+01:00" testType="13cdc9d9-ddb5-4fa4-a97d-d965ccfc6d4b" outcome="Passed" testListId="8c84fa94-04c1-424b-9868-57a2d4851a1d" relativeResultsDirectory="a8ba4ba9-c0ee-4a6f-a65d-1040fd5f1c28" />
    <UnitTestResult executionId="5002004d-6afd-40d5-9109-15ea5f1ab05d" testId="45d2f5aa-bfed-e5b4-af2a-66055047a3eb" testName="[Smoke_ObjectExistence].[24].[Existence of the table].[Table Fakturace_PolozkaZalohoveFakturyPrijate]" computerName="LAPTOP-OBK5BVVT" duration="00:00:00.0883360" startTime="2020-10-28T15:16:42.0000000+01:00" endTime="2020-10-28T15:16:43.0000000+01:00" testType="13cdc9d9-ddb5-4fa4-a97d-d965ccfc6d4b" outcome="Passed" testListId="8c84fa94-04c1-424b-9868-57a2d4851a1d" relativeResultsDirectory="5002004d-6afd-40d5-9109-15ea5f1ab05d" />
    <UnitTestResult executionId="6c0b3e32-4ca7-495f-a876-92bf254a4adb" testId="d4f48ae9-e7e3-a446-ad84-9aae9cef5d7c" testName="[Smoke_ObjectExistence].[4].[Existence of the table].[Table Finance_PolozkaBankovnihoVypisu]" computerName="LAPTOP-OBK5BVVT" duration="00:00:00.0907739" startTime="2020-10-28T15:16:42.0000000+01:00" endTime="2020-10-28T15:16:42.0000000+01:00" testType="13cdc9d9-ddb5-4fa4-a97d-d965ccfc6d4b" outcome="Passed" testListId="8c84fa94-04c1-424b-9868-57a2d4851a1d" relativeResultsDirectory="6c0b3e32-4ca7-495f-a876-92bf254a4adb" />
    <UnitTestResult executionId="bf42463d-feb4-444e-b0c2-d73fafaa5911" testId="3e595e14-3e8a-3ee8-d68f-c0517b459f44" testName="[Smoke_ObjectExistence].[37].[Existence of the table].[Table Mzdy_Zamestnanec]" computerName="LAPTOP-OBK5BVVT" duration="00:00:00.0891740" startTime="2020-10-28T15:16:43.0000000+01:00" endTime="2020-10-28T15:16:43.0000000+01:00" testType="13cdc9d9-ddb5-4fa4-a97d-d965ccfc6d4b" outcome="Passed" testListId="8c84fa94-04c1-424b-9868-57a2d4851a1d" relativeResultsDirectory="bf42463d-feb4-444e-b0c2-d73fafaa5911" />
    <UnitTestResult executionId="6af015fd-a33d-468b-bf76-36d35d7e2b19" testId="a7f1c5d9-3dd4-03b5-631d-00450448e757" testName="[Integration_MoneyxStaging].[6].[ST - List of existing tables - StagingMoney].[Tables Existence]" computerName="LAPTOP-OBK5BVVT" duration="00:00:01.7058980" startTime="2020-10-28T15:16:38.0000000+01:00" endTime="2020-10-28T15:16:40.0000000+01:00" testType="13cdc9d9-ddb5-4fa4-a97d-d965ccfc6d4b" outcome="Passed" testListId="8c84fa94-04c1-424b-9868-57a2d4851a1d" relativeResultsDirectory="6af015fd-a33d-468b-bf76-36d35d7e2b19" />
    <UnitTestResult executionId="72db88e1-b8b1-4cda-b1e9-c69ba01c4866" testId="2e3c31ea-d47c-7e26-f2f4-ddf1fa7d180e" testName="[Smoke_ObjectExistence].[20].[Existence of the table].[Table Ciselniky_Stredisko]" computerName="LAPTOP-OBK5BVVT" duration="00:00:00.0751629" startTime="2020-10-28T15:16:42.0000000+01:00" endTime="2020-10-28T15:16:42.0000000+01:00" testType="13cdc9d9-ddb5-4fa4-a97d-d965ccfc6d4b" outcome="Passed" testListId="8c84fa94-04c1-424b-9868-57a2d4851a1d" relativeResultsDirectory="72db88e1-b8b1-4cda-b1e9-c69ba01c4866" />
    <UnitTestResult executionId="03897c70-ef3f-49bf-9688-66a31f760654" testId="2399483b-6614-c431-9362-847b6c1e4592" testName="[Integration_StagingxDim&amp;Fact].[18].[IT - Sum check by Document Type].[Table [Fakturace_ZalohovaFakturaPrijata]]" computerName="LAPTOP-OBK5BVVT" duration="00:00:00.3101970" startTime="2020-10-28T15:16:41.0000000+01:00" endTime="2020-10-28T15:16:42.0000000+01:00" testType="13cdc9d9-ddb5-4fa4-a97d-d965ccfc6d4b" outcome="Passed" testListId="8c84fa94-04c1-424b-9868-57a2d4851a1d" relativeResultsDirectory="03897c70-ef3f-49bf-9688-66a31f760654" />
    <UnitTestResult executionId="3d9275ab-11e8-49b7-ad72-9677b36e772b" testId="213ee05a-4a01-4b18-17cf-daa5bcd1646d" testName="[Smoke_ObjectExistence].[27].[Existence of the table].[Table Ciselniky_Zakazka]" computerName="LAPTOP-OBK5BVVT" duration="00:00:00.0802110" startTime="2020-10-28T15:16:42.0000000+01:00" endTime="2020-10-28T15:16:43.0000000+01:00" testType="13cdc9d9-ddb5-4fa4-a97d-d965ccfc6d4b" outcome="Passed" testListId="8c84fa94-04c1-424b-9868-57a2d4851a1d" relativeResultsDirectory="3d9275ab-11e8-49b7-ad72-9677b36e772b" />
    <UnitTestResult executionId="8332dfa1-be7b-4eb3-aa1f-461ac4b1cb64" testId="271c685b-4f27-d869-82ad-0a11c3050d03" testName="[Integration_StagingxDim&amp;Fact].[24].[IT - Staging table is a subset of a dimension].[StagingMoney.Meny_Mena]" computerName="LAPTOP-OBK5BVVT" duration="00:00:00.0435940" startTime="2020-10-28T15:16:42.0000000+01:00" endTime="2020-10-28T15:16:42.0000000+01:00" testType="13cdc9d9-ddb5-4fa4-a97d-d965ccfc6d4b" outcome="Passed" testListId="8c84fa94-04c1-424b-9868-57a2d4851a1d" relativeResultsDirectory="8332dfa1-be7b-4eb3-aa1f-461ac4b1cb64" />
    <UnitTestResult executionId="602c88c0-42b1-460f-8dc3-751ecff9595b" testId="30460f3b-eb1a-3117-0195-c89242d95fbf" testName="[Integration_StagingxDim&amp;Fact].[28].[IT - Staging table is a subset of a dimension].[StagingMoney.Fakturace_FakturaPrijata]" computerName="LAPTOP-OBK5BVVT" duration="00:00:00.0451080" startTime="2020-10-28T15:16:42.0000000+01:00" endTime="2020-10-28T15:16:42.0000000+01:00" testType="13cdc9d9-ddb5-4fa4-a97d-d965ccfc6d4b" outcome="Failed" testListId="8c84fa94-04c1-424b-9868-57a2d4851a1d" relativeResultsDirectory="602c88c0-42b1-460f-8dc3-751ecff9595b">
      <Output>
        <ErrorInfo>
          <Message>There is at least one row, but no rows were expected:&#xD;
&#xD;
┌───────────────────────────┬──────────────┬────────────────┐&#xD;
│ID                         │CisloDokladu  │Nazev           │&#xD;
╞═══════════════════════════╪══════════════╪════════════════╡&#xD;
│0d41c085-34ee-4398-933...  │FP00007       │nákup potravin  │&#xD;
└───────────────────────────┴──────────────┴────────────────┘&#xD;
&#xD;
&#xD;
Test description: Dim.Document&#xD;
TestQuerySource: BigBang&#xD;
TestQuery:&#xD;
&#xD;
    select ID, CisloDokladu, Nazev from StagingMoney.Fakturace_FakturaPrijata&#xD;
    except&#xD;
&#xD;
 SELECT [Document Money Src ID]&#xD;
      ,[Document Number]&#xD;
      ,[Document Description]&#xD;
  FROM [Dim].[Document]&#xD;
&#xD;
</Message>
          <StackTrace>   at JC.Unit.TestExecution.nUnitRunner.RunAllTests(TestDefinition testDefinition) in D:\a\1\s\MainCore\JC.Unit\JC.Unit\TestExecution\nUnitRunner.cs:line 59&#xD;
</StackTrace>
        </ErrorInfo>
      </Output>
    </UnitTestResult>
    <UnitTestResult executionId="33c2dbde-0607-4523-8488-c616912e6a9f" testId="6d64c653-9c32-1272-4a79-b9f397aa1294" testName="[Integration_StagingxDim&amp;Fact].[11].[IT - Sum check by Document Type].[Table [Fakturace_FakturaVydana]]" computerName="LAPTOP-OBK5BVVT" duration="00:00:00.2082980" startTime="2020-10-28T15:16:40.0000000+01:00" endTime="2020-10-28T15:16:41.0000000+01:00" testType="13cdc9d9-ddb5-4fa4-a97d-d965ccfc6d4b" outcome="Passed" testListId="8c84fa94-04c1-424b-9868-57a2d4851a1d" relativeResultsDirectory="33c2dbde-0607-4523-8488-c616912e6a9f" />
    <UnitTestResult executionId="7919b453-4411-4afc-ba4b-3b9c545659ed" testId="16df9282-30d4-321f-d81a-c69931a0cf80" testName="[Integration_StagingxDim&amp;Fact].[37].[ST - Document Payment Status].[Document Payment Status - Castecne Zaplaceno]" computerName="LAPTOP-OBK5BVVT" duration="00:00:00.0369920" startTime="2020-10-28T15:16:42.0000000+01:00" endTime="2020-10-28T15:16:42.0000000+01:00" testType="13cdc9d9-ddb5-4fa4-a97d-d965ccfc6d4b" outcome="Passed" testListId="8c84fa94-04c1-424b-9868-57a2d4851a1d" relativeResultsDirectory="7919b453-4411-4afc-ba4b-3b9c545659ed" />
    <UnitTestResult executionId="6fdd1806-9134-421e-adaf-f903042aa2c0" testId="4d4f2eb1-4b6a-f2f9-5631-fba458167b0b" testName="[Integration_StagingxDim&amp;Fact].[40].[ST - Document Payment Status].[Document Payment Status - N/A for Storno]" computerName="LAPTOP-OBK5BVVT" duration="00:00:00.0362629" startTime="2020-10-28T15:16:42.0000000+01:00" endTime="2020-10-28T15:16:42.0000000+01:00" testType="13cdc9d9-ddb5-4fa4-a97d-d965ccfc6d4b" outcome="Passed" testListId="8c84fa94-04c1-424b-9868-57a2d4851a1d" relativeResultsDirectory="6fdd1806-9134-421e-adaf-f903042aa2c0" />
  </Results>
  <TestDefinitions>
    <UnitTest name="[Integration_StagingxDim&amp;Fact].[20].[IT - Sum check by Document Type].[Table [Ucetnictvi_ZavazkovyDoklad]]" storage="c:\users\terezačerná\documents\bigbang\testing\jc.unit.runner\jc.unit.dll" id="f0e14953-0487-efc3-1455-7bfbfe66d3f5">
      <Execution id="5ff1ddf3-7912-4a49-a66b-bc737441ec24" />
      <TestMethod codeBase="C:\Users\TerezaČerná\Documents\BigBang\Testing\JC.Unit.Runner\JC.Unit.dll" adapterTypeName="executor://nunit3testexecutor/" className="JC.Unit.TestExecution.nUnitRunner" name="RunAllTests" />
    </UnitTest>
    <UnitTest name="[Integration_StagingxDim&amp;Fact].[33].[IT - Staging table is a subset of a dimension].[StagingMoney.Fakturace_ZalohovaFakturaPrijata]" storage="c:\users\terezačerná\documents\bigbang\testing\jc.unit.runner\jc.unit.dll" id="821e872f-8ad4-4756-a10a-1a9afe75ca93">
      <Execution id="5651b090-6a8f-4ccb-8910-8821e53d33ec" />
      <TestMethod codeBase="C:\Users\TerezaČerná\Documents\BigBang\Testing\JC.Unit.Runner\JC.Unit.dll" adapterTypeName="executor://nunit3testexecutor/" className="JC.Unit.TestExecution.nUnitRunner" name="RunAllTests" />
    </UnitTest>
    <UnitTest name="[Smoke_ObjectExistence].[35].[Existence of the table].[Table Contract Rates]" storage="c:\users\terezačerná\documents\bigbang\testing\jc.unit.runner\jc.unit.dll" id="ee7b3397-05b3-5660-5f81-c9db969c5159">
      <Execution id="9be4e491-2fa3-4907-a5de-e1c6a5817041" />
      <TestMethod codeBase="C:\Users\TerezaČerná\Documents\BigBang\Testing\JC.Unit.Runner\JC.Unit.dll" adapterTypeName="executor://nunit3testexecutor/" className="JC.Unit.TestExecution.nUnitRunner" name="RunAllTests" />
    </UnitTest>
    <UnitTest name="[Smoke_ObjectExistence].[15].[Existence of the table].[Table Meny_Mena]" storage="c:\users\terezačerná\documents\bigbang\testing\jc.unit.runner\jc.unit.dll" id="40bef62d-2799-3cb2-1e58-2af04995aa7b">
      <Execution id="89080fd6-7f8b-4c8c-98d4-3f677644a0dc" />
      <TestMethod codeBase="C:\Users\TerezaČerná\Documents\BigBang\Testing\JC.Unit.Runner\JC.Unit.dll" adapterTypeName="executor://nunit3testexecutor/" className="JC.Unit.TestExecution.nUnitRunner" name="RunAllTests" />
    </UnitTest>
    <UnitTest name="[Integration_StagingxDim&amp;Fact].[10].[ST - Credit and Debit].[Table [Fact].[Account Balance]]" storage="c:\users\terezačerná\documents\bigbang\testing\jc.unit.runner\jc.unit.dll" id="3db5c791-ffce-6a05-5860-fd4dfbc84e5a">
      <Execution id="68297af8-c76c-40fb-80e9-8430683f7c4a" />
      <TestMethod codeBase="C:\Users\TerezaČerná\Documents\BigBang\Testing\JC.Unit.Runner\JC.Unit.dll" adapterTypeName="executor://nunit3testexecutor/" className="JC.Unit.TestExecution.nUnitRunner" name="RunAllTests" />
    </UnitTest>
    <UnitTest name="[Smoke_ObjectExistence].[20].[Existence of the table].[Table Ciselniky_Stredisko]" storage="c:\users\terezačerná\documents\bigbang\testing\jc.unit.runner\jc.unit.dll" id="2e3c31ea-d47c-7e26-f2f4-ddf1fa7d180e">
      <Execution id="72db88e1-b8b1-4cda-b1e9-c69ba01c4866" />
      <TestMethod codeBase="C:\Users\TerezaČerná\Documents\BigBang\Testing\JC.Unit.Runner\JC.Unit.dll" adapterTypeName="executor://nunit3testexecutor/" className="JC.Unit.TestExecution.nUnitRunner" name="RunAllTests" />
    </UnitTest>
    <UnitTest name="[Smoke_ObjectExistence].[44].[Existence of the table].[Table Mzdy_DruhNepritomnosti]" storage="c:\users\terezačerná\documents\bigbang\testing\jc.unit.runner\jc.unit.dll" id="4fe7149d-95b6-137a-5c7f-e332393585ef">
      <Execution id="f918bb2e-6042-4af2-8715-7deae5bebaa6" />
      <TestMethod codeBase="C:\Users\TerezaČerná\Documents\BigBang\Testing\JC.Unit.Runner\JC.Unit.dll" adapterTypeName="executor://nunit3testexecutor/" className="JC.Unit.TestExecution.nUnitRunner" name="RunAllTests" />
    </UnitTest>
    <UnitTest name="[Smoke_ObjectExistence].[29].[Existence of the table].[Table Adresar_Firma]" storage="c:\users\terezačerná\documents\bigbang\testing\jc.unit.runner\jc.unit.dll" id="7c2f79ab-8644-1b76-edfc-d1d7cfd5cae2">
      <Execution id="bc3b0993-9888-42e5-9ed1-0ea28f75170d" />
      <TestMethod codeBase="C:\Users\TerezaČerná\Documents\BigBang\Testing\JC.Unit.Runner\JC.Unit.dll" adapterTypeName="executor://nunit3testexecutor/" className="JC.Unit.TestExecution.nUnitRunner" name="RunAllTests" />
    </UnitTest>
    <UnitTest name="[Integration_StagingxDim&amp;Fact].[27].[IT - Staging table is a subset of a dimension].[StagingMoney.Finance_PokladniDoklad]" storage="c:\users\terezačerná\documents\bigbang\testing\jc.unit.runner\jc.unit.dll" id="40a17607-ffd3-0727-13e7-309842913b28">
      <Execution id="4e1d46a3-0cc7-4178-a1f0-c80f22acf185" />
      <TestMethod codeBase="C:\Users\TerezaČerná\Documents\BigBang\Testing\JC.Unit.Runner\JC.Unit.dll" adapterTypeName="executor://nunit3testexecutor/" className="JC.Unit.TestExecution.nUnitRunner" name="RunAllTests" />
    </UnitTest>
    <UnitTest name="[Smoke_ObjectExistence].[58].[Existence of the table].[Table Contract Fees]" storage="c:\users\terezačerná\documents\bigbang\testing\jc.unit.runner\jc.unit.dll" id="b94a13f1-e0d2-a3a1-0150-4599409d2aff">
      <Execution id="fafa7971-9ed4-4eab-ac74-5814afb1bf4b" />
      <TestMethod codeBase="C:\Users\TerezaČerná\Documents\BigBang\Testing\JC.Unit.Runner\JC.Unit.dll" adapterTypeName="executor://nunit3testexecutor/" className="JC.Unit.TestExecution.nUnitRunner" name="RunAllTests" />
    </UnitTest>
    <UnitTest name="[Integration_StagingxDim&amp;Fact].[23].[IT - Staging table is a subset of a dimension].[StagingMoney.Ciselniky_Zakazka]" storage="c:\users\terezačerná\documents\bigbang\testing\jc.unit.runner\jc.unit.dll" id="7557f51e-c690-f35a-c69e-f1b0099d098d">
      <Execution id="28aba7bc-a93b-4c21-9021-3d376aad3fd1" />
      <TestMethod codeBase="C:\Users\TerezaČerná\Documents\BigBang\Testing\JC.Unit.Runner\JC.Unit.dll" adapterTypeName="executor://nunit3testexecutor/" className="JC.Unit.TestExecution.nUnitRunner" name="RunAllTests" />
    </UnitTest>
    <UnitTest name="[Integration_StagingxDim&amp;Fact].[8].[ST - Amount check].[Table [Dim].[Document]]" storage="c:\users\terezačerná\documents\bigbang\testing\jc.unit.runner\jc.unit.dll" id="1ab7735e-377f-01ed-d8c3-0db955cf8049">
      <Execution id="01395250-11ca-4f70-87f3-c3adce0aaeb3" />
      <TestMethod codeBase="C:\Users\TerezaČerná\Documents\BigBang\Testing\JC.Unit.Runner\JC.Unit.dll" adapterTypeName="executor://nunit3testexecutor/" className="JC.Unit.TestExecution.nUnitRunner" name="RunAllTests" />
    </UnitTest>
    <UnitTest name="[Smoke_ObjectExistence].[56].[Existence of the table].[Table Revenue Cost Category]" storage="c:\users\terezačerná\documents\bigbang\testing\jc.unit.runner\jc.unit.dll" id="4e58d51f-82e8-9321-f845-d7958f15e29d">
      <Execution id="1c3c2249-ad06-40df-b5e1-864d30737fe2" />
      <TestMethod codeBase="C:\Users\TerezaČerná\Documents\BigBang\Testing\JC.Unit.Runner\JC.Unit.dll" adapterTypeName="executor://nunit3testexecutor/" className="JC.Unit.TestExecution.nUnitRunner" name="RunAllTests" />
    </UnitTest>
    <UnitTest name="[Smoke_ObjectExistence].[34].[Existence of the table].[Table Work Records]" storage="c:\users\terezačerná\documents\bigbang\testing\jc.unit.runner\jc.unit.dll" id="418d3889-c0f4-fa67-39dd-4c1a403bf7e3">
      <Execution id="14378dcf-6c49-4ec7-b4e8-52bc465c9e3b" />
      <TestMethod codeBase="C:\Users\TerezaČerná\Documents\BigBang\Testing\JC.Unit.Runner\JC.Unit.dll" adapterTypeName="executor://nunit3testexecutor/" className="JC.Unit.TestExecution.nUnitRunner" name="RunAllTests" />
    </UnitTest>
    <UnitTest name="[Smoke_ObjectExistence].[51].[Existence of the table].[Table LeadToOpportunity]" storage="c:\users\terezačerná\documents\bigbang\testing\jc.unit.runner\jc.unit.dll" id="b9c9e4ae-229c-0f71-c5aa-98fe7605eaf4">
      <Execution id="e437aac4-da9c-4db8-b8bf-c8fe2b5d60d2" />
      <TestMethod codeBase="C:\Users\TerezaČerná\Documents\BigBang\Testing\JC.Unit.Runner\JC.Unit.dll" adapterTypeName="executor://nunit3testexecutor/" className="JC.Unit.TestExecution.nUnitRunner" name="RunAllTests" />
    </UnitTest>
    <UnitTest name="[Smoke_ObjectExistence].[37].[Existence of the table].[Table Mzdy_Zamestnanec]" storage="c:\users\terezačerná\documents\bigbang\testing\jc.unit.runner\jc.unit.dll" id="3e595e14-3e8a-3ee8-d68f-c0517b459f44">
      <Execution id="bf42463d-feb4-444e-b0c2-d73fafaa5911" />
      <TestMethod codeBase="C:\Users\TerezaČerná\Documents\BigBang\Testing\JC.Unit.Runner\JC.Unit.dll" adapterTypeName="executor://nunit3testexecutor/" className="JC.Unit.TestExecution.nUnitRunner" name="RunAllTests" />
    </UnitTest>
    <UnitTest name="[Integration_StagingxDim&amp;Fact].[21].[IT - Staging table is a subset of a dimension].[StagingMoney.Ucetnictvi_Ucet]" storage="c:\users\terezačerná\documents\bigbang\testing\jc.unit.runner\jc.unit.dll" id="8e1fb5dc-b2d8-31f3-5b99-a714e28802f3">
      <Execution id="180a56e0-9a68-46ba-aaa7-7725c66d52ea" />
      <TestMethod codeBase="C:\Users\TerezaČerná\Documents\BigBang\Testing\JC.Unit.Runner\JC.Unit.dll" adapterTypeName="executor://nunit3testexecutor/" className="JC.Unit.TestExecution.nUnitRunner" name="RunAllTests" />
    </UnitTest>
    <UnitTest name="[Smoke_ObjectExistence].[14].[Existence of the table].[Table CSW_BI_Pohledavky2]" storage="c:\users\terezačerná\documents\bigbang\testing\jc.unit.runner\jc.unit.dll" id="864b6706-d1c5-e661-a612-b3725dce8068">
      <Execution id="4d6ea16e-c022-4d11-973f-a73bd5f7bfb7" />
      <TestMethod codeBase="C:\Users\TerezaČerná\Documents\BigBang\Testing\JC.Unit.Runner\JC.Unit.dll" adapterTypeName="executor://nunit3testexecutor/" className="JC.Unit.TestExecution.nUnitRunner" name="RunAllTests" />
    </UnitTest>
    <UnitTest name="[Integration_StagingxDim&amp;Fact].[9].[ST - Credit and Debit].[Table [Fact].[Journal]]" storage="c:\users\terezačerná\documents\bigbang\testing\jc.unit.runner\jc.unit.dll" id="74db6c8f-742d-cdd0-fa94-9d1c48485dbf">
      <Execution id="faa59a5b-77ab-42e3-98c7-fcf1fe8012c2" />
      <TestMethod codeBase="C:\Users\TerezaČerná\Documents\BigBang\Testing\JC.Unit.Runner\JC.Unit.dll" adapterTypeName="executor://nunit3testexecutor/" className="JC.Unit.TestExecution.nUnitRunner" name="RunAllTests" />
    </UnitTest>
    <UnitTest name="[Smoke_ObjectExistence].[11].[Existence of the table].[Table Ucetnictvi_ZavazkovyDoklad]" storage="c:\users\terezačerná\documents\bigbang\testing\jc.unit.runner\jc.unit.dll" id="a9475b93-443b-d87f-a61f-8a41fc7ac6f1">
      <Execution id="19555ee8-1e3e-454b-9858-c67fd8ff1ece" />
      <TestMethod codeBase="C:\Users\TerezaČerná\Documents\BigBang\Testing\JC.Unit.Runner\JC.Unit.dll" adapterTypeName="executor://nunit3testexecutor/" className="JC.Unit.TestExecution.nUnitRunner" name="RunAllTests" />
    </UnitTest>
    <UnitTest name="[Smoke_ObjectExistence].[10].[Existence of the table].[Table Fakturace_FakturaVydana]" storage="c:\users\terezačerná\documents\bigbang\testing\jc.unit.runner\jc.unit.dll" id="657fabb8-afdf-3e81-8619-3b18cd6e2f30">
      <Execution id="1cb639d9-91f3-427f-833c-69d0ec582379" />
      <TestMethod codeBase="C:\Users\TerezaČerná\Documents\BigBang\Testing\JC.Unit.Runner\JC.Unit.dll" adapterTypeName="executor://nunit3testexecutor/" className="JC.Unit.TestExecution.nUnitRunner" name="RunAllTests" />
    </UnitTest>
    <UnitTest name="[Integration_StagingxDim&amp;Fact].[26].[IT - Staging table is a subset of a dimension].[StagingMoney.Ucetnictvi_ZavazkovyDoklad]" storage="c:\users\terezačerná\documents\bigbang\testing\jc.unit.runner\jc.unit.dll" id="59c40813-1907-f75a-f050-dbaa9195f6db">
      <Execution id="9b144572-e475-4ed6-aee1-e6dc163deea5" />
      <TestMethod codeBase="C:\Users\TerezaČerná\Documents\BigBang\Testing\JC.Unit.Runner\JC.Unit.dll" adapterTypeName="executor://nunit3testexecutor/" className="JC.Unit.TestExecution.nUnitRunner" name="RunAllTests" />
    </UnitTest>
    <UnitTest name="[Integration_StagingxDim&amp;Fact].[34].[IT - Staging table is a subset of a dimension].[StagingMoney.Finance_PrikazKUhrade]" storage="c:\users\terezačerná\documents\bigbang\testing\jc.unit.runner\jc.unit.dll" id="5362ad2c-828a-7aad-1d15-a999fe6c67ac">
      <Execution id="65635091-41d9-40e5-920f-0cbd6801d10c" />
      <TestMethod codeBase="C:\Users\TerezaČerná\Documents\BigBang\Testing\JC.Unit.Runner\JC.Unit.dll" adapterTypeName="executor://nunit3testexecutor/" className="JC.Unit.TestExecution.nUnitRunner" name="RunAllTests" />
    </UnitTest>
    <UnitTest name="[Integration_StagingxDim&amp;Fact].[1].[ST - No empty tables Dim + Fact].[No empty Dim &amp; Fact tables]" storage="c:\users\terezačerná\documents\bigbang\testing\jc.unit.runner\jc.unit.dll" id="94a1c9bc-6703-5715-60b9-f1ef941637e7">
      <Execution id="40131028-4a8f-485c-9603-4e26da7aa3ce" />
      <TestMethod codeBase="C:\Users\TerezaČerná\Documents\BigBang\Testing\JC.Unit.Runner\JC.Unit.dll" adapterTypeName="executor://nunit3testexecutor/" className="JC.Unit.TestExecution.nUnitRunner" name="RunAllTests" />
    </UnitTest>
    <UnitTest name="[Smoke_ObjectExistence].[48].[Existence of the table].[Table Account]" storage="c:\users\terezačerná\documents\bigbang\testing\jc.unit.runner\jc.unit.dll" id="4d3a32a4-4609-a802-8e5d-72092fb3527d">
      <Execution id="04e47dc5-2525-40c4-b623-8651d984cc18" />
      <TestMethod codeBase="C:\Users\TerezaČerná\Documents\BigBang\Testing\JC.Unit.Runner\JC.Unit.dll" adapterTypeName="executor://nunit3testexecutor/" className="JC.Unit.TestExecution.nUnitRunner" name="RunAllTests" />
    </UnitTest>
    <UnitTest name="[Smoke_ObjectExistence].[5].[Existence of the table].[Table Finance_BankovniVypis]" storage="c:\users\terezačerná\documents\bigbang\testing\jc.unit.runner\jc.unit.dll" id="8f902760-590d-6675-0ade-d6de7c771a6b">
      <Execution id="dd3ebc46-dfb0-4740-9755-7c14df2c6d22" />
      <TestMethod codeBase="C:\Users\TerezaČerná\Documents\BigBang\Testing\JC.Unit.Runner\JC.Unit.dll" adapterTypeName="executor://nunit3testexecutor/" className="JC.Unit.TestExecution.nUnitRunner" name="RunAllTests" />
    </UnitTest>
    <UnitTest name="[Smoke_ObjectExistence].[50].[Existence of the table].[Table LeadTalxis]" storage="c:\users\terezačerná\documents\bigbang\testing\jc.unit.runner\jc.unit.dll" id="fa48f061-b547-454d-8974-cc937051bb27">
      <Execution id="442090aa-494f-4924-8fe7-3abee2946409" />
      <TestMethod codeBase="C:\Users\TerezaČerná\Documents\BigBang\Testing\JC.Unit.Runner\JC.Unit.dll" adapterTypeName="executor://nunit3testexecutor/" className="JC.Unit.TestExecution.nUnitRunner" name="RunAllTests" />
    </UnitTest>
    <UnitTest name="[Smoke_ObjectExistence].[40].[Existence of the table].[Table Mzdy_NepritomnostVMesici]" storage="c:\users\terezačerná\documents\bigbang\testing\jc.unit.runner\jc.unit.dll" id="1b0f98fd-1d63-8013-f76a-ac489a4f9507">
      <Execution id="ff699e55-8ac4-4fc4-baa6-3fc4c90fce64" />
      <TestMethod codeBase="C:\Users\TerezaČerná\Documents\BigBang\Testing\JC.Unit.Runner\JC.Unit.dll" adapterTypeName="executor://nunit3testexecutor/" className="JC.Unit.TestExecution.nUnitRunner" name="RunAllTests" />
    </UnitTest>
    <UnitTest name="[Integration_StagingxDim&amp;Fact].[14].[IT - Sum check by Document Type].[Table [Ucetnictvi_InterniDoklad]]" storage="c:\users\terezačerná\documents\bigbang\testing\jc.unit.runner\jc.unit.dll" id="81abb510-fadd-909b-267d-cfb66ab8e4f9">
      <Execution id="a653d3a7-f966-48e9-9b7e-8ccac513e502" />
      <TestMethod codeBase="C:\Users\TerezaČerná\Documents\BigBang\Testing\JC.Unit.Runner\JC.Unit.dll" adapterTypeName="executor://nunit3testexecutor/" className="JC.Unit.TestExecution.nUnitRunner" name="RunAllTests" />
    </UnitTest>
    <UnitTest name="[Integration_StagingxDim&amp;Fact].[19].[IT - Sum check by Document Type].[Table [Fakturace_ZalohovaFakturaVydana]]" storage="c:\users\terezačerná\documents\bigbang\testing\jc.unit.runner\jc.unit.dll" id="a839709d-1374-8ac0-c102-62728a740644">
      <Execution id="f3e217c9-94f2-4dad-a579-8837b02148bb" />
      <TestMethod codeBase="C:\Users\TerezaČerná\Documents\BigBang\Testing\JC.Unit.Runner\JC.Unit.dll" adapterTypeName="executor://nunit3testexecutor/" className="JC.Unit.TestExecution.nUnitRunner" name="RunAllTests" />
    </UnitTest>
    <UnitTest name="[Integration_StagingxDim&amp;Fact].[32].[IT - Staging table is a subset of a dimension].[StagingMoney.Fakturace_ZalohovaFakturaVydana]" storage="c:\users\terezačerná\documents\bigbang\testing\jc.unit.runner\jc.unit.dll" id="bbd35e0e-bb7e-d19c-146d-4ca86003d252">
      <Execution id="a24eb852-a1d3-499a-9095-69520a962e47" />
      <TestMethod codeBase="C:\Users\TerezaČerná\Documents\BigBang\Testing\JC.Unit.Runner\JC.Unit.dll" adapterTypeName="executor://nunit3testexecutor/" className="JC.Unit.TestExecution.nUnitRunner" name="RunAllTests" />
    </UnitTest>
    <UnitTest name="[Smoke_ObjectExistence].[4].[Existence of the table].[Table Finance_PolozkaBankovnihoVypisu]" storage="c:\users\terezačerná\documents\bigbang\testing\jc.unit.runner\jc.unit.dll" id="d4f48ae9-e7e3-a446-ad84-9aae9cef5d7c">
      <Execution id="6c0b3e32-4ca7-495f-a876-92bf254a4adb" />
      <TestMethod codeBase="C:\Users\TerezaČerná\Documents\BigBang\Testing\JC.Unit.Runner\JC.Unit.dll" adapterTypeName="executor://nunit3testexecutor/" className="JC.Unit.TestExecution.nUnitRunner" name="RunAllTests" />
    </UnitTest>
    <UnitTest name="[Integration_StagingxDim&amp;Fact].[30].[IT - Staging table is a subset of a dimension].[StagingMoney.Ucetnictvi_InterniDoklad]" storage="c:\users\terezačerná\documents\bigbang\testing\jc.unit.runner\jc.unit.dll" id="6f97390d-f333-7779-747b-5eb57b7fd1d8">
      <Execution id="197a33f2-9d94-4bbc-807a-5047117c8f91" />
      <TestMethod codeBase="C:\Users\TerezaČerná\Documents\BigBang\Testing\JC.Unit.Runner\JC.Unit.dll" adapterTypeName="executor://nunit3testexecutor/" className="JC.Unit.TestExecution.nUnitRunner" name="RunAllTests" />
    </UnitTest>
    <UnitTest name="[Integration_StagingxDim&amp;Fact].[2].[ST - Accounting logic].[Journal x Account Balance check]" storage="c:\users\terezačerná\documents\bigbang\testing\jc.unit.runner\jc.unit.dll" id="52a5227e-4b35-a770-eb37-5df487124947">
      <Execution id="4343f7e9-b1a2-4ff2-80ab-7966bf652a8a" />
      <TestMethod codeBase="C:\Users\TerezaČerná\Documents\BigBang\Testing\JC.Unit.Runner\JC.Unit.dll" adapterTypeName="executor://nunit3testexecutor/" className="JC.Unit.TestExecution.nUnitRunner" name="RunAllTests" />
    </UnitTest>
    <UnitTest name="[Integration_StagingxDim&amp;Fact].[7].[ST - Sum of Amounts].[Table [Fact].[Journal]]" storage="c:\users\terezačerná\documents\bigbang\testing\jc.unit.runner\jc.unit.dll" id="68087df4-ff6a-60f2-a979-00e2356cf9b0">
      <Execution id="41cd2d7f-bd5d-40d7-98de-b015b03ab3f9" />
      <TestMethod codeBase="C:\Users\TerezaČerná\Documents\BigBang\Testing\JC.Unit.Runner\JC.Unit.dll" adapterTypeName="executor://nunit3testexecutor/" className="JC.Unit.TestExecution.nUnitRunner" name="RunAllTests" />
    </UnitTest>
    <UnitTest name="[Smoke_ObjectExistence].[42].[Existence of the table].[Table Mzdy_TypPracovnihoPomeru]" storage="c:\users\terezačerná\documents\bigbang\testing\jc.unit.runner\jc.unit.dll" id="6ef871d9-313f-345e-6695-79d3809a83b3">
      <Execution id="dd2a802b-81b3-4602-b3f7-c6d0ff09fae1" />
      <TestMethod codeBase="C:\Users\TerezaČerná\Documents\BigBang\Testing\JC.Unit.Runner\JC.Unit.dll" adapterTypeName="executor://nunit3testexecutor/" className="JC.Unit.TestExecution.nUnitRunner" name="RunAllTests" />
    </UnitTest>
    <UnitTest name="[Integration_MoneyxStaging].[6].[ST - List of existing tables - StagingMoney].[Tables Existence]" storage="c:\users\terezačerná\documents\bigbang\testing\jc.unit.runner\jc.unit.dll" id="a7f1c5d9-3dd4-03b5-631d-00450448e757">
      <Execution id="6af015fd-a33d-468b-bf76-36d35d7e2b19" />
      <TestMethod codeBase="C:\Users\TerezaČerná\Documents\BigBang\Testing\JC.Unit.Runner\JC.Unit.dll" adapterTypeName="executor://nunit3testexecutor/" className="JC.Unit.TestExecution.nUnitRunner" name="RunAllTests" />
    </UnitTest>
    <UnitTest name="[Integration_StagingxDim&amp;Fact].[31].[IT - Staging table is a subset of a dimension].[StagingMoney.Finance_BankovniVypis]" storage="c:\users\terezačerná\documents\bigbang\testing\jc.unit.runner\jc.unit.dll" id="58940f79-27c1-f004-0cda-2c9c955f9a6c">
      <Execution id="79ef16ae-06ba-4876-9eef-5a66f40f0933" />
      <TestMethod codeBase="C:\Users\TerezaČerná\Documents\BigBang\Testing\JC.Unit.Runner\JC.Unit.dll" adapterTypeName="executor://nunit3testexecutor/" className="JC.Unit.TestExecution.nUnitRunner" name="RunAllTests" />
    </UnitTest>
    <UnitTest name="[Integration_StagingxDim&amp;Fact].[25].[IT - Staging table is a subset of a dimension].[StagingMoney.Ciselniky_Stredisko]" storage="c:\users\terezačerná\documents\bigbang\testing\jc.unit.runner\jc.unit.dll" id="30e9c341-1c1c-069d-a089-d4302828d75b">
      <Execution id="11dafec7-3eb8-47c3-9ac8-6dc5c416c4af" />
      <TestMethod codeBase="C:\Users\TerezaČerná\Documents\BigBang\Testing\JC.Unit.Runner\JC.Unit.dll" adapterTypeName="executor://nunit3testexecutor/" className="JC.Unit.TestExecution.nUnitRunner" name="RunAllTests" />
    </UnitTest>
    <UnitTest name="[Integration_StagingxDim&amp;Fact].[6].[ST - Check of Column values].[View [Model].[Contract]]" storage="c:\users\terezačerná\documents\bigbang\testing\jc.unit.runner\jc.unit.dll" id="ec69f802-95a3-4b41-2a0c-e181c682aec8">
      <Execution id="b9c9410e-8eea-4cf8-8de1-4e6a8b50f5ed" />
      <TestMethod codeBase="C:\Users\TerezaČerná\Documents\BigBang\Testing\JC.Unit.Runner\JC.Unit.dll" adapterTypeName="executor://nunit3testexecutor/" className="JC.Unit.TestExecution.nUnitRunner" name="RunAllTests" />
    </UnitTest>
    <UnitTest name="[Integration_StagingxDim&amp;Fact].[22].[IT - Staging table is a subset of a dimension].[StagingMoney.Ciselniky_Cinnost]" storage="c:\users\terezačerná\documents\bigbang\testing\jc.unit.runner\jc.unit.dll" id="e5564b1f-76b7-9dd4-7b65-c1c566b78c48">
      <Execution id="1bcbbd10-a763-4b92-a721-0f79f5ac5f68" />
      <TestMethod codeBase="C:\Users\TerezaČerná\Documents\BigBang\Testing\JC.Unit.Runner\JC.Unit.dll" adapterTypeName="executor://nunit3testexecutor/" className="JC.Unit.TestExecution.nUnitRunner" name="RunAllTests" />
    </UnitTest>
    <UnitTest name="[Integration_StagingxDim&amp;Fact].[39].[ST - Document Payment Status].[Document Payment Status - Zaplaceno]" storage="c:\users\terezačerná\documents\bigbang\testing\jc.unit.runner\jc.unit.dll" id="20f5e4c2-74a8-19b6-8770-cfb85b838a3e">
      <Execution id="34b0948b-5682-47b0-8330-1cd934ce97ff" />
      <TestMethod codeBase="C:\Users\TerezaČerná\Documents\BigBang\Testing\JC.Unit.Runner\JC.Unit.dll" adapterTypeName="executor://nunit3testexecutor/" className="JC.Unit.TestExecution.nUnitRunner" name="RunAllTests" />
    </UnitTest>
    <UnitTest name="[Integration_StagingxDim&amp;Fact].[12].[IT - Sum check by Document Type].[Table [Finance_BankovniVypis]]" storage="c:\users\terezačerná\documents\bigbang\testing\jc.unit.runner\jc.unit.dll" id="c6060242-f5fb-cdf7-fa1d-63bf1a7089d9">
      <Execution id="a8ba4ba9-c0ee-4a6f-a65d-1040fd5f1c28" />
      <TestMethod codeBase="C:\Users\TerezaČerná\Documents\BigBang\Testing\JC.Unit.Runner\JC.Unit.dll" adapterTypeName="executor://nunit3testexecutor/" className="JC.Unit.TestExecution.nUnitRunner" name="RunAllTests" />
    </UnitTest>
    <UnitTest name="[Smoke_ObjectExistence].[24].[Existence of the table].[Table Fakturace_PolozkaZalohoveFakturyPrijate]" storage="c:\users\terezačerná\documents\bigbang\testing\jc.unit.runner\jc.unit.dll" id="45d2f5aa-bfed-e5b4-af2a-66055047a3eb">
      <Execution id="5002004d-6afd-40d5-9109-15ea5f1ab05d" />
      <TestMethod codeBase="C:\Users\TerezaČerná\Documents\BigBang\Testing\JC.Unit.Runner\JC.Unit.dll" adapterTypeName="executor://nunit3testexecutor/" className="JC.Unit.TestExecution.nUnitRunner" name="RunAllTests" />
    </UnitTest>
    <UnitTest name="[Smoke_ObjectExistence].[32].[Existence of the table].[Table Ucetnictvi_PolozkaInternihoDokladu]" storage="c:\users\terezačerná\documents\bigbang\testing\jc.unit.runner\jc.unit.dll" id="fea8ee86-f243-4070-1133-af94f671b1b8">
      <Execution id="4ec07ee0-eeee-431d-b187-c7bfe9f73373" />
      <TestMethod codeBase="C:\Users\TerezaČerná\Documents\BigBang\Testing\JC.Unit.Runner\JC.Unit.dll" adapterTypeName="executor://nunit3testexecutor/" className="JC.Unit.TestExecution.nUnitRunner" name="RunAllTests" />
    </UnitTest>
    <UnitTest name="[Integration_MoneyxStaging].[5].[ST - No empty tables - StagingMoney].[No empty tables]" storage="c:\users\terezačerná\documents\bigbang\testing\jc.unit.runner\jc.unit.dll" id="378cf331-36e7-aa16-9514-df1f6a19a35c">
      <Execution id="4b1511f2-40a4-4998-a8dd-a62ad8f37657" />
      <TestMethod codeBase="C:\Users\TerezaČerná\Documents\BigBang\Testing\JC.Unit.Runner\JC.Unit.dll" adapterTypeName="executor://nunit3testexecutor/" className="JC.Unit.TestExecution.nUnitRunner" name="RunAllTests" />
    </UnitTest>
    <UnitTest name="[Integration_StagingxDim&amp;Fact].[13].[IT - Sum check by Document Type].[Table [Fakturace_FakturaPrijata]]" storage="c:\users\terezačerná\documents\bigbang\testing\jc.unit.runner\jc.unit.dll" id="08967945-3295-54c1-32d2-2e73fefe3a5f">
      <Execution id="4df43672-0dee-4344-ba74-478007fce077" />
      <TestMethod codeBase="C:\Users\TerezaČerná\Documents\BigBang\Testing\JC.Unit.Runner\JC.Unit.dll" adapterTypeName="executor://nunit3testexecutor/" className="JC.Unit.TestExecution.nUnitRunner" name="RunAllTests" />
    </UnitTest>
    <UnitTest name="[Integration_StagingxDim&amp;Fact].[37].[ST - Document Payment Status].[Document Payment Status - Castecne Zaplaceno]" storage="c:\users\terezačerná\documents\bigbang\testing\jc.unit.runner\jc.unit.dll" id="16df9282-30d4-321f-d81a-c69931a0cf80">
      <Execution id="7919b453-4411-4afc-ba4b-3b9c545659ed" />
      <TestMethod codeBase="C:\Users\TerezaČerná\Documents\BigBang\Testing\JC.Unit.Runner\JC.Unit.dll" adapterTypeName="executor://nunit3testexecutor/" className="JC.Unit.TestExecution.nUnitRunner" name="RunAllTests" />
    </UnitTest>
    <UnitTest name="[Smoke_ObjectExistence].[21].[Existence of the table].[Table S5_Ucetnictvi_UcetniDenikTranspozice]" storage="c:\users\terezačerná\documents\bigbang\testing\jc.unit.runner\jc.unit.dll" id="20114aae-22cd-37b0-1449-9187519c2520">
      <Execution id="b83a3c36-d2a2-48bc-a4f6-fe8bf5bfca32" />
      <TestMethod codeBase="C:\Users\TerezaČerná\Documents\BigBang\Testing\JC.Unit.Runner\JC.Unit.dll" adapterTypeName="executor://nunit3testexecutor/" className="JC.Unit.TestExecution.nUnitRunner" name="RunAllTests" />
    </UnitTest>
    <UnitTest name="[Smoke_ObjectExistence].[46].[Existence of the table].[Table Person]" storage="c:\users\terezačerná\documents\bigbang\testing\jc.unit.runner\jc.unit.dll" id="16d5e31b-ede9-d3bc-1f7a-c861155e9c35">
      <Execution id="33e2ebeb-5277-4839-8d09-d99eba6c37f8" />
      <TestMethod codeBase="C:\Users\TerezaČerná\Documents\BigBang\Testing\JC.Unit.Runner\JC.Unit.dll" adapterTypeName="executor://nunit3testexecutor/" className="JC.Unit.TestExecution.nUnitRunner" name="RunAllTests" />
    </UnitTest>
    <UnitTest name="[Integration_StagingxDim&amp;Fact].[16].[IT - Sum check by Document Type].[Table [Ucetnictvi_PohledavkovyDoklad]]" storage="c:\users\terezačerná\documents\bigbang\testing\jc.unit.runner\jc.unit.dll" id="883a7dda-e9ee-b281-0325-2730d6a6e7b7">
      <Execution id="6cf9687d-851b-4192-a38c-fc060cecd48f" />
      <TestMethod codeBase="C:\Users\TerezaČerná\Documents\BigBang\Testing\JC.Unit.Runner\JC.Unit.dll" adapterTypeName="executor://nunit3testexecutor/" className="JC.Unit.TestExecution.nUnitRunner" name="RunAllTests" />
    </UnitTest>
    <UnitTest name="[Smoke_ObjectExistence].[6].[Existence of the table].[Table Finance_PrikazKUhrade]" storage="c:\users\terezačerná\documents\bigbang\testing\jc.unit.runner\jc.unit.dll" id="0dce3cbb-c5be-8ce9-26c7-823b70f36b4e">
      <Execution id="b3427505-f876-4a03-a606-dc2105adbacb" />
      <TestMethod codeBase="C:\Users\TerezaČerná\Documents\BigBang\Testing\JC.Unit.Runner\JC.Unit.dll" adapterTypeName="executor://nunit3testexecutor/" className="JC.Unit.TestExecution.nUnitRunner" name="RunAllTests" />
    </UnitTest>
    <UnitTest name="[Smoke_ObjectExistence].[18].[Existence of the table].[Table Ciselniky_Stat]" storage="c:\users\terezačerná\documents\bigbang\testing\jc.unit.runner\jc.unit.dll" id="1cb03d79-ff9b-500d-7915-ae447d9bbf71">
      <Execution id="d6e92b2d-2f08-4b4a-b3e8-5e8551827982" />
      <TestMethod codeBase="C:\Users\TerezaČerná\Documents\BigBang\Testing\JC.Unit.Runner\JC.Unit.dll" adapterTypeName="executor://nunit3testexecutor/" className="JC.Unit.TestExecution.nUnitRunner" name="RunAllTests" />
    </UnitTest>
    <UnitTest name="[Smoke_ObjectExistence].[27].[Existence of the table].[Table Ciselniky_Zakazka]" storage="c:\users\terezačerná\documents\bigbang\testing\jc.unit.runner\jc.unit.dll" id="213ee05a-4a01-4b18-17cf-daa5bcd1646d">
      <Execution id="3d9275ab-11e8-49b7-ad72-9677b36e772b" />
      <TestMethod codeBase="C:\Users\TerezaČerná\Documents\BigBang\Testing\JC.Unit.Runner\JC.Unit.dll" adapterTypeName="executor://nunit3testexecutor/" className="JC.Unit.TestExecution.nUnitRunner" name="RunAllTests" />
    </UnitTest>
    <UnitTest name="[Smoke_ObjectExistence].[28].[Existence of the table].[Table Finance_PokladniDoklad]" storage="c:\users\terezačerná\documents\bigbang\testing\jc.unit.runner\jc.unit.dll" id="c756a6b5-9822-425b-d05b-10486fe83341">
      <Execution id="bdde2869-72ce-4f12-94bb-77881d11a657" />
      <TestMethod codeBase="C:\Users\TerezaČerná\Documents\BigBang\Testing\JC.Unit.Runner\JC.Unit.dll" adapterTypeName="executor://nunit3testexecutor/" className="JC.Unit.TestExecution.nUnitRunner" name="RunAllTests" />
    </UnitTest>
    <UnitTest name="[Smoke_ObjectExistence].[38].[Existence of the table].[Table Personalistika_ZamestnanecDoplnujiciUdaje]" storage="c:\users\terezačerná\documents\bigbang\testing\jc.unit.runner\jc.unit.dll" id="6f12a022-e888-a020-9538-58aae455a3ed">
      <Execution id="6f4e91be-6b2c-4800-8cbe-c5515400cbaa" />
      <TestMethod codeBase="C:\Users\TerezaČerná\Documents\BigBang\Testing\JC.Unit.Runner\JC.Unit.dll" adapterTypeName="executor://nunit3testexecutor/" className="JC.Unit.TestExecution.nUnitRunner" name="RunAllTests" />
    </UnitTest>
    <UnitTest name="[Smoke_ObjectExistence].[3].[Existence of the table].[Table Fakturace_ZalohovaFakturaVydana]" storage="c:\users\terezačerná\documents\bigbang\testing\jc.unit.runner\jc.unit.dll" id="87b6bec7-37b1-b032-698d-279ffdadc596">
      <Execution id="6b457ec3-8bd8-41ac-93a1-207f6d11a964" />
      <TestMethod codeBase="C:\Users\TerezaČerná\Documents\BigBang\Testing\JC.Unit.Runner\JC.Unit.dll" adapterTypeName="executor://nunit3testexecutor/" className="JC.Unit.TestExecution.nUnitRunner" name="RunAllTests" />
    </UnitTest>
    <UnitTest name="[Smoke_ObjectExistence].[30].[Existence of the table].[Table Ucetnictvi_PohledavkovyDoklad]" storage="c:\users\terezačerná\documents\bigbang\testing\jc.unit.runner\jc.unit.dll" id="50fafed6-ad95-43c4-24f8-d614d5c94d96">
      <Execution id="4d32883a-9342-41d7-b419-594c6f8d87dc" />
      <TestMethod codeBase="C:\Users\TerezaČerná\Documents\BigBang\Testing\JC.Unit.Runner\JC.Unit.dll" adapterTypeName="executor://nunit3testexecutor/" className="JC.Unit.TestExecution.nUnitRunner" name="RunAllTests" />
    </UnitTest>
    <UnitTest name="[Smoke_ObjectExistence].[9].[Existence of the table].[Table Fakturace_ZalohovaFakturaPrijata]" storage="c:\users\terezačerná\documents\bigbang\testing\jc.unit.runner\jc.unit.dll" id="16476183-8a99-9d57-9a05-ab6dceed5fad">
      <Execution id="e442442d-7974-4d67-9cdd-c94ff8775ccb" />
      <TestMethod codeBase="C:\Users\TerezaČerná\Documents\BigBang\Testing\JC.Unit.Runner\JC.Unit.dll" adapterTypeName="executor://nunit3testexecutor/" className="JC.Unit.TestExecution.nUnitRunner" name="RunAllTests" />
    </UnitTest>
    <UnitTest name="[Smoke_ObjectExistence].[36].[Existence of the table].[Table Mzdy_Mzda]" storage="c:\users\terezačerná\documents\bigbang\testing\jc.unit.runner\jc.unit.dll" id="da0038a8-2636-09ae-f494-d1299494c0c0">
      <Execution id="83e4d624-d1cf-40a3-833d-95ae8ec3169c" />
      <TestMethod codeBase="C:\Users\TerezaČerná\Documents\BigBang\Testing\JC.Unit.Runner\JC.Unit.dll" adapterTypeName="executor://nunit3testexecutor/" className="JC.Unit.TestExecution.nUnitRunner" name="RunAllTests" />
    </UnitTest>
    <UnitTest name="[Integration_StagingxDim&amp;Fact].[17].[IT - Sum check by Document Type].[Table [Finance_PokladniDoklad]]" storage="c:\users\terezačerná\documents\bigbang\testing\jc.unit.runner\jc.unit.dll" id="82d47166-fa0d-eeb8-402e-c62c6e3b2d5d">
      <Execution id="9bd7312b-036b-4105-a661-7418eed9bd6a" />
      <TestMethod codeBase="C:\Users\TerezaČerná\Documents\BigBang\Testing\JC.Unit.Runner\JC.Unit.dll" adapterTypeName="executor://nunit3testexecutor/" className="JC.Unit.TestExecution.nUnitRunner" name="RunAllTests" />
    </UnitTest>
    <UnitTest name="[Integration_StagingxDim&amp;Fact].[18].[IT - Sum check by Document Type].[Table [Fakturace_ZalohovaFakturaPrijata]]" storage="c:\users\terezačerná\documents\bigbang\testing\jc.unit.runner\jc.unit.dll" id="2399483b-6614-c431-9362-847b6c1e4592">
      <Execution id="03897c70-ef3f-49bf-9688-66a31f760654" />
      <TestMethod codeBase="C:\Users\TerezaČerná\Documents\BigBang\Testing\JC.Unit.Runner\JC.Unit.dll" adapterTypeName="executor://nunit3testexecutor/" className="JC.Unit.TestExecution.nUnitRunner" name="RunAllTests" />
    </UnitTest>
    <UnitTest name="[Integration_StagingxDim&amp;Fact].[24].[IT - Staging table is a subset of a dimension].[StagingMoney.Meny_Mena]" storage="c:\users\terezačerná\documents\bigbang\testing\jc.unit.runner\jc.unit.dll" id="271c685b-4f27-d869-82ad-0a11c3050d03">
      <Execution id="8332dfa1-be7b-4eb3-aa1f-461ac4b1cb64" />
      <TestMethod codeBase="C:\Users\TerezaČerná\Documents\BigBang\Testing\JC.Unit.Runner\JC.Unit.dll" adapterTypeName="executor://nunit3testexecutor/" className="JC.Unit.TestExecution.nUnitRunner" name="RunAllTests" />
    </UnitTest>
    <UnitTest name="[Smoke_ObjectExistence].[7].[Existence of the table].[Table Ucetnictvi_StavUctu]" storage="c:\users\terezačerná\documents\bigbang\testing\jc.unit.runner\jc.unit.dll" id="93a45ca3-7b48-9e02-d63a-86d7e8b5547f">
      <Execution id="ce23d392-3dd1-49fa-81a3-0c5ba1cc49a1" />
      <TestMethod codeBase="C:\Users\TerezaČerná\Documents\BigBang\Testing\JC.Unit.Runner\JC.Unit.dll" adapterTypeName="executor://nunit3testexecutor/" className="JC.Unit.TestExecution.nUnitRunner" name="RunAllTests" />
    </UnitTest>
    <UnitTest name="[Smoke_ObjectExistence].[31].[Existence of the table].[Table Objednavky_PolozkaObjednavkyPrijate]" storage="c:\users\terezačerná\documents\bigbang\testing\jc.unit.runner\jc.unit.dll" id="18acec2e-1e7a-3778-00b9-41543d6289fe">
      <Execution id="77eac40d-ae74-4e28-a0b4-5d7a0ed3577e" />
      <TestMethod codeBase="C:\Users\TerezaČerná\Documents\BigBang\Testing\JC.Unit.Runner\JC.Unit.dll" adapterTypeName="executor://nunit3testexecutor/" className="JC.Unit.TestExecution.nUnitRunner" name="RunAllTests" />
    </UnitTest>
    <UnitTest name="[Smoke_ObjectExistence].[53].[Existence of the table].[Table SystemUser]" storage="c:\users\terezačerná\documents\bigbang\testing\jc.unit.runner\jc.unit.dll" id="8297bce6-fe99-c398-4990-1b0593c648e4">
      <Execution id="8cb0b8a8-11a4-4bc0-b781-dd513a0fb8f1" />
      <TestMethod codeBase="C:\Users\TerezaČerná\Documents\BigBang\Testing\JC.Unit.Runner\JC.Unit.dll" adapterTypeName="executor://nunit3testexecutor/" className="JC.Unit.TestExecution.nUnitRunner" name="RunAllTests" />
    </UnitTest>
    <UnitTest name="[Smoke_ObjectExistence].[8].[Existence of the table].[Table Ucetnictvi_InterniDoklad]" storage="c:\users\terezačerná\documents\bigbang\testing\jc.unit.runner\jc.unit.dll" id="6febc6cd-4565-b196-9913-89791c7f65ab">
      <Execution id="1d3d8a2c-cf38-4cda-b2f7-4c3fdd454d76" />
      <TestMethod codeBase="C:\Users\TerezaČerná\Documents\BigBang\Testing\JC.Unit.Runner\JC.Unit.dll" adapterTypeName="executor://nunit3testexecutor/" className="JC.Unit.TestExecution.nUnitRunner" name="RunAllTests" />
    </UnitTest>
    <UnitTest name="[Integration_StagingxDim&amp;Fact].[38].[ST - Document Payment Status].[Document Payment Status - Nezaplaceno]" storage="c:\users\terezačerná\documents\bigbang\testing\jc.unit.runner\jc.unit.dll" id="a6ff8bd4-840e-7b1c-0622-bf6ed6997953">
      <Execution id="29f9ed5a-a84a-49d2-91b5-810cffd50a3d" />
      <TestMethod codeBase="C:\Users\TerezaČerná\Documents\BigBang\Testing\JC.Unit.Runner\JC.Unit.dll" adapterTypeName="executor://nunit3testexecutor/" className="JC.Unit.TestExecution.nUnitRunner" name="RunAllTests" />
    </UnitTest>
    <UnitTest name="[Smoke_ObjectExistence].[1].[Existence of the table].[Table Objednavky_ObjednavkaPrijata]" storage="c:\users\terezačerná\documents\bigbang\testing\jc.unit.runner\jc.unit.dll" id="becefbb3-296f-28e1-a93c-1a14e25a8f3d">
      <Execution id="e37d4319-e787-4639-9068-0858818182dc" />
      <TestMethod codeBase="C:\Users\TerezaČerná\Documents\BigBang\Testing\JC.Unit.Runner\JC.Unit.dll" adapterTypeName="executor://nunit3testexecutor/" className="JC.Unit.TestExecution.nUnitRunner" name="RunAllTests" />
    </UnitTest>
    <UnitTest name="[Smoke_ObjectExistence].[49].[Existence of the table].[Table Contact]" storage="c:\users\terezačerná\documents\bigbang\testing\jc.unit.runner\jc.unit.dll" id="52c3a3ad-7e55-dcc8-9df0-d1a8aea353c2">
      <Execution id="810a3145-8698-40bc-875b-88408a606129" />
      <TestMethod codeBase="C:\Users\TerezaČerná\Documents\BigBang\Testing\JC.Unit.Runner\JC.Unit.dll" adapterTypeName="executor://nunit3testexecutor/" className="JC.Unit.TestExecution.nUnitRunner" name="RunAllTests" />
    </UnitTest>
    <UnitTest name="[Smoke_ObjectExistence].[25].[Existence of the table].[Table Ucetnictvi_PolozkaZavazkovehoDokladu]" storage="c:\users\terezačerná\documents\bigbang\testing\jc.unit.runner\jc.unit.dll" id="92e29243-f60c-3207-106a-1d834fb4d7e0">
      <Execution id="8df0d551-2032-4b10-b317-5aa79531c616" />
      <TestMethod codeBase="C:\Users\TerezaČerná\Documents\BigBang\Testing\JC.Unit.Runner\JC.Unit.dll" adapterTypeName="executor://nunit3testexecutor/" className="JC.Unit.TestExecution.nUnitRunner" name="RunAllTests" />
    </UnitTest>
    <UnitTest name="[Smoke_ObjectExistence].[2].[Existence of the table].[Table Finance_PolozkaPokladnihoDokladu]" storage="c:\users\terezačerná\documents\bigbang\testing\jc.unit.runner\jc.unit.dll" id="a8dfca29-b254-c754-1cae-f37950e06b2d">
      <Execution id="7ef9e49c-13cc-40e0-9cbe-4189c57d4c51" />
      <TestMethod codeBase="C:\Users\TerezaČerná\Documents\BigBang\Testing\JC.Unit.Runner\JC.Unit.dll" adapterTypeName="executor://nunit3testexecutor/" className="JC.Unit.TestExecution.nUnitRunner" name="RunAllTests" />
    </UnitTest>
    <UnitTest name="[Integration_StagingxDim&amp;Fact].[28].[IT - Staging table is a subset of a dimension].[StagingMoney.Fakturace_FakturaPrijata]" storage="c:\users\terezačerná\documents\bigbang\testing\jc.unit.runner\jc.unit.dll" id="30460f3b-eb1a-3117-0195-c89242d95fbf">
      <Execution id="602c88c0-42b1-460f-8dc3-751ecff9595b" />
      <TestMethod codeBase="C:\Users\TerezaČerná\Documents\BigBang\Testing\JC.Unit.Runner\JC.Unit.dll" adapterTypeName="executor://nunit3testexecutor/" className="JC.Unit.TestExecution.nUnitRunner" name="RunAllTests" />
    </UnitTest>
    <UnitTest name="[Integration_StagingxDim&amp;Fact].[5].[ST - Check of not duplicate combinations].[Table [Fact].[Person Capacity]]" storage="c:\users\terezačerná\documents\bigbang\testing\jc.unit.runner\jc.unit.dll" id="ef467e50-8cd0-e812-a730-294de2e8ad0f">
      <Execution id="ead30ae1-8a10-4707-8208-85ec184059d3" />
      <TestMethod codeBase="C:\Users\TerezaČerná\Documents\BigBang\Testing\JC.Unit.Runner\JC.Unit.dll" adapterTypeName="executor://nunit3testexecutor/" className="JC.Unit.TestExecution.nUnitRunner" name="RunAllTests" />
    </UnitTest>
    <UnitTest name="[Integration_StagingxDim&amp;Fact].[11].[IT - Sum check by Document Type].[Table [Fakturace_FakturaVydana]]" storage="c:\users\terezačerná\documents\bigbang\testing\jc.unit.runner\jc.unit.dll" id="6d64c653-9c32-1272-4a79-b9f397aa1294">
      <Execution id="33c2dbde-0607-4523-8488-c616912e6a9f" />
      <TestMethod codeBase="C:\Users\TerezaČerná\Documents\BigBang\Testing\JC.Unit.Runner\JC.Unit.dll" adapterTypeName="executor://nunit3testexecutor/" className="JC.Unit.TestExecution.nUnitRunner" name="RunAllTests" />
    </UnitTest>
    <UnitTest name="[Integration_StagingxDim&amp;Fact].[40].[ST - Document Payment Status].[Document Payment Status - N/A for Storno]" storage="c:\users\terezačerná\documents\bigbang\testing\jc.unit.runner\jc.unit.dll" id="4d4f2eb1-4b6a-f2f9-5631-fba458167b0b">
      <Execution id="6fdd1806-9134-421e-adaf-f903042aa2c0" />
      <TestMethod codeBase="C:\Users\TerezaČerná\Documents\BigBang\Testing\JC.Unit.Runner\JC.Unit.dll" adapterTypeName="executor://nunit3testexecutor/" className="JC.Unit.TestExecution.nUnitRunner" name="RunAllTests" />
    </UnitTest>
    <UnitTest name="[Smoke_ObjectExistence].[45].[Existence of the table].[Table Customer Contract]" storage="c:\users\terezačerná\documents\bigbang\testing\jc.unit.runner\jc.unit.dll" id="039a3cff-3840-8952-60c2-35593d0e1c99">
      <Execution id="0ce4ce18-1544-4513-9283-31176fcc4c92" />
      <TestMethod codeBase="C:\Users\TerezaČerná\Documents\BigBang\Testing\JC.Unit.Runner\JC.Unit.dll" adapterTypeName="executor://nunit3testexecutor/" className="JC.Unit.TestExecution.nUnitRunner" name="RunAllTests" />
    </UnitTest>
    <UnitTest name="[Smoke_ObjectExistence].[17].[Existence of the table].[Table Fakturace_PolozkaZalohoveFakturyVydane]" storage="c:\users\terezačerná\documents\bigbang\testing\jc.unit.runner\jc.unit.dll" id="18b18861-0e44-b868-8a5f-964d2292f002">
      <Execution id="a6ee4c7f-87b9-410d-8e2a-5cc15573f645" />
      <TestMethod codeBase="C:\Users\TerezaČerná\Documents\BigBang\Testing\JC.Unit.Runner\JC.Unit.dll" adapterTypeName="executor://nunit3testexecutor/" className="JC.Unit.TestExecution.nUnitRunner" name="RunAllTests" />
    </UnitTest>
    <UnitTest name="[Smoke_ObjectExistence].[47].[Existence of the table].[Table Personalistika_Zamestnanec]" storage="c:\users\terezačerná\documents\bigbang\testing\jc.unit.runner\jc.unit.dll" id="4717d6b8-16a3-1be3-996f-d263b9ce1288">
      <Execution id="f1968899-f5af-42a1-85b6-35ad205119da" />
      <TestMethod codeBase="C:\Users\TerezaČerná\Documents\BigBang\Testing\JC.Unit.Runner\JC.Unit.dll" adapterTypeName="executor://nunit3testexecutor/" className="JC.Unit.TestExecution.nUnitRunner" name="RunAllTests" />
    </UnitTest>
    <UnitTest name="[Smoke_ObjectExistence].[33].[Existence of the table].[Table Ucetnictvi_PolozkaPohledavkovehoDokladu]" storage="c:\users\terezačerná\documents\bigbang\testing\jc.unit.runner\jc.unit.dll" id="fd5e261c-a769-e37b-93f3-db8fd9795ff2">
      <Execution id="4e49c885-95ed-4b38-b906-7eedcda4f261" />
      <TestMethod codeBase="C:\Users\TerezaČerná\Documents\BigBang\Testing\JC.Unit.Runner\JC.Unit.dll" adapterTypeName="executor://nunit3testexecutor/" className="JC.Unit.TestExecution.nUnitRunner" name="RunAllTests" />
    </UnitTest>
    <UnitTest name="[Smoke_ObjectExistence].[55].[Existence of the table].[Table LeadToOpportunityTarget]" storage="c:\users\terezačerná\documents\bigbang\testing\jc.unit.runner\jc.unit.dll" id="a8c716b8-4193-980e-46d0-7cd4ef03d825">
      <Execution id="94564b52-9001-4780-a402-fa51e0e5b599" />
      <TestMethod codeBase="C:\Users\TerezaČerná\Documents\BigBang\Testing\JC.Unit.Runner\JC.Unit.dll" adapterTypeName="executor://nunit3testexecutor/" className="JC.Unit.TestExecution.nUnitRunner" name="RunAllTests" />
    </UnitTest>
    <UnitTest name="[Integration_StagingxDim&amp;Fact].[3].[ST - Not NULL values].[Table [Fact].[Person Capacity]]" storage="c:\users\terezačerná\documents\bigbang\testing\jc.unit.runner\jc.unit.dll" id="b36c18c2-2f16-c4b0-0e40-bd5cc9cf030a">
      <Execution id="af55703c-431e-432f-ba3b-045f65c60d00" />
      <TestMethod codeBase="C:\Users\TerezaČerná\Documents\BigBang\Testing\JC.Unit.Runner\JC.Unit.dll" adapterTypeName="executor://nunit3testexecutor/" className="JC.Unit.TestExecution.nUnitRunner" name="RunAllTests" />
    </UnitTest>
    <UnitTest name="[Integration_StagingxDim&amp;Fact].[41].[DQ - Paid more than needed].[Paid more than needed on document]" storage="c:\users\terezačerná\documents\bigbang\testing\jc.unit.runner\jc.unit.dll" id="e6a75b46-68e3-68c6-0bac-3b5c7b10f84c">
      <Execution id="9ce0e3c6-c7d4-43a6-ae23-2efc3f1e178f" />
      <TestMethod codeBase="C:\Users\TerezaČerná\Documents\BigBang\Testing\JC.Unit.Runner\JC.Unit.dll" adapterTypeName="executor://nunit3testexecutor/" className="JC.Unit.TestExecution.nUnitRunner" name="RunAllTests" />
    </UnitTest>
    <UnitTest name="[Integration_StagingxDim&amp;Fact].[42].[ST - Revenue Cost Category].[ST - Revenue Cost Category Assigned]" storage="c:\users\terezačerná\documents\bigbang\testing\jc.unit.runner\jc.unit.dll" id="4c3281ce-958d-c17c-c4db-acdbee707867">
      <Execution id="ef5c565d-1edd-4b4d-8285-00a1dc42f371" />
      <TestMethod codeBase="C:\Users\TerezaČerná\Documents\BigBang\Testing\JC.Unit.Runner\JC.Unit.dll" adapterTypeName="executor://nunit3testexecutor/" className="JC.Unit.TestExecution.nUnitRunner" name="RunAllTests" />
    </UnitTest>
    <UnitTest name="[Smoke_ObjectExistence].[54].[Existence of the table].[Table TransactionCurrency]" storage="c:\users\terezačerná\documents\bigbang\testing\jc.unit.runner\jc.unit.dll" id="676e7cea-5aa4-1a91-eaf5-d360655ae92e">
      <Execution id="73b4dc30-0a0e-4819-a499-22e2e9891cd3" />
      <TestMethod codeBase="C:\Users\TerezaČerná\Documents\BigBang\Testing\JC.Unit.Runner\JC.Unit.dll" adapterTypeName="executor://nunit3testexecutor/" className="JC.Unit.TestExecution.nUnitRunner" name="RunAllTests" />
    </UnitTest>
    <UnitTest name="[Smoke_ObjectExistence].[13].[Existence of the table].[Table Finance_PolozkaPrikazuKUhrade]" storage="c:\users\terezačerná\documents\bigbang\testing\jc.unit.runner\jc.unit.dll" id="e98ba9b2-7b11-bcbc-7534-5441c3ffe8f3">
      <Execution id="53bae038-fe81-4ddc-843e-d83f21992cfc" />
      <TestMethod codeBase="C:\Users\TerezaČerná\Documents\BigBang\Testing\JC.Unit.Runner\JC.Unit.dll" adapterTypeName="executor://nunit3testexecutor/" className="JC.Unit.TestExecution.nUnitRunner" name="RunAllTests" />
    </UnitTest>
    <UnitTest name="[Smoke_ObjectExistence].[57].[Existence of the table].[Table Revenue Cost Category Specification]" storage="c:\users\terezačerná\documents\bigbang\testing\jc.unit.runner\jc.unit.dll" id="51d5df11-837d-fbef-2072-1a7a898a69fb">
      <Execution id="28c81bc4-e10c-4701-90b0-28683d01cada" />
      <TestMethod codeBase="C:\Users\TerezaČerná\Documents\BigBang\Testing\JC.Unit.Runner\JC.Unit.dll" adapterTypeName="executor://nunit3testexecutor/" className="JC.Unit.TestExecution.nUnitRunner" name="RunAllTests" />
    </UnitTest>
    <UnitTest name="[Integration_StagingxDim&amp;Fact].[15].[IT - Sum check by Document Type].[Table [Objednavky_ObjednavkaPrijata]]" storage="c:\users\terezačerná\documents\bigbang\testing\jc.unit.runner\jc.unit.dll" id="7b2537ce-e820-5d98-57b2-e767c22e68d4">
      <Execution id="c602344b-d9cb-4419-98e5-4cec0706ad71" />
      <TestMethod codeBase="C:\Users\TerezaČerná\Documents\BigBang\Testing\JC.Unit.Runner\JC.Unit.dll" adapterTypeName="executor://nunit3testexecutor/" className="JC.Unit.TestExecution.nUnitRunner" name="RunAllTests" />
    </UnitTest>
    <UnitTest name="[Smoke_ObjectExistence].[23].[Existence of the table].[Table Ciselniky_Cinnost]" storage="c:\users\terezačerná\documents\bigbang\testing\jc.unit.runner\jc.unit.dll" id="1ec31cfd-6123-0cfe-6ab3-63b40dd1212b">
      <Execution id="bcdedcd3-870e-4bd2-9f06-4240cb999b21" />
      <TestMethod codeBase="C:\Users\TerezaČerná\Documents\BigBang\Testing\JC.Unit.Runner\JC.Unit.dll" adapterTypeName="executor://nunit3testexecutor/" className="JC.Unit.TestExecution.nUnitRunner" name="RunAllTests" />
    </UnitTest>
    <UnitTest name="[Integration_StagingxDim&amp;Fact].[35].[IT - Staging table is a subset of a dimension].[StagingMoney.Objednavky_ObjednavkaPrijata]" storage="c:\users\terezačerná\documents\bigbang\testing\jc.unit.runner\jc.unit.dll" id="ebaeadec-2162-4787-8a1c-fd15c278512e">
      <Execution id="aeda0296-5d6d-4dac-9559-d275d4336d03" />
      <TestMethod codeBase="C:\Users\TerezaČerná\Documents\BigBang\Testing\JC.Unit.Runner\JC.Unit.dll" adapterTypeName="executor://nunit3testexecutor/" className="JC.Unit.TestExecution.nUnitRunner" name="RunAllTests" />
    </UnitTest>
    <UnitTest name="[Smoke_ObjectExistence].[39].[Existence of the table].[Table Mzdy_Svatky]" storage="c:\users\terezačerná\documents\bigbang\testing\jc.unit.runner\jc.unit.dll" id="ea30e6cb-f14a-8ba2-3bc0-4a8461781beb">
      <Execution id="41f44a05-9d2e-4678-8a27-ef29eb4ff73f" />
      <TestMethod codeBase="C:\Users\TerezaČerná\Documents\BigBang\Testing\JC.Unit.Runner\JC.Unit.dll" adapterTypeName="executor://nunit3testexecutor/" className="JC.Unit.TestExecution.nUnitRunner" name="RunAllTests" />
    </UnitTest>
    <UnitTest name="[Smoke_ObjectExistence].[16].[Existence of the table].[Table Ucetnictvi_Ucet]" storage="c:\users\terezačerná\documents\bigbang\testing\jc.unit.runner\jc.unit.dll" id="ee6274a6-d68c-445d-a661-6882990db88d">
      <Execution id="b0a95a30-7d4c-4429-856c-c974fc2c98a3" />
      <TestMethod codeBase="C:\Users\TerezaČerná\Documents\BigBang\Testing\JC.Unit.Runner\JC.Unit.dll" adapterTypeName="executor://nunit3testexecutor/" className="JC.Unit.TestExecution.nUnitRunner" name="RunAllTests" />
    </UnitTest>
    <UnitTest name="[Integration_StagingxDim&amp;Fact].[36].[IT - Staging table is a subset of a dimension].[StagingMoney.Adresar_Firma]" storage="c:\users\terezačerná\documents\bigbang\testing\jc.unit.runner\jc.unit.dll" id="f6a3b2c6-2ece-d171-8a08-a5b7be76bf67">
      <Execution id="97778269-c026-4bbb-81f0-eac46538a65d" />
      <TestMethod codeBase="C:\Users\TerezaČerná\Documents\BigBang\Testing\JC.Unit.Runner\JC.Unit.dll" adapterTypeName="executor://nunit3testexecutor/" className="JC.Unit.TestExecution.nUnitRunner" name="RunAllTests" />
    </UnitTest>
    <UnitTest name="[Integration_StagingxDim&amp;Fact].[29].[IT - Staging table is a subset of a dimension].[ StagingMoney.Fakturace_FakturaVydana&#xA;    except]" storage="c:\users\terezačerná\documents\bigbang\testing\jc.unit.runner\jc.unit.dll" id="804bc72a-f601-f749-749a-fe98c1be182c">
      <Execution id="a94485a9-c59c-45d1-b668-ce7d26bf82e6" />
      <TestMethod codeBase="C:\Users\TerezaČerná\Documents\BigBang\Testing\JC.Unit.Runner\JC.Unit.dll" adapterTypeName="executor://nunit3testexecutor/" className="JC.Unit.TestExecution.nUnitRunner" name="RunAllTests" />
    </UnitTest>
    <UnitTest name="[Integration_StagingxDim&amp;Fact].[4].[ST - Sum of Amount with VAT CZK].[Table [Fact].[Document Item]]" storage="c:\users\terezačerná\documents\bigbang\testing\jc.unit.runner\jc.unit.dll" id="5279a498-3e54-6a76-5668-7936e4fcdb2e">
      <Execution id="8d510d4b-2e59-4cd0-b69e-98383d9e4d6a" />
      <TestMethod codeBase="C:\Users\TerezaČerná\Documents\BigBang\Testing\JC.Unit.Runner\JC.Unit.dll" adapterTypeName="executor://nunit3testexecutor/" className="JC.Unit.TestExecution.nUnitRunner" name="RunAllTests" />
    </UnitTest>
    <UnitTest name="[Smoke_ObjectExistence].[52].[Existence of the table].[Table OpportunityHeader]" storage="c:\users\terezačerná\documents\bigbang\testing\jc.unit.runner\jc.unit.dll" id="0d51d202-9f0e-8e87-796e-4d8c0987e236">
      <Execution id="aee5f59f-a813-48d7-931b-25eec6b70ca6" />
      <TestMethod codeBase="C:\Users\TerezaČerná\Documents\BigBang\Testing\JC.Unit.Runner\JC.Unit.dll" adapterTypeName="executor://nunit3testexecutor/" className="JC.Unit.TestExecution.nUnitRunner" name="RunAllTests" />
    </UnitTest>
    <UnitTest name="[Smoke_ObjectExistence].[22].[Existence of the table].[Table Fakturace_PolozkaFakturyVydane]" storage="c:\users\terezačerná\documents\bigbang\testing\jc.unit.runner\jc.unit.dll" id="419d32a9-d597-87dc-1eeb-30b5d4b5bb1a">
      <Execution id="7e4da2a5-689a-4582-b240-218e98015621" />
      <TestMethod codeBase="C:\Users\TerezaČerná\Documents\BigBang\Testing\JC.Unit.Runner\JC.Unit.dll" adapterTypeName="executor://nunit3testexecutor/" className="JC.Unit.TestExecution.nUnitRunner" name="RunAllTests" />
    </UnitTest>
    <UnitTest name="[Smoke_ObjectExistence].[12].[Existence of the table].[Table Fakturace_FakturaPrijata]" storage="c:\users\terezačerná\documents\bigbang\testing\jc.unit.runner\jc.unit.dll" id="c430239a-df21-fddb-6351-0e824ec43dd2">
      <Execution id="e5c91cbe-6131-454c-8928-fc41b3a83d77" />
      <TestMethod codeBase="C:\Users\TerezaČerná\Documents\BigBang\Testing\JC.Unit.Runner\JC.Unit.dll" adapterTypeName="executor://nunit3testexecutor/" className="JC.Unit.TestExecution.nUnitRunner" name="RunAllTests" />
    </UnitTest>
    <UnitTest name="[Smoke_ObjectExistence].[43].[Existence of the table].[Table Mzdy_ZamestnanecNepritomnost]" storage="c:\users\terezačerná\documents\bigbang\testing\jc.unit.runner\jc.unit.dll" id="2842dc64-121e-69f4-e399-0524fee8d051">
      <Execution id="992c6c79-936b-48d6-a82b-23a9a6117954" />
      <TestMethod codeBase="C:\Users\TerezaČerná\Documents\BigBang\Testing\JC.Unit.Runner\JC.Unit.dll" adapterTypeName="executor://nunit3testexecutor/" className="JC.Unit.TestExecution.nUnitRunner" name="RunAllTests" />
    </UnitTest>
    <UnitTest name="[Smoke_ObjectExistence].[26].[Existence of the table].[Table Fakturace_PolozkaFakturyPrijate]" storage="c:\users\terezačerná\documents\bigbang\testing\jc.unit.runner\jc.unit.dll" id="bbe514a8-b32c-84ea-2fe8-555567b7c1aa">
      <Execution id="c79948c0-e080-428b-9fed-5b6b1358e940" />
      <TestMethod codeBase="C:\Users\TerezaČerná\Documents\BigBang\Testing\JC.Unit.Runner\JC.Unit.dll" adapterTypeName="executor://nunit3testexecutor/" className="JC.Unit.TestExecution.nUnitRunner" name="RunAllTests" />
    </UnitTest>
    <UnitTest name="[Smoke_ObjectExistence].[41].[Existence of the table].[Table Mzdy_NepritomnostNahrada]" storage="c:\users\terezačerná\documents\bigbang\testing\jc.unit.runner\jc.unit.dll" id="26ba587d-8d14-5c80-c5e1-65757217c08c">
      <Execution id="75f03eaf-3ca8-4891-9e3a-149e03ac0c8d" />
      <TestMethod codeBase="C:\Users\TerezaČerná\Documents\BigBang\Testing\JC.Unit.Runner\JC.Unit.dll" adapterTypeName="executor://nunit3testexecutor/" className="JC.Unit.TestExecution.nUnitRunner" name="RunAllTests" />
    </UnitTest>
    <UnitTest name="[Smoke_ObjectExistence].[19].[Existence of the table].[Table EconomicBase_DruhDokladu]" storage="c:\users\terezačerná\documents\bigbang\testing\jc.unit.runner\jc.unit.dll" id="7cf2e1c7-c3b0-6dde-9ff6-bdc5372fabee">
      <Execution id="c02a5125-8abc-42b4-b28c-8d4118f9747e" />
      <TestMethod codeBase="C:\Users\TerezaČerná\Documents\BigBang\Testing\JC.Unit.Runner\JC.Unit.dll" adapterTypeName="executor://nunit3testexecutor/" className="JC.Unit.TestExecution.nUnitRunner" name="RunAllTests" />
    </UnitTest>
  </TestDefinitions>
  <TestEntries>
    <TestEntry testId="864b6706-d1c5-e661-a612-b3725dce8068" executionId="4d6ea16e-c022-4d11-973f-a73bd5f7bfb7" testListId="8c84fa94-04c1-424b-9868-57a2d4851a1d" />
    <TestEntry testId="1b0f98fd-1d63-8013-f76a-ac489a4f9507" executionId="ff699e55-8ac4-4fc4-baa6-3fc4c90fce64" testListId="8c84fa94-04c1-424b-9868-57a2d4851a1d" />
    <TestEntry testId="a9475b93-443b-d87f-a61f-8a41fc7ac6f1" executionId="19555ee8-1e3e-454b-9858-c67fd8ff1ece" testListId="8c84fa94-04c1-424b-9868-57a2d4851a1d" />
    <TestEntry testId="da0038a8-2636-09ae-f494-d1299494c0c0" executionId="83e4d624-d1cf-40a3-833d-95ae8ec3169c" testListId="8c84fa94-04c1-424b-9868-57a2d4851a1d" />
    <TestEntry testId="26ba587d-8d14-5c80-c5e1-65757217c08c" executionId="75f03eaf-3ca8-4891-9e3a-149e03ac0c8d" testListId="8c84fa94-04c1-424b-9868-57a2d4851a1d" />
    <TestEntry testId="ea30e6cb-f14a-8ba2-3bc0-4a8461781beb" executionId="41f44a05-9d2e-4678-8a27-ef29eb4ff73f" testListId="8c84fa94-04c1-424b-9868-57a2d4851a1d" />
    <TestEntry testId="f6a3b2c6-2ece-d171-8a08-a5b7be76bf67" executionId="97778269-c026-4bbb-81f0-eac46538a65d" testListId="8c84fa94-04c1-424b-9868-57a2d4851a1d" />
    <TestEntry testId="52c3a3ad-7e55-dcc8-9df0-d1a8aea353c2" executionId="810a3145-8698-40bc-875b-88408a606129" testListId="8c84fa94-04c1-424b-9868-57a2d4851a1d" />
    <TestEntry testId="30e9c341-1c1c-069d-a089-d4302828d75b" executionId="11dafec7-3eb8-47c3-9ac8-6dc5c416c4af" testListId="8c84fa94-04c1-424b-9868-57a2d4851a1d" />
    <TestEntry testId="40bef62d-2799-3cb2-1e58-2af04995aa7b" executionId="89080fd6-7f8b-4c8c-98d4-3f677644a0dc" testListId="8c84fa94-04c1-424b-9868-57a2d4851a1d" />
    <TestEntry testId="804bc72a-f601-f749-749a-fe98c1be182c" executionId="a94485a9-c59c-45d1-b668-ce7d26bf82e6" testListId="8c84fa94-04c1-424b-9868-57a2d4851a1d" />
    <TestEntry testId="6ef871d9-313f-345e-6695-79d3809a83b3" executionId="dd2a802b-81b3-4602-b3f7-c6d0ff09fae1" testListId="8c84fa94-04c1-424b-9868-57a2d4851a1d" />
    <TestEntry testId="4e58d51f-82e8-9321-f845-d7958f15e29d" executionId="1c3c2249-ad06-40df-b5e1-864d30737fe2" testListId="8c84fa94-04c1-424b-9868-57a2d4851a1d" />
    <TestEntry testId="676e7cea-5aa4-1a91-eaf5-d360655ae92e" executionId="73b4dc30-0a0e-4819-a499-22e2e9891cd3" testListId="8c84fa94-04c1-424b-9868-57a2d4851a1d" />
    <TestEntry testId="883a7dda-e9ee-b281-0325-2730d6a6e7b7" executionId="6cf9687d-851b-4192-a38c-fc060cecd48f" testListId="8c84fa94-04c1-424b-9868-57a2d4851a1d" />
    <TestEntry testId="92e29243-f60c-3207-106a-1d834fb4d7e0" executionId="8df0d551-2032-4b10-b317-5aa79531c616" testListId="8c84fa94-04c1-424b-9868-57a2d4851a1d" />
    <TestEntry testId="039a3cff-3840-8952-60c2-35593d0e1c99" executionId="0ce4ce18-1544-4513-9283-31176fcc4c92" testListId="8c84fa94-04c1-424b-9868-57a2d4851a1d" />
    <TestEntry testId="6f12a022-e888-a020-9538-58aae455a3ed" executionId="6f4e91be-6b2c-4800-8cbe-c5515400cbaa" testListId="8c84fa94-04c1-424b-9868-57a2d4851a1d" />
    <TestEntry testId="ef467e50-8cd0-e812-a730-294de2e8ad0f" executionId="ead30ae1-8a10-4707-8208-85ec184059d3" testListId="8c84fa94-04c1-424b-9868-57a2d4851a1d" />
    <TestEntry testId="4fe7149d-95b6-137a-5c7f-e332393585ef" executionId="f918bb2e-6042-4af2-8715-7deae5bebaa6" testListId="8c84fa94-04c1-424b-9868-57a2d4851a1d" />
    <TestEntry testId="f0e14953-0487-efc3-1455-7bfbfe66d3f5" executionId="5ff1ddf3-7912-4a49-a66b-bc737441ec24" testListId="8c84fa94-04c1-424b-9868-57a2d4851a1d" />
    <TestEntry testId="c430239a-df21-fddb-6351-0e824ec43dd2" executionId="e5c91cbe-6131-454c-8928-fc41b3a83d77" testListId="8c84fa94-04c1-424b-9868-57a2d4851a1d" />
    <TestEntry testId="87b6bec7-37b1-b032-698d-279ffdadc596" executionId="6b457ec3-8bd8-41ac-93a1-207f6d11a964" testListId="8c84fa94-04c1-424b-9868-57a2d4851a1d" />
    <TestEntry testId="418d3889-c0f4-fa67-39dd-4c1a403bf7e3" executionId="14378dcf-6c49-4ec7-b4e8-52bc465c9e3b" testListId="8c84fa94-04c1-424b-9868-57a2d4851a1d" />
    <TestEntry testId="1ec31cfd-6123-0cfe-6ab3-63b40dd1212b" executionId="bcdedcd3-870e-4bd2-9f06-4240cb999b21" testListId="8c84fa94-04c1-424b-9868-57a2d4851a1d" />
    <TestEntry testId="8e1fb5dc-b2d8-31f3-5b99-a714e28802f3" executionId="180a56e0-9a68-46ba-aaa7-7725c66d52ea" testListId="8c84fa94-04c1-424b-9868-57a2d4851a1d" />
    <TestEntry testId="6f97390d-f333-7779-747b-5eb57b7fd1d8" executionId="197a33f2-9d94-4bbc-807a-5047117c8f91" testListId="8c84fa94-04c1-424b-9868-57a2d4851a1d" />
    <TestEntry testId="82d47166-fa0d-eeb8-402e-c62c6e3b2d5d" executionId="9bd7312b-036b-4105-a661-7418eed9bd6a" testListId="8c84fa94-04c1-424b-9868-57a2d4851a1d" />
    <TestEntry testId="e98ba9b2-7b11-bcbc-7534-5441c3ffe8f3" executionId="53bae038-fe81-4ddc-843e-d83f21992cfc" testListId="8c84fa94-04c1-424b-9868-57a2d4851a1d" />
    <TestEntry testId="7557f51e-c690-f35a-c69e-f1b0099d098d" executionId="28aba7bc-a93b-4c21-9021-3d376aad3fd1" testListId="8c84fa94-04c1-424b-9868-57a2d4851a1d" />
    <TestEntry testId="1cb03d79-ff9b-500d-7915-ae447d9bbf71" executionId="d6e92b2d-2f08-4b4a-b3e8-5e8551827982" testListId="8c84fa94-04c1-424b-9868-57a2d4851a1d" />
    <TestEntry testId="b36c18c2-2f16-c4b0-0e40-bd5cc9cf030a" executionId="af55703c-431e-432f-ba3b-045f65c60d00" testListId="8c84fa94-04c1-424b-9868-57a2d4851a1d" />
    <TestEntry testId="a6ff8bd4-840e-7b1c-0622-bf6ed6997953" executionId="29f9ed5a-a84a-49d2-91b5-810cffd50a3d" testListId="8c84fa94-04c1-424b-9868-57a2d4851a1d" />
    <TestEntry testId="4d3a32a4-4609-a802-8e5d-72092fb3527d" executionId="04e47dc5-2525-40c4-b623-8651d984cc18" testListId="8c84fa94-04c1-424b-9868-57a2d4851a1d" />
    <TestEntry testId="1ab7735e-377f-01ed-d8c3-0db955cf8049" executionId="01395250-11ca-4f70-87f3-c3adce0aaeb3" testListId="8c84fa94-04c1-424b-9868-57a2d4851a1d" />
    <TestEntry testId="8297bce6-fe99-c398-4990-1b0593c648e4" executionId="8cb0b8a8-11a4-4bc0-b781-dd513a0fb8f1" testListId="8c84fa94-04c1-424b-9868-57a2d4851a1d" />
    <TestEntry testId="52a5227e-4b35-a770-eb37-5df487124947" executionId="4343f7e9-b1a2-4ff2-80ab-7966bf652a8a" testListId="8c84fa94-04c1-424b-9868-57a2d4851a1d" />
    <TestEntry testId="bbe514a8-b32c-84ea-2fe8-555567b7c1aa" executionId="c79948c0-e080-428b-9fed-5b6b1358e940" testListId="8c84fa94-04c1-424b-9868-57a2d4851a1d" />
    <TestEntry testId="becefbb3-296f-28e1-a93c-1a14e25a8f3d" executionId="e37d4319-e787-4639-9068-0858818182dc" testListId="8c84fa94-04c1-424b-9868-57a2d4851a1d" />
    <TestEntry testId="74db6c8f-742d-cdd0-fa94-9d1c48485dbf" executionId="faa59a5b-77ab-42e3-98c7-fcf1fe8012c2" testListId="8c84fa94-04c1-424b-9868-57a2d4851a1d" />
    <TestEntry testId="18b18861-0e44-b868-8a5f-964d2292f002" executionId="a6ee4c7f-87b9-410d-8e2a-5cc15573f645" testListId="8c84fa94-04c1-424b-9868-57a2d4851a1d" />
    <TestEntry testId="8f902760-590d-6675-0ade-d6de7c771a6b" executionId="dd3ebc46-dfb0-4740-9755-7c14df2c6d22" testListId="8c84fa94-04c1-424b-9868-57a2d4851a1d" />
    <TestEntry testId="4717d6b8-16a3-1be3-996f-d263b9ce1288" executionId="f1968899-f5af-42a1-85b6-35ad205119da" testListId="8c84fa94-04c1-424b-9868-57a2d4851a1d" />
    <TestEntry testId="5279a498-3e54-6a76-5668-7936e4fcdb2e" executionId="8d510d4b-2e59-4cd0-b69e-98383d9e4d6a" testListId="8c84fa94-04c1-424b-9868-57a2d4851a1d" />
    <TestEntry testId="b94a13f1-e0d2-a3a1-0150-4599409d2aff" executionId="fafa7971-9ed4-4eab-ac74-5814afb1bf4b" testListId="8c84fa94-04c1-424b-9868-57a2d4851a1d" />
    <TestEntry testId="a8c716b8-4193-980e-46d0-7cd4ef03d825" executionId="94564b52-9001-4780-a402-fa51e0e5b599" testListId="8c84fa94-04c1-424b-9868-57a2d4851a1d" />
    <TestEntry testId="fea8ee86-f243-4070-1133-af94f671b1b8" executionId="4ec07ee0-eeee-431d-b187-c7bfe9f73373" testListId="8c84fa94-04c1-424b-9868-57a2d4851a1d" />
    <TestEntry testId="40a17607-ffd3-0727-13e7-309842913b28" executionId="4e1d46a3-0cc7-4178-a1f0-c80f22acf185" testListId="8c84fa94-04c1-424b-9868-57a2d4851a1d" />
    <TestEntry testId="16476183-8a99-9d57-9a05-ab6dceed5fad" executionId="e442442d-7974-4d67-9cdd-c94ff8775ccb" testListId="8c84fa94-04c1-424b-9868-57a2d4851a1d" />
    <TestEntry testId="6febc6cd-4565-b196-9913-89791c7f65ab" executionId="1d3d8a2c-cf38-4cda-b2f7-4c3fdd454d76" testListId="8c84fa94-04c1-424b-9868-57a2d4851a1d" />
    <TestEntry testId="5362ad2c-828a-7aad-1d15-a999fe6c67ac" executionId="65635091-41d9-40e5-920f-0cbd6801d10c" testListId="8c84fa94-04c1-424b-9868-57a2d4851a1d" />
    <TestEntry testId="4c3281ce-958d-c17c-c4db-acdbee707867" executionId="ef5c565d-1edd-4b4d-8285-00a1dc42f371" testListId="8c84fa94-04c1-424b-9868-57a2d4851a1d" />
    <TestEntry testId="94a1c9bc-6703-5715-60b9-f1ef941637e7" executionId="40131028-4a8f-485c-9603-4e26da7aa3ce" testListId="8c84fa94-04c1-424b-9868-57a2d4851a1d" />
    <TestEntry testId="58940f79-27c1-f004-0cda-2c9c955f9a6c" executionId="79ef16ae-06ba-4876-9eef-5a66f40f0933" testListId="8c84fa94-04c1-424b-9868-57a2d4851a1d" />
    <TestEntry testId="821e872f-8ad4-4756-a10a-1a9afe75ca93" executionId="5651b090-6a8f-4ccb-8910-8821e53d33ec" testListId="8c84fa94-04c1-424b-9868-57a2d4851a1d" />
    <TestEntry testId="50fafed6-ad95-43c4-24f8-d614d5c94d96" executionId="4d32883a-9342-41d7-b419-594c6f8d87dc" testListId="8c84fa94-04c1-424b-9868-57a2d4851a1d" />
    <TestEntry testId="7cf2e1c7-c3b0-6dde-9ff6-bdc5372fabee" executionId="c02a5125-8abc-42b4-b28c-8d4118f9747e" testListId="8c84fa94-04c1-424b-9868-57a2d4851a1d" />
    <TestEntry testId="378cf331-36e7-aa16-9514-df1f6a19a35c" executionId="4b1511f2-40a4-4998-a8dd-a62ad8f37657" testListId="8c84fa94-04c1-424b-9868-57a2d4851a1d" />
    <TestEntry testId="ebaeadec-2162-4787-8a1c-fd15c278512e" executionId="aeda0296-5d6d-4dac-9559-d275d4336d03" testListId="8c84fa94-04c1-424b-9868-57a2d4851a1d" />
    <TestEntry testId="a839709d-1374-8ac0-c102-62728a740644" executionId="f3e217c9-94f2-4dad-a579-8837b02148bb" testListId="8c84fa94-04c1-424b-9868-57a2d4851a1d" />
    <TestEntry testId="0d51d202-9f0e-8e87-796e-4d8c0987e236" executionId="aee5f59f-a813-48d7-931b-25eec6b70ca6" testListId="8c84fa94-04c1-424b-9868-57a2d4851a1d" />
    <TestEntry testId="bbd35e0e-bb7e-d19c-146d-4ca86003d252" executionId="a24eb852-a1d3-499a-9095-69520a962e47" testListId="8c84fa94-04c1-424b-9868-57a2d4851a1d" />
    <TestEntry testId="ec69f802-95a3-4b41-2a0c-e181c682aec8" executionId="b9c9410e-8eea-4cf8-8de1-4e6a8b50f5ed" testListId="8c84fa94-04c1-424b-9868-57a2d4851a1d" />
    <TestEntry testId="b9c9e4ae-229c-0f71-c5aa-98fe7605eaf4" executionId="e437aac4-da9c-4db8-b8bf-c8fe2b5d60d2" testListId="8c84fa94-04c1-424b-9868-57a2d4851a1d" />
    <TestEntry testId="20f5e4c2-74a8-19b6-8770-cfb85b838a3e" executionId="34b0948b-5682-47b0-8330-1cd934ce97ff" testListId="8c84fa94-04c1-424b-9868-57a2d4851a1d" />
    <TestEntry testId="ee7b3397-05b3-5660-5f81-c9db969c5159" executionId="9be4e491-2fa3-4907-a5de-e1c6a5817041" testListId="8c84fa94-04c1-424b-9868-57a2d4851a1d" />
    <TestEntry testId="7b2537ce-e820-5d98-57b2-e767c22e68d4" executionId="c602344b-d9cb-4419-98e5-4cec0706ad71" testListId="8c84fa94-04c1-424b-9868-57a2d4851a1d" />
    <TestEntry testId="c756a6b5-9822-425b-d05b-10486fe83341" executionId="bdde2869-72ce-4f12-94bb-77881d11a657" testListId="8c84fa94-04c1-424b-9868-57a2d4851a1d" />
    <TestEntry testId="81abb510-fadd-909b-267d-cfb66ab8e4f9" executionId="a653d3a7-f966-48e9-9b7e-8ccac513e502" testListId="8c84fa94-04c1-424b-9868-57a2d4851a1d" />
    <TestEntry testId="fd5e261c-a769-e37b-93f3-db8fd9795ff2" executionId="4e49c885-95ed-4b38-b906-7eedcda4f261" testListId="8c84fa94-04c1-424b-9868-57a2d4851a1d" />
    <TestEntry testId="3db5c791-ffce-6a05-5860-fd4dfbc84e5a" executionId="68297af8-c76c-40fb-80e9-8430683f7c4a" testListId="8c84fa94-04c1-424b-9868-57a2d4851a1d" />
    <TestEntry testId="e6a75b46-68e3-68c6-0bac-3b5c7b10f84c" executionId="9ce0e3c6-c7d4-43a6-ae23-2efc3f1e178f" testListId="8c84fa94-04c1-424b-9868-57a2d4851a1d" />
    <TestEntry testId="0dce3cbb-c5be-8ce9-26c7-823b70f36b4e" executionId="b3427505-f876-4a03-a606-dc2105adbacb" testListId="8c84fa94-04c1-424b-9868-57a2d4851a1d" />
    <TestEntry testId="a8dfca29-b254-c754-1cae-f37950e06b2d" executionId="7ef9e49c-13cc-40e0-9cbe-4189c57d4c51" testListId="8c84fa94-04c1-424b-9868-57a2d4851a1d" />
    <TestEntry testId="7c2f79ab-8644-1b76-edfc-d1d7cfd5cae2" executionId="bc3b0993-9888-42e5-9ed1-0ea28f75170d" testListId="8c84fa94-04c1-424b-9868-57a2d4851a1d" />
    <TestEntry testId="59c40813-1907-f75a-f050-dbaa9195f6db" executionId="9b144572-e475-4ed6-aee1-e6dc163deea5" testListId="8c84fa94-04c1-424b-9868-57a2d4851a1d" />
    <TestEntry testId="08967945-3295-54c1-32d2-2e73fefe3a5f" executionId="4df43672-0dee-4344-ba74-478007fce077" testListId="8c84fa94-04c1-424b-9868-57a2d4851a1d" />
    <TestEntry testId="16d5e31b-ede9-d3bc-1f7a-c861155e9c35" executionId="33e2ebeb-5277-4839-8d09-d99eba6c37f8" testListId="8c84fa94-04c1-424b-9868-57a2d4851a1d" />
    <TestEntry testId="fa48f061-b547-454d-8974-cc937051bb27" executionId="442090aa-494f-4924-8fe7-3abee2946409" testListId="8c84fa94-04c1-424b-9868-57a2d4851a1d" />
    <TestEntry testId="18acec2e-1e7a-3778-00b9-41543d6289fe" executionId="77eac40d-ae74-4e28-a0b4-5d7a0ed3577e" testListId="8c84fa94-04c1-424b-9868-57a2d4851a1d" />
    <TestEntry testId="ee6274a6-d68c-445d-a661-6882990db88d" executionId="b0a95a30-7d4c-4429-856c-c974fc2c98a3" testListId="8c84fa94-04c1-424b-9868-57a2d4851a1d" />
    <TestEntry testId="93a45ca3-7b48-9e02-d63a-86d7e8b5547f" executionId="ce23d392-3dd1-49fa-81a3-0c5ba1cc49a1" testListId="8c84fa94-04c1-424b-9868-57a2d4851a1d" />
    <TestEntry testId="657fabb8-afdf-3e81-8619-3b18cd6e2f30" executionId="1cb639d9-91f3-427f-833c-69d0ec582379" testListId="8c84fa94-04c1-424b-9868-57a2d4851a1d" />
    <TestEntry testId="20114aae-22cd-37b0-1449-9187519c2520" executionId="b83a3c36-d2a2-48bc-a4f6-fe8bf5bfca32" testListId="8c84fa94-04c1-424b-9868-57a2d4851a1d" />
    <TestEntry testId="419d32a9-d597-87dc-1eeb-30b5d4b5bb1a" executionId="7e4da2a5-689a-4582-b240-218e98015621" testListId="8c84fa94-04c1-424b-9868-57a2d4851a1d" />
    <TestEntry testId="68087df4-ff6a-60f2-a979-00e2356cf9b0" executionId="41cd2d7f-bd5d-40d7-98de-b015b03ab3f9" testListId="8c84fa94-04c1-424b-9868-57a2d4851a1d" />
    <TestEntry testId="2842dc64-121e-69f4-e399-0524fee8d051" executionId="992c6c79-936b-48d6-a82b-23a9a6117954" testListId="8c84fa94-04c1-424b-9868-57a2d4851a1d" />
    <TestEntry testId="e5564b1f-76b7-9dd4-7b65-c1c566b78c48" executionId="1bcbbd10-a763-4b92-a721-0f79f5ac5f68" testListId="8c84fa94-04c1-424b-9868-57a2d4851a1d" />
    <TestEntry testId="51d5df11-837d-fbef-2072-1a7a898a69fb" executionId="28c81bc4-e10c-4701-90b0-28683d01cada" testListId="8c84fa94-04c1-424b-9868-57a2d4851a1d" />
    <TestEntry testId="c6060242-f5fb-cdf7-fa1d-63bf1a7089d9" executionId="a8ba4ba9-c0ee-4a6f-a65d-1040fd5f1c28" testListId="8c84fa94-04c1-424b-9868-57a2d4851a1d" />
    <TestEntry testId="45d2f5aa-bfed-e5b4-af2a-66055047a3eb" executionId="5002004d-6afd-40d5-9109-15ea5f1ab05d" testListId="8c84fa94-04c1-424b-9868-57a2d4851a1d" />
    <TestEntry testId="d4f48ae9-e7e3-a446-ad84-9aae9cef5d7c" executionId="6c0b3e32-4ca7-495f-a876-92bf254a4adb" testListId="8c84fa94-04c1-424b-9868-57a2d4851a1d" />
    <TestEntry testId="3e595e14-3e8a-3ee8-d68f-c0517b459f44" executionId="bf42463d-feb4-444e-b0c2-d73fafaa5911" testListId="8c84fa94-04c1-424b-9868-57a2d4851a1d" />
    <TestEntry testId="a7f1c5d9-3dd4-03b5-631d-00450448e757" executionId="6af015fd-a33d-468b-bf76-36d35d7e2b19" testListId="8c84fa94-04c1-424b-9868-57a2d4851a1d" />
    <TestEntry testId="2e3c31ea-d47c-7e26-f2f4-ddf1fa7d180e" executionId="72db88e1-b8b1-4cda-b1e9-c69ba01c4866" testListId="8c84fa94-04c1-424b-9868-57a2d4851a1d" />
    <TestEntry testId="2399483b-6614-c431-9362-847b6c1e4592" executionId="03897c70-ef3f-49bf-9688-66a31f760654" testListId="8c84fa94-04c1-424b-9868-57a2d4851a1d" />
    <TestEntry testId="213ee05a-4a01-4b18-17cf-daa5bcd1646d" executionId="3d9275ab-11e8-49b7-ad72-9677b36e772b" testListId="8c84fa94-04c1-424b-9868-57a2d4851a1d" />
    <TestEntry testId="271c685b-4f27-d869-82ad-0a11c3050d03" executionId="8332dfa1-be7b-4eb3-aa1f-461ac4b1cb64" testListId="8c84fa94-04c1-424b-9868-57a2d4851a1d" />
    <TestEntry testId="30460f3b-eb1a-3117-0195-c89242d95fbf" executionId="602c88c0-42b1-460f-8dc3-751ecff9595b" testListId="8c84fa94-04c1-424b-9868-57a2d4851a1d" />
    <TestEntry testId="6d64c653-9c32-1272-4a79-b9f397aa1294" executionId="33c2dbde-0607-4523-8488-c616912e6a9f" testListId="8c84fa94-04c1-424b-9868-57a2d4851a1d" />
    <TestEntry testId="16df9282-30d4-321f-d81a-c69931a0cf80" executionId="7919b453-4411-4afc-ba4b-3b9c545659ed" testListId="8c84fa94-04c1-424b-9868-57a2d4851a1d" />
    <TestEntry testId="4d4f2eb1-4b6a-f2f9-5631-fba458167b0b" executionId="6fdd1806-9134-421e-adaf-f903042aa2c0" testListId="8c84fa94-04c1-424b-9868-57a2d4851a1d" />
  </TestEntries>
  <TestLists>
    <TestList name="Results Not in a List" id="8c84fa94-04c1-424b-9868-57a2d4851a1d" />
    <TestList name="All Loaded Results" id="19431567-8539-422a-85d7-44ee4e166bda" />
  </TestLists>
  <ResultSummary outcome="Failed">
    <Counters total="102" executed="102" passed="96" failed="6" error="0" timeout="0" aborted="0" inconclusive="0" passedButRunAborted="0" notRunnable="0" notExecuted="0" disconnected="0" warning="0" completed="0" inProgress="0" pending="0" />
    <Output>
      <StdOut>NUnit Adapter 3.16.0.0: Test execution started&#xD;
Running selected tests in C:\Users\TerezaČerná\Documents\BigBang\Testing\JC.Unit.Runner\JC.Unit.dll&#xD;
   NUnit3TestExecutor converted 102 of 102 NUnit test cases&#xD;
NUnit Adapter 3.16.0.0: Test execution complete&#xD;
</StdOut>
    </Output>
  </ResultSummary>
</TestRun>