<?xml version="1.0" encoding="utf-8"?>
<TestRun id="f2f081ec-2021-440e-8150-da0113b8a397" name="TerezaČerná@LAPTOP-OBK5BVVT 2020-10-28 15:20:14" runUser="AzureAD\TerezaČerná" xmlns="http://microsoft.com/schemas/VisualStudio/TeamTest/2010">
  <Times creation="2020-10-28T15:20:14.5032614+01:00" queuing="2020-10-28T15:20:14.5032634+01:00" start="2020-10-28T15:20:11.3010392+01:00" finish="2020-10-28T15:20:18.3879175+01:00" />
  <TestSettings name="default" id="58367f27-57e6-498c-9375-f6bc326e0d32">
    <Deployment runDeploymentRoot="TerezaČerná_LAPTOP-OBK5BVVT_2020-10-28_15_20_14" />
  </TestSettings>
  <Results>
    <UnitTestResult executionId="b532cc44-00cf-4355-8660-068e6a24ea93" testId="4d4f2eb1-4b6a-f2f9-5631-fba458167b0b" testName="[Integration_StagingxDim&amp;Fact].[40].[ST - Document Payment Status].[Document Payment Status - N/A for Storno]" computerName="LAPTOP-OBK5BVVT" duration="00:00:00.0358430" startTime="2020-10-28T15:20:16.0000000+01:00" endTime="2020-10-28T15:20:17.0000000+01:00" testType="13cdc9d9-ddb5-4fa4-a97d-d965ccfc6d4b" outcome="Passed" testListId="8c84fa94-04c1-424b-9868-57a2d4851a1d" relativeResultsDirectory="b532cc44-00cf-4355-8660-068e6a24ea93" />
    <UnitTestResult executionId="aca852a4-27d9-48ff-99da-dedf88c337ce" testId="52a5227e-4b35-a770-eb37-5df487124947" testName="[Integration_StagingxDim&amp;Fact].[2].[ST - Accounting logic].[Journal x Account Balance check]" computerName="LAPTOP-OBK5BVVT" duration="00:00:02.7393329" startTime="2020-10-28T15:20:13.0000000+01:00" endTime="2020-10-28T15:20:16.0000000+01:00" testType="13cdc9d9-ddb5-4fa4-a97d-d965ccfc6d4b" outcome="Passed" testListId="8c84fa94-04c1-424b-9868-57a2d4851a1d" relativeResultsDirectory="aca852a4-27d9-48ff-99da-dedf88c337ce" />
    <UnitTestResult executionId="7f1b9f4b-4e6c-4246-99ce-aa803e1e1288" testId="378cf331-36e7-aa16-9514-df1f6a19a35c" testName="[Integration_MoneyxStaging].[5].[ST - No empty tables - StagingMoney].[No empty tables]" computerName="LAPTOP-OBK5BVVT" duration="00:00:00.3459130" startTime="2020-10-28T15:20:13.0000000+01:00" endTime="2020-10-28T15:20:13.0000000+01:00" testType="13cdc9d9-ddb5-4fa4-a97d-d965ccfc6d4b" outcome="Passed" testListId="8c84fa94-04c1-424b-9868-57a2d4851a1d" relativeResultsDirectory="7f1b9f4b-4e6c-4246-99ce-aa803e1e1288" />
    <UnitTestResult executionId="116bd5a0-aae9-4458-bb0a-43aa45c62e7b" testId="c756a6b5-9822-425b-d05b-10486fe83341" testName="[Smoke_ObjectExistence].[28].[Existence of the table].[Table Finance_PokladniDoklad]" computerName="LAPTOP-OBK5BVVT" duration="00:00:00.0859280" startTime="2020-10-28T15:20:17.0000000+01:00" endTime="2020-10-28T15:20:17.0000000+01:00" testType="13cdc9d9-ddb5-4fa4-a97d-d965ccfc6d4b" outcome="Passed" testListId="8c84fa94-04c1-424b-9868-57a2d4851a1d" relativeResultsDirectory="116bd5a0-aae9-4458-bb0a-43aa45c62e7b" />
    <UnitTestResult executionId="2ec9be7b-bfab-41cb-af98-0688ad7bf1f3" testId="bbd35e0e-bb7e-d19c-146d-4ca86003d252" testName="[Integration_StagingxDim&amp;Fact].[32].[IT - Staging table is a subset of a dimension].[StagingMoney.Fakturace_ZalohovaFakturaVydana]" computerName="LAPTOP-OBK5BVVT" duration="00:00:00.0616870" startTime="2020-10-28T15:20:16.0000000+01:00" endTime="2020-10-28T15:20:16.0000000+01:00" testType="13cdc9d9-ddb5-4fa4-a97d-d965ccfc6d4b" outcome="Passed" testListId="8c84fa94-04c1-424b-9868-57a2d4851a1d" relativeResultsDirectory="2ec9be7b-bfab-41cb-af98-0688ad7bf1f3" />
    <UnitTestResult executionId="0f4790c6-56e0-4e01-9189-eafca535668b" testId="8e1fb5dc-b2d8-31f3-5b99-a714e28802f3" testName="[Integration_StagingxDim&amp;Fact].[21].[IT - Staging table is a subset of a dimension].[StagingMoney.Ucetnictvi_Ucet]" computerName="LAPTOP-OBK5BVVT" duration="00:00:00.0450490" startTime="2020-10-28T15:20:16.0000000+01:00" endTime="2020-10-28T15:20:16.0000000+01:00" testType="13cdc9d9-ddb5-4fa4-a97d-d965ccfc6d4b" outcome="Passed" testListId="8c84fa94-04c1-424b-9868-57a2d4851a1d" relativeResultsDirectory="0f4790c6-56e0-4e01-9189-eafca535668b" />
    <UnitTestResult executionId="d936dace-e158-49f5-9a47-87df36a9010a" testId="d4f48ae9-e7e3-a446-ad84-9aae9cef5d7c" testName="[Smoke_ObjectExistence].[4].[Existence of the table].[Table Finance_PolozkaBankovnihoVypisu]" computerName="LAPTOP-OBK5BVVT" duration="00:00:00.0798150" startTime="2020-10-28T15:20:17.0000000+01:00" endTime="2020-10-28T15:20:17.0000000+01:00" testType="13cdc9d9-ddb5-4fa4-a97d-d965ccfc6d4b" outcome="Passed" testListId="8c84fa94-04c1-424b-9868-57a2d4851a1d" relativeResultsDirectory="d936dace-e158-49f5-9a47-87df36a9010a" />
    <UnitTestResult executionId="9b702d64-a1aa-4448-8f70-b8d65644a452" testId="ebaeadec-2162-4787-8a1c-fd15c278512e" testName="[Integration_StagingxDim&amp;Fact].[35].[IT - Staging table is a subset of a dimension].[StagingMoney.Objednavky_ObjednavkaPrijata]" computerName="LAPTOP-OBK5BVVT" duration="00:00:00.0383570" startTime="2020-10-28T15:20:16.0000000+01:00" endTime="2020-10-28T15:20:16.0000000+01:00" testType="13cdc9d9-ddb5-4fa4-a97d-d965ccfc6d4b" outcome="Passed" testListId="8c84fa94-04c1-424b-9868-57a2d4851a1d" relativeResultsDirectory="9b702d64-a1aa-4448-8f70-b8d65644a452" />
    <UnitTestResult executionId="6d510068-5055-448c-b1a3-206c062d3e94" testId="a6ff8bd4-840e-7b1c-0622-bf6ed6997953" testName="[Integration_StagingxDim&amp;Fact].[38].[ST - Document Payment Status].[Document Payment Status - Nezaplaceno]" computerName="LAPTOP-OBK5BVVT" duration="00:00:00.0438290" startTime="2020-10-28T15:20:16.0000000+01:00" endTime="2020-10-28T15:20:16.0000000+01:00" testType="13cdc9d9-ddb5-4fa4-a97d-d965ccfc6d4b" outcome="Passed" testListId="8c84fa94-04c1-424b-9868-57a2d4851a1d" relativeResultsDirectory="6d510068-5055-448c-b1a3-206c062d3e94" />
    <UnitTestResult executionId="920aedda-7df6-4376-8d47-7497480faaee" testId="18acec2e-1e7a-3778-00b9-41543d6289fe" testName="[Smoke_ObjectExistence].[31].[Existence of the table].[Table Objednavky_PolozkaObjednavkyPrijate]" computerName="LAPTOP-OBK5BVVT" duration="00:00:00.0855960" startTime="2020-10-28T15:20:17.0000000+01:00" endTime="2020-10-28T15:20:17.0000000+01:00" testType="13cdc9d9-ddb5-4fa4-a97d-d965ccfc6d4b" outcome="Passed" testListId="8c84fa94-04c1-424b-9868-57a2d4851a1d" relativeResultsDirectory="920aedda-7df6-4376-8d47-7497480faaee" />
    <UnitTestResult executionId="c6057fcf-1c02-4157-bcee-cf5e89022429" testId="94a1c9bc-6703-5715-60b9-f1ef941637e7" testName="[Integration_StagingxDim&amp;Fact].[1].[ST - No empty tables Dim + Fact].[No empty Dim &amp; Fact tables]" computerName="LAPTOP-OBK5BVVT" duration="00:00:01.0836920" startTime="2020-10-28T15:20:13.0000000+01:00" endTime="2020-10-28T15:20:14.0000000+01:00" testType="13cdc9d9-ddb5-4fa4-a97d-d965ccfc6d4b" outcome="Passed" testListId="8c84fa94-04c1-424b-9868-57a2d4851a1d" relativeResultsDirectory="c6057fcf-1c02-4157-bcee-cf5e89022429" />
    <UnitTestResult executionId="febcaac3-4601-4b46-9b56-d554b91ac28b" testId="f0e14953-0487-efc3-1455-7bfbfe66d3f5" testName="[Integration_StagingxDim&amp;Fact].[20].[IT - Sum check by Document Type].[Table [Ucetnictvi_ZavazkovyDoklad]]" computerName="LAPTOP-OBK5BVVT" duration="00:00:00.1169840" startTime="2020-10-28T15:20:16.0000000+01:00" endTime="2020-10-28T15:20:16.0000000+01:00" testType="13cdc9d9-ddb5-4fa4-a97d-d965ccfc6d4b" outcome="Passed" testListId="8c84fa94-04c1-424b-9868-57a2d4851a1d" relativeResultsDirectory="febcaac3-4601-4b46-9b56-d554b91ac28b" />
    <UnitTestResult executionId="540e0c8f-5ce5-4437-b232-51b6b39e6e43" testId="5279a498-3e54-6a76-5668-7936e4fcdb2e" testName="[Integration_StagingxDim&amp;Fact].[4].[ST - Sum of Amount with VAT CZK].[Table [Fact].[Document Item]]" computerName="LAPTOP-OBK5BVVT" duration="00:00:00.1155380" startTime="2020-10-28T15:20:14.0000000+01:00" endTime="2020-10-28T15:20:14.0000000+01:00" testType="13cdc9d9-ddb5-4fa4-a97d-d965ccfc6d4b" outcome="Passed" testListId="8c84fa94-04c1-424b-9868-57a2d4851a1d" relativeResultsDirectory="540e0c8f-5ce5-4437-b232-51b6b39e6e43" />
    <UnitTestResult executionId="e488e097-402d-4ede-9b09-ca75efda71c5" testId="16df9282-30d4-321f-d81a-c69931a0cf80" testName="[Integration_StagingxDim&amp;Fact].[37].[ST - Document Payment Status].[Document Payment Status - Castecne Zaplaceno]" computerName="LAPTOP-OBK5BVVT" duration="00:00:00.0453890" startTime="2020-10-28T15:20:16.0000000+01:00" endTime="2020-10-28T15:20:16.0000000+01:00" testType="13cdc9d9-ddb5-4fa4-a97d-d965ccfc6d4b" outcome="Passed" testListId="8c84fa94-04c1-424b-9868-57a2d4851a1d" relativeResultsDirectory="e488e097-402d-4ede-9b09-ca75efda71c5" />
    <UnitTestResult executionId="25bfc25b-7c19-4414-83f2-729acdce7660" testId="58940f79-27c1-f004-0cda-2c9c955f9a6c" testName="[Integration_StagingxDim&amp;Fact].[31].[IT - Staging table is a subset of a dimension].[StagingMoney.Finance_BankovniVypis]" computerName="LAPTOP-OBK5BVVT" duration="00:00:00.0460020" startTime="2020-10-28T15:20:16.0000000+01:00" endTime="2020-10-28T15:20:16.0000000+01:00" testType="13cdc9d9-ddb5-4fa4-a97d-d965ccfc6d4b" outcome="Failed" testListId="8c84fa94-04c1-424b-9868-57a2d4851a1d" relativeResultsDirectory="25bfc25b-7c19-4414-83f2-729acdce7660">
      <Output>
        <ErrorInfo>
          <Message>There is at least one row, but no rows were expected:&#xD;
&#xD;
┌───────────────────────────┬──────────────┬───────┐&#xD;
│ID                         │CisloDokladu  │Nazev  │&#xD;
╞═══════════════════════════╪══════════════╪═══════╡&#xD;
│d810dead-7f36-485f-805...  │BVFS00001     │       │&#xD;
└───────────────────────────┴──────────────┴───────┘&#xD;
&#xD;
&#xD;
Test description: Dim.Document&#xD;
TestQuerySource: BigBang&#xD;
TestQuery:&#xD;
&#xD;
    select ID, CisloDokladu, Nazev from StagingMoney.Finance_BankovniVypis&#xD;
    except&#xD;
&#xD;
 SELECT [Document Money Src ID]&#xD;
      ,[Document Number]&#xD;
      ,[Document Description]&#xD;
  FROM [Dim].[Document]&#xD;
&#xD;
</Message>
          <StackTrace>   at JC.Unit.TestExecution.nUnitRunner.RunAllTests(TestDefinition testDefinition) in D:\a\1\s\MainCore\JC.Unit\JC.Unit\TestExecution\nUnitRunner.cs:line 59&#xD;
</StackTrace>
        </ErrorInfo>
      </Output>
    </UnitTestResult>
    <UnitTestResult executionId="cdf07e7a-4925-47fe-8d2c-b2053b8d674c" testId="c6060242-f5fb-cdf7-fa1d-63bf1a7089d9" testName="[Integration_StagingxDim&amp;Fact].[12].[IT - Sum check by Document Type].[Table [Finance_BankovniVypis]]" computerName="LAPTOP-OBK5BVVT" duration="00:00:00.5150870" startTime="2020-10-28T15:20:15.0000000+01:00" endTime="2020-10-28T15:20:15.0000000+01:00" testType="13cdc9d9-ddb5-4fa4-a97d-d965ccfc6d4b" outcome="Passed" testListId="8c84fa94-04c1-424b-9868-57a2d4851a1d" relativeResultsDirectory="cdf07e7a-4925-47fe-8d2c-b2053b8d674c" />
    <UnitTestResult executionId="9cc6d9ab-a42e-40a5-b20d-48fdb08e429e" testId="81abb510-fadd-909b-267d-cfb66ab8e4f9" testName="[Integration_StagingxDim&amp;Fact].[14].[IT - Sum check by Document Type].[Table [Ucetnictvi_InterniDoklad]]" computerName="LAPTOP-OBK5BVVT" duration="00:00:00.8135260" startTime="2020-10-28T15:20:15.0000000+01:00" endTime="2020-10-28T15:20:16.0000000+01:00" testType="13cdc9d9-ddb5-4fa4-a97d-d965ccfc6d4b" outcome="Passed" testListId="8c84fa94-04c1-424b-9868-57a2d4851a1d" relativeResultsDirectory="9cc6d9ab-a42e-40a5-b20d-48fdb08e429e" />
    <UnitTestResult executionId="83ec5830-e30b-495d-be28-bb6f03647ee3" testId="3e595e14-3e8a-3ee8-d68f-c0517b459f44" testName="[Smoke_ObjectExistence].[37].[Existence of the table].[Table Mzdy_Zamestnanec]" computerName="LAPTOP-OBK5BVVT" duration="00:00:00.0811570" startTime="2020-10-28T15:20:17.0000000+01:00" endTime="2020-10-28T15:20:17.0000000+01:00" testType="13cdc9d9-ddb5-4fa4-a97d-d965ccfc6d4b" outcome="Passed" testListId="8c84fa94-04c1-424b-9868-57a2d4851a1d" relativeResultsDirectory="83ec5830-e30b-495d-be28-bb6f03647ee3" />
    <UnitTestResult executionId="4f86af54-5e53-48a4-ae19-d497d1e34cb4" testId="2399483b-6614-c431-9362-847b6c1e4592" testName="[Integration_StagingxDim&amp;Fact].[18].[IT - Sum check by Document Type].[Table [Fakturace_ZalohovaFakturaPrijata]]" computerName="LAPTOP-OBK5BVVT" duration="00:00:00.2353620" startTime="2020-10-28T15:20:16.0000000+01:00" endTime="2020-10-28T15:20:16.0000000+01:00" testType="13cdc9d9-ddb5-4fa4-a97d-d965ccfc6d4b" outcome="Passed" testListId="8c84fa94-04c1-424b-9868-57a2d4851a1d" relativeResultsDirectory="4f86af54-5e53-48a4-ae19-d497d1e34cb4" />
    <UnitTestResult executionId="0598fac9-5d82-42b5-b005-41dcea092854" testId="74db6c8f-742d-cdd0-fa94-9d1c48485dbf" testName="[Integration_StagingxDim&amp;Fact].[9].[ST - Credit and Debit].[Table [Fact].[Journal]]" computerName="LAPTOP-OBK5BVVT" duration="00:00:00.7215250" startTime="2020-10-28T15:20:14.0000000+01:00" endTime="2020-10-28T15:20:15.0000000+01:00" testType="13cdc9d9-ddb5-4fa4-a97d-d965ccfc6d4b" outcome="Passed" testListId="8c84fa94-04c1-424b-9868-57a2d4851a1d" relativeResultsDirectory="0598fac9-5d82-42b5-b005-41dcea092854" />
    <UnitTestResult executionId="29cc4bd5-9524-4c9d-ae7c-b5968c1a3ba4" testId="0d51d202-9f0e-8e87-796e-4d8c0987e236" testName="[Smoke_ObjectExistence].[52].[Existence of the table].[Table OpportunityHeader]" computerName="LAPTOP-OBK5BVVT" duration="00:00:00.0795570" startTime="2020-10-28T15:20:18.0000000+01:00" endTime="2020-10-28T15:20:18.0000000+01:00" testType="13cdc9d9-ddb5-4fa4-a97d-d965ccfc6d4b" outcome="Passed" testListId="8c84fa94-04c1-424b-9868-57a2d4851a1d" relativeResultsDirectory="29cc4bd5-9524-4c9d-ae7c-b5968c1a3ba4" />
    <UnitTestResult executionId="386e98fc-24b4-4512-a54e-b82516c5b37d" testId="30e9c341-1c1c-069d-a089-d4302828d75b" testName="[Integration_StagingxDim&amp;Fact].[25].[IT - Staging table is a subset of a dimension].[StagingMoney.Ciselniky_Stredisko]" computerName="LAPTOP-OBK5BVVT" duration="00:00:00.0429640" startTime="2020-10-28T15:20:16.0000000+01:00" endTime="2020-10-28T15:20:16.0000000+01:00" testType="13cdc9d9-ddb5-4fa4-a97d-d965ccfc6d4b" outcome="Passed" testListId="8c84fa94-04c1-424b-9868-57a2d4851a1d" relativeResultsDirectory="386e98fc-24b4-4512-a54e-b82516c5b37d" />
    <UnitTestResult executionId="33eb60d8-6105-45bf-b79f-40fa40501124" testId="ec69f802-95a3-4b41-2a0c-e181c682aec8" testName="[Integration_StagingxDim&amp;Fact].[6].[ST - Check of Column values].[View [Model].[Contract]]" computerName="LAPTOP-OBK5BVVT" duration="00:00:00.0365240" startTime="2020-10-28T15:20:14.0000000+01:00" endTime="2020-10-28T15:20:14.0000000+01:00" testType="13cdc9d9-ddb5-4fa4-a97d-d965ccfc6d4b" outcome="Passed" testListId="8c84fa94-04c1-424b-9868-57a2d4851a1d" relativeResultsDirectory="33eb60d8-6105-45bf-b79f-40fa40501124" />
    <UnitTestResult executionId="f5556634-59fd-4fb2-b174-c7c963d27d01" testId="45d2f5aa-bfed-e5b4-af2a-66055047a3eb" testName="[Smoke_ObjectExistence].[24].[Existence of the table].[Table Fakturace_PolozkaZalohoveFakturyPrijate]" computerName="LAPTOP-OBK5BVVT" duration="00:00:00.0730270" startTime="2020-10-28T15:20:17.0000000+01:00" endTime="2020-10-28T15:20:17.0000000+01:00" testType="13cdc9d9-ddb5-4fa4-a97d-d965ccfc6d4b" outcome="Passed" testListId="8c84fa94-04c1-424b-9868-57a2d4851a1d" relativeResultsDirectory="f5556634-59fd-4fb2-b174-c7c963d27d01" />
    <UnitTestResult executionId="78841510-d35f-4025-b677-79e53d8f9723" testId="821e872f-8ad4-4756-a10a-1a9afe75ca93" testName="[Integration_StagingxDim&amp;Fact].[33].[IT - Staging table is a subset of a dimension].[StagingMoney.Fakturace_ZalohovaFakturaPrijata]" computerName="LAPTOP-OBK5BVVT" duration="00:00:00.0380500" startTime="2020-10-28T15:20:16.0000000+01:00" endTime="2020-10-28T15:20:16.0000000+01:00" testType="13cdc9d9-ddb5-4fa4-a97d-d965ccfc6d4b" outcome="Passed" testListId="8c84fa94-04c1-424b-9868-57a2d4851a1d" relativeResultsDirectory="78841510-d35f-4025-b677-79e53d8f9723" />
    <UnitTestResult executionId="e5b17ad4-0f34-4408-8835-ecbd2e88312f" testId="1b0f98fd-1d63-8013-f76a-ac489a4f9507" testName="[Smoke_ObjectExistence].[40].[Existence of the table].[Table Mzdy_NepritomnostVMesici]" computerName="LAPTOP-OBK5BVVT" duration="00:00:00.0838590" startTime="2020-10-28T15:20:17.0000000+01:00" endTime="2020-10-28T15:20:17.0000000+01:00" testType="13cdc9d9-ddb5-4fa4-a97d-d965ccfc6d4b" outcome="Passed" testListId="8c84fa94-04c1-424b-9868-57a2d4851a1d" relativeResultsDirectory="e5b17ad4-0f34-4408-8835-ecbd2e88312f" />
    <UnitTestResult executionId="cc9436b5-d53f-450e-a4aa-1164192eabd7" testId="ee7b3397-05b3-5660-5f81-c9db969c5159" testName="[Smoke_ObjectExistence].[35].[Existence of the table].[Table Contract Rates]" computerName="LAPTOP-OBK5BVVT" duration="00:00:00.0725240" startTime="2020-10-28T15:20:17.0000000+01:00" endTime="2020-10-28T15:20:17.0000000+01:00" testType="13cdc9d9-ddb5-4fa4-a97d-d965ccfc6d4b" outcome="Passed" testListId="8c84fa94-04c1-424b-9868-57a2d4851a1d" relativeResultsDirectory="cc9436b5-d53f-450e-a4aa-1164192eabd7" />
    <UnitTestResult executionId="601a9daf-ffd8-4483-af42-f5267d65404a" testId="4d3a32a4-4609-a802-8e5d-72092fb3527d" testName="[Smoke_ObjectExistence].[48].[Existence of the table].[Table Account]" computerName="LAPTOP-OBK5BVVT" duration="00:00:00.0709270" startTime="2020-10-28T15:20:17.0000000+01:00" endTime="2020-10-28T15:20:18.0000000+01:00" testType="13cdc9d9-ddb5-4fa4-a97d-d965ccfc6d4b" outcome="Passed" testListId="8c84fa94-04c1-424b-9868-57a2d4851a1d" relativeResultsDirectory="601a9daf-ffd8-4483-af42-f5267d65404a" />
    <UnitTestResult executionId="bcb484df-5ec9-4e59-a1dd-5b433358206d" testId="213ee05a-4a01-4b18-17cf-daa5bcd1646d" testName="[Smoke_ObjectExistence].[27].[Existence of the table].[Table Ciselniky_Zakazka]" computerName="LAPTOP-OBK5BVVT" duration="00:00:00.0828499" startTime="2020-10-28T15:20:17.0000000+01:00" endTime="2020-10-28T15:20:17.0000000+01:00" testType="13cdc9d9-ddb5-4fa4-a97d-d965ccfc6d4b" outcome="Passed" testListId="8c84fa94-04c1-424b-9868-57a2d4851a1d" relativeResultsDirectory="bcb484df-5ec9-4e59-a1dd-5b433358206d" />
    <UnitTestResult executionId="4abca7d6-a0d1-4b5d-a57f-7efb1c9f47e3" testId="40a17607-ffd3-0727-13e7-309842913b28" testName="[Integration_StagingxDim&amp;Fact].[27].[IT - Staging table is a subset of a dimension].[StagingMoney.Finance_PokladniDoklad]" computerName="LAPTOP-OBK5BVVT" duration="00:00:00.0407900" startTime="2020-10-28T15:20:16.0000000+01:00" endTime="2020-10-28T15:20:16.0000000+01:00" testType="13cdc9d9-ddb5-4fa4-a97d-d965ccfc6d4b" outcome="Failed" testListId="8c84fa94-04c1-424b-9868-57a2d4851a1d" relativeResultsDirectory="4abca7d6-a0d1-4b5d-a57f-7efb1c9f47e3">
      <Output>
        <ErrorInfo>
          <Message>There is at least one row, but no rows were expected:&#xD;
&#xD;
┌───────────────────────────┬──────────────┬───────┐&#xD;
│ID                         │CisloDokladu  │Nazev  │&#xD;
╞═══════════════════════════╪══════════════╪═══════╡&#xD;
│72262521-0ff7-4c29-a93...  │PV00009       │       │&#xD;
└───────────────────────────┴──────────────┴───────┘&#xD;
&#xD;
&#xD;
Test description: Dim.Document&#xD;
TestQuerySource: BigBang&#xD;
TestQuery:&#xD;
&#xD;
    select ID, CisloDokladu, Nazev from StagingMoney.Finance_PokladniDoklad&#xD;
    except&#xD;
&#xD;
 SELECT [Document Money Src ID]&#xD;
      ,[Document Number]&#xD;
      ,[Document Description]&#xD;
  FROM [Dim].[Document]&#xD;
&#xD;
</Message>
          <StackTrace>   at JC.Unit.TestExecution.nUnitRunner.RunAllTests(TestDefinition testDefinition) in D:\a\1\s\MainCore\JC.Unit\JC.Unit\TestExecution\nUnitRunner.cs:line 59&#xD;
</StackTrace>
        </ErrorInfo>
      </Output>
    </UnitTestResult>
    <UnitTestResult executionId="66dac4b4-667d-4c13-ba60-af067a70dcb4" testId="1cb03d79-ff9b-500d-7915-ae447d9bbf71" testName="[Smoke_ObjectExistence].[18].[Existence of the table].[Table Ciselniky_Stat]" computerName="LAPTOP-OBK5BVVT" duration="00:00:00.0905010" startTime="2020-10-28T15:20:17.0000000+01:00" endTime="2020-10-28T15:20:17.0000000+01:00" testType="13cdc9d9-ddb5-4fa4-a97d-d965ccfc6d4b" outcome="Passed" testListId="8c84fa94-04c1-424b-9868-57a2d4851a1d" relativeResultsDirectory="66dac4b4-667d-4c13-ba60-af067a70dcb4" />
    <UnitTestResult executionId="49c5c397-35c3-48d0-a0c4-256806637ccf" testId="08967945-3295-54c1-32d2-2e73fefe3a5f" testName="[Integration_StagingxDim&amp;Fact].[13].[IT - Sum check by Document Type].[Table [Fakturace_FakturaPrijata]]" computerName="LAPTOP-OBK5BVVT" duration="00:00:00.4360540" startTime="2020-10-28T15:20:15.0000000+01:00" endTime="2020-10-28T15:20:16.0000000+01:00" testType="13cdc9d9-ddb5-4fa4-a97d-d965ccfc6d4b" outcome="Passed" testListId="8c84fa94-04c1-424b-9868-57a2d4851a1d" relativeResultsDirectory="49c5c397-35c3-48d0-a0c4-256806637ccf" />
    <UnitTestResult executionId="75855ff2-6e25-4e50-b66b-c80b73223018" testId="bbe514a8-b32c-84ea-2fe8-555567b7c1aa" testName="[Smoke_ObjectExistence].[26].[Existence of the table].[Table Fakturace_PolozkaFakturyPrijate]" computerName="LAPTOP-OBK5BVVT" duration="00:00:00.0719630" startTime="2020-10-28T15:20:17.0000000+01:00" endTime="2020-10-28T15:20:17.0000000+01:00" testType="13cdc9d9-ddb5-4fa4-a97d-d965ccfc6d4b" outcome="Passed" testListId="8c84fa94-04c1-424b-9868-57a2d4851a1d" relativeResultsDirectory="75855ff2-6e25-4e50-b66b-c80b73223018" />
    <UnitTestResult executionId="7810e95b-60c9-42b5-a9dc-b9a08fa79bb4" testId="b9c9e4ae-229c-0f71-c5aa-98fe7605eaf4" testName="[Smoke_ObjectExistence].[51].[Existence of the table].[Table LeadToOpportunity]" computerName="LAPTOP-OBK5BVVT" duration="00:00:00.0824400" startTime="2020-10-28T15:20:18.0000000+01:00" endTime="2020-10-28T15:20:18.0000000+01:00" testType="13cdc9d9-ddb5-4fa4-a97d-d965ccfc6d4b" outcome="Passed" testListId="8c84fa94-04c1-424b-9868-57a2d4851a1d" relativeResultsDirectory="7810e95b-60c9-42b5-a9dc-b9a08fa79bb4" />
    <UnitTestResult executionId="7634918e-1dc5-4aae-88ba-27e75c3e0493" testId="16476183-8a99-9d57-9a05-ab6dceed5fad" testName="[Smoke_ObjectExistence].[9].[Existence of the table].[Table Fakturace_ZalohovaFakturaPrijata]" computerName="LAPTOP-OBK5BVVT" duration="00:00:00.0816700" startTime="2020-10-28T15:20:17.0000000+01:00" endTime="2020-10-28T15:20:17.0000000+01:00" testType="13cdc9d9-ddb5-4fa4-a97d-d965ccfc6d4b" outcome="Passed" testListId="8c84fa94-04c1-424b-9868-57a2d4851a1d" relativeResultsDirectory="7634918e-1dc5-4aae-88ba-27e75c3e0493" />
    <UnitTestResult executionId="e44a020a-8523-41b4-90ec-487cbe8bc933" testId="8297bce6-fe99-c398-4990-1b0593c648e4" testName="[Smoke_ObjectExistence].[53].[Existence of the table].[Table SystemUser]" computerName="LAPTOP-OBK5BVVT" duration="00:00:00.0842490" startTime="2020-10-28T15:20:18.0000000+01:00" endTime="2020-10-28T15:20:18.0000000+01:00" testType="13cdc9d9-ddb5-4fa4-a97d-d965ccfc6d4b" outcome="Passed" testListId="8c84fa94-04c1-424b-9868-57a2d4851a1d" relativeResultsDirectory="e44a020a-8523-41b4-90ec-487cbe8bc933" />
    <UnitTestResult executionId="36412748-7050-450a-8e1a-7567f972491f" testId="a7f1c5d9-3dd4-03b5-631d-00450448e757" testName="[Integration_MoneyxStaging].[6].[ST - List of existing tables - StagingMoney].[Tables Existence]" computerName="LAPTOP-OBK5BVVT" duration="00:00:01.1171270" startTime="2020-10-28T15:20:13.0000000+01:00" endTime="2020-10-28T15:20:14.0000000+01:00" testType="13cdc9d9-ddb5-4fa4-a97d-d965ccfc6d4b" outcome="Passed" testListId="8c84fa94-04c1-424b-9868-57a2d4851a1d" relativeResultsDirectory="36412748-7050-450a-8e1a-7567f972491f" />
    <UnitTestResult executionId="f3ec6abd-7082-4c9b-b5cf-af6a0eaeeb70" testId="a8dfca29-b254-c754-1cae-f37950e06b2d" testName="[Smoke_ObjectExistence].[2].[Existence of the table].[Table Finance_PolozkaPokladnihoDokladu]" computerName="LAPTOP-OBK5BVVT" duration="00:00:00.0904460" startTime="2020-10-28T15:20:17.0000000+01:00" endTime="2020-10-28T15:20:17.0000000+01:00" testType="13cdc9d9-ddb5-4fa4-a97d-d965ccfc6d4b" outcome="Passed" testListId="8c84fa94-04c1-424b-9868-57a2d4851a1d" relativeResultsDirectory="f3ec6abd-7082-4c9b-b5cf-af6a0eaeeb70" />
    <UnitTestResult executionId="2e4a0868-e47e-43fb-ac65-949b8c7c4c7e" testId="87b6bec7-37b1-b032-698d-279ffdadc596" testName="[Smoke_ObjectExistence].[3].[Existence of the table].[Table Fakturace_ZalohovaFakturaVydana]" computerName="LAPTOP-OBK5BVVT" duration="00:00:00.0856660" startTime="2020-10-28T15:20:17.0000000+01:00" endTime="2020-10-28T15:20:17.0000000+01:00" testType="13cdc9d9-ddb5-4fa4-a97d-d965ccfc6d4b" outcome="Passed" testListId="8c84fa94-04c1-424b-9868-57a2d4851a1d" relativeResultsDirectory="2e4a0868-e47e-43fb-ac65-949b8c7c4c7e" />
    <UnitTestResult executionId="552c4783-e07a-4cfd-8bb9-0e511386fea9" testId="da0038a8-2636-09ae-f494-d1299494c0c0" testName="[Smoke_ObjectExistence].[36].[Existence of the table].[Table Mzdy_Mzda]" computerName="LAPTOP-OBK5BVVT" duration="00:00:00.0965010" startTime="2020-10-28T15:20:17.0000000+01:00" endTime="2020-10-28T15:20:17.0000000+01:00" testType="13cdc9d9-ddb5-4fa4-a97d-d965ccfc6d4b" outcome="Passed" testListId="8c84fa94-04c1-424b-9868-57a2d4851a1d" relativeResultsDirectory="552c4783-e07a-4cfd-8bb9-0e511386fea9" />
    <UnitTestResult executionId="39f5b4f9-a75f-467a-a4f1-79b7d8314593" testId="18b18861-0e44-b868-8a5f-964d2292f002" testName="[Smoke_ObjectExistence].[17].[Existence of the table].[Table Fakturace_PolozkaZalohoveFakturyVydane]" computerName="LAPTOP-OBK5BVVT" duration="00:00:00.0856580" startTime="2020-10-28T15:20:17.0000000+01:00" endTime="2020-10-28T15:20:17.0000000+01:00" testType="13cdc9d9-ddb5-4fa4-a97d-d965ccfc6d4b" outcome="Passed" testListId="8c84fa94-04c1-424b-9868-57a2d4851a1d" relativeResultsDirectory="39f5b4f9-a75f-467a-a4f1-79b7d8314593" />
    <UnitTestResult executionId="18b52278-2e08-4a67-8e23-63de88a76b95" testId="7b2537ce-e820-5d98-57b2-e767c22e68d4" testName="[Integration_StagingxDim&amp;Fact].[15].[IT - Sum check by Document Type].[Table [Objednavky_ObjednavkaPrijata]]" computerName="LAPTOP-OBK5BVVT" duration="00:00:00.3261620" startTime="2020-10-28T15:20:16.0000000+01:00" endTime="2020-10-28T15:20:16.0000000+01:00" testType="13cdc9d9-ddb5-4fa4-a97d-d965ccfc6d4b" outcome="Passed" testListId="8c84fa94-04c1-424b-9868-57a2d4851a1d" relativeResultsDirectory="18b52278-2e08-4a67-8e23-63de88a76b95" />
    <UnitTestResult executionId="317a74e1-c930-46bb-8a47-bc7adda79d16" testId="16d5e31b-ede9-d3bc-1f7a-c861155e9c35" testName="[Smoke_ObjectExistence].[46].[Existence of the table].[Table Person]" computerName="LAPTOP-OBK5BVVT" duration="00:00:00.0727820" startTime="2020-10-28T15:20:17.0000000+01:00" endTime="2020-10-28T15:20:17.0000000+01:00" testType="13cdc9d9-ddb5-4fa4-a97d-d965ccfc6d4b" outcome="Passed" testListId="8c84fa94-04c1-424b-9868-57a2d4851a1d" relativeResultsDirectory="317a74e1-c930-46bb-8a47-bc7adda79d16" />
    <UnitTestResult executionId="069bdbea-a217-4ba5-a5f6-be0f8117822d" testId="864b6706-d1c5-e661-a612-b3725dce8068" testName="[Smoke_ObjectExistence].[14].[Existence of the table].[Table CSW_BI_Pohledavky2]" computerName="LAPTOP-OBK5BVVT" duration="00:00:00.0739200" startTime="2020-10-28T15:20:17.0000000+01:00" endTime="2020-10-28T15:20:17.0000000+01:00" testType="13cdc9d9-ddb5-4fa4-a97d-d965ccfc6d4b" outcome="Passed" testListId="8c84fa94-04c1-424b-9868-57a2d4851a1d" relativeResultsDirectory="069bdbea-a217-4ba5-a5f6-be0f8117822d" />
    <UnitTestResult executionId="fee7dbae-2ecc-4eb5-a0fa-3b8eb3e3abbe" testId="ef467e50-8cd0-e812-a730-294de2e8ad0f" testName="[Integration_StagingxDim&amp;Fact].[5].[ST - Check of not duplicate combinations].[Table [Fact].[Person Capacity]]" computerName="LAPTOP-OBK5BVVT" duration="00:00:00.0762150" startTime="2020-10-28T15:20:14.0000000+01:00" endTime="2020-10-28T15:20:14.0000000+01:00" testType="13cdc9d9-ddb5-4fa4-a97d-d965ccfc6d4b" outcome="Passed" testListId="8c84fa94-04c1-424b-9868-57a2d4851a1d" relativeResultsDirectory="fee7dbae-2ecc-4eb5-a0fa-3b8eb3e3abbe" />
    <UnitTestResult executionId="fcd3d6f3-f4f2-46df-88d7-31ba7132ccf6" testId="657fabb8-afdf-3e81-8619-3b18cd6e2f30" testName="[Smoke_ObjectExistence].[10].[Existence of the table].[Table Fakturace_FakturaVydana]" computerName="LAPTOP-OBK5BVVT" duration="00:00:00.0745290" startTime="2020-10-28T15:20:17.0000000+01:00" endTime="2020-10-28T15:20:17.0000000+01:00" testType="13cdc9d9-ddb5-4fa4-a97d-d965ccfc6d4b" outcome="Passed" testListId="8c84fa94-04c1-424b-9868-57a2d4851a1d" relativeResultsDirectory="fcd3d6f3-f4f2-46df-88d7-31ba7132ccf6" />
    <UnitTestResult executionId="323f7d63-ea33-4bf0-85e0-a99c64001793" testId="6ef871d9-313f-345e-6695-79d3809a83b3" testName="[Smoke_ObjectExistence].[42].[Existence of the table].[Table Mzdy_TypPracovnihoPomeru]" computerName="LAPTOP-OBK5BVVT" duration="00:00:00.0743100" startTime="2020-10-28T15:20:17.0000000+01:00" endTime="2020-10-28T15:20:17.0000000+01:00" testType="13cdc9d9-ddb5-4fa4-a97d-d965ccfc6d4b" outcome="Passed" testListId="8c84fa94-04c1-424b-9868-57a2d4851a1d" relativeResultsDirectory="323f7d63-ea33-4bf0-85e0-a99c64001793" />
    <UnitTestResult executionId="3378ea16-adad-490d-ba31-a60ee08e992f" testId="82d47166-fa0d-eeb8-402e-c62c6e3b2d5d" testName="[Integration_StagingxDim&amp;Fact].[17].[IT - Sum check by Document Type].[Table [Finance_PokladniDoklad]]" computerName="LAPTOP-OBK5BVVT" duration="00:00:00.4073980" startTime="2020-10-28T15:20:16.0000000+01:00" endTime="2020-10-28T15:20:16.0000000+01:00" testType="13cdc9d9-ddb5-4fa4-a97d-d965ccfc6d4b" outcome="Passed" testListId="8c84fa94-04c1-424b-9868-57a2d4851a1d" relativeResultsDirectory="3378ea16-adad-490d-ba31-a60ee08e992f" />
    <UnitTestResult executionId="74cd8666-5ebb-4725-bed0-74badde91de9" testId="1ab7735e-377f-01ed-d8c3-0db955cf8049" testName="[Integration_StagingxDim&amp;Fact].[8].[ST - Amount check].[Table [Dim].[Document]]" computerName="LAPTOP-OBK5BVVT" duration="00:00:00.0820920" startTime="2020-10-28T15:20:14.0000000+01:00" endTime="2020-10-28T15:20:14.0000000+01:00" testType="13cdc9d9-ddb5-4fa4-a97d-d965ccfc6d4b" outcome="Failed" testListId="8c84fa94-04c1-424b-9868-57a2d4851a1d" relativeResultsDirectory="74cd8666-5ebb-4725-bed0-74badde91de9">
      <Output>
        <ErrorInfo>
          <Message>There is at least one row, but no rows were expected:&#xD;
&#xD;
┌─────────────┬───────────────────────────┬─────────────────┬─────────────────────┬─────────────────┐&#xD;
│Document ID  │Document Description       │Amount Paid CZK  │Amount with VAT CZK  │Document Type    │&#xD;
╞═════════════╪═══════════════════════════╪═════════════════╪═════════════════════╪═════════════════╡&#xD;
│18           │Opravný daňový doklad ...  │0.0000           │-4850.8900           │faktura přijatá  │&#xD;
└─────────────┴───────────────────────────┴─────────────────┴─────────────────────┴─────────────────┘&#xD;
&#xD;
&#xD;
Test description: Check if sum of [Amount Paid CZK] is higher than [Amount with VAT CZK]&#xD;
TestQuerySource: BigBang&#xD;
TestQuery:&#xD;
&#xD;
    select [Document ID], [Document Description], [Amount Paid CZK], [Amount with VAT CZK], [Document Type]&#xD;
from dim.Document D&#xD;
join dim.[Document Type] DT&#xD;
on D.[Document Type ID] = DT.[Document Type ID]&#xD;
where [Amount Paid CZK] &gt; [Amount with VAT CZK]&#xD;
&#xD;
</Message>
          <StackTrace>   at JC.Unit.TestExecution.nUnitRunner.RunAllTests(TestDefinition testDefinition) in D:\a\1\s\MainCore\JC.Unit\JC.Unit\TestExecution\nUnitRunner.cs:line 59&#xD;
</StackTrace>
        </ErrorInfo>
      </Output>
    </UnitTestResult>
    <UnitTestResult executionId="93a06b7b-0592-43f6-8109-fe5d8b67e557" testId="e6a75b46-68e3-68c6-0bac-3b5c7b10f84c" testName="[Integration_StagingxDim&amp;Fact].[41].[DQ - Paid more than needed].[Paid more than needed on document]" computerName="LAPTOP-OBK5BVVT" duration="00:00:00.0390760" startTime="2020-10-28T15:20:16.0000000+01:00" endTime="2020-10-28T15:20:17.0000000+01:00" testType="13cdc9d9-ddb5-4fa4-a97d-d965ccfc6d4b" outcome="Passed" testListId="8c84fa94-04c1-424b-9868-57a2d4851a1d" relativeResultsDirectory="93a06b7b-0592-43f6-8109-fe5d8b67e557" />
    <UnitTestResult executionId="4e513126-ebe2-479d-885f-cf201413f893" testId="7c2f79ab-8644-1b76-edfc-d1d7cfd5cae2" testName="[Smoke_ObjectExistence].[29].[Existence of the table].[Table Adresar_Firma]" computerName="LAPTOP-OBK5BVVT" duration="00:00:00.0815190" startTime="2020-10-28T15:20:17.0000000+01:00" endTime="2020-10-28T15:20:17.0000000+01:00" testType="13cdc9d9-ddb5-4fa4-a97d-d965ccfc6d4b" outcome="Passed" testListId="8c84fa94-04c1-424b-9868-57a2d4851a1d" relativeResultsDirectory="4e513126-ebe2-479d-885f-cf201413f893" />
    <UnitTestResult executionId="ae72b8e6-a191-4113-82e9-92eb02385a2b" testId="50fafed6-ad95-43c4-24f8-d614d5c94d96" testName="[Smoke_ObjectExistence].[30].[Existence of the table].[Table Ucetnictvi_PohledavkovyDoklad]" computerName="LAPTOP-OBK5BVVT" duration="00:00:00.0717240" startTime="2020-10-28T15:20:17.0000000+01:00" endTime="2020-10-28T15:20:17.0000000+01:00" testType="13cdc9d9-ddb5-4fa4-a97d-d965ccfc6d4b" outcome="Passed" testListId="8c84fa94-04c1-424b-9868-57a2d4851a1d" relativeResultsDirectory="ae72b8e6-a191-4113-82e9-92eb02385a2b" />
    <UnitTestResult executionId="d13b684d-9cd8-41d9-a30a-841871623594" testId="039a3cff-3840-8952-60c2-35593d0e1c99" testName="[Smoke_ObjectExistence].[45].[Existence of the table].[Table Customer Contract]" computerName="LAPTOP-OBK5BVVT" duration="00:00:00.0877840" startTime="2020-10-28T15:20:17.0000000+01:00" endTime="2020-10-28T15:20:17.0000000+01:00" testType="13cdc9d9-ddb5-4fa4-a97d-d965ccfc6d4b" outcome="Passed" testListId="8c84fa94-04c1-424b-9868-57a2d4851a1d" relativeResultsDirectory="d13b684d-9cd8-41d9-a30a-841871623594" />
    <UnitTestResult executionId="5abe609e-5ec2-4b33-bbfe-3f6da5785ad6" testId="4fe7149d-95b6-137a-5c7f-e332393585ef" testName="[Smoke_ObjectExistence].[44].[Existence of the table].[Table Mzdy_DruhNepritomnosti]" computerName="LAPTOP-OBK5BVVT" duration="00:00:00.0833310" startTime="2020-10-28T15:20:17.0000000+01:00" endTime="2020-10-28T15:20:17.0000000+01:00" testType="13cdc9d9-ddb5-4fa4-a97d-d965ccfc6d4b" outcome="Passed" testListId="8c84fa94-04c1-424b-9868-57a2d4851a1d" relativeResultsDirectory="5abe609e-5ec2-4b33-bbfe-3f6da5785ad6" />
    <UnitTestResult executionId="82408c5a-f999-4558-b0d1-5c277663be09" testId="a839709d-1374-8ac0-c102-62728a740644" testName="[Integration_StagingxDim&amp;Fact].[19].[IT - Sum check by Document Type].[Table [Fakturace_ZalohovaFakturaVydana]]" computerName="LAPTOP-OBK5BVVT" duration="00:00:00.2489040" startTime="2020-10-28T15:20:16.0000000+01:00" endTime="2020-10-28T15:20:16.0000000+01:00" testType="13cdc9d9-ddb5-4fa4-a97d-d965ccfc6d4b" outcome="Passed" testListId="8c84fa94-04c1-424b-9868-57a2d4851a1d" relativeResultsDirectory="82408c5a-f999-4558-b0d1-5c277663be09" />
    <UnitTestResult executionId="a0cba935-44bf-436d-a38f-cb15cae8dd45" testId="30460f3b-eb1a-3117-0195-c89242d95fbf" testName="[Integration_StagingxDim&amp;Fact].[28].[IT - Staging table is a subset of a dimension].[StagingMoney.Fakturace_FakturaPrijata]" computerName="LAPTOP-OBK5BVVT" duration="00:00:00.0362960" startTime="2020-10-28T15:20:16.0000000+01:00" endTime="2020-10-28T15:20:16.0000000+01:00" testType="13cdc9d9-ddb5-4fa4-a97d-d965ccfc6d4b" outcome="Failed" testListId="8c84fa94-04c1-424b-9868-57a2d4851a1d" relativeResultsDirectory="a0cba935-44bf-436d-a38f-cb15cae8dd45">
      <Output>
        <ErrorInfo>
          <Message>There is at least one row, but no rows were expected:&#xD;
&#xD;
┌───────────────────────────┬──────────────┬────────────────┐&#xD;
│ID                         │CisloDokladu  │Nazev           │&#xD;
╞═══════════════════════════╪══════════════╪════════════════╡&#xD;
│0d41c085-34ee-4398-933...  │FP00007       │nákup potravin  │&#xD;
└───────────────────────────┴──────────────┴────────────────┘&#xD;
&#xD;
&#xD;
Test description: Dim.Document&#xD;
TestQuerySource: BigBang&#xD;
TestQuery:&#xD;
&#xD;
    select ID, CisloDokladu, Nazev from StagingMoney.Fakturace_FakturaPrijata&#xD;
    except&#xD;
&#xD;
 SELECT [Document Money Src ID]&#xD;
      ,[Document Number]&#xD;
      ,[Document Description]&#xD;
  FROM [Dim].[Document]&#xD;
&#xD;
</Message>
          <StackTrace>   at JC.Unit.TestExecution.nUnitRunner.RunAllTests(TestDefinition testDefinition) in D:\a\1\s\MainCore\JC.Unit\JC.Unit\TestExecution\nUnitRunner.cs:line 59&#xD;
</StackTrace>
        </ErrorInfo>
      </Output>
    </UnitTestResult>
    <UnitTestResult executionId="dc07e0dc-01f1-4f3c-9e11-7034f2462fe6" testId="e98ba9b2-7b11-bcbc-7534-5441c3ffe8f3" testName="[Smoke_ObjectExistence].[13].[Existence of the table].[Table Finance_PolozkaPrikazuKUhrade]" computerName="LAPTOP-OBK5BVVT" duration="00:00:00.0823520" startTime="2020-10-28T15:20:17.0000000+01:00" endTime="2020-10-28T15:20:17.0000000+01:00" testType="13cdc9d9-ddb5-4fa4-a97d-d965ccfc6d4b" outcome="Passed" testListId="8c84fa94-04c1-424b-9868-57a2d4851a1d" relativeResultsDirectory="dc07e0dc-01f1-4f3c-9e11-7034f2462fe6" />
    <UnitTestResult executionId="9e6857c8-622d-4ff5-b18d-91c76050b92e" testId="6f12a022-e888-a020-9538-58aae455a3ed" testName="[Smoke_ObjectExistence].[38].[Existence of the table].[Table Personalistika_ZamestnanecDoplnujiciUdaje]" computerName="LAPTOP-OBK5BVVT" duration="00:00:00.0821870" startTime="2020-10-28T15:20:17.0000000+01:00" endTime="2020-10-28T15:20:17.0000000+01:00" testType="13cdc9d9-ddb5-4fa4-a97d-d965ccfc6d4b" outcome="Passed" testListId="8c84fa94-04c1-424b-9868-57a2d4851a1d" relativeResultsDirectory="9e6857c8-622d-4ff5-b18d-91c76050b92e" />
    <UnitTestResult executionId="8f3865ff-3064-461b-abc3-081cdc079b6e" testId="6febc6cd-4565-b196-9913-89791c7f65ab" testName="[Smoke_ObjectExistence].[8].[Existence of the table].[Table Ucetnictvi_InterniDoklad]" computerName="LAPTOP-OBK5BVVT" duration="00:00:00.0804750" startTime="2020-10-28T15:20:17.0000000+01:00" endTime="2020-10-28T15:20:17.0000000+01:00" testType="13cdc9d9-ddb5-4fa4-a97d-d965ccfc6d4b" outcome="Passed" testListId="8c84fa94-04c1-424b-9868-57a2d4851a1d" relativeResultsDirectory="8f3865ff-3064-461b-abc3-081cdc079b6e" />
    <UnitTestResult executionId="2ef16a5a-31a2-4842-a7ff-e9678c9a0de9" testId="4717d6b8-16a3-1be3-996f-d263b9ce1288" testName="[Smoke_ObjectExistence].[47].[Existence of the table].[Table Personalistika_Zamestnanec]" computerName="LAPTOP-OBK5BVVT" duration="00:00:00.0803210" startTime="2020-10-28T15:20:17.0000000+01:00" endTime="2020-10-28T15:20:18.0000000+01:00" testType="13cdc9d9-ddb5-4fa4-a97d-d965ccfc6d4b" outcome="Passed" testListId="8c84fa94-04c1-424b-9868-57a2d4851a1d" relativeResultsDirectory="2ef16a5a-31a2-4842-a7ff-e9678c9a0de9" />
    <UnitTestResult executionId="ec14fcf8-8a92-4d82-8de3-a4c7442a9173" testId="ee6274a6-d68c-445d-a661-6882990db88d" testName="[Smoke_ObjectExistence].[16].[Existence of the table].[Table Ucetnictvi_Ucet]" computerName="LAPTOP-OBK5BVVT" duration="00:00:00.0823320" startTime="2020-10-28T15:20:17.0000000+01:00" endTime="2020-10-28T15:20:17.0000000+01:00" testType="13cdc9d9-ddb5-4fa4-a97d-d965ccfc6d4b" outcome="Passed" testListId="8c84fa94-04c1-424b-9868-57a2d4851a1d" relativeResultsDirectory="ec14fcf8-8a92-4d82-8de3-a4c7442a9173" />
    <UnitTestResult executionId="9acf12c8-d499-4033-be4f-dd109ff7c2b6" testId="40bef62d-2799-3cb2-1e58-2af04995aa7b" testName="[Smoke_ObjectExistence].[15].[Existence of the table].[Table Meny_Mena]" computerName="LAPTOP-OBK5BVVT" duration="00:00:00.0797979" startTime="2020-10-28T15:20:17.0000000+01:00" endTime="2020-10-28T15:20:17.0000000+01:00" testType="13cdc9d9-ddb5-4fa4-a97d-d965ccfc6d4b" outcome="Passed" testListId="8c84fa94-04c1-424b-9868-57a2d4851a1d" relativeResultsDirectory="9acf12c8-d499-4033-be4f-dd109ff7c2b6" />
    <UnitTestResult executionId="51c0cf5b-87bb-4c83-a269-207bd5d38a42" testId="6d64c653-9c32-1272-4a79-b9f397aa1294" testName="[Integration_StagingxDim&amp;Fact].[11].[IT - Sum check by Document Type].[Table [Fakturace_FakturaVydana]]" computerName="LAPTOP-OBK5BVVT" duration="00:00:01.1735840" startTime="2020-10-28T15:20:14.0000000+01:00" endTime="2020-10-28T15:20:15.0000000+01:00" testType="13cdc9d9-ddb5-4fa4-a97d-d965ccfc6d4b" outcome="Passed" testListId="8c84fa94-04c1-424b-9868-57a2d4851a1d" relativeResultsDirectory="51c0cf5b-87bb-4c83-a269-207bd5d38a42" />
    <UnitTestResult executionId="5d219a0b-5009-48d9-ab04-91cd0b7bda05" testId="e5564b1f-76b7-9dd4-7b65-c1c566b78c48" testName="[Integration_StagingxDim&amp;Fact].[22].[IT - Staging table is a subset of a dimension].[StagingMoney.Ciselniky_Cinnost]" computerName="LAPTOP-OBK5BVVT" duration="00:00:00.0373440" startTime="2020-10-28T15:20:16.0000000+01:00" endTime="2020-10-28T15:20:16.0000000+01:00" testType="13cdc9d9-ddb5-4fa4-a97d-d965ccfc6d4b" outcome="Passed" testListId="8c84fa94-04c1-424b-9868-57a2d4851a1d" relativeResultsDirectory="5d219a0b-5009-48d9-ab04-91cd0b7bda05" />
    <UnitTestResult executionId="0c22096f-e3fd-4162-89e1-59c070180436" testId="52c3a3ad-7e55-dcc8-9df0-d1a8aea353c2" testName="[Smoke_ObjectExistence].[49].[Existence of the table].[Table Contact]" computerName="LAPTOP-OBK5BVVT" duration="00:00:00.0773560" startTime="2020-10-28T15:20:17.0000000+01:00" endTime="2020-10-28T15:20:18.0000000+01:00" testType="13cdc9d9-ddb5-4fa4-a97d-d965ccfc6d4b" outcome="Passed" testListId="8c84fa94-04c1-424b-9868-57a2d4851a1d" relativeResultsDirectory="0c22096f-e3fd-4162-89e1-59c070180436" />
    <UnitTestResult executionId="4f446d8a-521d-42c1-84a0-7b7ecf0f142f" testId="68087df4-ff6a-60f2-a979-00e2356cf9b0" testName="[Integration_StagingxDim&amp;Fact].[7].[ST - Sum of Amounts].[Table [Fact].[Journal]]" computerName="LAPTOP-OBK5BVVT" duration="00:00:00.1138190" startTime="2020-10-28T15:20:14.0000000+01:00" endTime="2020-10-28T15:20:14.0000000+01:00" testType="13cdc9d9-ddb5-4fa4-a97d-d965ccfc6d4b" outcome="Passed" testListId="8c84fa94-04c1-424b-9868-57a2d4851a1d" relativeResultsDirectory="4f446d8a-521d-42c1-84a0-7b7ecf0f142f" />
    <UnitTestResult executionId="b802c582-5021-4488-bae5-ea60323bba0b" testId="4c3281ce-958d-c17c-c4db-acdbee707867" testName="[Integration_StagingxDim&amp;Fact].[42].[ST - Revenue Cost Category].[ST - Revenue Cost Category Assigned]" computerName="LAPTOP-OBK5BVVT" duration="00:00:00.0429700" startTime="2020-10-28T15:20:16.0000000+01:00" endTime="2020-10-28T15:20:17.0000000+01:00" testType="13cdc9d9-ddb5-4fa4-a97d-d965ccfc6d4b" outcome="Passed" testListId="8c84fa94-04c1-424b-9868-57a2d4851a1d" relativeResultsDirectory="b802c582-5021-4488-bae5-ea60323bba0b" />
    <UnitTestResult executionId="6dc94774-5080-417f-8a79-d1f274b89b41" testId="271c685b-4f27-d869-82ad-0a11c3050d03" testName="[Integration_StagingxDim&amp;Fact].[24].[IT - Staging table is a subset of a dimension].[StagingMoney.Meny_Mena]" computerName="LAPTOP-OBK5BVVT" duration="00:00:00.0351900" startTime="2020-10-28T15:20:16.0000000+01:00" endTime="2020-10-28T15:20:16.0000000+01:00" testType="13cdc9d9-ddb5-4fa4-a97d-d965ccfc6d4b" outcome="Passed" testListId="8c84fa94-04c1-424b-9868-57a2d4851a1d" relativeResultsDirectory="6dc94774-5080-417f-8a79-d1f274b89b41" />
    <UnitTestResult executionId="36eb337e-da2f-4696-a3c9-a8f26025146e" testId="fea8ee86-f243-4070-1133-af94f671b1b8" testName="[Smoke_ObjectExistence].[32].[Existence of the table].[Table Ucetnictvi_PolozkaInternihoDokladu]" computerName="LAPTOP-OBK5BVVT" duration="00:00:00.0892030" startTime="2020-10-28T15:20:17.0000000+01:00" endTime="2020-10-28T15:20:17.0000000+01:00" testType="13cdc9d9-ddb5-4fa4-a97d-d965ccfc6d4b" outcome="Passed" testListId="8c84fa94-04c1-424b-9868-57a2d4851a1d" relativeResultsDirectory="36eb337e-da2f-4696-a3c9-a8f26025146e" />
    <UnitTestResult executionId="b8c8a0e7-7f2b-4c8d-b078-0332f7aeb17b" testId="92e29243-f60c-3207-106a-1d834fb4d7e0" testName="[Smoke_ObjectExistence].[25].[Existence of the table].[Table Ucetnictvi_PolozkaZavazkovehoDokladu]" computerName="LAPTOP-OBK5BVVT" duration="00:00:00.0719700" startTime="2020-10-28T15:20:17.0000000+01:00" endTime="2020-10-28T15:20:17.0000000+01:00" testType="13cdc9d9-ddb5-4fa4-a97d-d965ccfc6d4b" outcome="Passed" testListId="8c84fa94-04c1-424b-9868-57a2d4851a1d" relativeResultsDirectory="b8c8a0e7-7f2b-4c8d-b078-0332f7aeb17b" />
    <UnitTestResult executionId="6893dd34-af55-4f24-99f1-c7f5ca4dd73e" testId="883a7dda-e9ee-b281-0325-2730d6a6e7b7" testName="[Integration_StagingxDim&amp;Fact].[16].[IT - Sum check by Document Type].[Table [Ucetnictvi_PohledavkovyDoklad]]" computerName="LAPTOP-OBK5BVVT" duration="00:00:00.3755260" startTime="2020-10-28T15:20:16.0000000+01:00" endTime="2020-10-28T15:20:16.0000000+01:00" testType="13cdc9d9-ddb5-4fa4-a97d-d965ccfc6d4b" outcome="Passed" testListId="8c84fa94-04c1-424b-9868-57a2d4851a1d" relativeResultsDirectory="6893dd34-af55-4f24-99f1-c7f5ca4dd73e" />
    <UnitTestResult executionId="c20416fd-2fbb-475b-88e3-750cca5f317d" testId="fd5e261c-a769-e37b-93f3-db8fd9795ff2" testName="[Smoke_ObjectExistence].[33].[Existence of the table].[Table Ucetnictvi_PolozkaPohledavkovehoDokladu]" computerName="LAPTOP-OBK5BVVT" duration="00:00:00.0910570" startTime="2020-10-28T15:20:17.0000000+01:00" endTime="2020-10-28T15:20:17.0000000+01:00" testType="13cdc9d9-ddb5-4fa4-a97d-d965ccfc6d4b" outcome="Passed" testListId="8c84fa94-04c1-424b-9868-57a2d4851a1d" relativeResultsDirectory="c20416fd-2fbb-475b-88e3-750cca5f317d" />
    <UnitTestResult executionId="b4991f94-9fd6-4b57-9d58-bd4d96188e85" testId="8f902760-590d-6675-0ade-d6de7c771a6b" testName="[Smoke_ObjectExistence].[5].[Existence of the table].[Table Finance_BankovniVypis]" computerName="LAPTOP-OBK5BVVT" duration="00:00:00.0779960" startTime="2020-10-28T15:20:17.0000000+01:00" endTime="2020-10-28T15:20:17.0000000+01:00" testType="13cdc9d9-ddb5-4fa4-a97d-d965ccfc6d4b" outcome="Passed" testListId="8c84fa94-04c1-424b-9868-57a2d4851a1d" relativeResultsDirectory="b4991f94-9fd6-4b57-9d58-bd4d96188e85" />
    <UnitTestResult executionId="75d88a09-876b-4ed0-b7f9-0f8856da1425" testId="f6a3b2c6-2ece-d171-8a08-a5b7be76bf67" testName="[Integration_StagingxDim&amp;Fact].[36].[IT - Staging table is a subset of a dimension].[StagingMoney.Adresar_Firma]" computerName="LAPTOP-OBK5BVVT" duration="00:00:00.0456220" startTime="2020-10-28T15:20:16.0000000+01:00" endTime="2020-10-28T15:20:16.0000000+01:00" testType="13cdc9d9-ddb5-4fa4-a97d-d965ccfc6d4b" outcome="Passed" testListId="8c84fa94-04c1-424b-9868-57a2d4851a1d" relativeResultsDirectory="75d88a09-876b-4ed0-b7f9-0f8856da1425" />
    <UnitTestResult executionId="6d0890e9-513a-425f-b8dd-51b76b9109f1" testId="becefbb3-296f-28e1-a93c-1a14e25a8f3d" testName="[Smoke_ObjectExistence].[1].[Existence of the table].[Table Objednavky_ObjednavkaPrijata]" computerName="LAPTOP-OBK5BVVT" duration="00:00:00.0854390" startTime="2020-10-28T15:20:16.0000000+01:00" endTime="2020-10-28T15:20:17.0000000+01:00" testType="13cdc9d9-ddb5-4fa4-a97d-d965ccfc6d4b" outcome="Passed" testListId="8c84fa94-04c1-424b-9868-57a2d4851a1d" relativeResultsDirectory="6d0890e9-513a-425f-b8dd-51b76b9109f1" />
    <UnitTestResult executionId="4e3e5be6-8fcc-458b-8973-ec94868f59cb" testId="51d5df11-837d-fbef-2072-1a7a898a69fb" testName="[Smoke_ObjectExistence].[57].[Existence of the table].[Table Revenue Cost Category Specification]" computerName="LAPTOP-OBK5BVVT" duration="00:00:00.0830930" startTime="2020-10-28T15:20:18.0000000+01:00" endTime="2020-10-28T15:20:18.0000000+01:00" testType="13cdc9d9-ddb5-4fa4-a97d-d965ccfc6d4b" outcome="Passed" testListId="8c84fa94-04c1-424b-9868-57a2d4851a1d" relativeResultsDirectory="4e3e5be6-8fcc-458b-8973-ec94868f59cb" />
    <UnitTestResult executionId="92888f4d-0a55-4cd0-bd44-7fa80431b519" testId="6f97390d-f333-7779-747b-5eb57b7fd1d8" testName="[Integration_StagingxDim&amp;Fact].[30].[IT - Staging table is a subset of a dimension].[StagingMoney.Ucetnictvi_InterniDoklad]" computerName="LAPTOP-OBK5BVVT" duration="00:00:00.0532890" startTime="2020-10-28T15:20:16.0000000+01:00" endTime="2020-10-28T15:20:16.0000000+01:00" testType="13cdc9d9-ddb5-4fa4-a97d-d965ccfc6d4b" outcome="Failed" testListId="8c84fa94-04c1-424b-9868-57a2d4851a1d" relativeResultsDirectory="92888f4d-0a55-4cd0-bd44-7fa80431b519">
      <Output>
        <ErrorInfo>
          <Message>There is at least one row, but no rows were expected:&#xD;
&#xD;
┌───────────────────────────┬──────────────┬───────────────────────────┐&#xD;
│ID                         │CisloDokladu  │Nazev                      │&#xD;
╞═══════════════════════════╪══════════════╪═══════════════════════════╡&#xD;
│6ee4c247-5eb7-4ca6-9ae...  │ID00003       │zařazení majetku - not...  │&#xD;
└───────────────────────────┴──────────────┴───────────────────────────┘&#xD;
&#xD;
&#xD;
Test description: Dim.Document&#xD;
TestQuerySource: BigBang&#xD;
TestQuery:&#xD;
&#xD;
    select ID, CisloDokladu, Nazev from StagingMoney.Ucetnictvi_InterniDoklad&#xD;
    except&#xD;
&#xD;
 SELECT [Document Money Src ID]&#xD;
      ,[Document Number]&#xD;
      ,[Document Description]&#xD;
  FROM [Dim].[Document]&#xD;
&#xD;
</Message>
          <StackTrace>   at JC.Unit.TestExecution.nUnitRunner.RunAllTests(TestDefinition testDefinition) in D:\a\1\s\MainCore\JC.Unit\JC.Unit\TestExecution\nUnitRunner.cs:line 59&#xD;
</StackTrace>
        </ErrorInfo>
      </Output>
    </UnitTestResult>
    <UnitTestResult executionId="1bf89085-246f-4182-82d4-9b11fe243212" testId="b36c18c2-2f16-c4b0-0e40-bd5cc9cf030a" testName="[Integration_StagingxDim&amp;Fact].[3].[ST - Not NULL values].[Table [Fact].[Person Capacity]]" computerName="LAPTOP-OBK5BVVT" duration="00:00:00.7292350" startTime="2020-10-28T15:20:13.0000000+01:00" endTime="2020-10-28T15:20:14.0000000+01:00" testType="13cdc9d9-ddb5-4fa4-a97d-d965ccfc6d4b" outcome="Passed" testListId="8c84fa94-04c1-424b-9868-57a2d4851a1d" relativeResultsDirectory="1bf89085-246f-4182-82d4-9b11fe243212" />
    <UnitTestResult executionId="3449dc03-e25b-4861-bf47-1ddcb9e0122e" testId="418d3889-c0f4-fa67-39dd-4c1a403bf7e3" testName="[Smoke_ObjectExistence].[34].[Existence of the table].[Table Work Records]" computerName="LAPTOP-OBK5BVVT" duration="00:00:00.0742970" startTime="2020-10-28T15:20:17.0000000+01:00" endTime="2020-10-28T15:20:17.0000000+01:00" testType="13cdc9d9-ddb5-4fa4-a97d-d965ccfc6d4b" outcome="Passed" testListId="8c84fa94-04c1-424b-9868-57a2d4851a1d" relativeResultsDirectory="3449dc03-e25b-4861-bf47-1ddcb9e0122e" />
    <UnitTestResult executionId="d1ebc68d-4f21-401e-b8ac-763ae5395e9c" testId="7cf2e1c7-c3b0-6dde-9ff6-bdc5372fabee" testName="[Smoke_ObjectExistence].[19].[Existence of the table].[Table EconomicBase_DruhDokladu]" computerName="LAPTOP-OBK5BVVT" duration="00:00:00.0729370" startTime="2020-10-28T15:20:17.0000000+01:00" endTime="2020-10-28T15:20:17.0000000+01:00" testType="13cdc9d9-ddb5-4fa4-a97d-d965ccfc6d4b" outcome="Passed" testListId="8c84fa94-04c1-424b-9868-57a2d4851a1d" relativeResultsDirectory="d1ebc68d-4f21-401e-b8ac-763ae5395e9c" />
    <UnitTestResult executionId="7c88c468-9a54-4939-b352-5384ebcf556e" testId="1ec31cfd-6123-0cfe-6ab3-63b40dd1212b" testName="[Smoke_ObjectExistence].[23].[Existence of the table].[Table Ciselniky_Cinnost]" computerName="LAPTOP-OBK5BVVT" duration="00:00:00.0795400" startTime="2020-10-28T15:20:17.0000000+01:00" endTime="2020-10-28T15:20:17.0000000+01:00" testType="13cdc9d9-ddb5-4fa4-a97d-d965ccfc6d4b" outcome="Passed" testListId="8c84fa94-04c1-424b-9868-57a2d4851a1d" relativeResultsDirectory="7c88c468-9a54-4939-b352-5384ebcf556e" />
    <UnitTestResult executionId="48054104-604b-4a92-b412-1c683aa635ff" testId="26ba587d-8d14-5c80-c5e1-65757217c08c" testName="[Smoke_ObjectExistence].[41].[Existence of the table].[Table Mzdy_NepritomnostNahrada]" computerName="LAPTOP-OBK5BVVT" duration="00:00:00.0917950" startTime="2020-10-28T15:20:17.0000000+01:00" endTime="2020-10-28T15:20:17.0000000+01:00" testType="13cdc9d9-ddb5-4fa4-a97d-d965ccfc6d4b" outcome="Passed" testListId="8c84fa94-04c1-424b-9868-57a2d4851a1d" relativeResultsDirectory="48054104-604b-4a92-b412-1c683aa635ff" />
    <UnitTestResult executionId="0d74735e-c379-4235-9c5d-a908fb0ea656" testId="59c40813-1907-f75a-f050-dbaa9195f6db" testName="[Integration_StagingxDim&amp;Fact].[26].[IT - Staging table is a subset of a dimension].[StagingMoney.Ucetnictvi_ZavazkovyDoklad]" computerName="LAPTOP-OBK5BVVT" duration="00:00:00.0450100" startTime="2020-10-28T15:20:16.0000000+01:00" endTime="2020-10-28T15:20:16.0000000+01:00" testType="13cdc9d9-ddb5-4fa4-a97d-d965ccfc6d4b" outcome="Passed" testListId="8c84fa94-04c1-424b-9868-57a2d4851a1d" relativeResultsDirectory="0d74735e-c379-4235-9c5d-a908fb0ea656" />
    <UnitTestResult executionId="cb75e637-d5f5-426b-932e-f5a3428aab27" testId="ea30e6cb-f14a-8ba2-3bc0-4a8461781beb" testName="[Smoke_ObjectExistence].[39].[Existence of the table].[Table Mzdy_Svatky]" computerName="LAPTOP-OBK5BVVT" duration="00:00:00.0845760" startTime="2020-10-28T15:20:17.0000000+01:00" endTime="2020-10-28T15:20:17.0000000+01:00" testType="13cdc9d9-ddb5-4fa4-a97d-d965ccfc6d4b" outcome="Passed" testListId="8c84fa94-04c1-424b-9868-57a2d4851a1d" relativeResultsDirectory="cb75e637-d5f5-426b-932e-f5a3428aab27" />
    <UnitTestResult executionId="13657323-38cf-4681-b652-fd180e252341" testId="4e58d51f-82e8-9321-f845-d7958f15e29d" testName="[Smoke_ObjectExistence].[56].[Existence of the table].[Table Revenue Cost Category]" computerName="LAPTOP-OBK5BVVT" duration="00:00:00.0779370" startTime="2020-10-28T15:20:18.0000000+01:00" endTime="2020-10-28T15:20:18.0000000+01:00" testType="13cdc9d9-ddb5-4fa4-a97d-d965ccfc6d4b" outcome="Passed" testListId="8c84fa94-04c1-424b-9868-57a2d4851a1d" relativeResultsDirectory="13657323-38cf-4681-b652-fd180e252341" />
    <UnitTestResult executionId="1af3d921-92ef-4682-82f8-c87c3c1192d5" testId="0dce3cbb-c5be-8ce9-26c7-823b70f36b4e" testName="[Smoke_ObjectExistence].[6].[Existence of the table].[Table Finance_PrikazKUhrade]" computerName="LAPTOP-OBK5BVVT" duration="00:00:00.0832490" startTime="2020-10-28T15:20:17.0000000+01:00" endTime="2020-10-28T15:20:17.0000000+01:00" testType="13cdc9d9-ddb5-4fa4-a97d-d965ccfc6d4b" outcome="Passed" testListId="8c84fa94-04c1-424b-9868-57a2d4851a1d" relativeResultsDirectory="1af3d921-92ef-4682-82f8-c87c3c1192d5" />
    <UnitTestResult executionId="1dbf3ede-5169-4e10-b618-c08c28fc7713" testId="419d32a9-d597-87dc-1eeb-30b5d4b5bb1a" testName="[Smoke_ObjectExistence].[22].[Existence of the table].[Table Fakturace_PolozkaFakturyVydane]" computerName="LAPTOP-OBK5BVVT" duration="00:00:00.0824290" startTime="2020-10-28T15:20:17.0000000+01:00" endTime="2020-10-28T15:20:17.0000000+01:00" testType="13cdc9d9-ddb5-4fa4-a97d-d965ccfc6d4b" outcome="Passed" testListId="8c84fa94-04c1-424b-9868-57a2d4851a1d" relativeResultsDirectory="1dbf3ede-5169-4e10-b618-c08c28fc7713" />
    <UnitTestResult executionId="ac96ba37-2dfd-4260-b87f-6bcecc801a97" testId="b94a13f1-e0d2-a3a1-0150-4599409d2aff" testName="[Smoke_ObjectExistence].[58].[Existence of the table].[Table Contract Fees]" computerName="LAPTOP-OBK5BVVT" duration="00:00:00.0829420" startTime="2020-10-28T15:20:18.0000000+01:00" endTime="2020-10-28T15:20:18.0000000+01:00" testType="13cdc9d9-ddb5-4fa4-a97d-d965ccfc6d4b" outcome="Passed" testListId="8c84fa94-04c1-424b-9868-57a2d4851a1d" relativeResultsDirectory="ac96ba37-2dfd-4260-b87f-6bcecc801a97" />
    <UnitTestResult executionId="dcb5ed9b-e252-45c5-81e5-81a5aab4a661" testId="2842dc64-121e-69f4-e399-0524fee8d051" testName="[Smoke_ObjectExistence].[43].[Existence of the table].[Table Mzdy_ZamestnanecNepritomnost]" computerName="LAPTOP-OBK5BVVT" duration="00:00:00.0953760" startTime="2020-10-28T15:20:17.0000000+01:00" endTime="2020-10-28T15:20:17.0000000+01:00" testType="13cdc9d9-ddb5-4fa4-a97d-d965ccfc6d4b" outcome="Passed" testListId="8c84fa94-04c1-424b-9868-57a2d4851a1d" relativeResultsDirectory="dcb5ed9b-e252-45c5-81e5-81a5aab4a661" />
    <UnitTestResult executionId="1f59370e-e503-4edc-89df-76736eb6583c" testId="c430239a-df21-fddb-6351-0e824ec43dd2" testName="[Smoke_ObjectExistence].[12].[Existence of the table].[Table Fakturace_FakturaPrijata]" computerName="LAPTOP-OBK5BVVT" duration="00:00:00.0748360" startTime="2020-10-28T15:20:17.0000000+01:00" endTime="2020-10-28T15:20:17.0000000+01:00" testType="13cdc9d9-ddb5-4fa4-a97d-d965ccfc6d4b" outcome="Passed" testListId="8c84fa94-04c1-424b-9868-57a2d4851a1d" relativeResultsDirectory="1f59370e-e503-4edc-89df-76736eb6583c" />
    <UnitTestResult executionId="075749ca-1cab-4b6a-88c7-b0cf416d48fb" testId="fa48f061-b547-454d-8974-cc937051bb27" testName="[Smoke_ObjectExistence].[50].[Existence of the table].[Table LeadTalxis]" computerName="LAPTOP-OBK5BVVT" duration="00:00:00.0767080" startTime="2020-10-28T15:20:17.0000000+01:00" endTime="2020-10-28T15:20:18.0000000+01:00" testType="13cdc9d9-ddb5-4fa4-a97d-d965ccfc6d4b" outcome="Passed" testListId="8c84fa94-04c1-424b-9868-57a2d4851a1d" relativeResultsDirectory="075749ca-1cab-4b6a-88c7-b0cf416d48fb" />
    <UnitTestResult executionId="9c0bb4a7-6ce9-437c-b82b-a33eb3e0a07c" testId="804bc72a-f601-f749-749a-fe98c1be182c" testName="[Integration_StagingxDim&amp;Fact].[29].[IT - Staging table is a subset of a dimension].[ StagingMoney.Fakturace_FakturaVydana&#xA;    except]" computerName="LAPTOP-OBK5BVVT" duration="00:00:00.0504890" startTime="2020-10-28T15:20:16.0000000+01:00" endTime="2020-10-28T15:20:16.0000000+01:00" testType="13cdc9d9-ddb5-4fa4-a97d-d965ccfc6d4b" outcome="Passed" testListId="8c84fa94-04c1-424b-9868-57a2d4851a1d" relativeResultsDirectory="9c0bb4a7-6ce9-437c-b82b-a33eb3e0a07c" />
    <UnitTestResult executionId="d1b24ea5-5016-4303-8df8-31c3f6c4947d" testId="2e3c31ea-d47c-7e26-f2f4-ddf1fa7d180e" testName="[Smoke_ObjectExistence].[20].[Existence of the table].[Table Ciselniky_Stredisko]" computerName="LAPTOP-OBK5BVVT" duration="00:00:00.0720000" startTime="2020-10-28T15:20:17.0000000+01:00" endTime="2020-10-28T15:20:17.0000000+01:00" testType="13cdc9d9-ddb5-4fa4-a97d-d965ccfc6d4b" outcome="Passed" testListId="8c84fa94-04c1-424b-9868-57a2d4851a1d" relativeResultsDirectory="d1b24ea5-5016-4303-8df8-31c3f6c4947d" />
    <UnitTestResult executionId="b2baba80-19e1-4f5f-b85a-d2fbb325fd17" testId="93a45ca3-7b48-9e02-d63a-86d7e8b5547f" testName="[Smoke_ObjectExistence].[7].[Existence of the table].[Table Ucetnictvi_StavUctu]" computerName="LAPTOP-OBK5BVVT" duration="00:00:00.0846310" startTime="2020-10-28T15:20:17.0000000+01:00" endTime="2020-10-28T15:20:17.0000000+01:00" testType="13cdc9d9-ddb5-4fa4-a97d-d965ccfc6d4b" outcome="Passed" testListId="8c84fa94-04c1-424b-9868-57a2d4851a1d" relativeResultsDirectory="b2baba80-19e1-4f5f-b85a-d2fbb325fd17" />
    <UnitTestResult executionId="c392dcf4-92d2-4b83-b5db-fc8a901a61f4" testId="676e7cea-5aa4-1a91-eaf5-d360655ae92e" testName="[Smoke_ObjectExistence].[54].[Existence of the table].[Table TransactionCurrency]" computerName="LAPTOP-OBK5BVVT" duration="00:00:00.0805440" startTime="2020-10-28T15:20:18.0000000+01:00" endTime="2020-10-28T15:20:18.0000000+01:00" testType="13cdc9d9-ddb5-4fa4-a97d-d965ccfc6d4b" outcome="Passed" testListId="8c84fa94-04c1-424b-9868-57a2d4851a1d" relativeResultsDirectory="c392dcf4-92d2-4b83-b5db-fc8a901a61f4" />
    <UnitTestResult executionId="25b4d8e2-061a-42a6-a833-fabe505295a7" testId="a9475b93-443b-d87f-a61f-8a41fc7ac6f1" testName="[Smoke_ObjectExistence].[11].[Existence of the table].[Table Ucetnictvi_ZavazkovyDoklad]" computerName="LAPTOP-OBK5BVVT" duration="00:00:00.0970310" startTime="2020-10-28T15:20:17.0000000+01:00" endTime="2020-10-28T15:20:17.0000000+01:00" testType="13cdc9d9-ddb5-4fa4-a97d-d965ccfc6d4b" outcome="Passed" testListId="8c84fa94-04c1-424b-9868-57a2d4851a1d" relativeResultsDirectory="25b4d8e2-061a-42a6-a833-fabe505295a7" />
    <UnitTestResult executionId="e8a0f8a2-00f4-4e3a-adda-02a11b543777" testId="a8c716b8-4193-980e-46d0-7cd4ef03d825" testName="[Smoke_ObjectExistence].[55].[Existence of the table].[Table LeadToOpportunityTarget]" computerName="LAPTOP-OBK5BVVT" duration="00:00:00.0836230" startTime="2020-10-28T15:20:18.0000000+01:00" endTime="2020-10-28T15:20:18.0000000+01:00" testType="13cdc9d9-ddb5-4fa4-a97d-d965ccfc6d4b" outcome="Passed" testListId="8c84fa94-04c1-424b-9868-57a2d4851a1d" relativeResultsDirectory="e8a0f8a2-00f4-4e3a-adda-02a11b543777" />
    <UnitTestResult executionId="ca8d8fc6-6dff-401e-9a85-de01155edbc3" testId="7557f51e-c690-f35a-c69e-f1b0099d098d" testName="[Integration_StagingxDim&amp;Fact].[23].[IT - Staging table is a subset of a dimension].[StagingMoney.Ciselniky_Zakazka]" computerName="LAPTOP-OBK5BVVT" duration="00:00:00.0379930" startTime="2020-10-28T15:20:16.0000000+01:00" endTime="2020-10-28T15:20:16.0000000+01:00" testType="13cdc9d9-ddb5-4fa4-a97d-d965ccfc6d4b" outcome="Passed" testListId="8c84fa94-04c1-424b-9868-57a2d4851a1d" relativeResultsDirectory="ca8d8fc6-6dff-401e-9a85-de01155edbc3" />
    <UnitTestResult executionId="58578f0c-61ba-4e73-a3aa-8ec737a12606" testId="3db5c791-ffce-6a05-5860-fd4dfbc84e5a" testName="[Integration_StagingxDim&amp;Fact].[10].[ST - Credit and Debit].[Table [Fact].[Account Balance]]" computerName="LAPTOP-OBK5BVVT" duration="00:00:02.1544720" startTime="2020-10-28T15:20:14.0000000+01:00" endTime="2020-10-28T15:20:16.0000000+01:00" testType="13cdc9d9-ddb5-4fa4-a97d-d965ccfc6d4b" outcome="Passed" testListId="8c84fa94-04c1-424b-9868-57a2d4851a1d" relativeResultsDirectory="58578f0c-61ba-4e73-a3aa-8ec737a12606" />
    <UnitTestResult executionId="2d02eee8-14c5-4e1a-91d4-5a7c80d6c22e" testId="5362ad2c-828a-7aad-1d15-a999fe6c67ac" testName="[Integration_StagingxDim&amp;Fact].[34].[IT - Staging table is a subset of a dimension].[StagingMoney.Finance_PrikazKUhrade]" computerName="LAPTOP-OBK5BVVT" duration="00:00:00.0477400" startTime="2020-10-28T15:20:16.0000000+01:00" endTime="2020-10-28T15:20:16.0000000+01:00" testType="13cdc9d9-ddb5-4fa4-a97d-d965ccfc6d4b" outcome="Failed" testListId="8c84fa94-04c1-424b-9868-57a2d4851a1d" relativeResultsDirectory="2d02eee8-14c5-4e1a-91d4-5a7c80d6c22e">
      <Output>
        <ErrorInfo>
          <Message>There is at least one row, but no rows were expected:&#xD;
&#xD;
┌───────────────────────────┬──────────────┬──────────────┐&#xD;
│ID                         │CisloDokladu  │Nazev         │&#xD;
╞═══════════════════════════╪══════════════╪══════════════╡&#xD;
│7a724f8d-c58a-4e79-9f1...  │PU00011       │Mzdy 07/2019  │&#xD;
└───────────────────────────┴──────────────┴──────────────┘&#xD;
&#xD;
&#xD;
Test description: Dim.Document&#xD;
TestQuerySource: BigBang&#xD;
TestQuery:&#xD;
&#xD;
    select ID, CisloDokladu, Nazev from StagingMoney.Finance_PrikazKUhrade&#xD;
    except&#xD;
&#xD;
 SELECT [Document Money Src ID]&#xD;
      ,[Document Number]&#xD;
      ,[Document Description]&#xD;
  FROM [Dim].[Document]&#xD;
&#xD;
</Message>
          <StackTrace>   at JC.Unit.TestExecution.nUnitRunner.RunAllTests(TestDefinition testDefinition) in D:\a\1\s\MainCore\JC.Unit\JC.Unit\TestExecution\nUnitRunner.cs:line 59&#xD;
</StackTrace>
        </ErrorInfo>
      </Output>
    </UnitTestResult>
    <UnitTestResult executionId="82bf7526-a8b0-436e-b4dc-4f8f9a26e0c4" testId="20114aae-22cd-37b0-1449-9187519c2520" testName="[Smoke_ObjectExistence].[21].[Existence of the table].[Table S5_Ucetnictvi_UcetniDenikTranspozice]" computerName="LAPTOP-OBK5BVVT" duration="00:00:00.0798100" startTime="2020-10-28T15:20:17.0000000+01:00" endTime="2020-10-28T15:20:17.0000000+01:00" testType="13cdc9d9-ddb5-4fa4-a97d-d965ccfc6d4b" outcome="Passed" testListId="8c84fa94-04c1-424b-9868-57a2d4851a1d" relativeResultsDirectory="82bf7526-a8b0-436e-b4dc-4f8f9a26e0c4" />
    <UnitTestResult executionId="572c25ef-ba36-4e11-ad1b-38b749d14d57" testId="20f5e4c2-74a8-19b6-8770-cfb85b838a3e" testName="[Integration_StagingxDim&amp;Fact].[39].[ST - Document Payment Status].[Document Payment Status - Zaplaceno]" computerName="LAPTOP-OBK5BVVT" duration="00:00:00.0536520" startTime="2020-10-28T15:20:16.0000000+01:00" endTime="2020-10-28T15:20:16.0000000+01:00" testType="13cdc9d9-ddb5-4fa4-a97d-d965ccfc6d4b" outcome="Passed" testListId="8c84fa94-04c1-424b-9868-57a2d4851a1d" relativeResultsDirectory="572c25ef-ba36-4e11-ad1b-38b749d14d57" />
  </Results>
  <TestDefinitions>
    <UnitTest name="[Integration_StagingxDim&amp;Fact].[20].[IT - Sum check by Document Type].[Table [Ucetnictvi_ZavazkovyDoklad]]" storage="c:\users\terezačerná\documents\bigbang\testing\jc.unit.runner\jc.unit.dll" id="f0e14953-0487-efc3-1455-7bfbfe66d3f5">
      <Execution id="febcaac3-4601-4b46-9b56-d554b91ac28b" />
      <TestMethod codeBase="C:\Users\TerezaČerná\Documents\BigBang\Testing\JC.Unit.Runner\JC.Unit.dll" adapterTypeName="executor://nunit3testexecutor/" className="JC.Unit.TestExecution.nUnitRunner" name="RunAllTests" />
    </UnitTest>
    <UnitTest name="[Integration_StagingxDim&amp;Fact].[33].[IT - Staging table is a subset of a dimension].[StagingMoney.Fakturace_ZalohovaFakturaPrijata]" storage="c:\users\terezačerná\documents\bigbang\testing\jc.unit.runner\jc.unit.dll" id="821e872f-8ad4-4756-a10a-1a9afe75ca93">
      <Execution id="78841510-d35f-4025-b677-79e53d8f9723" />
      <TestMethod codeBase="C:\Users\TerezaČerná\Documents\BigBang\Testing\JC.Unit.Runner\JC.Unit.dll" adapterTypeName="executor://nunit3testexecutor/" className="JC.Unit.TestExecution.nUnitRunner" name="RunAllTests" />
    </UnitTest>
    <UnitTest name="[Smoke_ObjectExistence].[35].[Existence of the table].[Table Contract Rates]" storage="c:\users\terezačerná\documents\bigbang\testing\jc.unit.runner\jc.unit.dll" id="ee7b3397-05b3-5660-5f81-c9db969c5159">
      <Execution id="cc9436b5-d53f-450e-a4aa-1164192eabd7" />
      <TestMethod codeBase="C:\Users\TerezaČerná\Documents\BigBang\Testing\JC.Unit.Runner\JC.Unit.dll" adapterTypeName="executor://nunit3testexecutor/" className="JC.Unit.TestExecution.nUnitRunner" name="RunAllTests" />
    </UnitTest>
    <UnitTest name="[Smoke_ObjectExistence].[15].[Existence of the table].[Table Meny_Mena]" storage="c:\users\terezačerná\documents\bigbang\testing\jc.unit.runner\jc.unit.dll" id="40bef62d-2799-3cb2-1e58-2af04995aa7b">
      <Execution id="9acf12c8-d499-4033-be4f-dd109ff7c2b6" />
      <TestMethod codeBase="C:\Users\TerezaČerná\Documents\BigBang\Testing\JC.Unit.Runner\JC.Unit.dll" adapterTypeName="executor://nunit3testexecutor/" className="JC.Unit.TestExecution.nUnitRunner" name="RunAllTests" />
    </UnitTest>
    <UnitTest name="[Integration_StagingxDim&amp;Fact].[10].[ST - Credit and Debit].[Table [Fact].[Account Balance]]" storage="c:\users\terezačerná\documents\bigbang\testing\jc.unit.runner\jc.unit.dll" id="3db5c791-ffce-6a05-5860-fd4dfbc84e5a">
      <Execution id="58578f0c-61ba-4e73-a3aa-8ec737a12606" />
      <TestMethod codeBase="C:\Users\TerezaČerná\Documents\BigBang\Testing\JC.Unit.Runner\JC.Unit.dll" adapterTypeName="executor://nunit3testexecutor/" className="JC.Unit.TestExecution.nUnitRunner" name="RunAllTests" />
    </UnitTest>
    <UnitTest name="[Smoke_ObjectExistence].[20].[Existence of the table].[Table Ciselniky_Stredisko]" storage="c:\users\terezačerná\documents\bigbang\testing\jc.unit.runner\jc.unit.dll" id="2e3c31ea-d47c-7e26-f2f4-ddf1fa7d180e">
      <Execution id="d1b24ea5-5016-4303-8df8-31c3f6c4947d" />
      <TestMethod codeBase="C:\Users\TerezaČerná\Documents\BigBang\Testing\JC.Unit.Runner\JC.Unit.dll" adapterTypeName="executor://nunit3testexecutor/" className="JC.Unit.TestExecution.nUnitRunner" name="RunAllTests" />
    </UnitTest>
    <UnitTest name="[Smoke_ObjectExistence].[44].[Existence of the table].[Table Mzdy_DruhNepritomnosti]" storage="c:\users\terezačerná\documents\bigbang\testing\jc.unit.runner\jc.unit.dll" id="4fe7149d-95b6-137a-5c7f-e332393585ef">
      <Execution id="5abe609e-5ec2-4b33-bbfe-3f6da5785ad6" />
      <TestMethod codeBase="C:\Users\TerezaČerná\Documents\BigBang\Testing\JC.Unit.Runner\JC.Unit.dll" adapterTypeName="executor://nunit3testexecutor/" className="JC.Unit.TestExecution.nUnitRunner" name="RunAllTests" />
    </UnitTest>
    <UnitTest name="[Smoke_ObjectExistence].[29].[Existence of the table].[Table Adresar_Firma]" storage="c:\users\terezačerná\documents\bigbang\testing\jc.unit.runner\jc.unit.dll" id="7c2f79ab-8644-1b76-edfc-d1d7cfd5cae2">
      <Execution id="4e513126-ebe2-479d-885f-cf201413f893" />
      <TestMethod codeBase="C:\Users\TerezaČerná\Documents\BigBang\Testing\JC.Unit.Runner\JC.Unit.dll" adapterTypeName="executor://nunit3testexecutor/" className="JC.Unit.TestExecution.nUnitRunner" name="RunAllTests" />
    </UnitTest>
    <UnitTest name="[Integration_StagingxDim&amp;Fact].[27].[IT - Staging table is a subset of a dimension].[StagingMoney.Finance_PokladniDoklad]" storage="c:\users\terezačerná\documents\bigbang\testing\jc.unit.runner\jc.unit.dll" id="40a17607-ffd3-0727-13e7-309842913b28">
      <Execution id="4abca7d6-a0d1-4b5d-a57f-7efb1c9f47e3" />
      <TestMethod codeBase="C:\Users\TerezaČerná\Documents\BigBang\Testing\JC.Unit.Runner\JC.Unit.dll" adapterTypeName="executor://nunit3testexecutor/" className="JC.Unit.TestExecution.nUnitRunner" name="RunAllTests" />
    </UnitTest>
    <UnitTest name="[Smoke_ObjectExistence].[58].[Existence of the table].[Table Contract Fees]" storage="c:\users\terezačerná\documents\bigbang\testing\jc.unit.runner\jc.unit.dll" id="b94a13f1-e0d2-a3a1-0150-4599409d2aff">
      <Execution id="ac96ba37-2dfd-4260-b87f-6bcecc801a97" />
      <TestMethod codeBase="C:\Users\TerezaČerná\Documents\BigBang\Testing\JC.Unit.Runner\JC.Unit.dll" adapterTypeName="executor://nunit3testexecutor/" className="JC.Unit.TestExecution.nUnitRunner" name="RunAllTests" />
    </UnitTest>
    <UnitTest name="[Integration_StagingxDim&amp;Fact].[23].[IT - Staging table is a subset of a dimension].[StagingMoney.Ciselniky_Zakazka]" storage="c:\users\terezačerná\documents\bigbang\testing\jc.unit.runner\jc.unit.dll" id="7557f51e-c690-f35a-c69e-f1b0099d098d">
      <Execution id="ca8d8fc6-6dff-401e-9a85-de01155edbc3" />
      <TestMethod codeBase="C:\Users\TerezaČerná\Documents\BigBang\Testing\JC.Unit.Runner\JC.Unit.dll" adapterTypeName="executor://nunit3testexecutor/" className="JC.Unit.TestExecution.nUnitRunner" name="RunAllTests" />
    </UnitTest>
    <UnitTest name="[Integration_StagingxDim&amp;Fact].[8].[ST - Amount check].[Table [Dim].[Document]]" storage="c:\users\terezačerná\documents\bigbang\testing\jc.unit.runner\jc.unit.dll" id="1ab7735e-377f-01ed-d8c3-0db955cf8049">
      <Execution id="74cd8666-5ebb-4725-bed0-74badde91de9" />
      <TestMethod codeBase="C:\Users\TerezaČerná\Documents\BigBang\Testing\JC.Unit.Runner\JC.Unit.dll" adapterTypeName="executor://nunit3testexecutor/" className="JC.Unit.TestExecution.nUnitRunner" name="RunAllTests" />
    </UnitTest>
    <UnitTest name="[Smoke_ObjectExistence].[56].[Existence of the table].[Table Revenue Cost Category]" storage="c:\users\terezačerná\documents\bigbang\testing\jc.unit.runner\jc.unit.dll" id="4e58d51f-82e8-9321-f845-d7958f15e29d">
      <Execution id="13657323-38cf-4681-b652-fd180e252341" />
      <TestMethod codeBase="C:\Users\TerezaČerná\Documents\BigBang\Testing\JC.Unit.Runner\JC.Unit.dll" adapterTypeName="executor://nunit3testexecutor/" className="JC.Unit.TestExecution.nUnitRunner" name="RunAllTests" />
    </UnitTest>
    <UnitTest name="[Smoke_ObjectExistence].[34].[Existence of the table].[Table Work Records]" storage="c:\users\terezačerná\documents\bigbang\testing\jc.unit.runner\jc.unit.dll" id="418d3889-c0f4-fa67-39dd-4c1a403bf7e3">
      <Execution id="3449dc03-e25b-4861-bf47-1ddcb9e0122e" />
      <TestMethod codeBase="C:\Users\TerezaČerná\Documents\BigBang\Testing\JC.Unit.Runner\JC.Unit.dll" adapterTypeName="executor://nunit3testexecutor/" className="JC.Unit.TestExecution.nUnitRunner" name="RunAllTests" />
    </UnitTest>
    <UnitTest name="[Smoke_ObjectExistence].[51].[Existence of the table].[Table LeadToOpportunity]" storage="c:\users\terezačerná\documents\bigbang\testing\jc.unit.runner\jc.unit.dll" id="b9c9e4ae-229c-0f71-c5aa-98fe7605eaf4">
      <Execution id="7810e95b-60c9-42b5-a9dc-b9a08fa79bb4" />
      <TestMethod codeBase="C:\Users\TerezaČerná\Documents\BigBang\Testing\JC.Unit.Runner\JC.Unit.dll" adapterTypeName="executor://nunit3testexecutor/" className="JC.Unit.TestExecution.nUnitRunner" name="RunAllTests" />
    </UnitTest>
    <UnitTest name="[Smoke_ObjectExistence].[37].[Existence of the table].[Table Mzdy_Zamestnanec]" storage="c:\users\terezačerná\documents\bigbang\testing\jc.unit.runner\jc.unit.dll" id="3e595e14-3e8a-3ee8-d68f-c0517b459f44">
      <Execution id="83ec5830-e30b-495d-be28-bb6f03647ee3" />
      <TestMethod codeBase="C:\Users\TerezaČerná\Documents\BigBang\Testing\JC.Unit.Runner\JC.Unit.dll" adapterTypeName="executor://nunit3testexecutor/" className="JC.Unit.TestExecution.nUnitRunner" name="RunAllTests" />
    </UnitTest>
    <UnitTest name="[Integration_StagingxDim&amp;Fact].[21].[IT - Staging table is a subset of a dimension].[StagingMoney.Ucetnictvi_Ucet]" storage="c:\users\terezačerná\documents\bigbang\testing\jc.unit.runner\jc.unit.dll" id="8e1fb5dc-b2d8-31f3-5b99-a714e28802f3">
      <Execution id="0f4790c6-56e0-4e01-9189-eafca535668b" />
      <TestMethod codeBase="C:\Users\TerezaČerná\Documents\BigBang\Testing\JC.Unit.Runner\JC.Unit.dll" adapterTypeName="executor://nunit3testexecutor/" className="JC.Unit.TestExecution.nUnitRunner" name="RunAllTests" />
    </UnitTest>
    <UnitTest name="[Smoke_ObjectExistence].[14].[Existence of the table].[Table CSW_BI_Pohledavky2]" storage="c:\users\terezačerná\documents\bigbang\testing\jc.unit.runner\jc.unit.dll" id="864b6706-d1c5-e661-a612-b3725dce8068">
      <Execution id="069bdbea-a217-4ba5-a5f6-be0f8117822d" />
      <TestMethod codeBase="C:\Users\TerezaČerná\Documents\BigBang\Testing\JC.Unit.Runner\JC.Unit.dll" adapterTypeName="executor://nunit3testexecutor/" className="JC.Unit.TestExecution.nUnitRunner" name="RunAllTests" />
    </UnitTest>
    <UnitTest name="[Integration_StagingxDim&amp;Fact].[9].[ST - Credit and Debit].[Table [Fact].[Journal]]" storage="c:\users\terezačerná\documents\bigbang\testing\jc.unit.runner\jc.unit.dll" id="74db6c8f-742d-cdd0-fa94-9d1c48485dbf">
      <Execution id="0598fac9-5d82-42b5-b005-41dcea092854" />
      <TestMethod codeBase="C:\Users\TerezaČerná\Documents\BigBang\Testing\JC.Unit.Runner\JC.Unit.dll" adapterTypeName="executor://nunit3testexecutor/" className="JC.Unit.TestExecution.nUnitRunner" name="RunAllTests" />
    </UnitTest>
    <UnitTest name="[Smoke_ObjectExistence].[11].[Existence of the table].[Table Ucetnictvi_ZavazkovyDoklad]" storage="c:\users\terezačerná\documents\bigbang\testing\jc.unit.runner\jc.unit.dll" id="a9475b93-443b-d87f-a61f-8a41fc7ac6f1">
      <Execution id="25b4d8e2-061a-42a6-a833-fabe505295a7" />
      <TestMethod codeBase="C:\Users\TerezaČerná\Documents\BigBang\Testing\JC.Unit.Runner\JC.Unit.dll" adapterTypeName="executor://nunit3testexecutor/" className="JC.Unit.TestExecution.nUnitRunner" name="RunAllTests" />
    </UnitTest>
    <UnitTest name="[Smoke_ObjectExistence].[10].[Existence of the table].[Table Fakturace_FakturaVydana]" storage="c:\users\terezačerná\documents\bigbang\testing\jc.unit.runner\jc.unit.dll" id="657fabb8-afdf-3e81-8619-3b18cd6e2f30">
      <Execution id="fcd3d6f3-f4f2-46df-88d7-31ba7132ccf6" />
      <TestMethod codeBase="C:\Users\TerezaČerná\Documents\BigBang\Testing\JC.Unit.Runner\JC.Unit.dll" adapterTypeName="executor://nunit3testexecutor/" className="JC.Unit.TestExecution.nUnitRunner" name="RunAllTests" />
    </UnitTest>
    <UnitTest name="[Integration_StagingxDim&amp;Fact].[26].[IT - Staging table is a subset of a dimension].[StagingMoney.Ucetnictvi_ZavazkovyDoklad]" storage="c:\users\terezačerná\documents\bigbang\testing\jc.unit.runner\jc.unit.dll" id="59c40813-1907-f75a-f050-dbaa9195f6db">
      <Execution id="0d74735e-c379-4235-9c5d-a908fb0ea656" />
      <TestMethod codeBase="C:\Users\TerezaČerná\Documents\BigBang\Testing\JC.Unit.Runner\JC.Unit.dll" adapterTypeName="executor://nunit3testexecutor/" className="JC.Unit.TestExecution.nUnitRunner" name="RunAllTests" />
    </UnitTest>
    <UnitTest name="[Integration_StagingxDim&amp;Fact].[34].[IT - Staging table is a subset of a dimension].[StagingMoney.Finance_PrikazKUhrade]" storage="c:\users\terezačerná\documents\bigbang\testing\jc.unit.runner\jc.unit.dll" id="5362ad2c-828a-7aad-1d15-a999fe6c67ac">
      <Execution id="2d02eee8-14c5-4e1a-91d4-5a7c80d6c22e" />
      <TestMethod codeBase="C:\Users\TerezaČerná\Documents\BigBang\Testing\JC.Unit.Runner\JC.Unit.dll" adapterTypeName="executor://nunit3testexecutor/" className="JC.Unit.TestExecution.nUnitRunner" name="RunAllTests" />
    </UnitTest>
    <UnitTest name="[Integration_StagingxDim&amp;Fact].[1].[ST - No empty tables Dim + Fact].[No empty Dim &amp; Fact tables]" storage="c:\users\terezačerná\documents\bigbang\testing\jc.unit.runner\jc.unit.dll" id="94a1c9bc-6703-5715-60b9-f1ef941637e7">
      <Execution id="c6057fcf-1c02-4157-bcee-cf5e89022429" />
      <TestMethod codeBase="C:\Users\TerezaČerná\Documents\BigBang\Testing\JC.Unit.Runner\JC.Unit.dll" adapterTypeName="executor://nunit3testexecutor/" className="JC.Unit.TestExecution.nUnitRunner" name="RunAllTests" />
    </UnitTest>
    <UnitTest name="[Smoke_ObjectExistence].[48].[Existence of the table].[Table Account]" storage="c:\users\terezačerná\documents\bigbang\testing\jc.unit.runner\jc.unit.dll" id="4d3a32a4-4609-a802-8e5d-72092fb3527d">
      <Execution id="601a9daf-ffd8-4483-af42-f5267d65404a" />
      <TestMethod codeBase="C:\Users\TerezaČerná\Documents\BigBang\Testing\JC.Unit.Runner\JC.Unit.dll" adapterTypeName="executor://nunit3testexecutor/" className="JC.Unit.TestExecution.nUnitRunner" name="RunAllTests" />
    </UnitTest>
    <UnitTest name="[Smoke_ObjectExistence].[5].[Existence of the table].[Table Finance_BankovniVypis]" storage="c:\users\terezačerná\documents\bigbang\testing\jc.unit.runner\jc.unit.dll" id="8f902760-590d-6675-0ade-d6de7c771a6b">
      <Execution id="b4991f94-9fd6-4b57-9d58-bd4d96188e85" />
      <TestMethod codeBase="C:\Users\TerezaČerná\Documents\BigBang\Testing\JC.Unit.Runner\JC.Unit.dll" adapterTypeName="executor://nunit3testexecutor/" className="JC.Unit.TestExecution.nUnitRunner" name="RunAllTests" />
    </UnitTest>
    <UnitTest name="[Smoke_ObjectExistence].[50].[Existence of the table].[Table LeadTalxis]" storage="c:\users\terezačerná\documents\bigbang\testing\jc.unit.runner\jc.unit.dll" id="fa48f061-b547-454d-8974-cc937051bb27">
      <Execution id="075749ca-1cab-4b6a-88c7-b0cf416d48fb" />
      <TestMethod codeBase="C:\Users\TerezaČerná\Documents\BigBang\Testing\JC.Unit.Runner\JC.Unit.dll" adapterTypeName="executor://nunit3testexecutor/" className="JC.Unit.TestExecution.nUnitRunner" name="RunAllTests" />
    </UnitTest>
    <UnitTest name="[Smoke_ObjectExistence].[40].[Existence of the table].[Table Mzdy_NepritomnostVMesici]" storage="c:\users\terezačerná\documents\bigbang\testing\jc.unit.runner\jc.unit.dll" id="1b0f98fd-1d63-8013-f76a-ac489a4f9507">
      <Execution id="e5b17ad4-0f34-4408-8835-ecbd2e88312f" />
      <TestMethod codeBase="C:\Users\TerezaČerná\Documents\BigBang\Testing\JC.Unit.Runner\JC.Unit.dll" adapterTypeName="executor://nunit3testexecutor/" className="JC.Unit.TestExecution.nUnitRunner" name="RunAllTests" />
    </UnitTest>
    <UnitTest name="[Integration_StagingxDim&amp;Fact].[14].[IT - Sum check by Document Type].[Table [Ucetnictvi_InterniDoklad]]" storage="c:\users\terezačerná\documents\bigbang\testing\jc.unit.runner\jc.unit.dll" id="81abb510-fadd-909b-267d-cfb66ab8e4f9">
      <Execution id="9cc6d9ab-a42e-40a5-b20d-48fdb08e429e" />
      <TestMethod codeBase="C:\Users\TerezaČerná\Documents\BigBang\Testing\JC.Unit.Runner\JC.Unit.dll" adapterTypeName="executor://nunit3testexecutor/" className="JC.Unit.TestExecution.nUnitRunner" name="RunAllTests" />
    </UnitTest>
    <UnitTest name="[Integration_StagingxDim&amp;Fact].[19].[IT - Sum check by Document Type].[Table [Fakturace_ZalohovaFakturaVydana]]" storage="c:\users\terezačerná\documents\bigbang\testing\jc.unit.runner\jc.unit.dll" id="a839709d-1374-8ac0-c102-62728a740644">
      <Execution id="82408c5a-f999-4558-b0d1-5c277663be09" />
      <TestMethod codeBase="C:\Users\TerezaČerná\Documents\BigBang\Testing\JC.Unit.Runner\JC.Unit.dll" adapterTypeName="executor://nunit3testexecutor/" className="JC.Unit.TestExecution.nUnitRunner" name="RunAllTests" />
    </UnitTest>
    <UnitTest name="[Integration_StagingxDim&amp;Fact].[32].[IT - Staging table is a subset of a dimension].[StagingMoney.Fakturace_ZalohovaFakturaVydana]" storage="c:\users\terezačerná\documents\bigbang\testing\jc.unit.runner\jc.unit.dll" id="bbd35e0e-bb7e-d19c-146d-4ca86003d252">
      <Execution id="2ec9be7b-bfab-41cb-af98-0688ad7bf1f3" />
      <TestMethod codeBase="C:\Users\TerezaČerná\Documents\BigBang\Testing\JC.Unit.Runner\JC.Unit.dll" adapterTypeName="executor://nunit3testexecutor/" className="JC.Unit.TestExecution.nUnitRunner" name="RunAllTests" />
    </UnitTest>
    <UnitTest name="[Smoke_ObjectExistence].[4].[Existence of the table].[Table Finance_PolozkaBankovnihoVypisu]" storage="c:\users\terezačerná\documents\bigbang\testing\jc.unit.runner\jc.unit.dll" id="d4f48ae9-e7e3-a446-ad84-9aae9cef5d7c">
      <Execution id="d936dace-e158-49f5-9a47-87df36a9010a" />
      <TestMethod codeBase="C:\Users\TerezaČerná\Documents\BigBang\Testing\JC.Unit.Runner\JC.Unit.dll" adapterTypeName="executor://nunit3testexecutor/" className="JC.Unit.TestExecution.nUnitRunner" name="RunAllTests" />
    </UnitTest>
    <UnitTest name="[Integration_StagingxDim&amp;Fact].[30].[IT - Staging table is a subset of a dimension].[StagingMoney.Ucetnictvi_InterniDoklad]" storage="c:\users\terezačerná\documents\bigbang\testing\jc.unit.runner\jc.unit.dll" id="6f97390d-f333-7779-747b-5eb57b7fd1d8">
      <Execution id="92888f4d-0a55-4cd0-bd44-7fa80431b519" />
      <TestMethod codeBase="C:\Users\TerezaČerná\Documents\BigBang\Testing\JC.Unit.Runner\JC.Unit.dll" adapterTypeName="executor://nunit3testexecutor/" className="JC.Unit.TestExecution.nUnitRunner" name="RunAllTests" />
    </UnitTest>
    <UnitTest name="[Integration_StagingxDim&amp;Fact].[2].[ST - Accounting logic].[Journal x Account Balance check]" storage="c:\users\terezačerná\documents\bigbang\testing\jc.unit.runner\jc.unit.dll" id="52a5227e-4b35-a770-eb37-5df487124947">
      <Execution id="aca852a4-27d9-48ff-99da-dedf88c337ce" />
      <TestMethod codeBase="C:\Users\TerezaČerná\Documents\BigBang\Testing\JC.Unit.Runner\JC.Unit.dll" adapterTypeName="executor://nunit3testexecutor/" className="JC.Unit.TestExecution.nUnitRunner" name="RunAllTests" />
    </UnitTest>
    <UnitTest name="[Integration_StagingxDim&amp;Fact].[7].[ST - Sum of Amounts].[Table [Fact].[Journal]]" storage="c:\users\terezačerná\documents\bigbang\testing\jc.unit.runner\jc.unit.dll" id="68087df4-ff6a-60f2-a979-00e2356cf9b0">
      <Execution id="4f446d8a-521d-42c1-84a0-7b7ecf0f142f" />
      <TestMethod codeBase="C:\Users\TerezaČerná\Documents\BigBang\Testing\JC.Unit.Runner\JC.Unit.dll" adapterTypeName="executor://nunit3testexecutor/" className="JC.Unit.TestExecution.nUnitRunner" name="RunAllTests" />
    </UnitTest>
    <UnitTest name="[Smoke_ObjectExistence].[42].[Existence of the table].[Table Mzdy_TypPracovnihoPomeru]" storage="c:\users\terezačerná\documents\bigbang\testing\jc.unit.runner\jc.unit.dll" id="6ef871d9-313f-345e-6695-79d3809a83b3">
      <Execution id="323f7d63-ea33-4bf0-85e0-a99c64001793" />
      <TestMethod codeBase="C:\Users\TerezaČerná\Documents\BigBang\Testing\JC.Unit.Runner\JC.Unit.dll" adapterTypeName="executor://nunit3testexecutor/" className="JC.Unit.TestExecution.nUnitRunner" name="RunAllTests" />
    </UnitTest>
    <UnitTest name="[Integration_MoneyxStaging].[6].[ST - List of existing tables - StagingMoney].[Tables Existence]" storage="c:\users\terezačerná\documents\bigbang\testing\jc.unit.runner\jc.unit.dll" id="a7f1c5d9-3dd4-03b5-631d-00450448e757">
      <Execution id="36412748-7050-450a-8e1a-7567f972491f" />
      <TestMethod codeBase="C:\Users\TerezaČerná\Documents\BigBang\Testing\JC.Unit.Runner\JC.Unit.dll" adapterTypeName="executor://nunit3testexecutor/" className="JC.Unit.TestExecution.nUnitRunner" name="RunAllTests" />
    </UnitTest>
    <UnitTest name="[Integration_StagingxDim&amp;Fact].[31].[IT - Staging table is a subset of a dimension].[StagingMoney.Finance_BankovniVypis]" storage="c:\users\terezačerná\documents\bigbang\testing\jc.unit.runner\jc.unit.dll" id="58940f79-27c1-f004-0cda-2c9c955f9a6c">
      <Execution id="25bfc25b-7c19-4414-83f2-729acdce7660" />
      <TestMethod codeBase="C:\Users\TerezaČerná\Documents\BigBang\Testing\JC.Unit.Runner\JC.Unit.dll" adapterTypeName="executor://nunit3testexecutor/" className="JC.Unit.TestExecution.nUnitRunner" name="RunAllTests" />
    </UnitTest>
    <UnitTest name="[Integration_StagingxDim&amp;Fact].[25].[IT - Staging table is a subset of a dimension].[StagingMoney.Ciselniky_Stredisko]" storage="c:\users\terezačerná\documents\bigbang\testing\jc.unit.runner\jc.unit.dll" id="30e9c341-1c1c-069d-a089-d4302828d75b">
      <Execution id="386e98fc-24b4-4512-a54e-b82516c5b37d" />
      <TestMethod codeBase="C:\Users\TerezaČerná\Documents\BigBang\Testing\JC.Unit.Runner\JC.Unit.dll" adapterTypeName="executor://nunit3testexecutor/" className="JC.Unit.TestExecution.nUnitRunner" name="RunAllTests" />
    </UnitTest>
    <UnitTest name="[Integration_StagingxDim&amp;Fact].[6].[ST - Check of Column values].[View [Model].[Contract]]" storage="c:\users\terezačerná\documents\bigbang\testing\jc.unit.runner\jc.unit.dll" id="ec69f802-95a3-4b41-2a0c-e181c682aec8">
      <Execution id="33eb60d8-6105-45bf-b79f-40fa40501124" />
      <TestMethod codeBase="C:\Users\TerezaČerná\Documents\BigBang\Testing\JC.Unit.Runner\JC.Unit.dll" adapterTypeName="executor://nunit3testexecutor/" className="JC.Unit.TestExecution.nUnitRunner" name="RunAllTests" />
    </UnitTest>
    <UnitTest name="[Integration_StagingxDim&amp;Fact].[22].[IT - Staging table is a subset of a dimension].[StagingMoney.Ciselniky_Cinnost]" storage="c:\users\terezačerná\documents\bigbang\testing\jc.unit.runner\jc.unit.dll" id="e5564b1f-76b7-9dd4-7b65-c1c566b78c48">
      <Execution id="5d219a0b-5009-48d9-ab04-91cd0b7bda05" />
      <TestMethod codeBase="C:\Users\TerezaČerná\Documents\BigBang\Testing\JC.Unit.Runner\JC.Unit.dll" adapterTypeName="executor://nunit3testexecutor/" className="JC.Unit.TestExecution.nUnitRunner" name="RunAllTests" />
    </UnitTest>
    <UnitTest name="[Integration_StagingxDim&amp;Fact].[39].[ST - Document Payment Status].[Document Payment Status - Zaplaceno]" storage="c:\users\terezačerná\documents\bigbang\testing\jc.unit.runner\jc.unit.dll" id="20f5e4c2-74a8-19b6-8770-cfb85b838a3e">
      <Execution id="572c25ef-ba36-4e11-ad1b-38b749d14d57" />
      <TestMethod codeBase="C:\Users\TerezaČerná\Documents\BigBang\Testing\JC.Unit.Runner\JC.Unit.dll" adapterTypeName="executor://nunit3testexecutor/" className="JC.Unit.TestExecution.nUnitRunner" name="RunAllTests" />
    </UnitTest>
    <UnitTest name="[Integration_StagingxDim&amp;Fact].[12].[IT - Sum check by Document Type].[Table [Finance_BankovniVypis]]" storage="c:\users\terezačerná\documents\bigbang\testing\jc.unit.runner\jc.unit.dll" id="c6060242-f5fb-cdf7-fa1d-63bf1a7089d9">
      <Execution id="cdf07e7a-4925-47fe-8d2c-b2053b8d674c" />
      <TestMethod codeBase="C:\Users\TerezaČerná\Documents\BigBang\Testing\JC.Unit.Runner\JC.Unit.dll" adapterTypeName="executor://nunit3testexecutor/" className="JC.Unit.TestExecution.nUnitRunner" name="RunAllTests" />
    </UnitTest>
    <UnitTest name="[Smoke_ObjectExistence].[24].[Existence of the table].[Table Fakturace_PolozkaZalohoveFakturyPrijate]" storage="c:\users\terezačerná\documents\bigbang\testing\jc.unit.runner\jc.unit.dll" id="45d2f5aa-bfed-e5b4-af2a-66055047a3eb">
      <Execution id="f5556634-59fd-4fb2-b174-c7c963d27d01" />
      <TestMethod codeBase="C:\Users\TerezaČerná\Documents\BigBang\Testing\JC.Unit.Runner\JC.Unit.dll" adapterTypeName="executor://nunit3testexecutor/" className="JC.Unit.TestExecution.nUnitRunner" name="RunAllTests" />
    </UnitTest>
    <UnitTest name="[Smoke_ObjectExistence].[32].[Existence of the table].[Table Ucetnictvi_PolozkaInternihoDokladu]" storage="c:\users\terezačerná\documents\bigbang\testing\jc.unit.runner\jc.unit.dll" id="fea8ee86-f243-4070-1133-af94f671b1b8">
      <Execution id="36eb337e-da2f-4696-a3c9-a8f26025146e" />
      <TestMethod codeBase="C:\Users\TerezaČerná\Documents\BigBang\Testing\JC.Unit.Runner\JC.Unit.dll" adapterTypeName="executor://nunit3testexecutor/" className="JC.Unit.TestExecution.nUnitRunner" name="RunAllTests" />
    </UnitTest>
    <UnitTest name="[Integration_MoneyxStaging].[5].[ST - No empty tables - StagingMoney].[No empty tables]" storage="c:\users\terezačerná\documents\bigbang\testing\jc.unit.runner\jc.unit.dll" id="378cf331-36e7-aa16-9514-df1f6a19a35c">
      <Execution id="7f1b9f4b-4e6c-4246-99ce-aa803e1e1288" />
      <TestMethod codeBase="C:\Users\TerezaČerná\Documents\BigBang\Testing\JC.Unit.Runner\JC.Unit.dll" adapterTypeName="executor://nunit3testexecutor/" className="JC.Unit.TestExecution.nUnitRunner" name="RunAllTests" />
    </UnitTest>
    <UnitTest name="[Integration_StagingxDim&amp;Fact].[13].[IT - Sum check by Document Type].[Table [Fakturace_FakturaPrijata]]" storage="c:\users\terezačerná\documents\bigbang\testing\jc.unit.runner\jc.unit.dll" id="08967945-3295-54c1-32d2-2e73fefe3a5f">
      <Execution id="49c5c397-35c3-48d0-a0c4-256806637ccf" />
      <TestMethod codeBase="C:\Users\TerezaČerná\Documents\BigBang\Testing\JC.Unit.Runner\JC.Unit.dll" adapterTypeName="executor://nunit3testexecutor/" className="JC.Unit.TestExecution.nUnitRunner" name="RunAllTests" />
    </UnitTest>
    <UnitTest name="[Integration_StagingxDim&amp;Fact].[37].[ST - Document Payment Status].[Document Payment Status - Castecne Zaplaceno]" storage="c:\users\terezačerná\documents\bigbang\testing\jc.unit.runner\jc.unit.dll" id="16df9282-30d4-321f-d81a-c69931a0cf80">
      <Execution id="e488e097-402d-4ede-9b09-ca75efda71c5" />
      <TestMethod codeBase="C:\Users\TerezaČerná\Documents\BigBang\Testing\JC.Unit.Runner\JC.Unit.dll" adapterTypeName="executor://nunit3testexecutor/" className="JC.Unit.TestExecution.nUnitRunner" name="RunAllTests" />
    </UnitTest>
    <UnitTest name="[Smoke_ObjectExistence].[21].[Existence of the table].[Table S5_Ucetnictvi_UcetniDenikTranspozice]" storage="c:\users\terezačerná\documents\bigbang\testing\jc.unit.runner\jc.unit.dll" id="20114aae-22cd-37b0-1449-9187519c2520">
      <Execution id="82bf7526-a8b0-436e-b4dc-4f8f9a26e0c4" />
      <TestMethod codeBase="C:\Users\TerezaČerná\Documents\BigBang\Testing\JC.Unit.Runner\JC.Unit.dll" adapterTypeName="executor://nunit3testexecutor/" className="JC.Unit.TestExecution.nUnitRunner" name="RunAllTests" />
    </UnitTest>
    <UnitTest name="[Smoke_ObjectExistence].[46].[Existence of the table].[Table Person]" storage="c:\users\terezačerná\documents\bigbang\testing\jc.unit.runner\jc.unit.dll" id="16d5e31b-ede9-d3bc-1f7a-c861155e9c35">
      <Execution id="317a74e1-c930-46bb-8a47-bc7adda79d16" />
      <TestMethod codeBase="C:\Users\TerezaČerná\Documents\BigBang\Testing\JC.Unit.Runner\JC.Unit.dll" adapterTypeName="executor://nunit3testexecutor/" className="JC.Unit.TestExecution.nUnitRunner" name="RunAllTests" />
    </UnitTest>
    <UnitTest name="[Integration_StagingxDim&amp;Fact].[16].[IT - Sum check by Document Type].[Table [Ucetnictvi_PohledavkovyDoklad]]" storage="c:\users\terezačerná\documents\bigbang\testing\jc.unit.runner\jc.unit.dll" id="883a7dda-e9ee-b281-0325-2730d6a6e7b7">
      <Execution id="6893dd34-af55-4f24-99f1-c7f5ca4dd73e" />
      <TestMethod codeBase="C:\Users\TerezaČerná\Documents\BigBang\Testing\JC.Unit.Runner\JC.Unit.dll" adapterTypeName="executor://nunit3testexecutor/" className="JC.Unit.TestExecution.nUnitRunner" name="RunAllTests" />
    </UnitTest>
    <UnitTest name="[Smoke_ObjectExistence].[6].[Existence of the table].[Table Finance_PrikazKUhrade]" storage="c:\users\terezačerná\documents\bigbang\testing\jc.unit.runner\jc.unit.dll" id="0dce3cbb-c5be-8ce9-26c7-823b70f36b4e">
      <Execution id="1af3d921-92ef-4682-82f8-c87c3c1192d5" />
      <TestMethod codeBase="C:\Users\TerezaČerná\Documents\BigBang\Testing\JC.Unit.Runner\JC.Unit.dll" adapterTypeName="executor://nunit3testexecutor/" className="JC.Unit.TestExecution.nUnitRunner" name="RunAllTests" />
    </UnitTest>
    <UnitTest name="[Smoke_ObjectExistence].[18].[Existence of the table].[Table Ciselniky_Stat]" storage="c:\users\terezačerná\documents\bigbang\testing\jc.unit.runner\jc.unit.dll" id="1cb03d79-ff9b-500d-7915-ae447d9bbf71">
      <Execution id="66dac4b4-667d-4c13-ba60-af067a70dcb4" />
      <TestMethod codeBase="C:\Users\TerezaČerná\Documents\BigBang\Testing\JC.Unit.Runner\JC.Unit.dll" adapterTypeName="executor://nunit3testexecutor/" className="JC.Unit.TestExecution.nUnitRunner" name="RunAllTests" />
    </UnitTest>
    <UnitTest name="[Smoke_ObjectExistence].[27].[Existence of the table].[Table Ciselniky_Zakazka]" storage="c:\users\terezačerná\documents\bigbang\testing\jc.unit.runner\jc.unit.dll" id="213ee05a-4a01-4b18-17cf-daa5bcd1646d">
      <Execution id="bcb484df-5ec9-4e59-a1dd-5b433358206d" />
      <TestMethod codeBase="C:\Users\TerezaČerná\Documents\BigBang\Testing\JC.Unit.Runner\JC.Unit.dll" adapterTypeName="executor://nunit3testexecutor/" className="JC.Unit.TestExecution.nUnitRunner" name="RunAllTests" />
    </UnitTest>
    <UnitTest name="[Smoke_ObjectExistence].[28].[Existence of the table].[Table Finance_PokladniDoklad]" storage="c:\users\terezačerná\documents\bigbang\testing\jc.unit.runner\jc.unit.dll" id="c756a6b5-9822-425b-d05b-10486fe83341">
      <Execution id="116bd5a0-aae9-4458-bb0a-43aa45c62e7b" />
      <TestMethod codeBase="C:\Users\TerezaČerná\Documents\BigBang\Testing\JC.Unit.Runner\JC.Unit.dll" adapterTypeName="executor://nunit3testexecutor/" className="JC.Unit.TestExecution.nUnitRunner" name="RunAllTests" />
    </UnitTest>
    <UnitTest name="[Smoke_ObjectExistence].[38].[Existence of the table].[Table Personalistika_ZamestnanecDoplnujiciUdaje]" storage="c:\users\terezačerná\documents\bigbang\testing\jc.unit.runner\jc.unit.dll" id="6f12a022-e888-a020-9538-58aae455a3ed">
      <Execution id="9e6857c8-622d-4ff5-b18d-91c76050b92e" />
      <TestMethod codeBase="C:\Users\TerezaČerná\Documents\BigBang\Testing\JC.Unit.Runner\JC.Unit.dll" adapterTypeName="executor://nunit3testexecutor/" className="JC.Unit.TestExecution.nUnitRunner" name="RunAllTests" />
    </UnitTest>
    <UnitTest name="[Smoke_ObjectExistence].[3].[Existence of the table].[Table Fakturace_ZalohovaFakturaVydana]" storage="c:\users\terezačerná\documents\bigbang\testing\jc.unit.runner\jc.unit.dll" id="87b6bec7-37b1-b032-698d-279ffdadc596">
      <Execution id="2e4a0868-e47e-43fb-ac65-949b8c7c4c7e" />
      <TestMethod codeBase="C:\Users\TerezaČerná\Documents\BigBang\Testing\JC.Unit.Runner\JC.Unit.dll" adapterTypeName="executor://nunit3testexecutor/" className="JC.Unit.TestExecution.nUnitRunner" name="RunAllTests" />
    </UnitTest>
    <UnitTest name="[Smoke_ObjectExistence].[30].[Existence of the table].[Table Ucetnictvi_PohledavkovyDoklad]" storage="c:\users\terezačerná\documents\bigbang\testing\jc.unit.runner\jc.unit.dll" id="50fafed6-ad95-43c4-24f8-d614d5c94d96">
      <Execution id="ae72b8e6-a191-4113-82e9-92eb02385a2b" />
      <TestMethod codeBase="C:\Users\TerezaČerná\Documents\BigBang\Testing\JC.Unit.Runner\JC.Unit.dll" adapterTypeName="executor://nunit3testexecutor/" className="JC.Unit.TestExecution.nUnitRunner" name="RunAllTests" />
    </UnitTest>
    <UnitTest name="[Smoke_ObjectExistence].[9].[Existence of the table].[Table Fakturace_ZalohovaFakturaPrijata]" storage="c:\users\terezačerná\documents\bigbang\testing\jc.unit.runner\jc.unit.dll" id="16476183-8a99-9d57-9a05-ab6dceed5fad">
      <Execution id="7634918e-1dc5-4aae-88ba-27e75c3e0493" />
      <TestMethod codeBase="C:\Users\TerezaČerná\Documents\BigBang\Testing\JC.Unit.Runner\JC.Unit.dll" adapterTypeName="executor://nunit3testexecutor/" className="JC.Unit.TestExecution.nUnitRunner" name="RunAllTests" />
    </UnitTest>
    <UnitTest name="[Smoke_ObjectExistence].[36].[Existence of the table].[Table Mzdy_Mzda]" storage="c:\users\terezačerná\documents\bigbang\testing\jc.unit.runner\jc.unit.dll" id="da0038a8-2636-09ae-f494-d1299494c0c0">
      <Execution id="552c4783-e07a-4cfd-8bb9-0e511386fea9" />
      <TestMethod codeBase="C:\Users\TerezaČerná\Documents\BigBang\Testing\JC.Unit.Runner\JC.Unit.dll" adapterTypeName="executor://nunit3testexecutor/" className="JC.Unit.TestExecution.nUnitRunner" name="RunAllTests" />
    </UnitTest>
    <UnitTest name="[Integration_StagingxDim&amp;Fact].[17].[IT - Sum check by Document Type].[Table [Finance_PokladniDoklad]]" storage="c:\users\terezačerná\documents\bigbang\testing\jc.unit.runner\jc.unit.dll" id="82d47166-fa0d-eeb8-402e-c62c6e3b2d5d">
      <Execution id="3378ea16-adad-490d-ba31-a60ee08e992f" />
      <TestMethod codeBase="C:\Users\TerezaČerná\Documents\BigBang\Testing\JC.Unit.Runner\JC.Unit.dll" adapterTypeName="executor://nunit3testexecutor/" className="JC.Unit.TestExecution.nUnitRunner" name="RunAllTests" />
    </UnitTest>
    <UnitTest name="[Integration_StagingxDim&amp;Fact].[18].[IT - Sum check by Document Type].[Table [Fakturace_ZalohovaFakturaPrijata]]" storage="c:\users\terezačerná\documents\bigbang\testing\jc.unit.runner\jc.unit.dll" id="2399483b-6614-c431-9362-847b6c1e4592">
      <Execution id="4f86af54-5e53-48a4-ae19-d497d1e34cb4" />
      <TestMethod codeBase="C:\Users\TerezaČerná\Documents\BigBang\Testing\JC.Unit.Runner\JC.Unit.dll" adapterTypeName="executor://nunit3testexecutor/" className="JC.Unit.TestExecution.nUnitRunner" name="RunAllTests" />
    </UnitTest>
    <UnitTest name="[Integration_StagingxDim&amp;Fact].[24].[IT - Staging table is a subset of a dimension].[StagingMoney.Meny_Mena]" storage="c:\users\terezačerná\documents\bigbang\testing\jc.unit.runner\jc.unit.dll" id="271c685b-4f27-d869-82ad-0a11c3050d03">
      <Execution id="6dc94774-5080-417f-8a79-d1f274b89b41" />
      <TestMethod codeBase="C:\Users\TerezaČerná\Documents\BigBang\Testing\JC.Unit.Runner\JC.Unit.dll" adapterTypeName="executor://nunit3testexecutor/" className="JC.Unit.TestExecution.nUnitRunner" name="RunAllTests" />
    </UnitTest>
    <UnitTest name="[Smoke_ObjectExistence].[7].[Existence of the table].[Table Ucetnictvi_StavUctu]" storage="c:\users\terezačerná\documents\bigbang\testing\jc.unit.runner\jc.unit.dll" id="93a45ca3-7b48-9e02-d63a-86d7e8b5547f">
      <Execution id="b2baba80-19e1-4f5f-b85a-d2fbb325fd17" />
      <TestMethod codeBase="C:\Users\TerezaČerná\Documents\BigBang\Testing\JC.Unit.Runner\JC.Unit.dll" adapterTypeName="executor://nunit3testexecutor/" className="JC.Unit.TestExecution.nUnitRunner" name="RunAllTests" />
    </UnitTest>
    <UnitTest name="[Smoke_ObjectExistence].[31].[Existence of the table].[Table Objednavky_PolozkaObjednavkyPrijate]" storage="c:\users\terezačerná\documents\bigbang\testing\jc.unit.runner\jc.unit.dll" id="18acec2e-1e7a-3778-00b9-41543d6289fe">
      <Execution id="920aedda-7df6-4376-8d47-7497480faaee" />
      <TestMethod codeBase="C:\Users\TerezaČerná\Documents\BigBang\Testing\JC.Unit.Runner\JC.Unit.dll" adapterTypeName="executor://nunit3testexecutor/" className="JC.Unit.TestExecution.nUnitRunner" name="RunAllTests" />
    </UnitTest>
    <UnitTest name="[Smoke_ObjectExistence].[53].[Existence of the table].[Table SystemUser]" storage="c:\users\terezačerná\documents\bigbang\testing\jc.unit.runner\jc.unit.dll" id="8297bce6-fe99-c398-4990-1b0593c648e4">
      <Execution id="e44a020a-8523-41b4-90ec-487cbe8bc933" />
      <TestMethod codeBase="C:\Users\TerezaČerná\Documents\BigBang\Testing\JC.Unit.Runner\JC.Unit.dll" adapterTypeName="executor://nunit3testexecutor/" className="JC.Unit.TestExecution.nUnitRunner" name="RunAllTests" />
    </UnitTest>
    <UnitTest name="[Smoke_ObjectExistence].[8].[Existence of the table].[Table Ucetnictvi_InterniDoklad]" storage="c:\users\terezačerná\documents\bigbang\testing\jc.unit.runner\jc.unit.dll" id="6febc6cd-4565-b196-9913-89791c7f65ab">
      <Execution id="8f3865ff-3064-461b-abc3-081cdc079b6e" />
      <TestMethod codeBase="C:\Users\TerezaČerná\Documents\BigBang\Testing\JC.Unit.Runner\JC.Unit.dll" adapterTypeName="executor://nunit3testexecutor/" className="JC.Unit.TestExecution.nUnitRunner" name="RunAllTests" />
    </UnitTest>
    <UnitTest name="[Integration_StagingxDim&amp;Fact].[38].[ST - Document Payment Status].[Document Payment Status - Nezaplaceno]" storage="c:\users\terezačerná\documents\bigbang\testing\jc.unit.runner\jc.unit.dll" id="a6ff8bd4-840e-7b1c-0622-bf6ed6997953">
      <Execution id="6d510068-5055-448c-b1a3-206c062d3e94" />
      <TestMethod codeBase="C:\Users\TerezaČerná\Documents\BigBang\Testing\JC.Unit.Runner\JC.Unit.dll" adapterTypeName="executor://nunit3testexecutor/" className="JC.Unit.TestExecution.nUnitRunner" name="RunAllTests" />
    </UnitTest>
    <UnitTest name="[Smoke_ObjectExistence].[1].[Existence of the table].[Table Objednavky_ObjednavkaPrijata]" storage="c:\users\terezačerná\documents\bigbang\testing\jc.unit.runner\jc.unit.dll" id="becefbb3-296f-28e1-a93c-1a14e25a8f3d">
      <Execution id="6d0890e9-513a-425f-b8dd-51b76b9109f1" />
      <TestMethod codeBase="C:\Users\TerezaČerná\Documents\BigBang\Testing\JC.Unit.Runner\JC.Unit.dll" adapterTypeName="executor://nunit3testexecutor/" className="JC.Unit.TestExecution.nUnitRunner" name="RunAllTests" />
    </UnitTest>
    <UnitTest name="[Smoke_ObjectExistence].[49].[Existence of the table].[Table Contact]" storage="c:\users\terezačerná\documents\bigbang\testing\jc.unit.runner\jc.unit.dll" id="52c3a3ad-7e55-dcc8-9df0-d1a8aea353c2">
      <Execution id="0c22096f-e3fd-4162-89e1-59c070180436" />
      <TestMethod codeBase="C:\Users\TerezaČerná\Documents\BigBang\Testing\JC.Unit.Runner\JC.Unit.dll" adapterTypeName="executor://nunit3testexecutor/" className="JC.Unit.TestExecution.nUnitRunner" name="RunAllTests" />
    </UnitTest>
    <UnitTest name="[Smoke_ObjectExistence].[25].[Existence of the table].[Table Ucetnictvi_PolozkaZavazkovehoDokladu]" storage="c:\users\terezačerná\documents\bigbang\testing\jc.unit.runner\jc.unit.dll" id="92e29243-f60c-3207-106a-1d834fb4d7e0">
      <Execution id="b8c8a0e7-7f2b-4c8d-b078-0332f7aeb17b" />
      <TestMethod codeBase="C:\Users\TerezaČerná\Documents\BigBang\Testing\JC.Unit.Runner\JC.Unit.dll" adapterTypeName="executor://nunit3testexecutor/" className="JC.Unit.TestExecution.nUnitRunner" name="RunAllTests" />
    </UnitTest>
    <UnitTest name="[Smoke_ObjectExistence].[2].[Existence of the table].[Table Finance_PolozkaPokladnihoDokladu]" storage="c:\users\terezačerná\documents\bigbang\testing\jc.unit.runner\jc.unit.dll" id="a8dfca29-b254-c754-1cae-f37950e06b2d">
      <Execution id="f3ec6abd-7082-4c9b-b5cf-af6a0eaeeb70" />
      <TestMethod codeBase="C:\Users\TerezaČerná\Documents\BigBang\Testing\JC.Unit.Runner\JC.Unit.dll" adapterTypeName="executor://nunit3testexecutor/" className="JC.Unit.TestExecution.nUnitRunner" name="RunAllTests" />
    </UnitTest>
    <UnitTest name="[Integration_StagingxDim&amp;Fact].[28].[IT - Staging table is a subset of a dimension].[StagingMoney.Fakturace_FakturaPrijata]" storage="c:\users\terezačerná\documents\bigbang\testing\jc.unit.runner\jc.unit.dll" id="30460f3b-eb1a-3117-0195-c89242d95fbf">
      <Execution id="a0cba935-44bf-436d-a38f-cb15cae8dd45" />
      <TestMethod codeBase="C:\Users\TerezaČerná\Documents\BigBang\Testing\JC.Unit.Runner\JC.Unit.dll" adapterTypeName="executor://nunit3testexecutor/" className="JC.Unit.TestExecution.nUnitRunner" name="RunAllTests" />
    </UnitTest>
    <UnitTest name="[Integration_StagingxDim&amp;Fact].[5].[ST - Check of not duplicate combinations].[Table [Fact].[Person Capacity]]" storage="c:\users\terezačerná\documents\bigbang\testing\jc.unit.runner\jc.unit.dll" id="ef467e50-8cd0-e812-a730-294de2e8ad0f">
      <Execution id="fee7dbae-2ecc-4eb5-a0fa-3b8eb3e3abbe" />
      <TestMethod codeBase="C:\Users\TerezaČerná\Documents\BigBang\Testing\JC.Unit.Runner\JC.Unit.dll" adapterTypeName="executor://nunit3testexecutor/" className="JC.Unit.TestExecution.nUnitRunner" name="RunAllTests" />
    </UnitTest>
    <UnitTest name="[Integration_StagingxDim&amp;Fact].[11].[IT - Sum check by Document Type].[Table [Fakturace_FakturaVydana]]" storage="c:\users\terezačerná\documents\bigbang\testing\jc.unit.runner\jc.unit.dll" id="6d64c653-9c32-1272-4a79-b9f397aa1294">
      <Execution id="51c0cf5b-87bb-4c83-a269-207bd5d38a42" />
      <TestMethod codeBase="C:\Users\TerezaČerná\Documents\BigBang\Testing\JC.Unit.Runner\JC.Unit.dll" adapterTypeName="executor://nunit3testexecutor/" className="JC.Unit.TestExecution.nUnitRunner" name="RunAllTests" />
    </UnitTest>
    <UnitTest name="[Integration_StagingxDim&amp;Fact].[40].[ST - Document Payment Status].[Document Payment Status - N/A for Storno]" storage="c:\users\terezačerná\documents\bigbang\testing\jc.unit.runner\jc.unit.dll" id="4d4f2eb1-4b6a-f2f9-5631-fba458167b0b">
      <Execution id="b532cc44-00cf-4355-8660-068e6a24ea93" />
      <TestMethod codeBase="C:\Users\TerezaČerná\Documents\BigBang\Testing\JC.Unit.Runner\JC.Unit.dll" adapterTypeName="executor://nunit3testexecutor/" className="JC.Unit.TestExecution.nUnitRunner" name="RunAllTests" />
    </UnitTest>
    <UnitTest name="[Smoke_ObjectExistence].[45].[Existence of the table].[Table Customer Contract]" storage="c:\users\terezačerná\documents\bigbang\testing\jc.unit.runner\jc.unit.dll" id="039a3cff-3840-8952-60c2-35593d0e1c99">
      <Execution id="d13b684d-9cd8-41d9-a30a-841871623594" />
      <TestMethod codeBase="C:\Users\TerezaČerná\Documents\BigBang\Testing\JC.Unit.Runner\JC.Unit.dll" adapterTypeName="executor://nunit3testexecutor/" className="JC.Unit.TestExecution.nUnitRunner" name="RunAllTests" />
    </UnitTest>
    <UnitTest name="[Smoke_ObjectExistence].[17].[Existence of the table].[Table Fakturace_PolozkaZalohoveFakturyVydane]" storage="c:\users\terezačerná\documents\bigbang\testing\jc.unit.runner\jc.unit.dll" id="18b18861-0e44-b868-8a5f-964d2292f002">
      <Execution id="39f5b4f9-a75f-467a-a4f1-79b7d8314593" />
      <TestMethod codeBase="C:\Users\TerezaČerná\Documents\BigBang\Testing\JC.Unit.Runner\JC.Unit.dll" adapterTypeName="executor://nunit3testexecutor/" className="JC.Unit.TestExecution.nUnitRunner" name="RunAllTests" />
    </UnitTest>
    <UnitTest name="[Smoke_ObjectExistence].[47].[Existence of the table].[Table Personalistika_Zamestnanec]" storage="c:\users\terezačerná\documents\bigbang\testing\jc.unit.runner\jc.unit.dll" id="4717d6b8-16a3-1be3-996f-d263b9ce1288">
      <Execution id="2ef16a5a-31a2-4842-a7ff-e9678c9a0de9" />
      <TestMethod codeBase="C:\Users\TerezaČerná\Documents\BigBang\Testing\JC.Unit.Runner\JC.Unit.dll" adapterTypeName="executor://nunit3testexecutor/" className="JC.Unit.TestExecution.nUnitRunner" name="RunAllTests" />
    </UnitTest>
    <UnitTest name="[Smoke_ObjectExistence].[33].[Existence of the table].[Table Ucetnictvi_PolozkaPohledavkovehoDokladu]" storage="c:\users\terezačerná\documents\bigbang\testing\jc.unit.runner\jc.unit.dll" id="fd5e261c-a769-e37b-93f3-db8fd9795ff2">
      <Execution id="c20416fd-2fbb-475b-88e3-750cca5f317d" />
      <TestMethod codeBase="C:\Users\TerezaČerná\Documents\BigBang\Testing\JC.Unit.Runner\JC.Unit.dll" adapterTypeName="executor://nunit3testexecutor/" className="JC.Unit.TestExecution.nUnitRunner" name="RunAllTests" />
    </UnitTest>
    <UnitTest name="[Smoke_ObjectExistence].[55].[Existence of the table].[Table LeadToOpportunityTarget]" storage="c:\users\terezačerná\documents\bigbang\testing\jc.unit.runner\jc.unit.dll" id="a8c716b8-4193-980e-46d0-7cd4ef03d825">
      <Execution id="e8a0f8a2-00f4-4e3a-adda-02a11b543777" />
      <TestMethod codeBase="C:\Users\TerezaČerná\Documents\BigBang\Testing\JC.Unit.Runner\JC.Unit.dll" adapterTypeName="executor://nunit3testexecutor/" className="JC.Unit.TestExecution.nUnitRunner" name="RunAllTests" />
    </UnitTest>
    <UnitTest name="[Integration_StagingxDim&amp;Fact].[3].[ST - Not NULL values].[Table [Fact].[Person Capacity]]" storage="c:\users\terezačerná\documents\bigbang\testing\jc.unit.runner\jc.unit.dll" id="b36c18c2-2f16-c4b0-0e40-bd5cc9cf030a">
      <Execution id="1bf89085-246f-4182-82d4-9b11fe243212" />
      <TestMethod codeBase="C:\Users\TerezaČerná\Documents\BigBang\Testing\JC.Unit.Runner\JC.Unit.dll" adapterTypeName="executor://nunit3testexecutor/" className="JC.Unit.TestExecution.nUnitRunner" name="RunAllTests" />
    </UnitTest>
    <UnitTest name="[Integration_StagingxDim&amp;Fact].[41].[DQ - Paid more than needed].[Paid more than needed on document]" storage="c:\users\terezačerná\documents\bigbang\testing\jc.unit.runner\jc.unit.dll" id="e6a75b46-68e3-68c6-0bac-3b5c7b10f84c">
      <Execution id="93a06b7b-0592-43f6-8109-fe5d8b67e557" />
      <TestMethod codeBase="C:\Users\TerezaČerná\Documents\BigBang\Testing\JC.Unit.Runner\JC.Unit.dll" adapterTypeName="executor://nunit3testexecutor/" className="JC.Unit.TestExecution.nUnitRunner" name="RunAllTests" />
    </UnitTest>
    <UnitTest name="[Integration_StagingxDim&amp;Fact].[42].[ST - Revenue Cost Category].[ST - Revenue Cost Category Assigned]" storage="c:\users\terezačerná\documents\bigbang\testing\jc.unit.runner\jc.unit.dll" id="4c3281ce-958d-c17c-c4db-acdbee707867">
      <Execution id="b802c582-5021-4488-bae5-ea60323bba0b" />
      <TestMethod codeBase="C:\Users\TerezaČerná\Documents\BigBang\Testing\JC.Unit.Runner\JC.Unit.dll" adapterTypeName="executor://nunit3testexecutor/" className="JC.Unit.TestExecution.nUnitRunner" name="RunAllTests" />
    </UnitTest>
    <UnitTest name="[Smoke_ObjectExistence].[54].[Existence of the table].[Table TransactionCurrency]" storage="c:\users\terezačerná\documents\bigbang\testing\jc.unit.runner\jc.unit.dll" id="676e7cea-5aa4-1a91-eaf5-d360655ae92e">
      <Execution id="c392dcf4-92d2-4b83-b5db-fc8a901a61f4" />
      <TestMethod codeBase="C:\Users\TerezaČerná\Documents\BigBang\Testing\JC.Unit.Runner\JC.Unit.dll" adapterTypeName="executor://nunit3testexecutor/" className="JC.Unit.TestExecution.nUnitRunner" name="RunAllTests" />
    </UnitTest>
    <UnitTest name="[Smoke_ObjectExistence].[13].[Existence of the table].[Table Finance_PolozkaPrikazuKUhrade]" storage="c:\users\terezačerná\documents\bigbang\testing\jc.unit.runner\jc.unit.dll" id="e98ba9b2-7b11-bcbc-7534-5441c3ffe8f3">
      <Execution id="dc07e0dc-01f1-4f3c-9e11-7034f2462fe6" />
      <TestMethod codeBase="C:\Users\TerezaČerná\Documents\BigBang\Testing\JC.Unit.Runner\JC.Unit.dll" adapterTypeName="executor://nunit3testexecutor/" className="JC.Unit.TestExecution.nUnitRunner" name="RunAllTests" />
    </UnitTest>
    <UnitTest name="[Smoke_ObjectExistence].[57].[Existence of the table].[Table Revenue Cost Category Specification]" storage="c:\users\terezačerná\documents\bigbang\testing\jc.unit.runner\jc.unit.dll" id="51d5df11-837d-fbef-2072-1a7a898a69fb">
      <Execution id="4e3e5be6-8fcc-458b-8973-ec94868f59cb" />
      <TestMethod codeBase="C:\Users\TerezaČerná\Documents\BigBang\Testing\JC.Unit.Runner\JC.Unit.dll" adapterTypeName="executor://nunit3testexecutor/" className="JC.Unit.TestExecution.nUnitRunner" name="RunAllTests" />
    </UnitTest>
    <UnitTest name="[Integration_StagingxDim&amp;Fact].[15].[IT - Sum check by Document Type].[Table [Objednavky_ObjednavkaPrijata]]" storage="c:\users\terezačerná\documents\bigbang\testing\jc.unit.runner\jc.unit.dll" id="7b2537ce-e820-5d98-57b2-e767c22e68d4">
      <Execution id="18b52278-2e08-4a67-8e23-63de88a76b95" />
      <TestMethod codeBase="C:\Users\TerezaČerná\Documents\BigBang\Testing\JC.Unit.Runner\JC.Unit.dll" adapterTypeName="executor://nunit3testexecutor/" className="JC.Unit.TestExecution.nUnitRunner" name="RunAllTests" />
    </UnitTest>
    <UnitTest name="[Smoke_ObjectExistence].[23].[Existence of the table].[Table Ciselniky_Cinnost]" storage="c:\users\terezačerná\documents\bigbang\testing\jc.unit.runner\jc.unit.dll" id="1ec31cfd-6123-0cfe-6ab3-63b40dd1212b">
      <Execution id="7c88c468-9a54-4939-b352-5384ebcf556e" />
      <TestMethod codeBase="C:\Users\TerezaČerná\Documents\BigBang\Testing\JC.Unit.Runner\JC.Unit.dll" adapterTypeName="executor://nunit3testexecutor/" className="JC.Unit.TestExecution.nUnitRunner" name="RunAllTests" />
    </UnitTest>
    <UnitTest name="[Integration_StagingxDim&amp;Fact].[35].[IT - Staging table is a subset of a dimension].[StagingMoney.Objednavky_ObjednavkaPrijata]" storage="c:\users\terezačerná\documents\bigbang\testing\jc.unit.runner\jc.unit.dll" id="ebaeadec-2162-4787-8a1c-fd15c278512e">
      <Execution id="9b702d64-a1aa-4448-8f70-b8d65644a452" />
      <TestMethod codeBase="C:\Users\TerezaČerná\Documents\BigBang\Testing\JC.Unit.Runner\JC.Unit.dll" adapterTypeName="executor://nunit3testexecutor/" className="JC.Unit.TestExecution.nUnitRunner" name="RunAllTests" />
    </UnitTest>
    <UnitTest name="[Smoke_ObjectExistence].[39].[Existence of the table].[Table Mzdy_Svatky]" storage="c:\users\terezačerná\documents\bigbang\testing\jc.unit.runner\jc.unit.dll" id="ea30e6cb-f14a-8ba2-3bc0-4a8461781beb">
      <Execution id="cb75e637-d5f5-426b-932e-f5a3428aab27" />
      <TestMethod codeBase="C:\Users\TerezaČerná\Documents\BigBang\Testing\JC.Unit.Runner\JC.Unit.dll" adapterTypeName="executor://nunit3testexecutor/" className="JC.Unit.TestExecution.nUnitRunner" name="RunAllTests" />
    </UnitTest>
    <UnitTest name="[Smoke_ObjectExistence].[16].[Existence of the table].[Table Ucetnictvi_Ucet]" storage="c:\users\terezačerná\documents\bigbang\testing\jc.unit.runner\jc.unit.dll" id="ee6274a6-d68c-445d-a661-6882990db88d">
      <Execution id="ec14fcf8-8a92-4d82-8de3-a4c7442a9173" />
      <TestMethod codeBase="C:\Users\TerezaČerná\Documents\BigBang\Testing\JC.Unit.Runner\JC.Unit.dll" adapterTypeName="executor://nunit3testexecutor/" className="JC.Unit.TestExecution.nUnitRunner" name="RunAllTests" />
    </UnitTest>
    <UnitTest name="[Integration_StagingxDim&amp;Fact].[36].[IT - Staging table is a subset of a dimension].[StagingMoney.Adresar_Firma]" storage="c:\users\terezačerná\documents\bigbang\testing\jc.unit.runner\jc.unit.dll" id="f6a3b2c6-2ece-d171-8a08-a5b7be76bf67">
      <Execution id="75d88a09-876b-4ed0-b7f9-0f8856da1425" />
      <TestMethod codeBase="C:\Users\TerezaČerná\Documents\BigBang\Testing\JC.Unit.Runner\JC.Unit.dll" adapterTypeName="executor://nunit3testexecutor/" className="JC.Unit.TestExecution.nUnitRunner" name="RunAllTests" />
    </UnitTest>
    <UnitTest name="[Integration_StagingxDim&amp;Fact].[29].[IT - Staging table is a subset of a dimension].[ StagingMoney.Fakturace_FakturaVydana&#xA;    except]" storage="c:\users\terezačerná\documents\bigbang\testing\jc.unit.runner\jc.unit.dll" id="804bc72a-f601-f749-749a-fe98c1be182c">
      <Execution id="9c0bb4a7-6ce9-437c-b82b-a33eb3e0a07c" />
      <TestMethod codeBase="C:\Users\TerezaČerná\Documents\BigBang\Testing\JC.Unit.Runner\JC.Unit.dll" adapterTypeName="executor://nunit3testexecutor/" className="JC.Unit.TestExecution.nUnitRunner" name="RunAllTests" />
    </UnitTest>
    <UnitTest name="[Integration_StagingxDim&amp;Fact].[4].[ST - Sum of Amount with VAT CZK].[Table [Fact].[Document Item]]" storage="c:\users\terezačerná\documents\bigbang\testing\jc.unit.runner\jc.unit.dll" id="5279a498-3e54-6a76-5668-7936e4fcdb2e">
      <Execution id="540e0c8f-5ce5-4437-b232-51b6b39e6e43" />
      <TestMethod codeBase="C:\Users\TerezaČerná\Documents\BigBang\Testing\JC.Unit.Runner\JC.Unit.dll" adapterTypeName="executor://nunit3testexecutor/" className="JC.Unit.TestExecution.nUnitRunner" name="RunAllTests" />
    </UnitTest>
    <UnitTest name="[Smoke_ObjectExistence].[52].[Existence of the table].[Table OpportunityHeader]" storage="c:\users\terezačerná\documents\bigbang\testing\jc.unit.runner\jc.unit.dll" id="0d51d202-9f0e-8e87-796e-4d8c0987e236">
      <Execution id="29cc4bd5-9524-4c9d-ae7c-b5968c1a3ba4" />
      <TestMethod codeBase="C:\Users\TerezaČerná\Documents\BigBang\Testing\JC.Unit.Runner\JC.Unit.dll" adapterTypeName="executor://nunit3testexecutor/" className="JC.Unit.TestExecution.nUnitRunner" name="RunAllTests" />
    </UnitTest>
    <UnitTest name="[Smoke_ObjectExistence].[22].[Existence of the table].[Table Fakturace_PolozkaFakturyVydane]" storage="c:\users\terezačerná\documents\bigbang\testing\jc.unit.runner\jc.unit.dll" id="419d32a9-d597-87dc-1eeb-30b5d4b5bb1a">
      <Execution id="1dbf3ede-5169-4e10-b618-c08c28fc7713" />
      <TestMethod codeBase="C:\Users\TerezaČerná\Documents\BigBang\Testing\JC.Unit.Runner\JC.Unit.dll" adapterTypeName="executor://nunit3testexecutor/" className="JC.Unit.TestExecution.nUnitRunner" name="RunAllTests" />
    </UnitTest>
    <UnitTest name="[Smoke_ObjectExistence].[12].[Existence of the table].[Table Fakturace_FakturaPrijata]" storage="c:\users\terezačerná\documents\bigbang\testing\jc.unit.runner\jc.unit.dll" id="c430239a-df21-fddb-6351-0e824ec43dd2">
      <Execution id="1f59370e-e503-4edc-89df-76736eb6583c" />
      <TestMethod codeBase="C:\Users\TerezaČerná\Documents\BigBang\Testing\JC.Unit.Runner\JC.Unit.dll" adapterTypeName="executor://nunit3testexecutor/" className="JC.Unit.TestExecution.nUnitRunner" name="RunAllTests" />
    </UnitTest>
    <UnitTest name="[Smoke_ObjectExistence].[43].[Existence of the table].[Table Mzdy_ZamestnanecNepritomnost]" storage="c:\users\terezačerná\documents\bigbang\testing\jc.unit.runner\jc.unit.dll" id="2842dc64-121e-69f4-e399-0524fee8d051">
      <Execution id="dcb5ed9b-e252-45c5-81e5-81a5aab4a661" />
      <TestMethod codeBase="C:\Users\TerezaČerná\Documents\BigBang\Testing\JC.Unit.Runner\JC.Unit.dll" adapterTypeName="executor://nunit3testexecutor/" className="JC.Unit.TestExecution.nUnitRunner" name="RunAllTests" />
    </UnitTest>
    <UnitTest name="[Smoke_ObjectExistence].[26].[Existence of the table].[Table Fakturace_PolozkaFakturyPrijate]" storage="c:\users\terezačerná\documents\bigbang\testing\jc.unit.runner\jc.unit.dll" id="bbe514a8-b32c-84ea-2fe8-555567b7c1aa">
      <Execution id="75855ff2-6e25-4e50-b66b-c80b73223018" />
      <TestMethod codeBase="C:\Users\TerezaČerná\Documents\BigBang\Testing\JC.Unit.Runner\JC.Unit.dll" adapterTypeName="executor://nunit3testexecutor/" className="JC.Unit.TestExecution.nUnitRunner" name="RunAllTests" />
    </UnitTest>
    <UnitTest name="[Smoke_ObjectExistence].[41].[Existence of the table].[Table Mzdy_NepritomnostNahrada]" storage="c:\users\terezačerná\documents\bigbang\testing\jc.unit.runner\jc.unit.dll" id="26ba587d-8d14-5c80-c5e1-65757217c08c">
      <Execution id="48054104-604b-4a92-b412-1c683aa635ff" />
      <TestMethod codeBase="C:\Users\TerezaČerná\Documents\BigBang\Testing\JC.Unit.Runner\JC.Unit.dll" adapterTypeName="executor://nunit3testexecutor/" className="JC.Unit.TestExecution.nUnitRunner" name="RunAllTests" />
    </UnitTest>
    <UnitTest name="[Smoke_ObjectExistence].[19].[Existence of the table].[Table EconomicBase_DruhDokladu]" storage="c:\users\terezačerná\documents\bigbang\testing\jc.unit.runner\jc.unit.dll" id="7cf2e1c7-c3b0-6dde-9ff6-bdc5372fabee">
      <Execution id="d1ebc68d-4f21-401e-b8ac-763ae5395e9c" />
      <TestMethod codeBase="C:\Users\TerezaČerná\Documents\BigBang\Testing\JC.Unit.Runner\JC.Unit.dll" adapterTypeName="executor://nunit3testexecutor/" className="JC.Unit.TestExecution.nUnitRunner" name="RunAllTests" />
    </UnitTest>
  </TestDefinitions>
  <TestEntries>
    <TestEntry testId="4d4f2eb1-4b6a-f2f9-5631-fba458167b0b" executionId="b532cc44-00cf-4355-8660-068e6a24ea93" testListId="8c84fa94-04c1-424b-9868-57a2d4851a1d" />
    <TestEntry testId="52a5227e-4b35-a770-eb37-5df487124947" executionId="aca852a4-27d9-48ff-99da-dedf88c337ce" testListId="8c84fa94-04c1-424b-9868-57a2d4851a1d" />
    <TestEntry testId="378cf331-36e7-aa16-9514-df1f6a19a35c" executionId="7f1b9f4b-4e6c-4246-99ce-aa803e1e1288" testListId="8c84fa94-04c1-424b-9868-57a2d4851a1d" />
    <TestEntry testId="c756a6b5-9822-425b-d05b-10486fe83341" executionId="116bd5a0-aae9-4458-bb0a-43aa45c62e7b" testListId="8c84fa94-04c1-424b-9868-57a2d4851a1d" />
    <TestEntry testId="bbd35e0e-bb7e-d19c-146d-4ca86003d252" executionId="2ec9be7b-bfab-41cb-af98-0688ad7bf1f3" testListId="8c84fa94-04c1-424b-9868-57a2d4851a1d" />
    <TestEntry testId="8e1fb5dc-b2d8-31f3-5b99-a714e28802f3" executionId="0f4790c6-56e0-4e01-9189-eafca535668b" testListId="8c84fa94-04c1-424b-9868-57a2d4851a1d" />
    <TestEntry testId="d4f48ae9-e7e3-a446-ad84-9aae9cef5d7c" executionId="d936dace-e158-49f5-9a47-87df36a9010a" testListId="8c84fa94-04c1-424b-9868-57a2d4851a1d" />
    <TestEntry testId="ebaeadec-2162-4787-8a1c-fd15c278512e" executionId="9b702d64-a1aa-4448-8f70-b8d65644a452" testListId="8c84fa94-04c1-424b-9868-57a2d4851a1d" />
    <TestEntry testId="a6ff8bd4-840e-7b1c-0622-bf6ed6997953" executionId="6d510068-5055-448c-b1a3-206c062d3e94" testListId="8c84fa94-04c1-424b-9868-57a2d4851a1d" />
    <TestEntry testId="18acec2e-1e7a-3778-00b9-41543d6289fe" executionId="920aedda-7df6-4376-8d47-7497480faaee" testListId="8c84fa94-04c1-424b-9868-57a2d4851a1d" />
    <TestEntry testId="94a1c9bc-6703-5715-60b9-f1ef941637e7" executionId="c6057fcf-1c02-4157-bcee-cf5e89022429" testListId="8c84fa94-04c1-424b-9868-57a2d4851a1d" />
    <TestEntry testId="f0e14953-0487-efc3-1455-7bfbfe66d3f5" executionId="febcaac3-4601-4b46-9b56-d554b91ac28b" testListId="8c84fa94-04c1-424b-9868-57a2d4851a1d" />
    <TestEntry testId="5279a498-3e54-6a76-5668-7936e4fcdb2e" executionId="540e0c8f-5ce5-4437-b232-51b6b39e6e43" testListId="8c84fa94-04c1-424b-9868-57a2d4851a1d" />
    <TestEntry testId="16df9282-30d4-321f-d81a-c69931a0cf80" executionId="e488e097-402d-4ede-9b09-ca75efda71c5" testListId="8c84fa94-04c1-424b-9868-57a2d4851a1d" />
    <TestEntry testId="58940f79-27c1-f004-0cda-2c9c955f9a6c" executionId="25bfc25b-7c19-4414-83f2-729acdce7660" testListId="8c84fa94-04c1-424b-9868-57a2d4851a1d" />
    <TestEntry testId="c6060242-f5fb-cdf7-fa1d-63bf1a7089d9" executionId="cdf07e7a-4925-47fe-8d2c-b2053b8d674c" testListId="8c84fa94-04c1-424b-9868-57a2d4851a1d" />
    <TestEntry testId="81abb510-fadd-909b-267d-cfb66ab8e4f9" executionId="9cc6d9ab-a42e-40a5-b20d-48fdb08e429e" testListId="8c84fa94-04c1-424b-9868-57a2d4851a1d" />
    <TestEntry testId="3e595e14-3e8a-3ee8-d68f-c0517b459f44" executionId="83ec5830-e30b-495d-be28-bb6f03647ee3" testListId="8c84fa94-04c1-424b-9868-57a2d4851a1d" />
    <TestEntry testId="2399483b-6614-c431-9362-847b6c1e4592" executionId="4f86af54-5e53-48a4-ae19-d497d1e34cb4" testListId="8c84fa94-04c1-424b-9868-57a2d4851a1d" />
    <TestEntry testId="74db6c8f-742d-cdd0-fa94-9d1c48485dbf" executionId="0598fac9-5d82-42b5-b005-41dcea092854" testListId="8c84fa94-04c1-424b-9868-57a2d4851a1d" />
    <TestEntry testId="0d51d202-9f0e-8e87-796e-4d8c0987e236" executionId="29cc4bd5-9524-4c9d-ae7c-b5968c1a3ba4" testListId="8c84fa94-04c1-424b-9868-57a2d4851a1d" />
    <TestEntry testId="30e9c341-1c1c-069d-a089-d4302828d75b" executionId="386e98fc-24b4-4512-a54e-b82516c5b37d" testListId="8c84fa94-04c1-424b-9868-57a2d4851a1d" />
    <TestEntry testId="ec69f802-95a3-4b41-2a0c-e181c682aec8" executionId="33eb60d8-6105-45bf-b79f-40fa40501124" testListId="8c84fa94-04c1-424b-9868-57a2d4851a1d" />
    <TestEntry testId="45d2f5aa-bfed-e5b4-af2a-66055047a3eb" executionId="f5556634-59fd-4fb2-b174-c7c963d27d01" testListId="8c84fa94-04c1-424b-9868-57a2d4851a1d" />
    <TestEntry testId="821e872f-8ad4-4756-a10a-1a9afe75ca93" executionId="78841510-d35f-4025-b677-79e53d8f9723" testListId="8c84fa94-04c1-424b-9868-57a2d4851a1d" />
    <TestEntry testId="1b0f98fd-1d63-8013-f76a-ac489a4f9507" executionId="e5b17ad4-0f34-4408-8835-ecbd2e88312f" testListId="8c84fa94-04c1-424b-9868-57a2d4851a1d" />
    <TestEntry testId="ee7b3397-05b3-5660-5f81-c9db969c5159" executionId="cc9436b5-d53f-450e-a4aa-1164192eabd7" testListId="8c84fa94-04c1-424b-9868-57a2d4851a1d" />
    <TestEntry testId="4d3a32a4-4609-a802-8e5d-72092fb3527d" executionId="601a9daf-ffd8-4483-af42-f5267d65404a" testListId="8c84fa94-04c1-424b-9868-57a2d4851a1d" />
    <TestEntry testId="213ee05a-4a01-4b18-17cf-daa5bcd1646d" executionId="bcb484df-5ec9-4e59-a1dd-5b433358206d" testListId="8c84fa94-04c1-424b-9868-57a2d4851a1d" />
    <TestEntry testId="40a17607-ffd3-0727-13e7-309842913b28" executionId="4abca7d6-a0d1-4b5d-a57f-7efb1c9f47e3" testListId="8c84fa94-04c1-424b-9868-57a2d4851a1d" />
    <TestEntry testId="1cb03d79-ff9b-500d-7915-ae447d9bbf71" executionId="66dac4b4-667d-4c13-ba60-af067a70dcb4" testListId="8c84fa94-04c1-424b-9868-57a2d4851a1d" />
    <TestEntry testId="08967945-3295-54c1-32d2-2e73fefe3a5f" executionId="49c5c397-35c3-48d0-a0c4-256806637ccf" testListId="8c84fa94-04c1-424b-9868-57a2d4851a1d" />
    <TestEntry testId="bbe514a8-b32c-84ea-2fe8-555567b7c1aa" executionId="75855ff2-6e25-4e50-b66b-c80b73223018" testListId="8c84fa94-04c1-424b-9868-57a2d4851a1d" />
    <TestEntry testId="b9c9e4ae-229c-0f71-c5aa-98fe7605eaf4" executionId="7810e95b-60c9-42b5-a9dc-b9a08fa79bb4" testListId="8c84fa94-04c1-424b-9868-57a2d4851a1d" />
    <TestEntry testId="16476183-8a99-9d57-9a05-ab6dceed5fad" executionId="7634918e-1dc5-4aae-88ba-27e75c3e0493" testListId="8c84fa94-04c1-424b-9868-57a2d4851a1d" />
    <TestEntry testId="8297bce6-fe99-c398-4990-1b0593c648e4" executionId="e44a020a-8523-41b4-90ec-487cbe8bc933" testListId="8c84fa94-04c1-424b-9868-57a2d4851a1d" />
    <TestEntry testId="a7f1c5d9-3dd4-03b5-631d-00450448e757" executionId="36412748-7050-450a-8e1a-7567f972491f" testListId="8c84fa94-04c1-424b-9868-57a2d4851a1d" />
    <TestEntry testId="a8dfca29-b254-c754-1cae-f37950e06b2d" executionId="f3ec6abd-7082-4c9b-b5cf-af6a0eaeeb70" testListId="8c84fa94-04c1-424b-9868-57a2d4851a1d" />
    <TestEntry testId="87b6bec7-37b1-b032-698d-279ffdadc596" executionId="2e4a0868-e47e-43fb-ac65-949b8c7c4c7e" testListId="8c84fa94-04c1-424b-9868-57a2d4851a1d" />
    <TestEntry testId="da0038a8-2636-09ae-f494-d1299494c0c0" executionId="552c4783-e07a-4cfd-8bb9-0e511386fea9" testListId="8c84fa94-04c1-424b-9868-57a2d4851a1d" />
    <TestEntry testId="18b18861-0e44-b868-8a5f-964d2292f002" executionId="39f5b4f9-a75f-467a-a4f1-79b7d8314593" testListId="8c84fa94-04c1-424b-9868-57a2d4851a1d" />
    <TestEntry testId="7b2537ce-e820-5d98-57b2-e767c22e68d4" executionId="18b52278-2e08-4a67-8e23-63de88a76b95" testListId="8c84fa94-04c1-424b-9868-57a2d4851a1d" />
    <TestEntry testId="16d5e31b-ede9-d3bc-1f7a-c861155e9c35" executionId="317a74e1-c930-46bb-8a47-bc7adda79d16" testListId="8c84fa94-04c1-424b-9868-57a2d4851a1d" />
    <TestEntry testId="864b6706-d1c5-e661-a612-b3725dce8068" executionId="069bdbea-a217-4ba5-a5f6-be0f8117822d" testListId="8c84fa94-04c1-424b-9868-57a2d4851a1d" />
    <TestEntry testId="ef467e50-8cd0-e812-a730-294de2e8ad0f" executionId="fee7dbae-2ecc-4eb5-a0fa-3b8eb3e3abbe" testListId="8c84fa94-04c1-424b-9868-57a2d4851a1d" />
    <TestEntry testId="657fabb8-afdf-3e81-8619-3b18cd6e2f30" executionId="fcd3d6f3-f4f2-46df-88d7-31ba7132ccf6" testListId="8c84fa94-04c1-424b-9868-57a2d4851a1d" />
    <TestEntry testId="6ef871d9-313f-345e-6695-79d3809a83b3" executionId="323f7d63-ea33-4bf0-85e0-a99c64001793" testListId="8c84fa94-04c1-424b-9868-57a2d4851a1d" />
    <TestEntry testId="82d47166-fa0d-eeb8-402e-c62c6e3b2d5d" executionId="3378ea16-adad-490d-ba31-a60ee08e992f" testListId="8c84fa94-04c1-424b-9868-57a2d4851a1d" />
    <TestEntry testId="1ab7735e-377f-01ed-d8c3-0db955cf8049" executionId="74cd8666-5ebb-4725-bed0-74badde91de9" testListId="8c84fa94-04c1-424b-9868-57a2d4851a1d" />
    <TestEntry testId="e6a75b46-68e3-68c6-0bac-3b5c7b10f84c" executionId="93a06b7b-0592-43f6-8109-fe5d8b67e557" testListId="8c84fa94-04c1-424b-9868-57a2d4851a1d" />
    <TestEntry testId="7c2f79ab-8644-1b76-edfc-d1d7cfd5cae2" executionId="4e513126-ebe2-479d-885f-cf201413f893" testListId="8c84fa94-04c1-424b-9868-57a2d4851a1d" />
    <TestEntry testId="50fafed6-ad95-43c4-24f8-d614d5c94d96" executionId="ae72b8e6-a191-4113-82e9-92eb02385a2b" testListId="8c84fa94-04c1-424b-9868-57a2d4851a1d" />
    <TestEntry testId="039a3cff-3840-8952-60c2-35593d0e1c99" executionId="d13b684d-9cd8-41d9-a30a-841871623594" testListId="8c84fa94-04c1-424b-9868-57a2d4851a1d" />
    <TestEntry testId="4fe7149d-95b6-137a-5c7f-e332393585ef" executionId="5abe609e-5ec2-4b33-bbfe-3f6da5785ad6" testListId="8c84fa94-04c1-424b-9868-57a2d4851a1d" />
    <TestEntry testId="a839709d-1374-8ac0-c102-62728a740644" executionId="82408c5a-f999-4558-b0d1-5c277663be09" testListId="8c84fa94-04c1-424b-9868-57a2d4851a1d" />
    <TestEntry testId="30460f3b-eb1a-3117-0195-c89242d95fbf" executionId="a0cba935-44bf-436d-a38f-cb15cae8dd45" testListId="8c84fa94-04c1-424b-9868-57a2d4851a1d" />
    <TestEntry testId="e98ba9b2-7b11-bcbc-7534-5441c3ffe8f3" executionId="dc07e0dc-01f1-4f3c-9e11-7034f2462fe6" testListId="8c84fa94-04c1-424b-9868-57a2d4851a1d" />
    <TestEntry testId="6f12a022-e888-a020-9538-58aae455a3ed" executionId="9e6857c8-622d-4ff5-b18d-91c76050b92e" testListId="8c84fa94-04c1-424b-9868-57a2d4851a1d" />
    <TestEntry testId="6febc6cd-4565-b196-9913-89791c7f65ab" executionId="8f3865ff-3064-461b-abc3-081cdc079b6e" testListId="8c84fa94-04c1-424b-9868-57a2d4851a1d" />
    <TestEntry testId="4717d6b8-16a3-1be3-996f-d263b9ce1288" executionId="2ef16a5a-31a2-4842-a7ff-e9678c9a0de9" testListId="8c84fa94-04c1-424b-9868-57a2d4851a1d" />
    <TestEntry testId="ee6274a6-d68c-445d-a661-6882990db88d" executionId="ec14fcf8-8a92-4d82-8de3-a4c7442a9173" testListId="8c84fa94-04c1-424b-9868-57a2d4851a1d" />
    <TestEntry testId="40bef62d-2799-3cb2-1e58-2af04995aa7b" executionId="9acf12c8-d499-4033-be4f-dd109ff7c2b6" testListId="8c84fa94-04c1-424b-9868-57a2d4851a1d" />
    <TestEntry testId="6d64c653-9c32-1272-4a79-b9f397aa1294" executionId="51c0cf5b-87bb-4c83-a269-207bd5d38a42" testListId="8c84fa94-04c1-424b-9868-57a2d4851a1d" />
    <TestEntry testId="e5564b1f-76b7-9dd4-7b65-c1c566b78c48" executionId="5d219a0b-5009-48d9-ab04-91cd0b7bda05" testListId="8c84fa94-04c1-424b-9868-57a2d4851a1d" />
    <TestEntry testId="52c3a3ad-7e55-dcc8-9df0-d1a8aea353c2" executionId="0c22096f-e3fd-4162-89e1-59c070180436" testListId="8c84fa94-04c1-424b-9868-57a2d4851a1d" />
    <TestEntry testId="68087df4-ff6a-60f2-a979-00e2356cf9b0" executionId="4f446d8a-521d-42c1-84a0-7b7ecf0f142f" testListId="8c84fa94-04c1-424b-9868-57a2d4851a1d" />
    <TestEntry testId="4c3281ce-958d-c17c-c4db-acdbee707867" executionId="b802c582-5021-4488-bae5-ea60323bba0b" testListId="8c84fa94-04c1-424b-9868-57a2d4851a1d" />
    <TestEntry testId="271c685b-4f27-d869-82ad-0a11c3050d03" executionId="6dc94774-5080-417f-8a79-d1f274b89b41" testListId="8c84fa94-04c1-424b-9868-57a2d4851a1d" />
    <TestEntry testId="fea8ee86-f243-4070-1133-af94f671b1b8" executionId="36eb337e-da2f-4696-a3c9-a8f26025146e" testListId="8c84fa94-04c1-424b-9868-57a2d4851a1d" />
    <TestEntry testId="92e29243-f60c-3207-106a-1d834fb4d7e0" executionId="b8c8a0e7-7f2b-4c8d-b078-0332f7aeb17b" testListId="8c84fa94-04c1-424b-9868-57a2d4851a1d" />
    <TestEntry testId="883a7dda-e9ee-b281-0325-2730d6a6e7b7" executionId="6893dd34-af55-4f24-99f1-c7f5ca4dd73e" testListId="8c84fa94-04c1-424b-9868-57a2d4851a1d" />
    <TestEntry testId="fd5e261c-a769-e37b-93f3-db8fd9795ff2" executionId="c20416fd-2fbb-475b-88e3-750cca5f317d" testListId="8c84fa94-04c1-424b-9868-57a2d4851a1d" />
    <TestEntry testId="8f902760-590d-6675-0ade-d6de7c771a6b" executionId="b4991f94-9fd6-4b57-9d58-bd4d96188e85" testListId="8c84fa94-04c1-424b-9868-57a2d4851a1d" />
    <TestEntry testId="f6a3b2c6-2ece-d171-8a08-a5b7be76bf67" executionId="75d88a09-876b-4ed0-b7f9-0f8856da1425" testListId="8c84fa94-04c1-424b-9868-57a2d4851a1d" />
    <TestEntry testId="becefbb3-296f-28e1-a93c-1a14e25a8f3d" executionId="6d0890e9-513a-425f-b8dd-51b76b9109f1" testListId="8c84fa94-04c1-424b-9868-57a2d4851a1d" />
    <TestEntry testId="51d5df11-837d-fbef-2072-1a7a898a69fb" executionId="4e3e5be6-8fcc-458b-8973-ec94868f59cb" testListId="8c84fa94-04c1-424b-9868-57a2d4851a1d" />
    <TestEntry testId="6f97390d-f333-7779-747b-5eb57b7fd1d8" executionId="92888f4d-0a55-4cd0-bd44-7fa80431b519" testListId="8c84fa94-04c1-424b-9868-57a2d4851a1d" />
    <TestEntry testId="b36c18c2-2f16-c4b0-0e40-bd5cc9cf030a" executionId="1bf89085-246f-4182-82d4-9b11fe243212" testListId="8c84fa94-04c1-424b-9868-57a2d4851a1d" />
    <TestEntry testId="418d3889-c0f4-fa67-39dd-4c1a403bf7e3" executionId="3449dc03-e25b-4861-bf47-1ddcb9e0122e" testListId="8c84fa94-04c1-424b-9868-57a2d4851a1d" />
    <TestEntry testId="7cf2e1c7-c3b0-6dde-9ff6-bdc5372fabee" executionId="d1ebc68d-4f21-401e-b8ac-763ae5395e9c" testListId="8c84fa94-04c1-424b-9868-57a2d4851a1d" />
    <TestEntry testId="1ec31cfd-6123-0cfe-6ab3-63b40dd1212b" executionId="7c88c468-9a54-4939-b352-5384ebcf556e" testListId="8c84fa94-04c1-424b-9868-57a2d4851a1d" />
    <TestEntry testId="26ba587d-8d14-5c80-c5e1-65757217c08c" executionId="48054104-604b-4a92-b412-1c683aa635ff" testListId="8c84fa94-04c1-424b-9868-57a2d4851a1d" />
    <TestEntry testId="59c40813-1907-f75a-f050-dbaa9195f6db" executionId="0d74735e-c379-4235-9c5d-a908fb0ea656" testListId="8c84fa94-04c1-424b-9868-57a2d4851a1d" />
    <TestEntry testId="ea30e6cb-f14a-8ba2-3bc0-4a8461781beb" executionId="cb75e637-d5f5-426b-932e-f5a3428aab27" testListId="8c84fa94-04c1-424b-9868-57a2d4851a1d" />
    <TestEntry testId="4e58d51f-82e8-9321-f845-d7958f15e29d" executionId="13657323-38cf-4681-b652-fd180e252341" testListId="8c84fa94-04c1-424b-9868-57a2d4851a1d" />
    <TestEntry testId="0dce3cbb-c5be-8ce9-26c7-823b70f36b4e" executionId="1af3d921-92ef-4682-82f8-c87c3c1192d5" testListId="8c84fa94-04c1-424b-9868-57a2d4851a1d" />
    <TestEntry testId="419d32a9-d597-87dc-1eeb-30b5d4b5bb1a" executionId="1dbf3ede-5169-4e10-b618-c08c28fc7713" testListId="8c84fa94-04c1-424b-9868-57a2d4851a1d" />
    <TestEntry testId="b94a13f1-e0d2-a3a1-0150-4599409d2aff" executionId="ac96ba37-2dfd-4260-b87f-6bcecc801a97" testListId="8c84fa94-04c1-424b-9868-57a2d4851a1d" />
    <TestEntry testId="2842dc64-121e-69f4-e399-0524fee8d051" executionId="dcb5ed9b-e252-45c5-81e5-81a5aab4a661" testListId="8c84fa94-04c1-424b-9868-57a2d4851a1d" />
    <TestEntry testId="c430239a-df21-fddb-6351-0e824ec43dd2" executionId="1f59370e-e503-4edc-89df-76736eb6583c" testListId="8c84fa94-04c1-424b-9868-57a2d4851a1d" />
    <TestEntry testId="fa48f061-b547-454d-8974-cc937051bb27" executionId="075749ca-1cab-4b6a-88c7-b0cf416d48fb" testListId="8c84fa94-04c1-424b-9868-57a2d4851a1d" />
    <TestEntry testId="804bc72a-f601-f749-749a-fe98c1be182c" executionId="9c0bb4a7-6ce9-437c-b82b-a33eb3e0a07c" testListId="8c84fa94-04c1-424b-9868-57a2d4851a1d" />
    <TestEntry testId="2e3c31ea-d47c-7e26-f2f4-ddf1fa7d180e" executionId="d1b24ea5-5016-4303-8df8-31c3f6c4947d" testListId="8c84fa94-04c1-424b-9868-57a2d4851a1d" />
    <TestEntry testId="93a45ca3-7b48-9e02-d63a-86d7e8b5547f" executionId="b2baba80-19e1-4f5f-b85a-d2fbb325fd17" testListId="8c84fa94-04c1-424b-9868-57a2d4851a1d" />
    <TestEntry testId="676e7cea-5aa4-1a91-eaf5-d360655ae92e" executionId="c392dcf4-92d2-4b83-b5db-fc8a901a61f4" testListId="8c84fa94-04c1-424b-9868-57a2d4851a1d" />
    <TestEntry testId="a9475b93-443b-d87f-a61f-8a41fc7ac6f1" executionId="25b4d8e2-061a-42a6-a833-fabe505295a7" testListId="8c84fa94-04c1-424b-9868-57a2d4851a1d" />
    <TestEntry testId="a8c716b8-4193-980e-46d0-7cd4ef03d825" executionId="e8a0f8a2-00f4-4e3a-adda-02a11b543777" testListId="8c84fa94-04c1-424b-9868-57a2d4851a1d" />
    <TestEntry testId="7557f51e-c690-f35a-c69e-f1b0099d098d" executionId="ca8d8fc6-6dff-401e-9a85-de01155edbc3" testListId="8c84fa94-04c1-424b-9868-57a2d4851a1d" />
    <TestEntry testId="3db5c791-ffce-6a05-5860-fd4dfbc84e5a" executionId="58578f0c-61ba-4e73-a3aa-8ec737a12606" testListId="8c84fa94-04c1-424b-9868-57a2d4851a1d" />
    <TestEntry testId="5362ad2c-828a-7aad-1d15-a999fe6c67ac" executionId="2d02eee8-14c5-4e1a-91d4-5a7c80d6c22e" testListId="8c84fa94-04c1-424b-9868-57a2d4851a1d" />
    <TestEntry testId="20114aae-22cd-37b0-1449-9187519c2520" executionId="82bf7526-a8b0-436e-b4dc-4f8f9a26e0c4" testListId="8c84fa94-04c1-424b-9868-57a2d4851a1d" />
    <TestEntry testId="20f5e4c2-74a8-19b6-8770-cfb85b838a3e" executionId="572c25ef-ba36-4e11-ad1b-38b749d14d57" testListId="8c84fa94-04c1-424b-9868-57a2d4851a1d" />
  </TestEntries>
  <TestLists>
    <TestList name="Results Not in a List" id="8c84fa94-04c1-424b-9868-57a2d4851a1d" />
    <TestList name="All Loaded Results" id="19431567-8539-422a-85d7-44ee4e166bda" />
  </TestLists>
  <ResultSummary outcome="Failed">
    <Counters total="102" executed="102" passed="96" failed="6" error="0" timeout="0" aborted="0" inconclusive="0" passedButRunAborted="0" notRunnable="0" notExecuted="0" disconnected="0" warning="0" completed="0" inProgress="0" pending="0" />
    <Output>
      <StdOut>NUnit Adapter 3.16.0.0: Test execution started&#xD;
Running selected tests in C:\Users\TerezaČerná\Documents\BigBang\Testing\JC.Unit.Runner\JC.Unit.dll&#xD;
   NUnit3TestExecutor converted 102 of 102 NUnit test cases&#xD;
NUnit Adapter 3.16.0.0: Test execution complete&#xD;
</StdOut>
    </Output>
  </ResultSummary>
</TestRun>